4:torch.Size([1, 8, 8, 6, 128])
p1_:torch.Size([1, 8, 8, 6, 128])
par:torch.Size([24, 18, 128])
par:torch.Size([1, 8, 8, 6, 128])
p1_:torch.Size([1, 8, 8, 6, 128])
par:torch.Size([16, 18, 128])
par:torch.Size([1, 8, 8, 6, 128])
22:torch.Size([1, 2, 32, 24, 128])
4:torch.Size([1, 8, 8, 6, 128])
4:torch.Size([1, 4, 16, 12, 128])
p1_:torch.Size([1, 8, 16, 12, 128])
par:torch.Size([96, 18, 128])
par:torch.Size([1, 8, 16, 12, 128])
p1_:torch.Size([1, 8, 16, 12, 128])
par:torch.Size([80, 18, 128])
par:torch.Size([1, 8, 16, 12, 128])
3:torch.Size([1, 2, 32, 24, 128])
p1_:torch.Size([1, 4, 32, 24, 128])
par:torch.Size([176, 18, 128])
par:torch.Size([1, 4, 32, 24, 128])
p1_:torch.Size([1, 4, 32, 24, 128])
par:torch.Size([160, 18, 128])
par:torch.Size([1, 4, 32, 24, 128])
2:torch.Size([1, 1, 64, 48, 128])
p1_:torch.Size([1, 2, 64, 48, 128])
par:torch.Size([352, 18, 128])
par:torch.Size([1, 2, 64, 48, 128])
p1_:torch.Size([1, 2, 64, 48, 128])
par:torch.Size([336, 18, 128])
par:torch.Size([1, 2, 64, 48, 128])
1:torch.Size([1, 2, 64, 48, 128])
