/home/nr4325/Desktop/Pose4/mmpose/mmpose/models/backbones/wtpose_swinv1_wtm3L.py:962: UserWarning: __floordiv__ is deprecated, and its behavior will change in a future version of pytorch. It currently rounds toward 0 (like the 'trunc' function NOT 'floor'). This results in incorrect rounding for negative values. To keep the current behavior, use torch.div(a, b, rounding_mode='trunc'), or for actual floor division, use torch.div(a, b, rounding_mode='floor').
  x = x.view(B, H // window_size, window_size, W // window_size,
/home/nr4325/Desktop/Pose4/mmpose/mmpose/models/backbones/wtpose_swinv1_wtm3L.py:773: UserWarning: __floordiv__ is deprecated, and its behavior will change in a future version of pytorch. It currently rounds toward 0 (like the 'trunc' function NOT 'floor'). This results in incorrect rounding for negative values. To keep the current behavior, use torch.div(a, b, rounding_mode='trunc'), or for actual floor division, use torch.div(a, b, rounding_mode='floor').
  C // self.num_heads).permute(2, 0, 3, 1, 4)
/home/nr4325/Desktop/Pose4/mmpose/mmpose/models/backbones/wtpose_swinv1_wtm3L.py:948: UserWarning: __floordiv__ is deprecated, and its behavior will change in a future version of pytorch. It currently rounds toward 0 (like the 'trunc' function NOT 'floor'). This results in incorrect rounding for negative values. To keep the current behavior, use torch.div(a, b, rounding_mode='trunc'), or for actual floor division, use torch.div(a, b, rounding_mode='floor').
  x = windows.view(B, H // window_size, W // window_size, window_size,
/home/nr4325/Desktop/Pose4/mmpose/mmpose/models/backbones/wtpose_swinv1_wtm3L.py:791: UserWarning: __floordiv__ is deprecated, and its behavior will change in a future version of pytorch. It currently rounds toward 0 (like the 'trunc' function NOT 'floor'). This results in incorrect rounding for negative values. To keep the current behavior, use torch.div(a, b, rounding_mode='trunc'), or for actual floor division, use torch.div(a, b, rounding_mode='floor').
  attn = attn.view(B // nW, nW, self.num_heads, N,
/home/nr4325/Desktop/Pose4/mmpose/mmpose/models/utils/transformer.py:358: UserWarning: __floordiv__ is deprecated, and its behavior will change in a future version of pytorch. It currently rounds toward 0 (like the 'trunc' function NOT 'floor'). This results in incorrect rounding for negative values. To keep the current behavior, use torch.div(a, b, rounding_mode='trunc'), or for actual floor division, use torch.div(a, b, rounding_mode='floor').
  out_h = (H + 2 * self.sampler.padding[0] - self.sampler.dilation[0] *
/home/nr4325/Desktop/Pose4/mmpose/mmpose/models/utils/transformer.py:361: UserWarning: __floordiv__ is deprecated, and its behavior will change in a future version of pytorch. It currently rounds toward 0 (like the 'trunc' function NOT 'floor'). This results in incorrect rounding for negative values. To keep the current behavior, use torch.div(a, b, rounding_mode='trunc'), or for actual floor division, use torch.div(a, b, rounding_mode='floor').
  out_w = (W + 2 * self.sampler.padding[1] - self.sampler.dilation[1] *
/home/nr4325/Desktop/Pose4/mmpose/mmpose/models/backbones/wtpose_swinv1_wtm3L.py:592: UserWarning: __floordiv__ is deprecated, and its behavior will change in a future version of pytorch. It currently rounds toward 0 (like the 'trunc' function NOT 'floor'). This results in incorrect rounding for negative values. To keep the current behavior, use torch.div(a, b, rounding_mode='trunc'), or for actual floor division, use torch.div(a, b, rounding_mode='floor').
  w1 = torch.reshape(inputs[0], (-1, inputs[0].shape[1]//self.dim, inputs[0].shape[2], inputs[0].shape[3], self.dim))
/home/nr4325/Desktop/Pose4/mmpose/mmpose/models/backbones/wtpose_swinv1_wtm3L.py:593: UserWarning: __floordiv__ is deprecated, and its behavior will change in a future version of pytorch. It currently rounds toward 0 (like the 'trunc' function NOT 'floor'). This results in incorrect rounding for negative values. To keep the current behavior, use torch.div(a, b, rounding_mode='trunc'), or for actual floor division, use torch.div(a, b, rounding_mode='floor').
  w2 = torch.reshape(inputs[1], (-1, inputs[1].shape[1]//self.dim, inputs[1].shape[2], inputs[1].shape[3], self.dim))
/home/nr4325/Desktop/Pose4/mmpose/mmpose/models/backbones/wtpose_swinv1_wtm3L.py:594: UserWarning: __floordiv__ is deprecated, and its behavior will change in a future version of pytorch. It currently rounds toward 0 (like the 'trunc' function NOT 'floor'). This results in incorrect rounding for negative values. To keep the current behavior, use torch.div(a, b, rounding_mode='trunc'), or for actual floor division, use torch.div(a, b, rounding_mode='floor').
  w3 = torch.reshape(inputs[2], (-1, inputs[2].shape[1]//self.dim, inputs[2].shape[2], inputs[2].shape[3], self.dim))
/home/nr4325/Desktop/Pose4/mmpose/mmpose/models/backbones/wtpose_swinv1_wtm3L.py:595: UserWarning: __floordiv__ is deprecated, and its behavior will change in a future version of pytorch. It currently rounds toward 0 (like the 'trunc' function NOT 'floor'). This results in incorrect rounding for negative values. To keep the current behavior, use torch.div(a, b, rounding_mode='trunc'), or for actual floor division, use torch.div(a, b, rounding_mode='floor').
  w4 = torch.reshape(inputs[3], (-1, inputs[3].shape[1]//self.dim, inputs[3].shape[2], inputs[3].shape[3], self.dim))
/home/nr4325/Desktop/Pose4/mmpose/mmpose/models/utils/patch3d.py:79: UserWarning: __floordiv__ is deprecated, and its behavior will change in a future version of pytorch. It currently rounds toward 0 (like the 'trunc' function NOT 'floor'). This results in incorrect rounding for negative values. To keep the current behavior, use torch.div(a, b, rounding_mode='trunc'), or for actual floor division, use torch.div(a, b, rounding_mode='floor').
  dim_out = (dim_in + 2 * dim_padding - dim_dilation * (dim_kernel_size - 1) - 1) // dim_stride + 1
/home/nr4325/Desktop/Pose4/mmpose/mmpose/models/backbones/wtpose_swinv1_wtm3L.py:420: UserWarning: __floordiv__ is deprecated, and its behavior will change in a future version of pytorch. It currently rounds toward 0 (like the 'trunc' function NOT 'floor'). This results in incorrect rounding for negative values. To keep the current behavior, use torch.div(a, b, rounding_mode='trunc'), or for actual floor division, use torch.div(a, b, rounding_mode='floor').
  qkv = self.qkv(x).reshape(B_, N, 3, self.num_heads, C // self.num_heads).permute(2, 0, 3, 1, 4)
/home/nr4325/Desktop/Pose4/mmpose/mmpose/models/backbones/wtpose_swinv1_wtm3L.py:962: UserWarning: __floordiv__ is deprecated, and its behavior will change in a future version of pytorch. It currently rounds toward 0 (like the 'trunc' function NOT 'floor'). This results in incorrect rounding for negative values. To keep the current behavior, use torch.div(a, b, rounding_mode='trunc'), or for actual floor division, use torch.div(a, b, rounding_mode='floor').
  x = x.view(B, H // window_size, window_size, W // window_size,
/home/nr4325/Desktop/Pose4/mmpose/mmpose/models/backbones/wtpose_swinv1_wtm3L.py:773: UserWarning: __floordiv__ is deprecated, and its behavior will change in a future version of pytorch. It currently rounds toward 0 (like the 'trunc' function NOT 'floor'). This results in incorrect rounding for negative values. To keep the current behavior, use torch.div(a, b, rounding_mode='trunc'), or for actual floor division, use torch.div(a, b, rounding_mode='floor').
  C // self.num_heads).permute(2, 0, 3, 1, 4)
/home/nr4325/Desktop/Pose4/mmpose/mmpose/models/backbones/wtpose_swinv1_wtm3L.py:948: UserWarning: __floordiv__ is deprecated, and its behavior will change in a future version of pytorch. It currently rounds toward 0 (like the 'trunc' function NOT 'floor'). This results in incorrect rounding for negative values. To keep the current behavior, use torch.div(a, b, rounding_mode='trunc'), or for actual floor division, use torch.div(a, b, rounding_mode='floor').
  x = windows.view(B, H // window_size, W // window_size, window_size,
/home/nr4325/Desktop/Pose4/mmpose/mmpose/models/backbones/wtpose_swinv1_wtm3L.py:791: UserWarning: __floordiv__ is deprecated, and its behavior will change in a future version of pytorch. It currently rounds toward 0 (like the 'trunc' function NOT 'floor'). This results in incorrect rounding for negative values. To keep the current behavior, use torch.div(a, b, rounding_mode='trunc'), or for actual floor division, use torch.div(a, b, rounding_mode='floor').
  attn = attn.view(B // nW, nW, self.num_heads, N,
/home/nr4325/Desktop/Pose4/mmpose/mmpose/models/utils/transformer.py:358: UserWarning: __floordiv__ is deprecated, and its behavior will change in a future version of pytorch. It currently rounds toward 0 (like the 'trunc' function NOT 'floor'). This results in incorrect rounding for negative values. To keep the current behavior, use torch.div(a, b, rounding_mode='trunc'), or for actual floor division, use torch.div(a, b, rounding_mode='floor').
  out_h = (H + 2 * self.sampler.padding[0] - self.sampler.dilation[0] *
/home/nr4325/Desktop/Pose4/mmpose/mmpose/models/utils/transformer.py:361: UserWarning: __floordiv__ is deprecated, and its behavior will change in a future version of pytorch. It currently rounds toward 0 (like the 'trunc' function NOT 'floor'). This results in incorrect rounding for negative values. To keep the current behavior, use torch.div(a, b, rounding_mode='trunc'), or for actual floor division, use torch.div(a, b, rounding_mode='floor').
  out_w = (W + 2 * self.sampler.padding[1] - self.sampler.dilation[1] *
/home/nr4325/Desktop/Pose4/mmpose/mmpose/models/backbones/wtpose_swinv1_wtm3L.py:592: UserWarning: __floordiv__ is deprecated, and its behavior will change in a future version of pytorch. It currently rounds toward 0 (like the 'trunc' function NOT 'floor'). This results in incorrect rounding for negative values. To keep the current behavior, use torch.div(a, b, rounding_mode='trunc'), or for actual floor division, use torch.div(a, b, rounding_mode='floor').
  w1 = torch.reshape(inputs[0], (-1, inputs[0].shape[1]//self.dim, inputs[0].shape[2], inputs[0].shape[3], self.dim))
/home/nr4325/Desktop/Pose4/mmpose/mmpose/models/backbones/wtpose_swinv1_wtm3L.py:593: UserWarning: __floordiv__ is deprecated, and its behavior will change in a future version of pytorch. It currently rounds toward 0 (like the 'trunc' function NOT 'floor'). This results in incorrect rounding for negative values. To keep the current behavior, use torch.div(a, b, rounding_mode='trunc'), or for actual floor division, use torch.div(a, b, rounding_mode='floor').
  w2 = torch.reshape(inputs[1], (-1, inputs[1].shape[1]//self.dim, inputs[1].shape[2], inputs[1].shape[3], self.dim))
/home/nr4325/Desktop/Pose4/mmpose/mmpose/models/backbones/wtpose_swinv1_wtm3L.py:594: UserWarning: __floordiv__ is deprecated, and its behavior will change in a future version of pytorch. It currently rounds toward 0 (like the 'trunc' function NOT 'floor'). This results in incorrect rounding for negative values. To keep the current behavior, use torch.div(a, b, rounding_mode='trunc'), or for actual floor division, use torch.div(a, b, rounding_mode='floor').
  w3 = torch.reshape(inputs[2], (-1, inputs[2].shape[1]//self.dim, inputs[2].shape[2], inputs[2].shape[3], self.dim))
/home/nr4325/Desktop/Pose4/mmpose/mmpose/models/backbones/wtpose_swinv1_wtm3L.py:595: UserWarning: __floordiv__ is deprecated, and its behavior will change in a future version of pytorch. It currently rounds toward 0 (like the 'trunc' function NOT 'floor'). This results in incorrect rounding for negative values. To keep the current behavior, use torch.div(a, b, rounding_mode='trunc'), or for actual floor division, use torch.div(a, b, rounding_mode='floor').
  w4 = torch.reshape(inputs[3], (-1, inputs[3].shape[1]//self.dim, inputs[3].shape[2], inputs[3].shape[3], self.dim))
/home/nr4325/Desktop/Pose4/mmpose/mmpose/models/utils/patch3d.py:79: UserWarning: __floordiv__ is deprecated, and its behavior will change in a future version of pytorch. It currently rounds toward 0 (like the 'trunc' function NOT 'floor'). This results in incorrect rounding for negative values. To keep the current behavior, use torch.div(a, b, rounding_mode='trunc'), or for actual floor division, use torch.div(a, b, rounding_mode='floor').
  dim_out = (dim_in + 2 * dim_padding - dim_dilation * (dim_kernel_size - 1) - 1) // dim_stride + 1
/home/nr4325/Desktop/Pose4/mmpose/mmpose/models/backbones/wtpose_swinv1_wtm3L.py:420: UserWarning: __floordiv__ is deprecated, and its behavior will change in a future version of pytorch. It currently rounds toward 0 (like the 'trunc' function NOT 'floor'). This results in incorrect rounding for negative values. To keep the current behavior, use torch.div(a, b, rounding_mode='trunc'), or for actual floor division, use torch.div(a, b, rounding_mode='floor').
  qkv = self.qkv(x).reshape(B_, N, 3, self.num_heads, C // self.num_heads).permute(2, 0, 3, 1, 4)
