01/24 18:42:23 - mmengine - INFO - 
------------------------------------------------------------
System environment:
    sys.platform: linux
    Python: 3.8.17 (default, Jul  5 2023, 21:04:15) [GCC 11.2.0]
    CUDA available: True
    numpy_random_seed: 1648174006
    GPU 0,1: NVIDIA A100-PCIE-40GB
    CUDA_HOME: None
    GCC: n/a
    PyTorch: 1.11.0
    PyTorch compiling details: PyTorch built with:
  - GCC 7.3
  - C++ Version: 201402
  - Intel(R) oneAPI Math Kernel Library Version 2023.1-Product Build 20230303 for Intel(R) 64 architecture applications
  - Intel(R) MKL-DNN v2.5.2 (Git Hash a9302535553c73243c632ad3c4c80beec3d19a1e)
  - OpenMP 201511 (a.k.a. OpenMP 4.5)
  - LAPACK is enabled (usually provided by MKL)
  - NNPACK is enabled
  - CPU capability usage: AVX2
  - CUDA Runtime 11.3
  - NVCC architecture flags: -gencode;arch=compute_37,code=sm_37;-gencode;arch=compute_50,code=sm_50;-gencode;arch=compute_60,code=sm_60;-gencode;arch=compute_61,code=sm_61;-gencode;arch=compute_70,code=sm_70;-gencode;arch=compute_75,code=sm_75;-gencode;arch=compute_80,code=sm_80;-gencode;arch=compute_86,code=sm_86;-gencode;arch=compute_37,code=compute_37
  - CuDNN 8.2
  - Magma 2.5.2
  - Build settings: BLAS_INFO=mkl, BUILD_TYPE=Release, CUDA_VERSION=11.3, CUDNN_VERSION=8.2.0, CXX_COMPILER=/opt/rh/devtoolset-7/root/usr/bin/c++, CXX_FLAGS= -Wno-deprecated -fvisibility-inlines-hidden -DUSE_PTHREADPOOL -fopenmp -DNDEBUG -DUSE_KINETO -DUSE_FBGEMM -DUSE_QNNPACK -DUSE_PYTORCH_QNNPACK -DUSE_XNNPACK -DSYMBOLICATE_MOBILE_DEBUG_HANDLE -DEDGE_PROFILER_USE_KINETO -O2 -fPIC -Wno-narrowing -Wall -Wextra -Werror=return-type -Wno-missing-field-initializers -Wno-type-limits -Wno-array-bounds -Wno-unknown-pragmas -Wno-sign-compare -Wno-unused-parameter -Wno-unused-function -Wno-unused-result -Wno-unused-local-typedefs -Wno-strict-overflow -Wno-strict-aliasing -Wno-error=deprecated-declarations -Wno-stringop-overflow -Wno-psabi -Wno-error=pedantic -Wno-error=redundant-decls -Wno-error=old-style-cast -fdiagnostics-color=always -faligned-new -Wno-unused-but-set-variable -Wno-maybe-uninitialized -fno-math-errno -fno-trapping-math -Werror=format -Wno-stringop-overflow, LAPACK_INFO=mkl, PERF_WITH_AVX=1, PERF_WITH_AVX2=1, PERF_WITH_AVX512=1, TORCH_VERSION=1.11.0, USE_CUDA=ON, USE_CUDNN=ON, USE_EXCEPTION_PTR=1, USE_GFLAGS=OFF, USE_GLOG=OFF, USE_MKL=ON, USE_MKLDNN=OFF, USE_MPI=OFF, USE_NCCL=ON, USE_NNPACK=ON, USE_OPENMP=ON, USE_ROCM=OFF, 

    TorchVision: 0.12.0
    OpenCV: 4.8.0
    MMEngine: 0.8.3

Runtime environment:
    cudnn_benchmark: False
    mp_cfg: {'mp_start_method': 'fork', 'opencv_num_threads': 0}
    dist_cfg: {'backend': 'nccl'}
    seed: 1648174006
    Distributed launcher: pytorch
    Distributed training: True
    GPU number: 2
------------------------------------------------------------

01/24 18:42:23 - mmengine - INFO - Config:
auto_scale_lr = dict(base_batch_size=512)
backend_args = dict(backend='local')
codec = dict(
    heatmap_size=(
        48,
        64,
    ),
    input_size=(
        256,
        192,
    ),
    sigma=2,
    type='UDPHeatmap')
custom_hooks = [
    dict(type='SyncBuffersHook'),
]
custom_imports = dict(
    allow_failed_imports=False,
    imports=[
        'mmpose.engine.optim_wrappers.layer_decay_optim_wrapper',
    ])
data_mode = 'topdown'
data_root = 'data/coco/'
dataset_type = 'CocoDataset'
default_hooks = dict(
    checkpoint=dict(
        interval=10,
        max_keep_ckpts=1,
        rule='greater',
        save_best='coco/AP',
        type='CheckpointHook'),
    logger=dict(interval=50, type='LoggerHook'),
    param_scheduler=dict(type='ParamSchedulerHook'),
    sampler_seed=dict(type='DistSamplerSeedHook'),
    timer=dict(type='IterTimerHook'),
    visualization=dict(enable=False, type='PoseVisualizationHook'))
default_scope = 'mmpose'
env_cfg = dict(
    cudnn_benchmark=False,
    dist_cfg=dict(backend='nccl'),
    mp_cfg=dict(mp_start_method='fork', opencv_num_threads=0))
launcher = 'pytorch'
load_from = None
log_level = 'INFO'
log_processor = dict(
    by_epoch=True, num_digits=6, type='LogProcessor', window_size=50)
model = dict(
    backbone=dict(
        arch='base',
        con_in_channels=768,
        con_out_channels=128,
        con_ratio=3,
        drop_path_rate=0.3,
        img_size=(
            256,
            192,
        ),
        init_cfg=dict(
            checkpoint='/home/nr4325/Desktop/ViTPose_b.pth',
            type='Pretrained'),
        out_indices=(
            2,
            5,
            8,
            11,
        ),
        out_type='featmap',
        patch_cfg=dict(padding=2),
        patch_size=(
            16,
            16,
        ),
        qkv_bias=True,
        type='WT_ML_ViT',
        with_cls_token=False,
        wtm_dilations=[
            2,
            1,
            4,
            1,
            6,
            1,
            8,
            1,
        ],
        wtm_dim=128,
        wtm_in_dim=512,
        wtm_kernel_size=7,
        wtm_num_heads=[
            8,
            8,
            8,
            8,
        ],
        wtm_out_dim=128,
        wtm_size=(
            64,
            48,
        )),
    data_preprocessor=dict(
        bgr_to_rgb=True,
        mean=[
            123.675,
            116.28,
            103.53,
        ],
        std=[
            58.395,
            57.12,
            57.375,
        ],
        type='PoseDataPreprocessor'),
    head=dict(
        conv_out_channels=False,
        decoder=dict(
            heatmap_size=(
                48,
                64,
            ),
            input_size=(
                256,
                192,
            ),
            sigma=2,
            type='UDPHeatmap'),
        deconv_out_channels=False,
        in_channels=128,
        loss=dict(type='KeypointMSELoss', use_target_weight=True),
        out_channels=17,
        type='HeatmapHeadWTPose'),
    test_cfg=dict(flip_mode='heatmap', flip_test=True, shift_heatmap=True),
    type='TopdownPoseEstimator')
norm_cfg = dict(requires_grad=True, type='SyncBN')
optim_wrapper = dict(
    clip_grad=dict(max_norm=1.0, norm_type=2),
    constructor='LayerDecayOptimWrapperConstructor',
    optimizer=dict(
        betas=(
            0.9,
            0.999,
        ), lr=0.0005, type='AdamW', weight_decay=0.1),
    paramwise_cfg=dict(
        custom_keys=dict(
            bias=dict(decay_multi=0.0),
            norm=dict(decay_mult=0.0),
            pos_embed=dict(decay_mult=0.0),
            relative_position_bias_table=dict(decay_mult=0.0)),
        layer_decay_rate=0.75,
        num_layers=12))
param_scheduler = [
    dict(
        begin=0, by_epoch=False, end=500, start_factor=0.001, type='LinearLR'),
    dict(
        begin=0,
        by_epoch=True,
        end=210,
        gamma=0.1,
        milestones=[
            170,
            200,
        ],
        type='MultiStepLR'),
]
resume = False
test_cfg = dict()
test_dataloader = dict(
    batch_size=32,
    dataset=dict(
        ann_file='annotations/person_keypoints_val2017.json',
        bbox_file=
        'data/coco/person_detection_results/COCO_val2017_detections_AP_H_56_person.json',
        data_mode='topdown',
        data_prefix=dict(img='val2017/'),
        data_root='data/coco/',
        pipeline=[
            dict(type='LoadImage'),
            dict(type='GetBBoxCenterScale'),
            dict(input_size=(
                256,
                192,
            ), type='TopdownAffine', use_udp=True),
            dict(type='PackPoseInputs'),
        ],
        test_mode=True,
        type='CocoDataset'),
    drop_last=False,
    num_workers=4,
    persistent_workers=True,
    sampler=dict(round_up=False, shuffle=False, type='DefaultSampler'))
test_evaluator = dict(
    ann_file='data/coco/annotations/person_keypoints_val2017.json',
    type='CocoMetric')
train_cfg = dict(by_epoch=True, max_epochs=210, val_interval=10)
train_dataloader = dict(
    batch_size=64,
    dataset=dict(
        ann_file='annotations/person_keypoints_train2017.json',
        data_mode='topdown',
        data_prefix=dict(img='train2017/'),
        data_root='data/coco/',
        pipeline=[
            dict(type='LoadImage'),
            dict(type='GetBBoxCenterScale'),
            dict(direction='horizontal', type='RandomFlip'),
            dict(type='RandomHalfBody'),
            dict(type='RandomBBoxTransform'),
            dict(input_size=(
                256,
                192,
            ), type='TopdownAffine', use_udp=True),
            dict(
                encoder=dict(
                    heatmap_size=(
                        48,
                        64,
                    ),
                    input_size=(
                        256,
                        192,
                    ),
                    sigma=2,
                    type='UDPHeatmap'),
                type='GenerateTarget'),
            dict(type='PackPoseInputs'),
        ],
        type='CocoDataset'),
    num_workers=4,
    persistent_workers=True,
    sampler=dict(shuffle=True, type='DefaultSampler'))
train_pipeline = [
    dict(type='LoadImage'),
    dict(type='GetBBoxCenterScale'),
    dict(direction='horizontal', type='RandomFlip'),
    dict(type='RandomHalfBody'),
    dict(type='RandomBBoxTransform'),
    dict(input_size=(
        256,
        192,
    ), type='TopdownAffine', use_udp=True),
    dict(
        encoder=dict(
            heatmap_size=(
                48,
                64,
            ),
            input_size=(
                256,
                192,
            ),
            sigma=2,
            type='UDPHeatmap'),
        type='GenerateTarget'),
    dict(type='PackPoseInputs'),
]
val_cfg = dict()
val_dataloader = dict(
    batch_size=32,
    dataset=dict(
        ann_file='annotations/person_keypoints_val2017.json',
        bbox_file=
        'data/coco/person_detection_results/COCO_val2017_detections_AP_H_56_person.json',
        data_mode='topdown',
        data_prefix=dict(img='val2017/'),
        data_root='data/coco/',
        pipeline=[
            dict(type='LoadImage'),
            dict(type='GetBBoxCenterScale'),
            dict(input_size=(
                256,
                192,
            ), type='TopdownAffine', use_udp=True),
            dict(type='PackPoseInputs'),
        ],
        test_mode=True,
        type='CocoDataset'),
    drop_last=False,
    num_workers=4,
    persistent_workers=True,
    sampler=dict(round_up=False, shuffle=False, type='DefaultSampler'))
val_evaluator = dict(
    ann_file='data/coco/annotations/person_keypoints_val2017.json',
    type='CocoMetric')
val_pipeline = [
    dict(type='LoadImage'),
    dict(type='GetBBoxCenterScale'),
    dict(input_size=(
        256,
        192,
    ), type='TopdownAffine', use_udp=True),
    dict(type='PackPoseInputs'),
]
vis_backends = [
    dict(type='LocalVisBackend'),
]
visualizer = dict(
    name='visualizer',
    type='PoseLocalVisualizer',
    vis_backends=[
        dict(type='LocalVisBackend'),
    ])
work_dir = './work_dirs/_pre_ViTPose_base_w7_coco_256x192'

01/24 18:42:27 - mmengine - INFO - Hooks will be executed in the following order:
before_run:
(VERY_HIGH   ) RuntimeInfoHook                    
(BELOW_NORMAL) LoggerHook                         
 -------------------- 
before_train:
(VERY_HIGH   ) RuntimeInfoHook                    
(NORMAL      ) IterTimerHook                      
(VERY_LOW    ) CheckpointHook                     
 -------------------- 
before_train_epoch:
(VERY_HIGH   ) RuntimeInfoHook                    
(NORMAL      ) IterTimerHook                      
(NORMAL      ) DistSamplerSeedHook                
 -------------------- 
before_train_iter:
(VERY_HIGH   ) RuntimeInfoHook                    
(NORMAL      ) IterTimerHook                      
 -------------------- 
after_train_iter:
(VERY_HIGH   ) RuntimeInfoHook                    
(NORMAL      ) IterTimerHook                      
(BELOW_NORMAL) LoggerHook                         
(LOW         ) ParamSchedulerHook                 
(VERY_LOW    ) CheckpointHook                     
 -------------------- 
after_train_epoch:
(NORMAL      ) IterTimerHook                      
(NORMAL      ) SyncBuffersHook                    
(LOW         ) ParamSchedulerHook                 
(VERY_LOW    ) CheckpointHook                     
 -------------------- 
before_val:
(VERY_HIGH   ) RuntimeInfoHook                    
 -------------------- 
before_val_epoch:
(NORMAL      ) IterTimerHook                      
(NORMAL      ) SyncBuffersHook                    
 -------------------- 
before_val_iter:
(NORMAL      ) IterTimerHook                      
 -------------------- 
after_val_iter:
(NORMAL      ) IterTimerHook                      
(NORMAL      ) PoseVisualizationHook              
(BELOW_NORMAL) LoggerHook                         
 -------------------- 
after_val_epoch:
(VERY_HIGH   ) RuntimeInfoHook                    
(NORMAL      ) IterTimerHook                      
(BELOW_NORMAL) LoggerHook                         
(LOW         ) ParamSchedulerHook                 
(VERY_LOW    ) CheckpointHook                     
 -------------------- 
after_val:
(VERY_HIGH   ) RuntimeInfoHook                    
 -------------------- 
after_train:
(VERY_HIGH   ) RuntimeInfoHook                    
(VERY_LOW    ) CheckpointHook                     
 -------------------- 
before_test:
(VERY_HIGH   ) RuntimeInfoHook                    
 -------------------- 
before_test_epoch:
(NORMAL      ) IterTimerHook                      
 -------------------- 
before_test_iter:
(NORMAL      ) IterTimerHook                      
 -------------------- 
after_test_iter:
(NORMAL      ) IterTimerHook                      
(NORMAL      ) PoseVisualizationHook              
(BELOW_NORMAL) LoggerHook                         
 -------------------- 
after_test_epoch:
(VERY_HIGH   ) RuntimeInfoHook                    
(NORMAL      ) IterTimerHook                      
(BELOW_NORMAL) LoggerHook                         
 -------------------- 
after_test:
(VERY_HIGH   ) RuntimeInfoHook                    
 -------------------- 
after_run:
(BELOW_NORMAL) LoggerHook                         
 -------------------- 
loading annotations into memory...
loading annotations into memory...
Done (t=7.32s)
creating index...
Done (t=7.53s)
creating index...
index created!
index created!
{'num_layers': 12, 'layer_decay_rate': 0.75, 'custom_keys': {'bias': {'decay_multi': 0.0}, 'pos_embed': {'decay_mult': 0.0}, 'relative_position_bias_table': {'decay_mult': 0.0}, 'norm': {'decay_mult': 0.0}}}
loading annotations into memory...
Done (t=0.28s)
creating index...
index created!
{'num_layers': 12, 'layer_decay_rate': 0.75, 'custom_keys': {'bias': {'decay_multi': 0.0}, 'pos_embed': {'decay_mult': 0.0}, 'relative_position_bias_table': {'decay_mult': 0.0}, 'norm': {'decay_mult': 0.0}}}
loading annotations into memory...
Done (t=0.19s)
creating index...
index created!
loading annotations into memory...
Done (t=0.20s)
creating index...
index created!
loading annotations into memory...
01/24 18:43:27 - mmengine - INFO - load model from: /home/nr4325/Desktop/ViTPose_b.pth
01/24 18:43:27 - mmengine - INFO - Loads checkpoint by local backend from path: /home/nr4325/Desktop/ViTPose_b.pth
Done (t=0.19s)
creating index...
index created!
01/24 18:43:30 - mmengine - WARNING - The model and loaded state dict do not match exactly

unexpected key in source state_dict: backbone.pos_embed, backbone.patch_embed.proj.weight, backbone.patch_embed.proj.bias, backbone.blocks.0.norm1.weight, backbone.blocks.0.norm1.bias, backbone.blocks.0.attn.qkv.weight, backbone.blocks.0.attn.qkv.bias, backbone.blocks.0.attn.proj.weight, backbone.blocks.0.attn.proj.bias, backbone.blocks.0.norm2.weight, backbone.blocks.0.norm2.bias, backbone.blocks.0.mlp.fc1.weight, backbone.blocks.0.mlp.fc1.bias, backbone.blocks.0.mlp.fc2.weight, backbone.blocks.0.mlp.fc2.bias, backbone.blocks.1.norm1.weight, backbone.blocks.1.norm1.bias, backbone.blocks.1.attn.qkv.weight, backbone.blocks.1.attn.qkv.bias, backbone.blocks.1.attn.proj.weight, backbone.blocks.1.attn.proj.bias, backbone.blocks.1.norm2.weight, backbone.blocks.1.norm2.bias, backbone.blocks.1.mlp.fc1.weight, backbone.blocks.1.mlp.fc1.bias, backbone.blocks.1.mlp.fc2.weight, backbone.blocks.1.mlp.fc2.bias, backbone.blocks.2.norm1.weight, backbone.blocks.2.norm1.bias, backbone.blocks.2.attn.qkv.weight, backbone.blocks.2.attn.qkv.bias, backbone.blocks.2.attn.proj.weight, backbone.blocks.2.attn.proj.bias, backbone.blocks.2.norm2.weight, backbone.blocks.2.norm2.bias, backbone.blocks.2.mlp.fc1.weight, backbone.blocks.2.mlp.fc1.bias, backbone.blocks.2.mlp.fc2.weight, backbone.blocks.2.mlp.fc2.bias, backbone.blocks.3.norm1.weight, backbone.blocks.3.norm1.bias, backbone.blocks.3.attn.qkv.weight, backbone.blocks.3.attn.qkv.bias, backbone.blocks.3.attn.proj.weight, backbone.blocks.3.attn.proj.bias, backbone.blocks.3.norm2.weight, backbone.blocks.3.norm2.bias, backbone.blocks.3.mlp.fc1.weight, backbone.blocks.3.mlp.fc1.bias, backbone.blocks.3.mlp.fc2.weight, backbone.blocks.3.mlp.fc2.bias, backbone.blocks.4.norm1.weight, backbone.blocks.4.norm1.bias, backbone.blocks.4.attn.qkv.weight, backbone.blocks.4.attn.qkv.bias, backbone.blocks.4.attn.proj.weight, backbone.blocks.4.attn.proj.bias, backbone.blocks.4.norm2.weight, backbone.blocks.4.norm2.bias, backbone.blocks.4.mlp.fc1.weight, backbone.blocks.4.mlp.fc1.bias, backbone.blocks.4.mlp.fc2.weight, backbone.blocks.4.mlp.fc2.bias, backbone.blocks.5.norm1.weight, backbone.blocks.5.norm1.bias, backbone.blocks.5.attn.qkv.weight, backbone.blocks.5.attn.qkv.bias, backbone.blocks.5.attn.proj.weight, backbone.blocks.5.attn.proj.bias, backbone.blocks.5.norm2.weight, backbone.blocks.5.norm2.bias, backbone.blocks.5.mlp.fc1.weight, backbone.blocks.5.mlp.fc1.bias, backbone.blocks.5.mlp.fc2.weight, backbone.blocks.5.mlp.fc2.bias, backbone.blocks.6.norm1.weight, backbone.blocks.6.norm1.bias, backbone.blocks.6.attn.qkv.weight, backbone.blocks.6.attn.qkv.bias, backbone.blocks.6.attn.proj.weight, backbone.blocks.6.attn.proj.bias, backbone.blocks.6.norm2.weight, backbone.blocks.6.norm2.bias, backbone.blocks.6.mlp.fc1.weight, backbone.blocks.6.mlp.fc1.bias, backbone.blocks.6.mlp.fc2.weight, backbone.blocks.6.mlp.fc2.bias, backbone.blocks.7.norm1.weight, backbone.blocks.7.norm1.bias, backbone.blocks.7.attn.qkv.weight, backbone.blocks.7.attn.qkv.bias, backbone.blocks.7.attn.proj.weight, backbone.blocks.7.attn.proj.bias, backbone.blocks.7.norm2.weight, backbone.blocks.7.norm2.bias, backbone.blocks.7.mlp.fc1.weight, backbone.blocks.7.mlp.fc1.bias, backbone.blocks.7.mlp.fc2.weight, backbone.blocks.7.mlp.fc2.bias, backbone.blocks.8.norm1.weight, backbone.blocks.8.norm1.bias, backbone.blocks.8.attn.qkv.weight, backbone.blocks.8.attn.qkv.bias, backbone.blocks.8.attn.proj.weight, backbone.blocks.8.attn.proj.bias, backbone.blocks.8.norm2.weight, backbone.blocks.8.norm2.bias, backbone.blocks.8.mlp.fc1.weight, backbone.blocks.8.mlp.fc1.bias, backbone.blocks.8.mlp.fc2.weight, backbone.blocks.8.mlp.fc2.bias, backbone.blocks.9.norm1.weight, backbone.blocks.9.norm1.bias, backbone.blocks.9.attn.qkv.weight, backbone.blocks.9.attn.qkv.bias, backbone.blocks.9.attn.proj.weight, backbone.blocks.9.attn.proj.bias, backbone.blocks.9.norm2.weight, backbone.blocks.9.norm2.bias, backbone.blocks.9.mlp.fc1.weight, backbone.blocks.9.mlp.fc1.bias, backbone.blocks.9.mlp.fc2.weight, backbone.blocks.9.mlp.fc2.bias, backbone.blocks.10.norm1.weight, backbone.blocks.10.norm1.bias, backbone.blocks.10.attn.qkv.weight, backbone.blocks.10.attn.qkv.bias, backbone.blocks.10.attn.proj.weight, backbone.blocks.10.attn.proj.bias, backbone.blocks.10.norm2.weight, backbone.blocks.10.norm2.bias, backbone.blocks.10.mlp.fc1.weight, backbone.blocks.10.mlp.fc1.bias, backbone.blocks.10.mlp.fc2.weight, backbone.blocks.10.mlp.fc2.bias, backbone.blocks.11.norm1.weight, backbone.blocks.11.norm1.bias, backbone.blocks.11.attn.qkv.weight, backbone.blocks.11.attn.qkv.bias, backbone.blocks.11.attn.proj.weight, backbone.blocks.11.attn.proj.bias, backbone.blocks.11.norm2.weight, backbone.blocks.11.norm2.bias, backbone.blocks.11.mlp.fc1.weight, backbone.blocks.11.mlp.fc1.bias, backbone.blocks.11.mlp.fc2.weight, backbone.blocks.11.mlp.fc2.bias, backbone.last_norm.weight, backbone.last_norm.bias, keypoint_head.deconv_layers.0.weight, keypoint_head.deconv_layers.1.weight, keypoint_head.deconv_layers.1.bias, keypoint_head.deconv_layers.1.running_mean, keypoint_head.deconv_layers.1.running_var, keypoint_head.deconv_layers.1.num_batches_tracked, keypoint_head.deconv_layers.3.weight, keypoint_head.deconv_layers.4.weight, keypoint_head.deconv_layers.4.bias, keypoint_head.deconv_layers.4.running_mean, keypoint_head.deconv_layers.4.running_var, keypoint_head.deconv_layers.4.num_batches_tracked, keypoint_head.final_layer.weight, keypoint_head.final_layer.bias

missing keys in source state_dict: pos_embed, patch_embed.projection.weight, patch_embed.projection.bias, layers.0.ln1.weight, layers.0.ln1.bias, layers.0.attn.qkv.weight, layers.0.attn.qkv.bias, layers.0.attn.proj.weight, layers.0.attn.proj.bias, layers.0.ln2.weight, layers.0.ln2.bias, layers.0.ffn.layers.0.0.weight, layers.0.ffn.layers.0.0.bias, layers.0.ffn.layers.1.weight, layers.0.ffn.layers.1.bias, layers.1.ln1.weight, layers.1.ln1.bias, layers.1.attn.qkv.weight, layers.1.attn.qkv.bias, layers.1.attn.proj.weight, layers.1.attn.proj.bias, layers.1.ln2.weight, layers.1.ln2.bias, layers.1.ffn.layers.0.0.weight, layers.1.ffn.layers.0.0.bias, layers.1.ffn.layers.1.weight, layers.1.ffn.layers.1.bias, layers.2.ln1.weight, layers.2.ln1.bias, layers.2.attn.qkv.weight, layers.2.attn.qkv.bias, layers.2.attn.proj.weight, layers.2.attn.proj.bias, layers.2.ln2.weight, layers.2.ln2.bias, layers.2.ffn.layers.0.0.weight, layers.2.ffn.layers.0.0.bias, layers.2.ffn.layers.1.weight, layers.2.ffn.layers.1.bias, layers.3.ln1.weight, layers.3.ln1.bias, layers.3.attn.qkv.weight, layers.3.attn.qkv.bias, layers.3.attn.proj.weight, layers.3.attn.proj.bias, layers.3.ln2.weight, layers.3.ln2.bias, layers.3.ffn.layers.0.0.weight, layers.3.ffn.layers.0.0.bias, layers.3.ffn.layers.1.weight, layers.3.ffn.layers.1.bias, layers.4.ln1.weight, layers.4.ln1.bias, layers.4.attn.qkv.weight, layers.4.attn.qkv.bias, layers.4.attn.proj.weight, layers.4.attn.proj.bias, layers.4.ln2.weight, layers.4.ln2.bias, layers.4.ffn.layers.0.0.weight, layers.4.ffn.layers.0.0.bias, layers.4.ffn.layers.1.weight, layers.4.ffn.layers.1.bias, layers.5.ln1.weight, layers.5.ln1.bias, layers.5.attn.qkv.weight, layers.5.attn.qkv.bias, layers.5.attn.proj.weight, layers.5.attn.proj.bias, layers.5.ln2.weight, layers.5.ln2.bias, layers.5.ffn.layers.0.0.weight, layers.5.ffn.layers.0.0.bias, layers.5.ffn.layers.1.weight, layers.5.ffn.layers.1.bias, layers.6.ln1.weight, layers.6.ln1.bias, layers.6.attn.qkv.weight, layers.6.attn.qkv.bias, layers.6.attn.proj.weight, layers.6.attn.proj.bias, layers.6.ln2.weight, layers.6.ln2.bias, layers.6.ffn.layers.0.0.weight, layers.6.ffn.layers.0.0.bias, layers.6.ffn.layers.1.weight, layers.6.ffn.layers.1.bias, layers.7.ln1.weight, layers.7.ln1.bias, layers.7.attn.qkv.weight, layers.7.attn.qkv.bias, layers.7.attn.proj.weight, layers.7.attn.proj.bias, layers.7.ln2.weight, layers.7.ln2.bias, layers.7.ffn.layers.0.0.weight, layers.7.ffn.layers.0.0.bias, layers.7.ffn.layers.1.weight, layers.7.ffn.layers.1.bias, layers.8.ln1.weight, layers.8.ln1.bias, layers.8.attn.qkv.weight, layers.8.attn.qkv.bias, layers.8.attn.proj.weight, layers.8.attn.proj.bias, layers.8.ln2.weight, layers.8.ln2.bias, layers.8.ffn.layers.0.0.weight, layers.8.ffn.layers.0.0.bias, layers.8.ffn.layers.1.weight, layers.8.ffn.layers.1.bias, layers.9.ln1.weight, layers.9.ln1.bias, layers.9.attn.qkv.weight, layers.9.attn.qkv.bias, layers.9.attn.proj.weight, layers.9.attn.proj.bias, layers.9.ln2.weight, layers.9.ln2.bias, layers.9.ffn.layers.0.0.weight, layers.9.ffn.layers.0.0.bias, layers.9.ffn.layers.1.weight, layers.9.ffn.layers.1.bias, layers.10.ln1.weight, layers.10.ln1.bias, layers.10.attn.qkv.weight, layers.10.attn.qkv.bias, layers.10.attn.proj.weight, layers.10.attn.proj.bias, layers.10.ln2.weight, layers.10.ln2.bias, layers.10.ffn.layers.0.0.weight, layers.10.ffn.layers.0.0.bias, layers.10.ffn.layers.1.weight, layers.10.ffn.layers.1.bias, layers.11.ln1.weight, layers.11.ln1.bias, layers.11.attn.qkv.weight, layers.11.attn.qkv.bias, layers.11.attn.proj.weight, layers.11.attn.proj.bias, layers.11.ln2.weight, layers.11.ln2.bias, layers.11.ffn.layers.0.0.weight, layers.11.ffn.layers.0.0.bias, layers.11.ffn.layers.1.weight, layers.11.ffn.layers.1.bias, ln1.weight, ln1.bias, connect.conv_transpose_1.0.weight, connect.conv_transpose_1.0.bias, connect.conv_transpose_1.1.weight, connect.conv_transpose_1.1.bias, connect.conv_transpose_1.1.running_mean, connect.conv_transpose_1.1.running_var, connect.conv_transpose_2.0.weight, connect.conv_transpose_2.0.bias, connect.conv_transpose_2.1.weight, connect.conv_transpose_2.1.bias, connect.conv_transpose_2.1.running_mean, connect.conv_transpose_2.1.running_var, connect.conv_transpose_3.0.weight, connect.conv_transpose_3.0.bias, connect.conv_transpose_3.1.weight, connect.conv_transpose_3.1.bias, connect.conv_transpose_3.1.running_mean, connect.conv_transpose_3.1.running_var, connect.conv1x1.0.weight, connect.conv1x1.0.bias, connect.conv1x1.1.weight, connect.conv1x1.1.bias, connect.conv1x1.1.running_mean, connect.conv1x1.1.running_var, connect.pool.0.weight, connect.pool.0.bias, connect.pool.1.weight, connect.pool.1.bias, connect.pool.1.running_mean, connect.pool.1.running_var, connect.conv_pool_1.0.weight, connect.conv_pool_1.0.bias, connect.conv_pool_1.1.weight, connect.conv_pool_1.1.bias, connect.conv_pool_1.1.running_mean, connect.conv_pool_1.1.running_var, wtm_ml.wtm3_0.gamma1, wtm_ml.wtm3_0.gamma2, wtm_ml.wtm3_0.norm1.weight, wtm_ml.wtm3_0.norm1.bias, wtm_ml.wtm3_0.attn.rpb, wtm_ml.wtm3_0.attn.qkv.weight, wtm_ml.wtm3_0.attn.qkv.bias, wtm_ml.wtm3_0.attn.proj.weight, wtm_ml.wtm3_0.attn.proj.bias, wtm_ml.wtm3_0.norm2.weight, wtm_ml.wtm3_0.norm2.bias, wtm_ml.wtm3_0.mlp.fc1.weight, wtm_ml.wtm3_0.mlp.fc1.bias, wtm_ml.wtm3_0.mlp.fc2.weight, wtm_ml.wtm3_0.mlp.fc2.bias, wtm_ml.wtm3_1.gamma1, wtm_ml.wtm3_1.gamma2, wtm_ml.wtm3_1.norm1.weight, wtm_ml.wtm3_1.norm1.bias, wtm_ml.wtm3_1.attn.rpb, wtm_ml.wtm3_1.attn.qkv.weight, wtm_ml.wtm3_1.attn.qkv.bias, wtm_ml.wtm3_1.attn.proj.weight, wtm_ml.wtm3_1.attn.proj.bias, wtm_ml.wtm3_1.norm2.weight, wtm_ml.wtm3_1.norm2.bias, wtm_ml.wtm3_1.mlp.fc1.weight, wtm_ml.wtm3_1.mlp.fc1.bias, wtm_ml.wtm3_1.mlp.fc2.weight, wtm_ml.wtm3_1.mlp.fc2.bias, wtm_ml.wtm2_0.gamma1, wtm_ml.wtm2_0.gamma2, wtm_ml.wtm2_0.norm1.weight, wtm_ml.wtm2_0.norm1.bias, wtm_ml.wtm2_0.attn.rpb, wtm_ml.wtm2_0.attn.qkv.weight, wtm_ml.wtm2_0.attn.qkv.bias, wtm_ml.wtm2_0.attn.proj.weight, wtm_ml.wtm2_0.attn.proj.bias, wtm_ml.wtm2_0.norm2.weight, wtm_ml.wtm2_0.norm2.bias, wtm_ml.wtm2_0.mlp.fc1.weight, wtm_ml.wtm2_0.mlp.fc1.bias, wtm_ml.wtm2_0.mlp.fc2.weight, wtm_ml.wtm2_0.mlp.fc2.bias, wtm_ml.wtm2_1.gamma1, wtm_ml.wtm2_1.gamma2, wtm_ml.wtm2_1.norm1.weight, wtm_ml.wtm2_1.norm1.bias, wtm_ml.wtm2_1.attn.rpb, wtm_ml.wtm2_1.attn.qkv.weight, wtm_ml.wtm2_1.attn.qkv.bias, wtm_ml.wtm2_1.attn.proj.weight, wtm_ml.wtm2_1.attn.proj.bias, wtm_ml.wtm2_1.norm2.weight, wtm_ml.wtm2_1.norm2.bias, wtm_ml.wtm2_1.mlp.fc1.weight, wtm_ml.wtm2_1.mlp.fc1.bias, wtm_ml.wtm2_1.mlp.fc2.weight, wtm_ml.wtm2_1.mlp.fc2.bias, wtm_ml.wtm1_0.gamma1, wtm_ml.wtm1_0.gamma2, wtm_ml.wtm1_0.norm1.weight, wtm_ml.wtm1_0.norm1.bias, wtm_ml.wtm1_0.attn.rpb, wtm_ml.wtm1_0.attn.qkv.weight, wtm_ml.wtm1_0.attn.qkv.bias, wtm_ml.wtm1_0.attn.proj.weight, wtm_ml.wtm1_0.attn.proj.bias, wtm_ml.wtm1_0.norm2.weight, wtm_ml.wtm1_0.norm2.bias, wtm_ml.wtm1_0.mlp.fc1.weight, wtm_ml.wtm1_0.mlp.fc1.bias, wtm_ml.wtm1_0.mlp.fc2.weight, wtm_ml.wtm1_0.mlp.fc2.bias, wtm_ml.wtm1_1.gamma1, wtm_ml.wtm1_1.gamma2, wtm_ml.wtm1_1.norm1.weight, wtm_ml.wtm1_1.norm1.bias, wtm_ml.wtm1_1.attn.rpb, wtm_ml.wtm1_1.attn.qkv.weight, wtm_ml.wtm1_1.attn.qkv.bias, wtm_ml.wtm1_1.attn.proj.weight, wtm_ml.wtm1_1.attn.proj.bias, wtm_ml.wtm1_1.norm2.weight, wtm_ml.wtm1_1.norm2.bias, wtm_ml.wtm1_1.mlp.fc1.weight, wtm_ml.wtm1_1.mlp.fc1.bias, wtm_ml.wtm1_1.mlp.fc2.weight, wtm_ml.wtm1_1.mlp.fc2.bias, wtm_ml.wtm0_0.gamma1, wtm_ml.wtm0_0.gamma2, wtm_ml.wtm0_0.norm1.weight, wtm_ml.wtm0_0.norm1.bias, wtm_ml.wtm0_0.attn.rpb, wtm_ml.wtm0_0.attn.qkv.weight, wtm_ml.wtm0_0.attn.qkv.bias, wtm_ml.wtm0_0.attn.proj.weight, wtm_ml.wtm0_0.attn.proj.bias, wtm_ml.wtm0_0.norm2.weight, wtm_ml.wtm0_0.norm2.bias, wtm_ml.wtm0_0.mlp.fc1.weight, wtm_ml.wtm0_0.mlp.fc1.bias, wtm_ml.wtm0_0.mlp.fc2.weight, wtm_ml.wtm0_0.mlp.fc2.bias, wtm_ml.wtm0_1.gamma1, wtm_ml.wtm0_1.gamma2, wtm_ml.wtm0_1.norm1.weight, wtm_ml.wtm0_1.norm1.bias, wtm_ml.wtm0_1.attn.rpb, wtm_ml.wtm0_1.attn.qkv.weight, wtm_ml.wtm0_1.attn.qkv.bias, wtm_ml.wtm0_1.attn.proj.weight, wtm_ml.wtm0_1.attn.proj.bias, wtm_ml.wtm0_1.norm2.weight, wtm_ml.wtm0_1.norm2.bias, wtm_ml.wtm0_1.mlp.fc1.weight, wtm_ml.wtm0_1.mlp.fc1.bias, wtm_ml.wtm0_1.mlp.fc2.weight, wtm_ml.wtm0_1.mlp.fc2.bias, wtm_ml.last_conv.0.weight, wtm_ml.last_conv.0.bias, wtm_ml.last_conv.1.weight, wtm_ml.last_conv.1.bias, wtm_ml.last_conv.1.running_mean, wtm_ml.last_conv.1.running_var, wtm_ml.last_conv.3.weight, wtm_ml.last_conv.3.bias, wtm_ml.last_conv.4.weight, wtm_ml.last_conv.4.bias, wtm_ml.last_conv.4.running_mean, wtm_ml.last_conv.4.running_var, wtm_ml.conv_2_1x1.0.weight, wtm_ml.conv_2_1x1.0.bias, wtm_ml.conv_2_1x1.1.weight, wtm_ml.conv_2_1x1.1.bias, wtm_ml.conv_2_1x1.1.running_mean, wtm_ml.conv_2_1x1.1.running_var, wtm_ml.conv_1_1x1.0.weight, wtm_ml.conv_1_1x1.0.bias, wtm_ml.conv_1_1x1.1.weight, wtm_ml.conv_1_1x1.1.bias, wtm_ml.conv_1_1x1.1.running_mean, wtm_ml.conv_1_1x1.1.running_var, wtm_ml.conv0_1x1.0.weight, wtm_ml.conv0_1x1.0.bias, wtm_ml.conv0_1x1.1.weight, wtm_ml.conv0_1x1.1.bias, wtm_ml.conv0_1x1.1.running_mean, wtm_ml.conv0_1x1.1.running_var

01/24 18:43:30 - mmengine - WARNING - "FileClient" will be deprecated in future. Please use io functions in https://mmengine.readthedocs.io/en/latest/api/fileio.html#file-io
01/24 18:43:31 - mmengine - WARNING - "HardDiskBackend" is the alias of "LocalBackend" and the former will be deprecated in future.
01/24 18:43:31 - mmengine - INFO - Checkpoints will be saved to /home/nr4325/Desktop/Pose4/mmpose/work_dirs/_pre_ViTPose_base_w7_coco_256x192.
01/24 18:44:41 - mmengine - INFO - Epoch(train)   [1][  50/1171]  base_lr: 4.954910e-05 lr: 1.177151e-06  eta: 4 days, 0:22:27  time: 1.411159  data_time: 0.759831  memory: 17422  grad_norm: 0.005538  loss: 0.002317  loss_kpt: 0.002317  acc_pose: 0.013216
01/24 18:45:41 - mmengine - INFO - Epoch(train)   [1][ 100/1171]  base_lr: 9.959920e-05 lr: 2.366204e-06  eta: 3 days, 16:49:41  time: 1.190702  data_time: 0.495895  memory: 17421  grad_norm: 0.001580  loss: 0.002283  loss_kpt: 0.002283  acc_pose: 0.027631
01/24 18:46:40 - mmengine - INFO - Epoch(train)   [1][ 150/1171]  base_lr: 1.496493e-04 lr: 3.555258e-06  eta: 3 days, 14:13:23  time: 1.187243  data_time: 0.515127  memory: 17421  grad_norm: 0.001676  loss: 0.002257  loss_kpt: 0.002257  acc_pose: 0.063983
01/24 18:47:35 - mmengine - INFO - Epoch(train)   [1][ 200/1171]  base_lr: 1.996994e-04 lr: 4.744311e-06  eta: 3 days, 11:17:32  time: 1.092306  data_time: 0.271980  memory: 17421  grad_norm: 0.002895  loss: 0.002227  loss_kpt: 0.002227  acc_pose: 0.039927
01/24 18:48:32 - mmengine - INFO - Epoch(train)   [1][ 250/1171]  base_lr: 2.497495e-04 lr: 5.933365e-06  eta: 3 days, 10:16:02  time: 1.146487  data_time: 0.169361  memory: 17421  grad_norm: 0.003135  loss: 0.002221  loss_kpt: 0.002221  acc_pose: 0.072205
01/24 18:49:35 - mmengine - INFO - Epoch(train)   [1][ 300/1171]  base_lr: 2.997996e-04 lr: 7.122418e-06  eta: 3 days, 10:52:16  time: 1.260160  data_time: 0.333892  memory: 17421  grad_norm: 0.003607  loss: 0.002187  loss_kpt: 0.002187  acc_pose: 0.087930
01/24 18:50:32 - mmengine - INFO - Epoch(train)   [1][ 350/1171]  base_lr: 3.498497e-04 lr: 8.311472e-06  eta: 3 days, 10:01:27  time: 1.129474  data_time: 0.549787  memory: 17421  grad_norm: 0.003732  loss: 0.002179  loss_kpt: 0.002179  acc_pose: 0.109177
01/24 18:51:29 - mmengine - INFO - Epoch(train)   [1][ 400/1171]  base_lr: 3.998998e-04 lr: 9.500525e-06  eta: 3 days, 9:37:28  time: 1.157596  data_time: 0.416022  memory: 17421  grad_norm: 0.003652  loss: 0.002161  loss_kpt: 0.002161  acc_pose: 0.103044
01/24 18:52:22 - mmengine - INFO - Epoch(train)   [1][ 450/1171]  base_lr: 4.499499e-04 lr: 1.068958e-05  eta: 3 days, 8:28:08  time: 1.046558  data_time: 0.359459  memory: 17421  grad_norm: 0.004040  loss: 0.002164  loss_kpt: 0.002164  acc_pose: 0.096813
