01/28 03:12:05 - mmengine - INFO - 
------------------------------------------------------------
System environment:
    sys.platform: linux
    Python: 3.8.17 (default, Jul  5 2023, 21:04:15) [GCC 11.2.0]
    CUDA available: True
    numpy_random_seed: 927497621
    GPU 0: NVIDIA A100-PCIE-40GB
    CUDA_HOME: None
    GCC: n/a
    PyTorch: 1.11.0
    PyTorch compiling details: PyTorch built with:
  - GCC 7.3
  - C++ Version: 201402
  - Intel(R) oneAPI Math Kernel Library Version 2023.1-Product Build 20230303 for Intel(R) 64 architecture applications
  - Intel(R) MKL-DNN v2.5.2 (Git Hash a9302535553c73243c632ad3c4c80beec3d19a1e)
  - OpenMP 201511 (a.k.a. OpenMP 4.5)
  - LAPACK is enabled (usually provided by MKL)
  - NNPACK is enabled
  - CPU capability usage: AVX2
  - CUDA Runtime 11.3
  - NVCC architecture flags: -gencode;arch=compute_37,code=sm_37;-gencode;arch=compute_50,code=sm_50;-gencode;arch=compute_60,code=sm_60;-gencode;arch=compute_61,code=sm_61;-gencode;arch=compute_70,code=sm_70;-gencode;arch=compute_75,code=sm_75;-gencode;arch=compute_80,code=sm_80;-gencode;arch=compute_86,code=sm_86;-gencode;arch=compute_37,code=compute_37
  - CuDNN 8.2
  - Magma 2.5.2
  - Build settings: BLAS_INFO=mkl, BUILD_TYPE=Release, CUDA_VERSION=11.3, CUDNN_VERSION=8.2.0, CXX_COMPILER=/opt/rh/devtoolset-7/root/usr/bin/c++, CXX_FLAGS= -Wno-deprecated -fvisibility-inlines-hidden -DUSE_PTHREADPOOL -fopenmp -DNDEBUG -DUSE_KINETO -DUSE_FBGEMM -DUSE_QNNPACK -DUSE_PYTORCH_QNNPACK -DUSE_XNNPACK -DSYMBOLICATE_MOBILE_DEBUG_HANDLE -DEDGE_PROFILER_USE_KINETO -O2 -fPIC -Wno-narrowing -Wall -Wextra -Werror=return-type -Wno-missing-field-initializers -Wno-type-limits -Wno-array-bounds -Wno-unknown-pragmas -Wno-sign-compare -Wno-unused-parameter -Wno-unused-function -Wno-unused-result -Wno-unused-local-typedefs -Wno-strict-overflow -Wno-strict-aliasing -Wno-error=deprecated-declarations -Wno-stringop-overflow -Wno-psabi -Wno-error=pedantic -Wno-error=redundant-decls -Wno-error=old-style-cast -fdiagnostics-color=always -faligned-new -Wno-unused-but-set-variable -Wno-maybe-uninitialized -fno-math-errno -fno-trapping-math -Werror=format -Wno-stringop-overflow, LAPACK_INFO=mkl, PERF_WITH_AVX=1, PERF_WITH_AVX2=1, PERF_WITH_AVX512=1, TORCH_VERSION=1.11.0, USE_CUDA=ON, USE_CUDNN=ON, USE_EXCEPTION_PTR=1, USE_GFLAGS=OFF, USE_GLOG=OFF, USE_MKL=ON, USE_MKLDNN=OFF, USE_MPI=OFF, USE_NCCL=ON, USE_NNPACK=ON, USE_OPENMP=ON, USE_ROCM=OFF, 

    TorchVision: 0.12.0
    OpenCV: 4.8.0
    MMEngine: 0.8.3

Runtime environment:
    cudnn_benchmark: False
    mp_cfg: {'mp_start_method': 'fork', 'opencv_num_threads': 0}
    dist_cfg: {'backend': 'nccl'}
    seed: 927497621
    Distributed launcher: pytorch
    Distributed training: True
    GPU number: 1
------------------------------------------------------------

01/28 03:12:05 - mmengine - INFO - Config:
auto_scale_lr = dict(base_batch_size=256)
backend_args = dict(backend='local')
codec = dict(
    heatmap_size=(
        48,
        64,
    ),
    input_size=(
        192,
        256,
    ),
    sigma=2,
    type='MSRAHeatmap')
custom_hooks = [
    dict(type='SyncBuffersHook'),
]
data_mode = 'topdown'
data_root = 'data/coco/'
dataset_type = 'CocoDataset'
default_hooks = dict(
    checkpoint=dict(
        interval=10,
        rule='greater',
        save_best='coco/AP',
        type='CheckpointHook'),
    logger=dict(interval=50, type='LoggerHook'),
    param_scheduler=dict(type='ParamSchedulerHook'),
    sampler_seed=dict(type='DistSamplerSeedHook'),
    timer=dict(type='IterTimerHook'),
    visualization=dict(enable=False, type='PoseVisualizationHook'))
default_scope = 'mmpose'
env_cfg = dict(
    cudnn_benchmark=False,
    dist_cfg=dict(backend='nccl'),
    mp_cfg=dict(mp_start_method='fork', opencv_num_threads=0))
launcher = 'pytorch'
load_from = None
log_level = 'INFO'
log_processor = dict(
    by_epoch=True, num_digits=6, type='LogProcessor', window_size=50)
model = dict(
    backbone=dict(
        attn_drop_rate=0.0,
        convert_weights=False,
        depths=[
            2,
            2,
            18,
            2,
        ],
        drop_path_rate=0.3,
        drop_rate=0.0,
        embed_dims=128,
        init_cfg=dict(
            checkpoint=
            '/home/nr4325/Desktop/_swin_base_patch4_window7_224_22k.pth',
            type='Pretrained'),
        mlp_ratio=4,
        num_heads=[
            4,
            8,
            16,
            32,
        ],
        out_indices=(
            0,
            1,
            2,
            3,
        ),
        patch_norm=True,
        qk_scale=None,
        qkv_bias=True,
        type='WTPose_MLv2',
        window_size=7,
        with_cp=False,
        wtm_dilations=[
            2,
            1,
            4,
            1,
            6,
            1,
            8,
            1,
        ],
        wtm_dim=128,
        wtm_in_dim=1920,
        wtm_kernel_size=7,
        wtm_low_level_dim=256,
        wtm_num_heads=[
            4,
            8,
            16,
            32,
        ],
        wtm_out_dim=128,
        wtm_reduction=32,
        wtm_size=(
            64,
            48,
        )),
    data_preprocessor=dict(
        bgr_to_rgb=True,
        mean=[
            123.675,
            116.28,
            103.53,
        ],
        std=[
            58.395,
            57.12,
            57.375,
        ],
        type='PoseDataPreprocessor'),
    head=dict(
        conv_out_channels=False,
        decoder=dict(
            heatmap_size=(
                48,
                64,
            ),
            input_size=(
                192,
                256,
            ),
            sigma=2,
            type='MSRAHeatmap'),
        deconv_out_channels=False,
        in_channels=128,
        loss=dict(type='KeypointMSELoss', use_target_weight=True),
        out_channels=17,
        type='HeatmapHeadWTPose'),
    test_cfg=dict(flip_mode='heatmap', flip_test=True, shift_heatmap=True),
    type='TopdownPoseEstimator')
norm_cfg = dict(requires_grad=True, type='SyncBN')
optim_wrapper = dict(optimizer=dict(lr=0.0005, type='Adam'))
param_scheduler = [
    dict(
        begin=0, by_epoch=False, end=500, start_factor=0.001, type='LinearLR'),
    dict(
        begin=0,
        by_epoch=True,
        end=210,
        gamma=0.1,
        milestones=[
            170,
            200,
        ],
        type='MultiStepLR'),
]
resume = False
test_cfg = dict()
test_dataloader = dict(
    batch_size=32,
    dataset=dict(
        ann_file='annotations/person_keypoints_val2017.json',
        bbox_file=
        'data/coco/person_detection_results/COCO_val2017_detections_AP_H_56_person.json',
        data_mode='topdown',
        data_prefix=dict(img='val2017/'),
        data_root='data/coco/',
        pipeline=[
            dict(type='LoadImage'),
            dict(type='GetBBoxCenterScale'),
            dict(input_size=(
                192,
                256,
            ), type='TopdownAffine'),
            dict(type='PackPoseInputs'),
        ],
        test_mode=True,
        type='CocoDataset'),
    drop_last=False,
    num_workers=2,
    persistent_workers=True,
    sampler=dict(round_up=False, shuffle=False, type='DefaultSampler'))
test_evaluator = dict(
    ann_file='data/coco/annotations/person_keypoints_val2017.json',
    type='CocoMetric')
train_cfg = dict(by_epoch=True, max_epochs=210, val_interval=10)
train_dataloader = dict(
    batch_size=32,
    dataset=dict(
        ann_file='annotations/person_keypoints_train2017.json',
        data_mode='topdown',
        data_prefix=dict(img='train2017/'),
        data_root='data/coco/',
        pipeline=[
            dict(type='LoadImage'),
            dict(type='GetBBoxCenterScale'),
            dict(direction='horizontal', type='RandomFlip'),
            dict(type='RandomHalfBody'),
            dict(type='RandomBBoxTransform'),
            dict(input_size=(
                192,
                256,
            ), type='TopdownAffine'),
            dict(
                encoder=dict(
                    heatmap_size=(
                        48,
                        64,
                    ),
                    input_size=(
                        192,
                        256,
                    ),
                    sigma=2,
                    type='MSRAHeatmap'),
                type='GenerateTarget'),
            dict(type='PackPoseInputs'),
        ],
        type='CocoDataset'),
    num_workers=2,
    persistent_workers=True,
    sampler=dict(shuffle=True, type='DefaultSampler'))
train_pipeline = [
    dict(type='LoadImage'),
    dict(type='GetBBoxCenterScale'),
    dict(direction='horizontal', type='RandomFlip'),
    dict(type='RandomHalfBody'),
    dict(type='RandomBBoxTransform'),
    dict(input_size=(
        192,
        256,
    ), type='TopdownAffine'),
    dict(
        encoder=dict(
            heatmap_size=(
                48,
                64,
            ),
            input_size=(
                192,
                256,
            ),
            sigma=2,
            type='MSRAHeatmap'),
        type='GenerateTarget'),
    dict(type='PackPoseInputs'),
]
val_cfg = dict()
val_dataloader = dict(
    batch_size=32,
    dataset=dict(
        ann_file='annotations/person_keypoints_val2017.json',
        bbox_file=
        'data/coco/person_detection_results/COCO_val2017_detections_AP_H_56_person.json',
        data_mode='topdown',
        data_prefix=dict(img='val2017/'),
        data_root='data/coco/',
        pipeline=[
            dict(type='LoadImage'),
            dict(type='GetBBoxCenterScale'),
            dict(input_size=(
                192,
                256,
            ), type='TopdownAffine'),
            dict(type='PackPoseInputs'),
        ],
        test_mode=True,
        type='CocoDataset'),
    drop_last=False,
    num_workers=2,
    persistent_workers=True,
    sampler=dict(round_up=False, shuffle=False, type='DefaultSampler'))
val_evaluator = dict(
    ann_file='data/coco/annotations/person_keypoints_val2017.json',
    type='CocoMetric')
val_pipeline = [
    dict(type='LoadImage'),
    dict(type='GetBBoxCenterScale'),
    dict(input_size=(
        192,
        256,
    ), type='TopdownAffine'),
    dict(type='PackPoseInputs'),
]
vis_backends = [
    dict(type='LocalVisBackend'),
]
visualizer = dict(
    name='visualizer',
    type='PoseLocalVisualizer',
    vis_backends=[
        dict(type='LocalVisBackend'),
    ])
work_dir = './work_dirs/wtm_mlv2_resnet101_swin_b_w7_coco_256x192'

01/28 03:12:38 - mmengine - INFO - Hooks will be executed in the following order:
before_run:
(VERY_HIGH   ) RuntimeInfoHook                    
(BELOW_NORMAL) LoggerHook                         
 -------------------- 
before_train:
(VERY_HIGH   ) RuntimeInfoHook                    
(NORMAL      ) IterTimerHook                      
(VERY_LOW    ) CheckpointHook                     
 -------------------- 
before_train_epoch:
(VERY_HIGH   ) RuntimeInfoHook                    
(NORMAL      ) IterTimerHook                      
(NORMAL      ) DistSamplerSeedHook                
 -------------------- 
before_train_iter:
(VERY_HIGH   ) RuntimeInfoHook                    
(NORMAL      ) IterTimerHook                      
 -------------------- 
after_train_iter:
(VERY_HIGH   ) RuntimeInfoHook                    
(NORMAL      ) IterTimerHook                      
(BELOW_NORMAL) LoggerHook                         
(LOW         ) ParamSchedulerHook                 
(VERY_LOW    ) CheckpointHook                     
 -------------------- 
after_train_epoch:
(NORMAL      ) IterTimerHook                      
(NORMAL      ) SyncBuffersHook                    
(LOW         ) ParamSchedulerHook                 
(VERY_LOW    ) CheckpointHook                     
 -------------------- 
before_val:
(VERY_HIGH   ) RuntimeInfoHook                    
 -------------------- 
before_val_epoch:
(NORMAL      ) IterTimerHook                      
(NORMAL      ) SyncBuffersHook                    
 -------------------- 
before_val_iter:
(NORMAL      ) IterTimerHook                      
 -------------------- 
after_val_iter:
(NORMAL      ) IterTimerHook                      
(NORMAL      ) PoseVisualizationHook              
(BELOW_NORMAL) LoggerHook                         
 -------------------- 
after_val_epoch:
(VERY_HIGH   ) RuntimeInfoHook                    
(NORMAL      ) IterTimerHook                      
(BELOW_NORMAL) LoggerHook                         
(LOW         ) ParamSchedulerHook                 
(VERY_LOW    ) CheckpointHook                     
 -------------------- 
after_val:
(VERY_HIGH   ) RuntimeInfoHook                    
 -------------------- 
after_train:
(VERY_HIGH   ) RuntimeInfoHook                    
(VERY_LOW    ) CheckpointHook                     
 -------------------- 
before_test:
(VERY_HIGH   ) RuntimeInfoHook                    
 -------------------- 
before_test_epoch:
(NORMAL      ) IterTimerHook                      
 -------------------- 
before_test_iter:
(NORMAL      ) IterTimerHook                      
 -------------------- 
after_test_iter:
(NORMAL      ) IterTimerHook                      
(NORMAL      ) PoseVisualizationHook              
(BELOW_NORMAL) LoggerHook                         
 -------------------- 
after_test_epoch:
(VERY_HIGH   ) RuntimeInfoHook                    
(NORMAL      ) IterTimerHook                      
(BELOW_NORMAL) LoggerHook                         
 -------------------- 
after_test:
(VERY_HIGH   ) RuntimeInfoHook                    
 -------------------- 
after_run:
(BELOW_NORMAL) LoggerHook                         
 -------------------- 
loading annotations into memory...
Done (t=7.86s)
creating index...
index created!
loading annotations into memory...
Done (t=0.47s)
creating index...
index created!
loading annotations into memory...
Done (t=0.20s)
creating index...
index created!
01/28 03:13:38 - mmengine - INFO - Loads checkpoint by local backend from path: /home/nr4325/Desktop/_swin_base_patch4_window7_224_22k.pth
01/28 03:13:41 - mmpose - WARNING - The model and loaded state dict do not match exactly

unexpected key in source state_dict: patch_embed.projection.weight, patch_embed.projection.bias, patch_embed.norm.weight, patch_embed.norm.bias, norm.weight, norm.bias, head.fc.weight, head.fc.bias, stages.0.blocks.1.attn.attn_mask, stages.1.blocks.1.attn.attn_mask, stages.2.blocks.1.attn.attn_mask, stages.2.blocks.3.attn.attn_mask, stages.2.blocks.5.attn.attn_mask, stages.2.blocks.7.attn.attn_mask, stages.2.blocks.9.attn.attn_mask, stages.2.blocks.11.attn.attn_mask, stages.2.blocks.13.attn.attn_mask, stages.2.blocks.15.attn.attn_mask, stages.2.blocks.17.attn.attn_mask

missing keys in source state_dict: norm0.weight, norm0.bias, norm1.weight, norm1.bias, norm2.weight, norm2.bias, norm3.weight, norm3.bias, resnet.stem.0.conv.weight, resnet.stem.0.bn.weight, resnet.stem.0.bn.bias, resnet.stem.0.bn.running_mean, resnet.stem.0.bn.running_var, resnet.stem.1.conv.weight, resnet.stem.1.bn.weight, resnet.stem.1.bn.bias, resnet.stem.1.bn.running_mean, resnet.stem.1.bn.running_var, resnet.layer1.0.conv1.weight, resnet.layer1.0.bn1.weight, resnet.layer1.0.bn1.bias, resnet.layer1.0.bn1.running_mean, resnet.layer1.0.bn1.running_var, resnet.layer1.0.conv2.weight, resnet.layer1.0.bn2.weight, resnet.layer1.0.bn2.bias, resnet.layer1.0.bn2.running_mean, resnet.layer1.0.bn2.running_var, resnet.layer1.0.conv3.weight, resnet.layer1.0.bn3.weight, resnet.layer1.0.bn3.bias, resnet.layer1.0.bn3.running_mean, resnet.layer1.0.bn3.running_var, resnet.layer1.0.downsample.0.weight, resnet.layer1.0.downsample.1.weight, resnet.layer1.0.downsample.1.bias, resnet.layer1.0.downsample.1.running_mean, resnet.layer1.0.downsample.1.running_var, resnet.layer1.1.conv1.weight, resnet.layer1.1.bn1.weight, resnet.layer1.1.bn1.bias, resnet.layer1.1.bn1.running_mean, resnet.layer1.1.bn1.running_var, resnet.layer1.1.conv2.weight, resnet.layer1.1.bn2.weight, resnet.layer1.1.bn2.bias, resnet.layer1.1.bn2.running_mean, resnet.layer1.1.bn2.running_var, resnet.layer1.1.conv3.weight, resnet.layer1.1.bn3.weight, resnet.layer1.1.bn3.bias, resnet.layer1.1.bn3.running_mean, resnet.layer1.1.bn3.running_var, resnet.layer1.2.conv1.weight, resnet.layer1.2.bn1.weight, resnet.layer1.2.bn1.bias, resnet.layer1.2.bn1.running_mean, resnet.layer1.2.bn1.running_var, resnet.layer1.2.conv2.weight, resnet.layer1.2.bn2.weight, resnet.layer1.2.bn2.bias, resnet.layer1.2.bn2.running_mean, resnet.layer1.2.bn2.running_var, resnet.layer1.2.conv3.weight, resnet.layer1.2.bn3.weight, resnet.layer1.2.bn3.bias, resnet.layer1.2.bn3.running_mean, resnet.layer1.2.bn3.running_var, wtm.wtm3_0.gamma1, wtm.wtm3_0.gamma2, wtm.wtm3_0.norm1.weight, wtm.wtm3_0.norm1.bias, wtm.wtm3_0.attn.rpb, wtm.wtm3_0.attn.qkv.weight, wtm.wtm3_0.attn.qkv.bias, wtm.wtm3_0.attn.proj.weight, wtm.wtm3_0.attn.proj.bias, wtm.wtm3_0.norm2.weight, wtm.wtm3_0.norm2.bias, wtm.wtm3_0.mlp.fc1.weight, wtm.wtm3_0.mlp.fc1.bias, wtm.wtm3_0.mlp.fc2.weight, wtm.wtm3_0.mlp.fc2.bias, wtm.wtm3_1.gamma1, wtm.wtm3_1.gamma2, wtm.wtm3_1.norm1.weight, wtm.wtm3_1.norm1.bias, wtm.wtm3_1.attn.rpb, wtm.wtm3_1.attn.qkv.weight, wtm.wtm3_1.attn.qkv.bias, wtm.wtm3_1.attn.proj.weight, wtm.wtm3_1.attn.proj.bias, wtm.wtm3_1.norm2.weight, wtm.wtm3_1.norm2.bias, wtm.wtm3_1.mlp.fc1.weight, wtm.wtm3_1.mlp.fc1.bias, wtm.wtm3_1.mlp.fc2.weight, wtm.wtm3_1.mlp.fc2.bias, wtm.wtm2_0.gamma1, wtm.wtm2_0.gamma2, wtm.wtm2_0.norm1.weight, wtm.wtm2_0.norm1.bias, wtm.wtm2_0.attn.rpb, wtm.wtm2_0.attn.qkv.weight, wtm.wtm2_0.attn.qkv.bias, wtm.wtm2_0.attn.proj.weight, wtm.wtm2_0.attn.proj.bias, wtm.wtm2_0.norm2.weight, wtm.wtm2_0.norm2.bias, wtm.wtm2_0.mlp.fc1.weight, wtm.wtm2_0.mlp.fc1.bias, wtm.wtm2_0.mlp.fc2.weight, wtm.wtm2_0.mlp.fc2.bias, wtm.wtm2_1.gamma1, wtm.wtm2_1.gamma2, wtm.wtm2_1.norm1.weight, wtm.wtm2_1.norm1.bias, wtm.wtm2_1.attn.rpb, wtm.wtm2_1.attn.qkv.weight, wtm.wtm2_1.attn.qkv.bias, wtm.wtm2_1.attn.proj.weight, wtm.wtm2_1.attn.proj.bias, wtm.wtm2_1.norm2.weight, wtm.wtm2_1.norm2.bias, wtm.wtm2_1.mlp.fc1.weight, wtm.wtm2_1.mlp.fc1.bias, wtm.wtm2_1.mlp.fc2.weight, wtm.wtm2_1.mlp.fc2.bias, wtm.wtm1_0.gamma1, wtm.wtm1_0.gamma2, wtm.wtm1_0.norm1.weight, wtm.wtm1_0.norm1.bias, wtm.wtm1_0.attn.rpb, wtm.wtm1_0.attn.qkv.weight, wtm.wtm1_0.attn.qkv.bias, wtm.wtm1_0.attn.proj.weight, wtm.wtm1_0.attn.proj.bias, wtm.wtm1_0.norm2.weight, wtm.wtm1_0.norm2.bias, wtm.wtm1_0.mlp.fc1.weight, wtm.wtm1_0.mlp.fc1.bias, wtm.wtm1_0.mlp.fc2.weight, wtm.wtm1_0.mlp.fc2.bias, wtm.wtm1_1.gamma1, wtm.wtm1_1.gamma2, wtm.wtm1_1.norm1.weight, wtm.wtm1_1.norm1.bias, wtm.wtm1_1.attn.rpb, wtm.wtm1_1.attn.qkv.weight, wtm.wtm1_1.attn.qkv.bias, wtm.wtm1_1.attn.proj.weight, wtm.wtm1_1.attn.proj.bias, wtm.wtm1_1.norm2.weight, wtm.wtm1_1.norm2.bias, wtm.wtm1_1.mlp.fc1.weight, wtm.wtm1_1.mlp.fc1.bias, wtm.wtm1_1.mlp.fc2.weight, wtm.wtm1_1.mlp.fc2.bias, wtm.wtm0_0.gamma1, wtm.wtm0_0.gamma2, wtm.wtm0_0.norm1.weight, wtm.wtm0_0.norm1.bias, wtm.wtm0_0.attn.rpb, wtm.wtm0_0.attn.qkv.weight, wtm.wtm0_0.attn.qkv.bias, wtm.wtm0_0.attn.proj.weight, wtm.wtm0_0.attn.proj.bias, wtm.wtm0_0.norm2.weight, wtm.wtm0_0.norm2.bias, wtm.wtm0_0.mlp.fc1.weight, wtm.wtm0_0.mlp.fc1.bias, wtm.wtm0_0.mlp.fc2.weight, wtm.wtm0_0.mlp.fc2.bias, wtm.wtm0_1.gamma1, wtm.wtm0_1.gamma2, wtm.wtm0_1.norm1.weight, wtm.wtm0_1.norm1.bias, wtm.wtm0_1.attn.rpb, wtm.wtm0_1.attn.qkv.weight, wtm.wtm0_1.attn.qkv.bias, wtm.wtm0_1.attn.proj.weight, wtm.wtm0_1.attn.proj.bias, wtm.wtm0_1.norm2.weight, wtm.wtm0_1.norm2.bias, wtm.wtm0_1.mlp.fc1.weight, wtm.wtm0_1.mlp.fc1.bias, wtm.wtm0_1.mlp.fc2.weight, wtm.wtm0_1.mlp.fc2.bias, wtm.wtm_1.gamma1, wtm.wtm_1.gamma2, wtm.wtm_1.norm1.weight, wtm.wtm_1.norm1.bias, wtm.wtm_1.attn.rpb, wtm.wtm_1.attn.qkv.weight, wtm.wtm_1.attn.qkv.bias, wtm.wtm_1.attn.proj.weight, wtm.wtm_1.attn.proj.bias, wtm.wtm_1.norm2.weight, wtm.wtm_1.norm2.bias, wtm.wtm_1.mlp.fc1.weight, wtm.wtm_1.mlp.fc1.bias, wtm.wtm_1.mlp.fc2.weight, wtm.wtm_1.mlp.fc2.bias, wtm.wtm_2.gamma1, wtm.wtm_2.gamma2, wtm.wtm_2.norm1.weight, wtm.wtm_2.norm1.bias, wtm.wtm_2.attn.rpb, wtm.wtm_2.attn.qkv.weight, wtm.wtm_2.attn.qkv.bias, wtm.wtm_2.attn.proj.weight, wtm.wtm_2.attn.proj.bias, wtm.wtm_2.norm2.weight, wtm.wtm_2.norm2.bias, wtm.wtm_2.mlp.fc1.weight, wtm.wtm_2.mlp.fc1.bias, wtm.wtm_2.mlp.fc2.weight, wtm.wtm_2.mlp.fc2.bias, wtm.wtm_3.gamma1, wtm.wtm_3.gamma2, wtm.wtm_3.norm1.weight, wtm.wtm_3.norm1.bias, wtm.wtm_3.attn.rpb, wtm.wtm_3.attn.qkv.weight, wtm.wtm_3.attn.qkv.bias, wtm.wtm_3.attn.proj.weight, wtm.wtm_3.attn.proj.bias, wtm.wtm_3.norm2.weight, wtm.wtm_3.norm2.bias, wtm.wtm_3.mlp.fc1.weight, wtm.wtm_3.mlp.fc1.bias, wtm.wtm_3.mlp.fc2.weight, wtm.wtm_3.mlp.fc2.bias, wtm.wtm_4.gamma1, wtm.wtm_4.gamma2, wtm.wtm_4.norm1.weight, wtm.wtm_4.norm1.bias, wtm.wtm_4.attn.rpb, wtm.wtm_4.attn.qkv.weight, wtm.wtm_4.attn.qkv.bias, wtm.wtm_4.attn.proj.weight, wtm.wtm_4.attn.proj.bias, wtm.wtm_4.norm2.weight, wtm.wtm_4.norm2.bias, wtm.wtm_4.mlp.fc1.weight, wtm.wtm_4.mlp.fc1.bias, wtm.wtm_4.mlp.fc2.weight, wtm.wtm_4.mlp.fc2.bias, wtm.wtm_5.gamma1, wtm.wtm_5.gamma2, wtm.wtm_5.norm1.weight, wtm.wtm_5.norm1.bias, wtm.wtm_5.attn.rpb, wtm.wtm_5.attn.qkv.weight, wtm.wtm_5.attn.qkv.bias, wtm.wtm_5.attn.proj.weight, wtm.wtm_5.attn.proj.bias, wtm.wtm_5.norm2.weight, wtm.wtm_5.norm2.bias, wtm.wtm_5.mlp.fc1.weight, wtm.wtm_5.mlp.fc1.bias, wtm.wtm_5.mlp.fc2.weight, wtm.wtm_5.mlp.fc2.bias, wtm.wtm_6.gamma1, wtm.wtm_6.gamma2, wtm.wtm_6.norm1.weight, wtm.wtm_6.norm1.bias, wtm.wtm_6.attn.rpb, wtm.wtm_6.attn.qkv.weight, wtm.wtm_6.attn.qkv.bias, wtm.wtm_6.attn.proj.weight, wtm.wtm_6.attn.proj.bias, wtm.wtm_6.norm2.weight, wtm.wtm_6.norm2.bias, wtm.wtm_6.mlp.fc1.weight, wtm.wtm_6.mlp.fc1.bias, wtm.wtm_6.mlp.fc2.weight, wtm.wtm_6.mlp.fc2.bias, wtm.wtm_7.gamma1, wtm.wtm_7.gamma2, wtm.wtm_7.norm1.weight, wtm.wtm_7.norm1.bias, wtm.wtm_7.attn.rpb, wtm.wtm_7.attn.qkv.weight, wtm.wtm_7.attn.qkv.bias, wtm.wtm_7.attn.proj.weight, wtm.wtm_7.attn.proj.bias, wtm.wtm_7.norm2.weight, wtm.wtm_7.norm2.bias, wtm.wtm_7.mlp.fc1.weight, wtm.wtm_7.mlp.fc1.bias, wtm.wtm_7.mlp.fc2.weight, wtm.wtm_7.mlp.fc2.bias, wtm.wtm_8.gamma1, wtm.wtm_8.gamma2, wtm.wtm_8.norm1.weight, wtm.wtm_8.norm1.bias, wtm.wtm_8.attn.rpb, wtm.wtm_8.attn.qkv.weight, wtm.wtm_8.attn.qkv.bias, wtm.wtm_8.attn.proj.weight, wtm.wtm_8.attn.proj.bias, wtm.wtm_8.norm2.weight, wtm.wtm_8.norm2.bias, wtm.wtm_8.mlp.fc1.weight, wtm.wtm_8.mlp.fc1.bias, wtm.wtm_8.mlp.fc2.weight, wtm.wtm_8.mlp.fc2.bias, wtm.global_avg_pool.1.weight, wtm.global_avg_pool.2.weight, wtm.global_avg_pool.2.bias, wtm.global_avg_pool.2.running_mean, wtm.global_avg_pool.2.running_var, wtm.conv_3_1x1.0.weight, wtm.conv_3_1x1.0.bias, wtm.conv_3_1x1.1.weight, wtm.conv_3_1x1.1.bias, wtm.conv_3_1x1.1.running_mean, wtm.conv_3_1x1.1.running_var, wtm.conv_3_up.0.weight, wtm.conv_3_up.0.bias, wtm.conv_3_up.1.weight, wtm.conv_3_up.1.bias, wtm.conv_3_up.1.running_mean, wtm.conv_3_up.1.running_var, wtm.conv_2_1x1.0.weight, wtm.conv_2_1x1.0.bias, wtm.conv_2_1x1.1.weight, wtm.conv_2_1x1.1.bias, wtm.conv_2_1x1.1.running_mean, wtm.conv_2_1x1.1.running_var, wtm.conv_2_up.0.weight, wtm.conv_2_up.0.bias, wtm.conv_2_up.1.weight, wtm.conv_2_up.1.bias, wtm.conv_2_up.1.running_mean, wtm.conv_2_up.1.running_var, wtm.conv_1_1x1.0.weight, wtm.conv_1_1x1.0.bias, wtm.conv_1_1x1.1.weight, wtm.conv_1_1x1.1.bias, wtm.conv_1_1x1.1.running_mean, wtm.conv_1_1x1.1.running_var, wtm.conv_1_up.0.weight, wtm.conv_1_up.0.bias, wtm.conv_1_up.1.weight, wtm.conv_1_up.1.bias, wtm.conv_1_up.1.running_mean, wtm.conv_1_up.1.running_var, wtm.conv0_1x1.0.weight, wtm.conv0_1x1.0.bias, wtm.conv0_1x1.1.weight, wtm.conv0_1x1.1.bias, wtm.conv0_1x1.1.running_mean, wtm.conv0_1x1.1.running_var, wtm.conv1.weight, wtm.bn1.weight, wtm.bn1.bias, wtm.bn1.running_mean, wtm.bn1.running_var, wtm.conv2.weight, wtm.bn2.weight, wtm.bn2.bias, wtm.bn2.running_mean, wtm.bn2.running_var, wtm.low.weight, wtm.bn_low.weight, wtm.bn_low.bias, wtm.bn_low.running_mean, wtm.bn_low.running_var, wtm.last_conv.0.weight, wtm.last_conv.1.weight, wtm.last_conv.1.bias, wtm.last_conv.1.running_mean, wtm.last_conv.1.running_var, wtm.last_conv.3.weight, wtm.last_conv.4.weight, wtm.last_conv.4.bias, wtm.last_conv.4.running_mean, wtm.last_conv.4.running_var, conv3.weight, bn3.weight, bn3.bias, bn3.running_mean, bn3.running_var

01/28 03:13:41 - mmengine - WARNING - "FileClient" will be deprecated in future. Please use io functions in https://mmengine.readthedocs.io/en/latest/api/fileio.html#file-io
01/28 03:13:41 - mmengine - WARNING - "HardDiskBackend" is the alias of "LocalBackend" and the former will be deprecated in future.
01/28 03:13:41 - mmengine - INFO - Checkpoints will be saved to /home/nr4325/Desktop/Pose4/mmpose/work_dirs/wtm_mlv2_resnet101_swin_b_w7_coco_256x192.
01/28 03:14:28 - mmengine - INFO - Epoch(train)   [1][  50/4682]  lr: 4.954910e-05  eta: 10 days, 19:14:58  time: 0.949275  data_time: 0.179479  memory: 26125  loss: 0.002246  loss_kpt: 0.002246  acc_pose: 0.025176
01/28 03:15:10 - mmengine - INFO - Epoch(train)   [1][ 100/4682]  lr: 9.959920e-05  eta: 10 days, 2:27:22  time: 0.826383  data_time: 0.212559  memory: 26125  loss: 0.002196  loss_kpt: 0.002196  acc_pose: 0.068078
01/28 03:15:47 - mmengine - INFO - Epoch(train)   [1][ 150/4682]  lr: 1.496493e-04  eta: 9 days, 13:58:08  time: 0.750778  data_time: 0.128988  memory: 26125  loss: 0.002094  loss_kpt: 0.002094  acc_pose: 0.152086
01/28 03:16:29 - mmengine - INFO - Epoch(train)   [1][ 200/4682]  lr: 1.996994e-04  eta: 9 days, 14:13:34  time: 0.846087  data_time: 0.217364  memory: 26125  loss: 0.002048  loss_kpt: 0.002048  acc_pose: 0.149909
01/28 03:17:08 - mmengine - INFO - Epoch(train)   [1][ 250/4682]  lr: 2.497495e-04  eta: 9 days, 10:29:54  time: 0.775082  data_time: 0.150300  memory: 26125  loss: 0.001989  loss_kpt: 0.001989  acc_pose: 0.193783
01/28 03:17:47 - mmengine - INFO - Epoch(train)   [1][ 300/4682]  lr: 2.997996e-04  eta: 9 days, 7:44:45  time: 0.769287  data_time: 0.142225  memory: 26125  loss: 0.001942  loss_kpt: 0.001942  acc_pose: 0.312606
01/28 03:18:27 - mmengine - INFO - Epoch(train)   [1][ 350/4682]  lr: 3.498497e-04  eta: 9 days, 7:33:03  time: 0.814778  data_time: 0.198365  memory: 26125  loss: 0.001898  loss_kpt: 0.001898  acc_pose: 0.257402
01/28 03:19:10 - mmengine - INFO - Epoch(train)   [1][ 400/4682]  lr: 3.998998e-04  eta: 9 days, 8:35:18  time: 0.849545  data_time: 0.214709  memory: 26125  loss: 0.001889  loss_kpt: 0.001889  acc_pose: 0.142732
01/28 03:19:48 - mmengine - INFO - Epoch(train)   [1][ 450/4682]  lr: 4.499499e-04  eta: 9 days, 6:28:07  time: 0.753145  data_time: 0.126574  memory: 26125  loss: 0.001888  loss_kpt: 0.001888  acc_pose: 0.256686
01/28 03:20:29 - mmengine - INFO - Epoch(train)   [1][ 500/4682]  lr: 5.000000e-04  eta: 9 days, 6:50:25  time: 0.828956  data_time: 0.201089  memory: 26125  loss: 0.001853  loss_kpt: 0.001853  acc_pose: 0.323462
01/28 03:21:07 - mmengine - INFO - Epoch(train)   [1][ 550/4682]  lr: 5.000000e-04  eta: 9 days, 5:16:43  time: 0.753857  data_time: 0.132074  memory: 26125  loss: 0.001829  loss_kpt: 0.001829  acc_pose: 0.365433
01/28 03:21:45 - mmengine - INFO - Epoch(train)   [1][ 600/4682]  lr: 5.000000e-04  eta: 9 days, 4:06:21  time: 0.759590  data_time: 0.132870  memory: 26125  loss: 0.001861  loss_kpt: 0.001861  acc_pose: 0.251654
01/28 03:22:23 - mmengine - INFO - Epoch(train)   [1][ 650/4682]  lr: 5.000000e-04  eta: 9 days, 3:09:04  time: 0.761455  data_time: 0.135509  memory: 26125  loss: 0.001790  loss_kpt: 0.001790  acc_pose: 0.336524
01/28 03:23:02 - mmengine - INFO - Epoch(train)   [1][ 700/4682]  lr: 5.000000e-04  eta: 9 days, 2:46:31  time: 0.784235  data_time: 0.132634  memory: 26125  loss: 0.001821  loss_kpt: 0.001821  acc_pose: 0.345306
01/28 03:23:40 - mmengine - INFO - Epoch(train)   [1][ 750/4682]  lr: 5.000000e-04  eta: 9 days, 1:59:32  time: 0.759172  data_time: 0.135324  memory: 26125  loss: 0.001762  loss_kpt: 0.001762  acc_pose: 0.393347
01/28 03:24:27 - mmengine - INFO - Epoch(train)   [1][ 800/4682]  lr: 5.000000e-04  eta: 9 days, 4:17:54  time: 0.934629  data_time: 0.306662  memory: 26125  loss: 0.001712  loss_kpt: 0.001712  acc_pose: 0.395507
01/28 03:25:04 - mmengine - INFO - Epoch(train)   [1][ 850/4682]  lr: 5.000000e-04  eta: 9 days, 3:27:08  time: 0.755263  data_time: 0.132374  memory: 26125  loss: 0.001731  loss_kpt: 0.001731  acc_pose: 0.379913
01/28 03:25:42 - mmengine - INFO - Epoch(train)   [1][ 900/4682]  lr: 5.000000e-04  eta: 9 days, 2:46:11  time: 0.759925  data_time: 0.131172  memory: 26125  loss: 0.001674  loss_kpt: 0.001674  acc_pose: 0.353892
01/28 03:26:24 - mmengine - INFO - Epoch(train)   [1][ 950/4682]  lr: 5.000000e-04  eta: 9 days, 3:08:11  time: 0.828038  data_time: 0.200742  memory: 26125  loss: 0.001716  loss_kpt: 0.001716  acc_pose: 0.384089
01/28 03:27:02 - mmengine - INFO - Exp name: wtm_mlv2_resnet101_swin_b_w7_coco_256x192_20250128_031128
01/28 03:27:02 - mmengine - INFO - Epoch(train)   [1][1000/4682]  lr: 5.000000e-04  eta: 9 days, 2:31:20  time: 0.758932  data_time: 0.132894  memory: 26125  loss: 0.001697  loss_kpt: 0.001697  acc_pose: 0.395999
01/28 03:27:40 - mmengine - INFO - Epoch(train)   [1][1050/4682]  lr: 5.000000e-04  eta: 9 days, 2:01:15  time: 0.763191  data_time: 0.131405  memory: 26125  loss: 0.001690  loss_kpt: 0.001690  acc_pose: 0.354842
01/28 03:28:18 - mmengine - INFO - Epoch(train)   [1][1100/4682]  lr: 5.000000e-04  eta: 9 days, 1:30:54  time: 0.759216  data_time: 0.132886  memory: 26125  loss: 0.001663  loss_kpt: 0.001663  acc_pose: 0.451781
01/28 03:28:56 - mmengine - INFO - Epoch(train)   [1][1150/4682]  lr: 5.000000e-04  eta: 9 days, 1:00:57  time: 0.756179  data_time: 0.131010  memory: 26125  loss: 0.001679  loss_kpt: 0.001679  acc_pose: 0.340427
01/28 03:29:38 - mmengine - INFO - Epoch(train)   [1][1200/4682]  lr: 5.000000e-04  eta: 9 days, 1:36:33  time: 0.848689  data_time: 0.200116  memory: 26125  loss: 0.001635  loss_kpt: 0.001635  acc_pose: 0.328625
01/28 03:30:21 - mmengine - INFO - Epoch(train)   [1][1250/4682]  lr: 5.000000e-04  eta: 9 days, 2:13:29  time: 0.855168  data_time: 0.223316  memory: 26125  loss: 0.001630  loss_kpt: 0.001630  acc_pose: 0.404141
01/28 03:30:59 - mmengine - INFO - Epoch(train)   [1][1300/4682]  lr: 5.000000e-04  eta: 9 days, 1:49:50  time: 0.763524  data_time: 0.132375  memory: 26125  loss: 0.001596  loss_kpt: 0.001596  acc_pose: 0.390995
01/28 03:31:45 - mmengine - INFO - Epoch(train)   [1][1350/4682]  lr: 5.000000e-04  eta: 9 days, 3:06:19  time: 0.925913  data_time: 0.299127  memory: 26125  loss: 0.001618  loss_kpt: 0.001618  acc_pose: 0.342989
01/28 03:32:23 - mmengine - INFO - Epoch(train)   [1][1400/4682]  lr: 5.000000e-04  eta: 9 days, 2:39:21  time: 0.758358  data_time: 0.133434  memory: 26125  loss: 0.001623  loss_kpt: 0.001623  acc_pose: 0.420017
01/28 03:33:01 - mmengine - INFO - Epoch(train)   [1][1450/4682]  lr: 5.000000e-04  eta: 9 days, 2:13:19  time: 0.756782  data_time: 0.129153  memory: 26125  loss: 0.001580  loss_kpt: 0.001580  acc_pose: 0.426632
01/28 03:33:43 - mmengine - INFO - Epoch(train)   [1][1500/4682]  lr: 5.000000e-04  eta: 9 days, 2:35:55  time: 0.842840  data_time: 0.213405  memory: 26125  loss: 0.001583  loss_kpt: 0.001583  acc_pose: 0.404907
01/28 03:34:21 - mmengine - INFO - Epoch(train)   [1][1550/4682]  lr: 5.000000e-04  eta: 9 days, 2:13:38  time: 0.760644  data_time: 0.132140  memory: 26125  loss: 0.001581  loss_kpt: 0.001581  acc_pose: 0.434994
01/28 03:34:59 - mmengine - INFO - Epoch(train)   [1][1600/4682]  lr: 5.000000e-04  eta: 9 days, 1:51:07  time: 0.757552  data_time: 0.132901  memory: 26125  loss: 0.001590  loss_kpt: 0.001590  acc_pose: 0.393294
01/28 03:35:39 - mmengine - INFO - Epoch(train)   [1][1650/4682]  lr: 5.000000e-04  eta: 9 days, 1:48:09  time: 0.794314  data_time: 0.159959  memory: 26125  loss: 0.001555  loss_kpt: 0.001555  acc_pose: 0.394304
01/28 03:36:22 - mmengine - INFO - Epoch(train)   [1][1700/4682]  lr: 5.000000e-04  eta: 9 days, 2:16:20  time: 0.858777  data_time: 0.204763  memory: 26125  loss: 0.001558  loss_kpt: 0.001558  acc_pose: 0.437254
01/28 03:37:04 - mmengine - INFO - Epoch(train)   [1][1750/4682]  lr: 5.000000e-04  eta: 9 days, 2:32:57  time: 0.837552  data_time: 0.204606  memory: 26125  loss: 0.001556  loss_kpt: 0.001556  acc_pose: 0.320896
01/28 03:37:46 - mmengine - INFO - Epoch(train)   [1][1800/4682]  lr: 5.000000e-04  eta: 9 days, 2:49:55  time: 0.840450  data_time: 0.207370  memory: 26125  loss: 0.001570  loss_kpt: 0.001570  acc_pose: 0.356992
01/28 03:38:28 - mmengine - INFO - Epoch(train)   [1][1850/4682]  lr: 5.000000e-04  eta: 9 days, 3:05:08  time: 0.838643  data_time: 0.203121  memory: 26125  loss: 0.001553  loss_kpt: 0.001553  acc_pose: 0.480269
01/28 03:39:06 - mmengine - INFO - Epoch(train)   [1][1900/4682]  lr: 5.000000e-04  eta: 9 days, 2:51:02  time: 0.772459  data_time: 0.140593  memory: 26125  loss: 0.001553  loss_kpt: 0.001553  acc_pose: 0.474354
01/28 03:39:45 - mmengine - INFO - Epoch(train)   [1][1950/4682]  lr: 5.000000e-04  eta: 9 days, 2:34:59  time: 0.766194  data_time: 0.132773  memory: 26125  loss: 0.001535  loss_kpt: 0.001535  acc_pose: 0.362706
01/28 03:40:23 - mmengine - INFO - Exp name: wtm_mlv2_resnet101_swin_b_w7_coco_256x192_20250128_031128
01/28 03:40:23 - mmengine - INFO - Epoch(train)   [1][2000/4682]  lr: 5.000000e-04  eta: 9 days, 2:21:59  time: 0.771777  data_time: 0.137925  memory: 26125  loss: 0.001560  loss_kpt: 0.001560  acc_pose: 0.470763
