/home/nr4325/Desktop/Pose4/mmpose/mmpose/models/backbones/wtpose_swinv1_wtm3a.py:921: UserWarning: __floordiv__ is deprecated, and its behavior will change in a future version of pytorch. It currently rounds toward 0 (like the 'trunc' function NOT 'floor'). This results in incorrect rounding for negative values. To keep the current behavior, use torch.div(a, b, rounding_mode='trunc'), or for actual floor division, use torch.div(a, b, rounding_mode='floor').
  x = x.view(B, H // window_size, window_size, W // window_size,
/home/nr4325/Desktop/Pose4/mmpose/mmpose/models/backbones/wtpose_swinv1_wtm3a.py:732: UserWarning: __floordiv__ is deprecated, and its behavior will change in a future version of pytorch. It currently rounds toward 0 (like the 'trunc' function NOT 'floor'). This results in incorrect rounding for negative values. To keep the current behavior, use torch.div(a, b, rounding_mode='trunc'), or for actual floor division, use torch.div(a, b, rounding_mode='floor').
  C // self.num_heads).permute(2, 0, 3, 1, 4)
/home/nr4325/Desktop/Pose4/mmpose/mmpose/models/backbones/wtpose_swinv1_wtm3a.py:907: UserWarning: __floordiv__ is deprecated, and its behavior will change in a future version of pytorch. It currently rounds toward 0 (like the 'trunc' function NOT 'floor'). This results in incorrect rounding for negative values. To keep the current behavior, use torch.div(a, b, rounding_mode='trunc'), or for actual floor division, use torch.div(a, b, rounding_mode='floor').
  x = windows.view(B, H // window_size, W // window_size, window_size,
/home/nr4325/Desktop/Pose4/mmpose/mmpose/models/backbones/wtpose_swinv1_wtm3a.py:750: UserWarning: __floordiv__ is deprecated, and its behavior will change in a future version of pytorch. It currently rounds toward 0 (like the 'trunc' function NOT 'floor'). This results in incorrect rounding for negative values. To keep the current behavior, use torch.div(a, b, rounding_mode='trunc'), or for actual floor division, use torch.div(a, b, rounding_mode='floor').
  attn = attn.view(B // nW, nW, self.num_heads, N,
/home/nr4325/Desktop/Pose4/mmpose/mmpose/models/utils/transformer.py:358: UserWarning: __floordiv__ is deprecated, and its behavior will change in a future version of pytorch. It currently rounds toward 0 (like the 'trunc' function NOT 'floor'). This results in incorrect rounding for negative values. To keep the current behavior, use torch.div(a, b, rounding_mode='trunc'), or for actual floor division, use torch.div(a, b, rounding_mode='floor').
  out_h = (H + 2 * self.sampler.padding[0] - self.sampler.dilation[0] *
/home/nr4325/Desktop/Pose4/mmpose/mmpose/models/utils/transformer.py:361: UserWarning: __floordiv__ is deprecated, and its behavior will change in a future version of pytorch. It currently rounds toward 0 (like the 'trunc' function NOT 'floor'). This results in incorrect rounding for negative values. To keep the current behavior, use torch.div(a, b, rounding_mode='trunc'), or for actual floor division, use torch.div(a, b, rounding_mode='floor').
  out_w = (W + 2 * self.sampler.padding[1] - self.sampler.dilation[1] *
/home/nr4325/Desktop/Pose4/mmpose/mmpose/models/utils/patch3d.py:79: UserWarning: __floordiv__ is deprecated, and its behavior will change in a future version of pytorch. It currently rounds toward 0 (like the 'trunc' function NOT 'floor'). This results in incorrect rounding for negative values. To keep the current behavior, use torch.div(a, b, rounding_mode='trunc'), or for actual floor division, use torch.div(a, b, rounding_mode='floor').
  dim_out = (dim_in + 2 * dim_padding - dim_dilation * (dim_kernel_size - 1) - 1) // dim_stride + 1
/home/nr4325/Desktop/Pose4/mmpose/mmpose/models/backbones/wtpose_swinv1_wtm3a.py:412: UserWarning: __floordiv__ is deprecated, and its behavior will change in a future version of pytorch. It currently rounds toward 0 (like the 'trunc' function NOT 'floor'). This results in incorrect rounding for negative values. To keep the current behavior, use torch.div(a, b, rounding_mode='trunc'), or for actual floor division, use torch.div(a, b, rounding_mode='floor').
  qkv = self.qkv(x).reshape(B_, N, 3, self.num_heads, C // self.num_heads).permute(2, 0, 3, 1, 4)
Traceback (most recent call last):
  File "tools/analysis_tools/get_flops.py", line 142, in <module>
    main()
  File "tools/analysis_tools/get_flops.py", line 126, in main
    outputs = inference(args, input_shape, logger)
  File "tools/analysis_tools/get_flops.py", line 102, in inference
    outputs = get_model_complexity_info(
  File "/home/nr4325/miniconda3/envs/pose4/lib/python3.8/site-packages/mmengine/analysis/print_helper.py", line 748, in get_model_complexity_info
    flops = flop_handler.total()
  File "/home/nr4325/miniconda3/envs/pose4/lib/python3.8/site-packages/mmengine/analysis/jit_analysis.py", line 268, in total
    stats = self._analyze()
  File "/home/nr4325/miniconda3/envs/pose4/lib/python3.8/site-packages/mmengine/analysis/jit_analysis.py", line 570, in _analyze
    graph = _get_scoped_trace_graph(self._model, self._inputs,
  File "/home/nr4325/miniconda3/envs/pose4/lib/python3.8/site-packages/mmengine/analysis/jit_analysis.py", line 194, in _get_scoped_trace_graph
    graph, _ = _get_trace_graph(module, inputs)
  File "/home/nr4325/miniconda3/envs/pose4/lib/python3.8/site-packages/torch/jit/_trace.py", line 1166, in _get_trace_graph
    outs = ONNXTracedModule(f, strict, _force_outplace, return_inputs, _return_inputs_states)(*args, **kwargs)
  File "/home/nr4325/miniconda3/envs/pose4/lib/python3.8/site-packages/torch/nn/modules/module.py", line 1110, in _call_impl
    return forward_call(*input, **kwargs)
  File "/home/nr4325/miniconda3/envs/pose4/lib/python3.8/site-packages/torch/jit/_trace.py", line 127, in forward
    graph, out = torch._C._create_graph_by_tracing(
  File "/home/nr4325/miniconda3/envs/pose4/lib/python3.8/site-packages/torch/jit/_trace.py", line 118, in wrapper
    outs.append(self.inner(*trace_inputs))
  File "/home/nr4325/miniconda3/envs/pose4/lib/python3.8/site-packages/torch/nn/modules/module.py", line 1128, in _call_impl
    result = forward_call(*input, **kwargs)
  File "/home/nr4325/miniconda3/envs/pose4/lib/python3.8/site-packages/torch/nn/modules/module.py", line 1098, in _slow_forward
    result = self.forward(*input, **kwargs)
  File "/home/nr4325/Desktop/Pose4/mmpose/mmpose/models/pose_estimators/base.py", line 172, in _forward
    x = self.extract_feat(inputs)
  File "/home/nr4325/Desktop/Pose4/mmpose/mmpose/models/pose_estimators/base.py", line 188, in extract_feat
    x = self.backbone(inputs)
  File "/home/nr4325/miniconda3/envs/pose4/lib/python3.8/site-packages/torch/nn/modules/module.py", line 1128, in _call_impl
    result = forward_call(*input, **kwargs)
  File "/home/nr4325/miniconda3/envs/pose4/lib/python3.8/site-packages/torch/nn/modules/module.py", line 1098, in _slow_forward
    result = self.forward(*input, **kwargs)
  File "/home/nr4325/Desktop/Pose4/mmpose/mmpose/models/backbones/wtpose_swinv1_wtm3a.py", line 1427, in forward
    x = self.wtm3d(outs, resnet_out)
  File "/home/nr4325/miniconda3/envs/pose4/lib/python3.8/site-packages/torch/nn/modules/module.py", line 1128, in _call_impl
    result = forward_call(*input, **kwargs)
  File "/home/nr4325/miniconda3/envs/pose4/lib/python3.8/site-packages/torch/nn/modules/module.py", line 1098, in _slow_forward
    result = self.forward(*input, **kwargs)
  File "/home/nr4325/Desktop/Pose4/mmpose/mmpose/models/backbones/wtpose_swinv1_wtm3a.py", line 600, in forward
    x1 = self.wtb1_1(x1)
  File "/home/nr4325/miniconda3/envs/pose4/lib/python3.8/site-packages/torch/nn/modules/module.py", line 1128, in _call_impl
    result = forward_call(*input, **kwargs)
  File "/home/nr4325/miniconda3/envs/pose4/lib/python3.8/site-packages/torch/nn/modules/module.py", line 1098, in _slow_forward
    result = self.forward(*input, **kwargs)
  File "/home/nr4325/Desktop/Pose4/mmpose/mmpose/models/backbones/wtpose_swinv1_wtm3a.py", line 493, in forward
    x = self.forward_part1(x)
  File "/home/nr4325/Desktop/Pose4/mmpose/mmpose/models/backbones/wtpose_swinv1_wtm3a.py", line 477, in forward_part1
    x, dhw, pad = window_3d_partition(x, self.window_size, self.dilation, self.stride)
  File "/home/nr4325/Desktop/Pose4/mmpose/mmpose/models/utils/patch3d.py", line 105, in window_3d_partition
    x = torch.nn.functional.unfold(x, kernel_size=(kernel_size[0], 1), padding=(padding[0], 0), stride=(stride[0], 1), dilation=(dilation[0], 1))                   
  File "/home/nr4325/miniconda3/envs/pose4/lib/python3.8/site-packages/torch/nn/functional.py", line 4681, in unfold
    return torch._C._nn.im2col(input, _pair(kernel_size), _pair(dilation), _pair(padding), _pair(stride))
RuntimeError: Given input with spatial size (2, 2), kernel_size=(3, 1), dilation=(1, 1), padding=(0, 0), calculated shape of the array of sliding blocks as (0, 3072), which is too small (non-positive).
