08/25 07:39:39 - mmengine - INFO - 
------------------------------------------------------------
System environment:
    sys.platform: linux
    Python: 3.8.17 (default, Jul  5 2023, 21:04:15) [GCC 11.2.0]
    CUDA available: True
    numpy_random_seed: 236343366
    GPU 0,1,2,3: NVIDIA A100-PCIE-40GB
    CUDA_HOME: None
    GCC: n/a
    PyTorch: 1.11.0
    PyTorch compiling details: PyTorch built with:
  - GCC 7.3
  - C++ Version: 201402
  - Intel(R) oneAPI Math Kernel Library Version 2023.1-Product Build 20230303 for Intel(R) 64 architecture applications
  - Intel(R) MKL-DNN v2.5.2 (Git Hash a9302535553c73243c632ad3c4c80beec3d19a1e)
  - OpenMP 201511 (a.k.a. OpenMP 4.5)
  - LAPACK is enabled (usually provided by MKL)
  - NNPACK is enabled
  - CPU capability usage: AVX2
  - CUDA Runtime 11.3
  - NVCC architecture flags: -gencode;arch=compute_37,code=sm_37;-gencode;arch=compute_50,code=sm_50;-gencode;arch=compute_60,code=sm_60;-gencode;arch=compute_61,code=sm_61;-gencode;arch=compute_70,code=sm_70;-gencode;arch=compute_75,code=sm_75;-gencode;arch=compute_80,code=sm_80;-gencode;arch=compute_86,code=sm_86;-gencode;arch=compute_37,code=compute_37
  - CuDNN 8.2
  - Magma 2.5.2
  - Build settings: BLAS_INFO=mkl, BUILD_TYPE=Release, CUDA_VERSION=11.3, CUDNN_VERSION=8.2.0, CXX_COMPILER=/opt/rh/devtoolset-7/root/usr/bin/c++, CXX_FLAGS= -Wno-deprecated -fvisibility-inlines-hidden -DUSE_PTHREADPOOL -fopenmp -DNDEBUG -DUSE_KINETO -DUSE_FBGEMM -DUSE_QNNPACK -DUSE_PYTORCH_QNNPACK -DUSE_XNNPACK -DSYMBOLICATE_MOBILE_DEBUG_HANDLE -DEDGE_PROFILER_USE_KINETO -O2 -fPIC -Wno-narrowing -Wall -Wextra -Werror=return-type -Wno-missing-field-initializers -Wno-type-limits -Wno-array-bounds -Wno-unknown-pragmas -Wno-sign-compare -Wno-unused-parameter -Wno-unused-function -Wno-unused-result -Wno-unused-local-typedefs -Wno-strict-overflow -Wno-strict-aliasing -Wno-error=deprecated-declarations -Wno-stringop-overflow -Wno-psabi -Wno-error=pedantic -Wno-error=redundant-decls -Wno-error=old-style-cast -fdiagnostics-color=always -faligned-new -Wno-unused-but-set-variable -Wno-maybe-uninitialized -fno-math-errno -fno-trapping-math -Werror=format -Wno-stringop-overflow, LAPACK_INFO=mkl, PERF_WITH_AVX=1, PERF_WITH_AVX2=1, PERF_WITH_AVX512=1, TORCH_VERSION=1.11.0, USE_CUDA=ON, USE_CUDNN=ON, USE_EXCEPTION_PTR=1, USE_GFLAGS=OFF, USE_GLOG=OFF, USE_MKL=ON, USE_MKLDNN=OFF, USE_MPI=OFF, USE_NCCL=ON, USE_NNPACK=ON, USE_OPENMP=ON, USE_ROCM=OFF, 

    TorchVision: 0.12.0
    OpenCV: 4.8.0
    MMEngine: 0.8.3

Runtime environment:
    cudnn_benchmark: False
    mp_cfg: {'mp_start_method': 'fork', 'opencv_num_threads': 0}
    dist_cfg: {'backend': 'nccl'}
    seed: 236343366
    Distributed launcher: pytorch
    Distributed training: True
    GPU number: 4
------------------------------------------------------------

08/25 07:39:39 - mmengine - INFO - Config:
auto_scale_lr = dict(base_batch_size=256)
backend_args = dict(backend='local')
codec = dict(
    heatmap_size=(
        64,
        64,
    ),
    input_size=(
        256,
        256,
    ),
    sigma=2,
    type='MSRAHeatmap')
custom_hooks = [
    dict(type='SyncBuffersHook'),
]
data_mode = 'topdown'
data_root = 'data/coco/'
dataset_type = 'CocoDataset'
default_hooks = dict(
    checkpoint=dict(
        interval=10,
        rule='greater',
        save_best='coco/AP',
        type='CheckpointHook'),
    logger=dict(interval=50, type='LoggerHook'),
    param_scheduler=dict(type='ParamSchedulerHook'),
    sampler_seed=dict(type='DistSamplerSeedHook'),
    timer=dict(type='IterTimerHook'),
    visualization=dict(enable=False, type='PoseVisualizationHook'))
default_scope = 'mmpose'
env_cfg = dict(
    cudnn_benchmark=False,
    dist_cfg=dict(backend='nccl'),
    mp_cfg=dict(mp_start_method='fork', opencv_num_threads=0))
launcher = 'pytorch'
load_from = None
log_level = 'INFO'
log_processor = dict(
    by_epoch=True, num_digits=6, type='LogProcessor', window_size=50)
model = dict(
    backbone=dict(
        arch='base',
        drop_path_rate=0.5,
        init_cfg=dict(
            checkpoint=
            'https://download.openmmlab.com/mmclassification/v0/swin-v2/swinv2-small-w8_3rdparty_in1k-256px_20220803-b01a4332.pth',
            type='Pretrained'),
        type='SwinV2'),
    data_preprocessor=dict(
        bgr_to_rgb=True,
        mean=[
            123.675,
            116.28,
            103.53,
        ],
        std=[
            58.395,
            57.12,
            57.375,
        ],
        type='PoseDataPreprocessor'),
    head=dict(
        decoder=dict(
            heatmap_size=(
                64,
                64,
            ),
            input_size=(
                256,
                256,
            ),
            sigma=2,
            type='MSRAHeatmap'),
        in_channels=1024,
        loss=dict(type='KeypointMSELoss', use_target_weight=True),
        out_channels=17,
        type='HeatmapHead'),
    test_cfg=dict(flip_mode='heatmap', flip_test=True, shift_heatmap=True),
    type='TopdownPoseEstimator')
norm_cfg = dict(requires_grad=True, type='SyncBN')
optim_wrapper = dict(optimizer=dict(lr=0.0005, type='Adam'))
param_scheduler = [
    dict(
        begin=0, by_epoch=False, end=500, start_factor=0.001, type='LinearLR'),
    dict(
        begin=0,
        by_epoch=True,
        end=210,
        gamma=0.1,
        milestones=[
            170,
            200,
        ],
        type='MultiStepLR'),
]
resume = False
test_cfg = dict()
test_dataloader = dict(
    batch_size=64,
    dataset=dict(
        ann_file='annotations/person_keypoints_val2017.json',
        bbox_file=
        'data/coco/person_detection_results/COCO_val2017_detections_AP_H_56_person.json',
        data_mode='topdown',
        data_prefix=dict(img='val2017/'),
        data_root='data/coco/',
        pipeline=[
            dict(type='LoadImage'),
            dict(type='GetBBoxCenterScale'),
            dict(input_size=(
                256,
                256,
            ), type='TopdownAffine'),
            dict(type='PackPoseInputs'),
        ],
        test_mode=True,
        type='CocoDataset'),
    drop_last=False,
    num_workers=2,
    persistent_workers=True,
    sampler=dict(round_up=False, shuffle=False, type='DefaultSampler'))
test_evaluator = dict(
    ann_file='data/coco/annotations/person_keypoints_val2017.json',
    type='CocoMetric')
train_cfg = dict(by_epoch=True, max_epochs=210, val_interval=10)
train_dataloader = dict(
    batch_size=64,
    dataset=dict(
        ann_file='annotations/person_keypoints_train2017.json',
        data_mode='topdown',
        data_prefix=dict(img='train2017/'),
        data_root='data/coco/',
        pipeline=[
            dict(type='LoadImage'),
            dict(type='GetBBoxCenterScale'),
            dict(direction='horizontal', type='RandomFlip'),
            dict(type='RandomHalfBody'),
            dict(type='RandomBBoxTransform'),
            dict(input_size=(
                256,
                256,
            ), type='TopdownAffine'),
            dict(
                encoder=dict(
                    heatmap_size=(
                        64,
                        64,
                    ),
                    input_size=(
                        256,
                        256,
                    ),
                    sigma=2,
                    type='MSRAHeatmap'),
                type='GenerateTarget'),
            dict(type='PackPoseInputs'),
        ],
        type='CocoDataset'),
    num_workers=2,
    persistent_workers=True,
    sampler=dict(shuffle=True, type='DefaultSampler'))
train_pipeline = [
    dict(type='LoadImage'),
    dict(type='GetBBoxCenterScale'),
    dict(direction='horizontal', type='RandomFlip'),
    dict(type='RandomHalfBody'),
    dict(type='RandomBBoxTransform'),
    dict(input_size=(
        256,
        256,
    ), type='TopdownAffine'),
    dict(
        encoder=dict(
            heatmap_size=(
                64,
                64,
            ),
            input_size=(
                256,
                256,
            ),
            sigma=2,
            type='MSRAHeatmap'),
        type='GenerateTarget'),
    dict(type='PackPoseInputs'),
]
val_cfg = dict()
val_dataloader = dict(
    batch_size=64,
    dataset=dict(
        ann_file='annotations/person_keypoints_val2017.json',
        bbox_file=
        'data/coco/person_detection_results/COCO_val2017_detections_AP_H_56_person.json',
        data_mode='topdown',
        data_prefix=dict(img='val2017/'),
        data_root='data/coco/',
        pipeline=[
            dict(type='LoadImage'),
            dict(type='GetBBoxCenterScale'),
            dict(input_size=(
                256,
                256,
            ), type='TopdownAffine'),
            dict(type='PackPoseInputs'),
        ],
        test_mode=True,
        type='CocoDataset'),
    drop_last=False,
    num_workers=2,
    persistent_workers=True,
    sampler=dict(round_up=False, shuffle=False, type='DefaultSampler'))
val_evaluator = dict(
    ann_file='data/coco/annotations/person_keypoints_val2017.json',
    type='CocoMetric')
val_pipeline = [
    dict(type='LoadImage'),
    dict(type='GetBBoxCenterScale'),
    dict(input_size=(
        256,
        256,
    ), type='TopdownAffine'),
    dict(type='PackPoseInputs'),
]
vis_backends = [
    dict(type='LocalVisBackend'),
]
visualizer = dict(
    name='visualizer',
    type='PoseLocalVisualizer',
    vis_backends=[
        dict(type='LocalVisBackend'),
    ])
work_dir = './work_dirs/WTPose_SwinV2_b_p4_coco_256x192_1k'

08/25 07:39:55 - mmengine - INFO - Hooks will be executed in the following order:
before_run:
(VERY_HIGH   ) RuntimeInfoHook                    
(BELOW_NORMAL) LoggerHook                         
 -------------------- 
before_train:
(VERY_HIGH   ) RuntimeInfoHook                    
(NORMAL      ) IterTimerHook                      
(VERY_LOW    ) CheckpointHook                     
 -------------------- 
before_train_epoch:
(VERY_HIGH   ) RuntimeInfoHook                    
(NORMAL      ) IterTimerHook                      
(NORMAL      ) DistSamplerSeedHook                
 -------------------- 
before_train_iter:
(VERY_HIGH   ) RuntimeInfoHook                    
(NORMAL      ) IterTimerHook                      
 -------------------- 
after_train_iter:
(VERY_HIGH   ) RuntimeInfoHook                    
(NORMAL      ) IterTimerHook                      
(BELOW_NORMAL) LoggerHook                         
(LOW         ) ParamSchedulerHook                 
(VERY_LOW    ) CheckpointHook                     
 -------------------- 
after_train_epoch:
(NORMAL      ) IterTimerHook                      
(NORMAL      ) SyncBuffersHook                    
(LOW         ) ParamSchedulerHook                 
(VERY_LOW    ) CheckpointHook                     
 -------------------- 
before_val:
(VERY_HIGH   ) RuntimeInfoHook                    
 -------------------- 
before_val_epoch:
(NORMAL      ) IterTimerHook                      
(NORMAL      ) SyncBuffersHook                    
 -------------------- 
before_val_iter:
(NORMAL      ) IterTimerHook                      
 -------------------- 
after_val_iter:
(NORMAL      ) IterTimerHook                      
(NORMAL      ) PoseVisualizationHook              
(BELOW_NORMAL) LoggerHook                         
 -------------------- 
after_val_epoch:
(VERY_HIGH   ) RuntimeInfoHook                    
(NORMAL      ) IterTimerHook                      
(BELOW_NORMAL) LoggerHook                         
(LOW         ) ParamSchedulerHook                 
(VERY_LOW    ) CheckpointHook                     
 -------------------- 
after_val:
(VERY_HIGH   ) RuntimeInfoHook                    
 -------------------- 
after_train:
(VERY_HIGH   ) RuntimeInfoHook                    
(VERY_LOW    ) CheckpointHook                     
 -------------------- 
before_test:
(VERY_HIGH   ) RuntimeInfoHook                    
 -------------------- 
before_test_epoch:
(NORMAL      ) IterTimerHook                      
 -------------------- 
before_test_iter:
(NORMAL      ) IterTimerHook                      
 -------------------- 
after_test_iter:
(NORMAL      ) IterTimerHook                      
(NORMAL      ) PoseVisualizationHook              
(BELOW_NORMAL) LoggerHook                         
 -------------------- 
after_test_epoch:
(VERY_HIGH   ) RuntimeInfoHook                    
(NORMAL      ) IterTimerHook                      
(BELOW_NORMAL) LoggerHook                         
 -------------------- 
after_test:
(VERY_HIGH   ) RuntimeInfoHook                    
 -------------------- 
after_run:
(BELOW_NORMAL) LoggerHook                         
 -------------------- 
loading annotations into memory...loading annotations into memory...loading annotations into memory...


loading annotations into memory...
Done (t=8.81s)
creating index...
Done (t=8.81s)
creating index...
Done (t=8.92s)
creating index...
Done (t=8.90s)
creating index...
index created!
index created!
index created!
index created!
loading annotations into memory...
Done (t=0.24s)
creating index...
index created!
loading annotations into memory...
Done (t=0.18s)
creating index...
index created!
loading annotations into memory...
Done (t=0.18s)
creating index...
index created!
loading annotations into memory...
Done (t=0.18s)
creating index...
index created!
loading annotations into memory...
loading annotations into memory...
Done (t=0.19s)
creating index...
index created!
Done (t=0.19s)
creating index...
index created!
loading annotations into memory...
Done (t=0.18s)
creating index...
index created!
loading annotations into memory...
Done (t=0.18s)
creating index...
index created!
08/25 07:41:04 - mmengine - INFO - load model from: https://download.openmmlab.com/mmclassification/v0/swin-v2/swinv2-small-w8_3rdparty_in1k-256px_20220803-b01a4332.pth
08/25 07:41:04 - mmengine - INFO - Loads checkpoint by http backend from path: https://download.openmmlab.com/mmclassification/v0/swin-v2/swinv2-small-w8_3rdparty_in1k-256px_20220803-b01a4332.pth
08/25 07:41:05 - mmengine - INFO - Delete `relative_position_index` and `relative_coords_table` since we always re-init these params according to the `window_size`, which might cause unwanted but unworried warnings when loading checkpoint.
08/25 07:41:05 - mmengine - WARNING - The model and loaded state dict do not match exactly

unexpected key in source state_dict: backbone.patch_embed.projection.weight, backbone.patch_embed.projection.bias, backbone.patch_embed.norm.weight, backbone.patch_embed.norm.bias, backbone.stages.0.blocks.0.attn.w_msa.logit_scale, backbone.stages.0.blocks.0.attn.w_msa.q_bias, backbone.stages.0.blocks.0.attn.w_msa.v_bias, backbone.stages.0.blocks.0.attn.w_msa.cpb_mlp.0.weight, backbone.stages.0.blocks.0.attn.w_msa.cpb_mlp.0.bias, backbone.stages.0.blocks.0.attn.w_msa.cpb_mlp.2.weight, backbone.stages.0.blocks.0.attn.w_msa.qkv.weight, backbone.stages.0.blocks.0.attn.w_msa.proj.weight, backbone.stages.0.blocks.0.attn.w_msa.proj.bias, backbone.stages.0.blocks.0.norm1.weight, backbone.stages.0.blocks.0.norm1.bias, backbone.stages.0.blocks.0.ffn.layers.0.0.weight, backbone.stages.0.blocks.0.ffn.layers.0.0.bias, backbone.stages.0.blocks.0.ffn.layers.1.weight, backbone.stages.0.blocks.0.ffn.layers.1.bias, backbone.stages.0.blocks.0.norm2.weight, backbone.stages.0.blocks.0.norm2.bias, backbone.stages.0.blocks.1.attn.w_msa.logit_scale, backbone.stages.0.blocks.1.attn.w_msa.q_bias, backbone.stages.0.blocks.1.attn.w_msa.v_bias, backbone.stages.0.blocks.1.attn.w_msa.cpb_mlp.0.weight, backbone.stages.0.blocks.1.attn.w_msa.cpb_mlp.0.bias, backbone.stages.0.blocks.1.attn.w_msa.cpb_mlp.2.weight, backbone.stages.0.blocks.1.attn.w_msa.qkv.weight, backbone.stages.0.blocks.1.attn.w_msa.proj.weight, backbone.stages.0.blocks.1.attn.w_msa.proj.bias, backbone.stages.0.blocks.1.norm1.weight, backbone.stages.0.blocks.1.norm1.bias, backbone.stages.0.blocks.1.ffn.layers.0.0.weight, backbone.stages.0.blocks.1.ffn.layers.0.0.bias, backbone.stages.0.blocks.1.ffn.layers.1.weight, backbone.stages.0.blocks.1.ffn.layers.1.bias, backbone.stages.0.blocks.1.norm2.weight, backbone.stages.0.blocks.1.norm2.bias, backbone.stages.1.downsample.reduction.weight, backbone.stages.1.downsample.norm.weight, backbone.stages.1.downsample.norm.bias, backbone.stages.1.blocks.0.attn.w_msa.logit_scale, backbone.stages.1.blocks.0.attn.w_msa.q_bias, backbone.stages.1.blocks.0.attn.w_msa.v_bias, backbone.stages.1.blocks.0.attn.w_msa.cpb_mlp.0.weight, backbone.stages.1.blocks.0.attn.w_msa.cpb_mlp.0.bias, backbone.stages.1.blocks.0.attn.w_msa.cpb_mlp.2.weight, backbone.stages.1.blocks.0.attn.w_msa.qkv.weight, backbone.stages.1.blocks.0.attn.w_msa.proj.weight, backbone.stages.1.blocks.0.attn.w_msa.proj.bias, backbone.stages.1.blocks.0.norm1.weight, backbone.stages.1.blocks.0.norm1.bias, backbone.stages.1.blocks.0.ffn.layers.0.0.weight, backbone.stages.1.blocks.0.ffn.layers.0.0.bias, backbone.stages.1.blocks.0.ffn.layers.1.weight, backbone.stages.1.blocks.0.ffn.layers.1.bias, backbone.stages.1.blocks.0.norm2.weight, backbone.stages.1.blocks.0.norm2.bias, backbone.stages.1.blocks.1.attn.w_msa.logit_scale, backbone.stages.1.blocks.1.attn.w_msa.q_bias, backbone.stages.1.blocks.1.attn.w_msa.v_bias, backbone.stages.1.blocks.1.attn.w_msa.cpb_mlp.0.weight, backbone.stages.1.blocks.1.attn.w_msa.cpb_mlp.0.bias, backbone.stages.1.blocks.1.attn.w_msa.cpb_mlp.2.weight, backbone.stages.1.blocks.1.attn.w_msa.qkv.weight, backbone.stages.1.blocks.1.attn.w_msa.proj.weight, backbone.stages.1.blocks.1.attn.w_msa.proj.bias, backbone.stages.1.blocks.1.norm1.weight, backbone.stages.1.blocks.1.norm1.bias, backbone.stages.1.blocks.1.ffn.layers.0.0.weight, backbone.stages.1.blocks.1.ffn.layers.0.0.bias, backbone.stages.1.blocks.1.ffn.layers.1.weight, backbone.stages.1.blocks.1.ffn.layers.1.bias, backbone.stages.1.blocks.1.norm2.weight, backbone.stages.1.blocks.1.norm2.bias, backbone.stages.2.downsample.reduction.weight, backbone.stages.2.downsample.norm.weight, backbone.stages.2.downsample.norm.bias, backbone.stages.2.blocks.0.attn.w_msa.logit_scale, backbone.stages.2.blocks.0.attn.w_msa.q_bias, backbone.stages.2.blocks.0.attn.w_msa.v_bias, backbone.stages.2.blocks.0.attn.w_msa.cpb_mlp.0.weight, backbone.stages.2.blocks.0.attn.w_msa.cpb_mlp.0.bias, backbone.stages.2.blocks.0.attn.w_msa.cpb_mlp.2.weight, backbone.stages.2.blocks.0.attn.w_msa.qkv.weight, backbone.stages.2.blocks.0.attn.w_msa.proj.weight, backbone.stages.2.blocks.0.attn.w_msa.proj.bias, backbone.stages.2.blocks.0.norm1.weight, backbone.stages.2.blocks.0.norm1.bias, backbone.stages.2.blocks.0.ffn.layers.0.0.weight, backbone.stages.2.blocks.0.ffn.layers.0.0.bias, backbone.stages.2.blocks.0.ffn.layers.1.weight, backbone.stages.2.blocks.0.ffn.layers.1.bias, backbone.stages.2.blocks.0.norm2.weight, backbone.stages.2.blocks.0.norm2.bias, backbone.stages.2.blocks.1.attn.w_msa.logit_scale, backbone.stages.2.blocks.1.attn.w_msa.q_bias, backbone.stages.2.blocks.1.attn.w_msa.v_bias, backbone.stages.2.blocks.1.attn.w_msa.cpb_mlp.0.weight, backbone.stages.2.blocks.1.attn.w_msa.cpb_mlp.0.bias, backbone.stages.2.blocks.1.attn.w_msa.cpb_mlp.2.weight, backbone.stages.2.blocks.1.attn.w_msa.qkv.weight, backbone.stages.2.blocks.1.attn.w_msa.proj.weight, backbone.stages.2.blocks.1.attn.w_msa.proj.bias, backbone.stages.2.blocks.1.norm1.weight, backbone.stages.2.blocks.1.norm1.bias, backbone.stages.2.blocks.1.ffn.layers.0.0.weight, backbone.stages.2.blocks.1.ffn.layers.0.0.bias, backbone.stages.2.blocks.1.ffn.layers.1.weight, backbone.stages.2.blocks.1.ffn.layers.1.bias, backbone.stages.2.blocks.1.norm2.weight, backbone.stages.2.blocks.1.norm2.bias, backbone.stages.2.blocks.2.attn.w_msa.logit_scale, backbone.stages.2.blocks.2.attn.w_msa.q_bias, backbone.stages.2.blocks.2.attn.w_msa.v_bias, backbone.stages.2.blocks.2.attn.w_msa.cpb_mlp.0.weight, backbone.stages.2.blocks.2.attn.w_msa.cpb_mlp.0.bias, backbone.stages.2.blocks.2.attn.w_msa.cpb_mlp.2.weight, backbone.stages.2.blocks.2.attn.w_msa.qkv.weight, backbone.stages.2.blocks.2.attn.w_msa.proj.weight, backbone.stages.2.blocks.2.attn.w_msa.proj.bias, backbone.stages.2.blocks.2.norm1.weight, backbone.stages.2.blocks.2.norm1.bias, backbone.stages.2.blocks.2.ffn.layers.0.0.weight, backbone.stages.2.blocks.2.ffn.layers.0.0.bias, backbone.stages.2.blocks.2.ffn.layers.1.weight, backbone.stages.2.blocks.2.ffn.layers.1.bias, backbone.stages.2.blocks.2.norm2.weight, backbone.stages.2.blocks.2.norm2.bias, backbone.stages.2.blocks.3.attn.w_msa.logit_scale, backbone.stages.2.blocks.3.attn.w_msa.q_bias, backbone.stages.2.blocks.3.attn.w_msa.v_bias, backbone.stages.2.blocks.3.attn.w_msa.cpb_mlp.0.weight, backbone.stages.2.blocks.3.attn.w_msa.cpb_mlp.0.bias, backbone.stages.2.blocks.3.attn.w_msa.cpb_mlp.2.weight, backbone.stages.2.blocks.3.attn.w_msa.qkv.weight, backbone.stages.2.blocks.3.attn.w_msa.proj.weight, backbone.stages.2.blocks.3.attn.w_msa.proj.bias, backbone.stages.2.blocks.3.norm1.weight, backbone.stages.2.blocks.3.norm1.bias, backbone.stages.2.blocks.3.ffn.layers.0.0.weight, backbone.stages.2.blocks.3.ffn.layers.0.0.bias, backbone.stages.2.blocks.3.ffn.layers.1.weight, backbone.stages.2.blocks.3.ffn.layers.1.bias, backbone.stages.2.blocks.3.norm2.weight, backbone.stages.2.blocks.3.norm2.bias, backbone.stages.2.blocks.4.attn.w_msa.logit_scale, backbone.stages.2.blocks.4.attn.w_msa.q_bias, backbone.stages.2.blocks.4.attn.w_msa.v_bias, backbone.stages.2.blocks.4.attn.w_msa.cpb_mlp.0.weight, backbone.stages.2.blocks.4.attn.w_msa.cpb_mlp.0.bias, backbone.stages.2.blocks.4.attn.w_msa.cpb_mlp.2.weight, backbone.stages.2.blocks.4.attn.w_msa.qkv.weight, backbone.stages.2.blocks.4.attn.w_msa.proj.weight, backbone.stages.2.blocks.4.attn.w_msa.proj.bias, backbone.stages.2.blocks.4.norm1.weight, backbone.stages.2.blocks.4.norm1.bias, backbone.stages.2.blocks.4.ffn.layers.0.0.weight, backbone.stages.2.blocks.4.ffn.layers.0.0.bias, backbone.stages.2.blocks.4.ffn.layers.1.weight, backbone.stages.2.blocks.4.ffn.layers.1.bias, backbone.stages.2.blocks.4.norm2.weight, backbone.stages.2.blocks.4.norm2.bias, backbone.stages.2.blocks.5.attn.w_msa.logit_scale, backbone.stages.2.blocks.5.attn.w_msa.q_bias, backbone.stages.2.blocks.5.attn.w_msa.v_bias, backbone.stages.2.blocks.5.attn.w_msa.cpb_mlp.0.weight, backbone.stages.2.blocks.5.attn.w_msa.cpb_mlp.0.bias, backbone.stages.2.blocks.5.attn.w_msa.cpb_mlp.2.weight, backbone.stages.2.blocks.5.attn.w_msa.qkv.weight, backbone.stages.2.blocks.5.attn.w_msa.proj.weight, backbone.stages.2.blocks.5.attn.w_msa.proj.bias, backbone.stages.2.blocks.5.norm1.weight, backbone.stages.2.blocks.5.norm1.bias, backbone.stages.2.blocks.5.ffn.layers.0.0.weight, backbone.stages.2.blocks.5.ffn.layers.0.0.bias, backbone.stages.2.blocks.5.ffn.layers.1.weight, backbone.stages.2.blocks.5.ffn.layers.1.bias, backbone.stages.2.blocks.5.norm2.weight, backbone.stages.2.blocks.5.norm2.bias, backbone.stages.2.blocks.6.attn.w_msa.logit_scale, backbone.stages.2.blocks.6.attn.w_msa.q_bias, backbone.stages.2.blocks.6.attn.w_msa.v_bias, backbone.stages.2.blocks.6.attn.w_msa.cpb_mlp.0.weight, backbone.stages.2.blocks.6.attn.w_msa.cpb_mlp.0.bias, backbone.stages.2.blocks.6.attn.w_msa.cpb_mlp.2.weight, backbone.stages.2.blocks.6.attn.w_msa.qkv.weight, backbone.stages.2.blocks.6.attn.w_msa.proj.weight, backbone.stages.2.blocks.6.attn.w_msa.proj.bias, backbone.stages.2.blocks.6.norm1.weight, backbone.stages.2.blocks.6.norm1.bias, backbone.stages.2.blocks.6.ffn.layers.0.0.weight, backbone.stages.2.blocks.6.ffn.layers.0.0.bias, backbone.stages.2.blocks.6.ffn.layers.1.weight, backbone.stages.2.blocks.6.ffn.layers.1.bias, backbone.stages.2.blocks.6.norm2.weight, backbone.stages.2.blocks.6.norm2.bias, backbone.stages.2.blocks.7.attn.w_msa.logit_scale, backbone.stages.2.blocks.7.attn.w_msa.q_bias, backbone.stages.2.blocks.7.attn.w_msa.v_bias, backbone.stages.2.blocks.7.attn.w_msa.cpb_mlp.0.weight, backbone.stages.2.blocks.7.attn.w_msa.cpb_mlp.0.bias, backbone.stages.2.blocks.7.attn.w_msa.cpb_mlp.2.weight, backbone.stages.2.blocks.7.attn.w_msa.qkv.weight, backbone.stages.2.blocks.7.attn.w_msa.proj.weight, backbone.stages.2.blocks.7.attn.w_msa.proj.bias, backbone.stages.2.blocks.7.norm1.weight, backbone.stages.2.blocks.7.norm1.bias, backbone.stages.2.blocks.7.ffn.layers.0.0.weight, backbone.stages.2.blocks.7.ffn.layers.0.0.bias, backbone.stages.2.blocks.7.ffn.layers.1.weight, backbone.stages.2.blocks.7.ffn.layers.1.bias, backbone.stages.2.blocks.7.norm2.weight, backbone.stages.2.blocks.7.norm2.bias, backbone.stages.2.blocks.8.attn.w_msa.logit_scale, backbone.stages.2.blocks.8.attn.w_msa.q_bias, backbone.stages.2.blocks.8.attn.w_msa.v_bias, backbone.stages.2.blocks.8.attn.w_msa.cpb_mlp.0.weight, backbone.stages.2.blocks.8.attn.w_msa.cpb_mlp.0.bias, backbone.stages.2.blocks.8.attn.w_msa.cpb_mlp.2.weight, backbone.stages.2.blocks.8.attn.w_msa.qkv.weight, backbone.stages.2.blocks.8.attn.w_msa.proj.weight, backbone.stages.2.blocks.8.attn.w_msa.proj.bias, backbone.stages.2.blocks.8.norm1.weight, backbone.stages.2.blocks.8.norm1.bias, backbone.stages.2.blocks.8.ffn.layers.0.0.weight, backbone.stages.2.blocks.8.ffn.layers.0.0.bias, backbone.stages.2.blocks.8.ffn.layers.1.weight, backbone.stages.2.blocks.8.ffn.layers.1.bias, backbone.stages.2.blocks.8.norm2.weight, backbone.stages.2.blocks.8.norm2.bias, backbone.stages.2.blocks.9.attn.w_msa.logit_scale, backbone.stages.2.blocks.9.attn.w_msa.q_bias, backbone.stages.2.blocks.9.attn.w_msa.v_bias, backbone.stages.2.blocks.9.attn.w_msa.cpb_mlp.0.weight, backbone.stages.2.blocks.9.attn.w_msa.cpb_mlp.0.bias, backbone.stages.2.blocks.9.attn.w_msa.cpb_mlp.2.weight, backbone.stages.2.blocks.9.attn.w_msa.qkv.weight, backbone.stages.2.blocks.9.attn.w_msa.proj.weight, backbone.stages.2.blocks.9.attn.w_msa.proj.bias, backbone.stages.2.blocks.9.norm1.weight, backbone.stages.2.blocks.9.norm1.bias, backbone.stages.2.blocks.9.ffn.layers.0.0.weight, backbone.stages.2.blocks.9.ffn.layers.0.0.bias, backbone.stages.2.blocks.9.ffn.layers.1.weight, backbone.stages.2.blocks.9.ffn.layers.1.bias, backbone.stages.2.blocks.9.norm2.weight, backbone.stages.2.blocks.9.norm2.bias, backbone.stages.2.blocks.10.attn.w_msa.logit_scale, backbone.stages.2.blocks.10.attn.w_msa.q_bias, backbone.stages.2.blocks.10.attn.w_msa.v_bias, backbone.stages.2.blocks.10.attn.w_msa.cpb_mlp.0.weight, backbone.stages.2.blocks.10.attn.w_msa.cpb_mlp.0.bias, backbone.stages.2.blocks.10.attn.w_msa.cpb_mlp.2.weight, backbone.stages.2.blocks.10.attn.w_msa.qkv.weight, backbone.stages.2.blocks.10.attn.w_msa.proj.weight, backbone.stages.2.blocks.10.attn.w_msa.proj.bias, backbone.stages.2.blocks.10.norm1.weight, backbone.stages.2.blocks.10.norm1.bias, backbone.stages.2.blocks.10.ffn.layers.0.0.weight, backbone.stages.2.blocks.10.ffn.layers.0.0.bias, backbone.stages.2.blocks.10.ffn.layers.1.weight, backbone.stages.2.blocks.10.ffn.layers.1.bias, backbone.stages.2.blocks.10.norm2.weight, backbone.stages.2.blocks.10.norm2.bias, backbone.stages.2.blocks.11.attn.w_msa.logit_scale, backbone.stages.2.blocks.11.attn.w_msa.q_bias, backbone.stages.2.blocks.11.attn.w_msa.v_bias, backbone.stages.2.blocks.11.attn.w_msa.cpb_mlp.0.weight, backbone.stages.2.blocks.11.attn.w_msa.cpb_mlp.0.bias, backbone.stages.2.blocks.11.attn.w_msa.cpb_mlp.2.weight, backbone.stages.2.blocks.11.attn.w_msa.qkv.weight, backbone.stages.2.blocks.11.attn.w_msa.proj.weight, backbone.stages.2.blocks.11.attn.w_msa.proj.bias, backbone.stages.2.blocks.11.norm1.weight, backbone.stages.2.blocks.11.norm1.bias, backbone.stages.2.blocks.11.ffn.layers.0.0.weight, backbone.stages.2.blocks.11.ffn.layers.0.0.bias, backbone.stages.2.blocks.11.ffn.layers.1.weight, backbone.stages.2.blocks.11.ffn.layers.1.bias, backbone.stages.2.blocks.11.norm2.weight, backbone.stages.2.blocks.11.norm2.bias, backbone.stages.2.blocks.12.attn.w_msa.logit_scale, backbone.stages.2.blocks.12.attn.w_msa.q_bias, backbone.stages.2.blocks.12.attn.w_msa.v_bias, backbone.stages.2.blocks.12.attn.w_msa.cpb_mlp.0.weight, backbone.stages.2.blocks.12.attn.w_msa.cpb_mlp.0.bias, backbone.stages.2.blocks.12.attn.w_msa.cpb_mlp.2.weight, backbone.stages.2.blocks.12.attn.w_msa.qkv.weight, backbone.stages.2.blocks.12.attn.w_msa.proj.weight, backbone.stages.2.blocks.12.attn.w_msa.proj.bias, backbone.stages.2.blocks.12.norm1.weight, backbone.stages.2.blocks.12.norm1.bias, backbone.stages.2.blocks.12.ffn.layers.0.0.weight, backbone.stages.2.blocks.12.ffn.layers.0.0.bias, backbone.stages.2.blocks.12.ffn.layers.1.weight, backbone.stages.2.blocks.12.ffn.layers.1.bias, backbone.stages.2.blocks.12.norm2.weight, backbone.stages.2.blocks.12.norm2.bias, backbone.stages.2.blocks.13.attn.w_msa.logit_scale, backbone.stages.2.blocks.13.attn.w_msa.q_bias, backbone.stages.2.blocks.13.attn.w_msa.v_bias, backbone.stages.2.blocks.13.attn.w_msa.cpb_mlp.0.weight, backbone.stages.2.blocks.13.attn.w_msa.cpb_mlp.0.bias, backbone.stages.2.blocks.13.attn.w_msa.cpb_mlp.2.weight, backbone.stages.2.blocks.13.attn.w_msa.qkv.weight, backbone.stages.2.blocks.13.attn.w_msa.proj.weight, backbone.stages.2.blocks.13.attn.w_msa.proj.bias, backbone.stages.2.blocks.13.norm1.weight, backbone.stages.2.blocks.13.norm1.bias, backbone.stages.2.blocks.13.ffn.layers.0.0.weight, backbone.stages.2.blocks.13.ffn.layers.0.0.bias, backbone.stages.2.blocks.13.ffn.layers.1.weight, backbone.stages.2.blocks.13.ffn.layers.1.bias, backbone.stages.2.blocks.13.norm2.weight, backbone.stages.2.blocks.13.norm2.bias, backbone.stages.2.blocks.14.attn.w_msa.logit_scale, backbone.stages.2.blocks.14.attn.w_msa.q_bias, backbone.stages.2.blocks.14.attn.w_msa.v_bias, backbone.stages.2.blocks.14.attn.w_msa.cpb_mlp.0.weight, backbone.stages.2.blocks.14.attn.w_msa.cpb_mlp.0.bias, backbone.stages.2.blocks.14.attn.w_msa.cpb_mlp.2.weight, backbone.stages.2.blocks.14.attn.w_msa.qkv.weight, backbone.stages.2.blocks.14.attn.w_msa.proj.weight, backbone.stages.2.blocks.14.attn.w_msa.proj.bias, backbone.stages.2.blocks.14.norm1.weight, backbone.stages.2.blocks.14.norm1.bias, backbone.stages.2.blocks.14.ffn.layers.0.0.weight, backbone.stages.2.blocks.14.ffn.layers.0.0.bias, backbone.stages.2.blocks.14.ffn.layers.1.weight, backbone.stages.2.blocks.14.ffn.layers.1.bias, backbone.stages.2.blocks.14.norm2.weight, backbone.stages.2.blocks.14.norm2.bias, backbone.stages.2.blocks.15.attn.w_msa.logit_scale, backbone.stages.2.blocks.15.attn.w_msa.q_bias, backbone.stages.2.blocks.15.attn.w_msa.v_bias, backbone.stages.2.blocks.15.attn.w_msa.cpb_mlp.0.weight, backbone.stages.2.blocks.15.attn.w_msa.cpb_mlp.0.bias, backbone.stages.2.blocks.15.attn.w_msa.cpb_mlp.2.weight, backbone.stages.2.blocks.15.attn.w_msa.qkv.weight, backbone.stages.2.blocks.15.attn.w_msa.proj.weight, backbone.stages.2.blocks.15.attn.w_msa.proj.bias, backbone.stages.2.blocks.15.norm1.weight, backbone.stages.2.blocks.15.norm1.bias, backbone.stages.2.blocks.15.ffn.layers.0.0.weight, backbone.stages.2.blocks.15.ffn.layers.0.0.bias, backbone.stages.2.blocks.15.ffn.layers.1.weight, backbone.stages.2.blocks.15.ffn.layers.1.bias, backbone.stages.2.blocks.15.norm2.weight, backbone.stages.2.blocks.15.norm2.bias, backbone.stages.2.blocks.16.attn.w_msa.logit_scale, backbone.stages.2.blocks.16.attn.w_msa.q_bias, backbone.stages.2.blocks.16.attn.w_msa.v_bias, backbone.stages.2.blocks.16.attn.w_msa.cpb_mlp.0.weight, backbone.stages.2.blocks.16.attn.w_msa.cpb_mlp.0.bias, backbone.stages.2.blocks.16.attn.w_msa.cpb_mlp.2.weight, backbone.stages.2.blocks.16.attn.w_msa.qkv.weight, backbone.stages.2.blocks.16.attn.w_msa.proj.weight, backbone.stages.2.blocks.16.attn.w_msa.proj.bias, backbone.stages.2.blocks.16.norm1.weight, backbone.stages.2.blocks.16.norm1.bias, backbone.stages.2.blocks.16.ffn.layers.0.0.weight, backbone.stages.2.blocks.16.ffn.layers.0.0.bias, backbone.stages.2.blocks.16.ffn.layers.1.weight, backbone.stages.2.blocks.16.ffn.layers.1.bias, backbone.stages.2.blocks.16.norm2.weight, backbone.stages.2.blocks.16.norm2.bias, backbone.stages.2.blocks.17.attn.w_msa.logit_scale, backbone.stages.2.blocks.17.attn.w_msa.q_bias, backbone.stages.2.blocks.17.attn.w_msa.v_bias, backbone.stages.2.blocks.17.attn.w_msa.cpb_mlp.0.weight, backbone.stages.2.blocks.17.attn.w_msa.cpb_mlp.0.bias, backbone.stages.2.blocks.17.attn.w_msa.cpb_mlp.2.weight, backbone.stages.2.blocks.17.attn.w_msa.qkv.weight, backbone.stages.2.blocks.17.attn.w_msa.proj.weight, backbone.stages.2.blocks.17.attn.w_msa.proj.bias, backbone.stages.2.blocks.17.norm1.weight, backbone.stages.2.blocks.17.norm1.bias, backbone.stages.2.blocks.17.ffn.layers.0.0.weight, backbone.stages.2.blocks.17.ffn.layers.0.0.bias, backbone.stages.2.blocks.17.ffn.layers.1.weight, backbone.stages.2.blocks.17.ffn.layers.1.bias, backbone.stages.2.blocks.17.norm2.weight, backbone.stages.2.blocks.17.norm2.bias, backbone.stages.3.downsample.reduction.weight, backbone.stages.3.downsample.norm.weight, backbone.stages.3.downsample.norm.bias, backbone.stages.3.blocks.0.attn.w_msa.logit_scale, backbone.stages.3.blocks.0.attn.w_msa.q_bias, backbone.stages.3.blocks.0.attn.w_msa.v_bias, backbone.stages.3.blocks.0.attn.w_msa.cpb_mlp.0.weight, backbone.stages.3.blocks.0.attn.w_msa.cpb_mlp.0.bias, backbone.stages.3.blocks.0.attn.w_msa.cpb_mlp.2.weight, backbone.stages.3.blocks.0.attn.w_msa.qkv.weight, backbone.stages.3.blocks.0.attn.w_msa.proj.weight, backbone.stages.3.blocks.0.attn.w_msa.proj.bias, backbone.stages.3.blocks.0.norm1.weight, backbone.stages.3.blocks.0.norm1.bias, backbone.stages.3.blocks.0.ffn.layers.0.0.weight, backbone.stages.3.blocks.0.ffn.layers.0.0.bias, backbone.stages.3.blocks.0.ffn.layers.1.weight, backbone.stages.3.blocks.0.ffn.layers.1.bias, backbone.stages.3.blocks.0.norm2.weight, backbone.stages.3.blocks.0.norm2.bias, backbone.stages.3.blocks.1.attn.w_msa.logit_scale, backbone.stages.3.blocks.1.attn.w_msa.q_bias, backbone.stages.3.blocks.1.attn.w_msa.v_bias, backbone.stages.3.blocks.1.attn.w_msa.cpb_mlp.0.weight, backbone.stages.3.blocks.1.attn.w_msa.cpb_mlp.0.bias, backbone.stages.3.blocks.1.attn.w_msa.cpb_mlp.2.weight, backbone.stages.3.blocks.1.attn.w_msa.qkv.weight, backbone.stages.3.blocks.1.attn.w_msa.proj.weight, backbone.stages.3.blocks.1.attn.w_msa.proj.bias, backbone.stages.3.blocks.1.norm1.weight, backbone.stages.3.blocks.1.norm1.bias, backbone.stages.3.blocks.1.ffn.layers.0.0.weight, backbone.stages.3.blocks.1.ffn.layers.0.0.bias, backbone.stages.3.blocks.1.ffn.layers.1.weight, backbone.stages.3.blocks.1.ffn.layers.1.bias, backbone.stages.3.blocks.1.norm2.weight, backbone.stages.3.blocks.1.norm2.bias, backbone.norm3.weight, backbone.norm3.bias, head.fc.weight, head.fc.bias

missing keys in source state_dict: patch_embed.projection.weight, patch_embed.projection.bias, patch_embed.norm.weight, patch_embed.norm.bias, stages.0.blocks.0.attn.w_msa.logit_scale, stages.0.blocks.0.attn.w_msa.q_bias, stages.0.blocks.0.attn.w_msa.v_bias, stages.0.blocks.0.attn.w_msa.relative_coords_table, stages.0.blocks.0.attn.w_msa.relative_position_index, stages.0.blocks.0.attn.w_msa.cpb_mlp.0.weight, stages.0.blocks.0.attn.w_msa.cpb_mlp.0.bias, stages.0.blocks.0.attn.w_msa.cpb_mlp.2.weight, stages.0.blocks.0.attn.w_msa.qkv.weight, stages.0.blocks.0.attn.w_msa.proj.weight, stages.0.blocks.0.attn.w_msa.proj.bias, stages.0.blocks.0.norm1.weight, stages.0.blocks.0.norm1.bias, stages.0.blocks.0.ffn.layers.0.0.weight, stages.0.blocks.0.ffn.layers.0.0.bias, stages.0.blocks.0.ffn.layers.1.weight, stages.0.blocks.0.ffn.layers.1.bias, stages.0.blocks.0.norm2.weight, stages.0.blocks.0.norm2.bias, stages.0.blocks.1.attn.w_msa.logit_scale, stages.0.blocks.1.attn.w_msa.q_bias, stages.0.blocks.1.attn.w_msa.v_bias, stages.0.blocks.1.attn.w_msa.relative_coords_table, stages.0.blocks.1.attn.w_msa.relative_position_index, stages.0.blocks.1.attn.w_msa.cpb_mlp.0.weight, stages.0.blocks.1.attn.w_msa.cpb_mlp.0.bias, stages.0.blocks.1.attn.w_msa.cpb_mlp.2.weight, stages.0.blocks.1.attn.w_msa.qkv.weight, stages.0.blocks.1.attn.w_msa.proj.weight, stages.0.blocks.1.attn.w_msa.proj.bias, stages.0.blocks.1.norm1.weight, stages.0.blocks.1.norm1.bias, stages.0.blocks.1.ffn.layers.0.0.weight, stages.0.blocks.1.ffn.layers.0.0.bias, stages.0.blocks.1.ffn.layers.1.weight, stages.0.blocks.1.ffn.layers.1.bias, stages.0.blocks.1.norm2.weight, stages.0.blocks.1.norm2.bias, stages.1.downsample.reduction.weight, stages.1.downsample.norm.weight, stages.1.downsample.norm.bias, stages.1.blocks.0.attn.w_msa.logit_scale, stages.1.blocks.0.attn.w_msa.q_bias, stages.1.blocks.0.attn.w_msa.v_bias, stages.1.blocks.0.attn.w_msa.relative_coords_table, stages.1.blocks.0.attn.w_msa.relative_position_index, stages.1.blocks.0.attn.w_msa.cpb_mlp.0.weight, stages.1.blocks.0.attn.w_msa.cpb_mlp.0.bias, stages.1.blocks.0.attn.w_msa.cpb_mlp.2.weight, stages.1.blocks.0.attn.w_msa.qkv.weight, stages.1.blocks.0.attn.w_msa.proj.weight, stages.1.blocks.0.attn.w_msa.proj.bias, stages.1.blocks.0.norm1.weight, stages.1.blocks.0.norm1.bias, stages.1.blocks.0.ffn.layers.0.0.weight, stages.1.blocks.0.ffn.layers.0.0.bias, stages.1.blocks.0.ffn.layers.1.weight, stages.1.blocks.0.ffn.layers.1.bias, stages.1.blocks.0.norm2.weight, stages.1.blocks.0.norm2.bias, stages.1.blocks.1.attn.w_msa.logit_scale, stages.1.blocks.1.attn.w_msa.q_bias, stages.1.blocks.1.attn.w_msa.v_bias, stages.1.blocks.1.attn.w_msa.relative_coords_table, stages.1.blocks.1.attn.w_msa.relative_position_index, stages.1.blocks.1.attn.w_msa.cpb_mlp.0.weight, stages.1.blocks.1.attn.w_msa.cpb_mlp.0.bias, stages.1.blocks.1.attn.w_msa.cpb_mlp.2.weight, stages.1.blocks.1.attn.w_msa.qkv.weight, stages.1.blocks.1.attn.w_msa.proj.weight, stages.1.blocks.1.attn.w_msa.proj.bias, stages.1.blocks.1.norm1.weight, stages.1.blocks.1.norm1.bias, stages.1.blocks.1.ffn.layers.0.0.weight, stages.1.blocks.1.ffn.layers.0.0.bias, stages.1.blocks.1.ffn.layers.1.weight, stages.1.blocks.1.ffn.layers.1.bias, stages.1.blocks.1.norm2.weight, stages.1.blocks.1.norm2.bias, stages.2.downsample.reduction.weight, stages.2.downsample.norm.weight, stages.2.downsample.norm.bias, stages.2.blocks.0.attn.w_msa.logit_scale, stages.2.blocks.0.attn.w_msa.q_bias, stages.2.blocks.0.attn.w_msa.v_bias, stages.2.blocks.0.attn.w_msa.relative_coords_table, stages.2.blocks.0.attn.w_msa.relative_position_index, stages.2.blocks.0.attn.w_msa.cpb_mlp.0.weight, stages.2.blocks.0.attn.w_msa.cpb_mlp.0.bias, stages.2.blocks.0.attn.w_msa.cpb_mlp.2.weight, stages.2.blocks.0.attn.w_msa.qkv.weight, stages.2.blocks.0.attn.w_msa.proj.weight, stages.2.blocks.0.attn.w_msa.proj.bias, stages.2.blocks.0.norm1.weight, stages.2.blocks.0.norm1.bias, stages.2.blocks.0.ffn.layers.0.0.weight, stages.2.blocks.0.ffn.layers.0.0.bias, stages.2.blocks.0.ffn.layers.1.weight, stages.2.blocks.0.ffn.layers.1.bias, stages.2.blocks.0.norm2.weight, stages.2.blocks.0.norm2.bias, stages.2.blocks.1.attn.w_msa.logit_scale, stages.2.blocks.1.attn.w_msa.q_bias, stages.2.blocks.1.attn.w_msa.v_bias, stages.2.blocks.1.attn.w_msa.relative_coords_table, stages.2.blocks.1.attn.w_msa.relative_position_index, stages.2.blocks.1.attn.w_msa.cpb_mlp.0.weight, stages.2.blocks.1.attn.w_msa.cpb_mlp.0.bias, stages.2.blocks.1.attn.w_msa.cpb_mlp.2.weight, stages.2.blocks.1.attn.w_msa.qkv.weight, stages.2.blocks.1.attn.w_msa.proj.weight, stages.2.blocks.1.attn.w_msa.proj.bias, stages.2.blocks.1.norm1.weight, stages.2.blocks.1.norm1.bias, stages.2.blocks.1.ffn.layers.0.0.weight, stages.2.blocks.1.ffn.layers.0.0.bias, stages.2.blocks.1.ffn.layers.1.weight, stages.2.blocks.1.ffn.layers.1.bias, stages.2.blocks.1.norm2.weight, stages.2.blocks.1.norm2.bias, stages.2.blocks.2.attn.w_msa.logit_scale, stages.2.blocks.2.attn.w_msa.q_bias, stages.2.blocks.2.attn.w_msa.v_bias, stages.2.blocks.2.attn.w_msa.relative_coords_table, stages.2.blocks.2.attn.w_msa.relative_position_index, stages.2.blocks.2.attn.w_msa.cpb_mlp.0.weight, stages.2.blocks.2.attn.w_msa.cpb_mlp.0.bias, stages.2.blocks.2.attn.w_msa.cpb_mlp.2.weight, stages.2.blocks.2.attn.w_msa.qkv.weight, stages.2.blocks.2.attn.w_msa.proj.weight, stages.2.blocks.2.attn.w_msa.proj.bias, stages.2.blocks.2.norm1.weight, stages.2.blocks.2.norm1.bias, stages.2.blocks.2.ffn.layers.0.0.weight, stages.2.blocks.2.ffn.layers.0.0.bias, stages.2.blocks.2.ffn.layers.1.weight, stages.2.blocks.2.ffn.layers.1.bias, stages.2.blocks.2.norm2.weight, stages.2.blocks.2.norm2.bias, stages.2.blocks.3.attn.w_msa.logit_scale, stages.2.blocks.3.attn.w_msa.q_bias, stages.2.blocks.3.attn.w_msa.v_bias, stages.2.blocks.3.attn.w_msa.relative_coords_table, stages.2.blocks.3.attn.w_msa.relative_position_index, stages.2.blocks.3.attn.w_msa.cpb_mlp.0.weight, stages.2.blocks.3.attn.w_msa.cpb_mlp.0.bias, stages.2.blocks.3.attn.w_msa.cpb_mlp.2.weight, stages.2.blocks.3.attn.w_msa.qkv.weight, stages.2.blocks.3.attn.w_msa.proj.weight, stages.2.blocks.3.attn.w_msa.proj.bias, stages.2.blocks.3.norm1.weight, stages.2.blocks.3.norm1.bias, stages.2.blocks.3.ffn.layers.0.0.weight, stages.2.blocks.3.ffn.layers.0.0.bias, stages.2.blocks.3.ffn.layers.1.weight, stages.2.blocks.3.ffn.layers.1.bias, stages.2.blocks.3.norm2.weight, stages.2.blocks.3.norm2.bias, stages.2.blocks.4.attn.w_msa.logit_scale, stages.2.blocks.4.attn.w_msa.q_bias, stages.2.blocks.4.attn.w_msa.v_bias, stages.2.blocks.4.attn.w_msa.relative_coords_table, stages.2.blocks.4.attn.w_msa.relative_position_index, stages.2.blocks.4.attn.w_msa.cpb_mlp.0.weight, stages.2.blocks.4.attn.w_msa.cpb_mlp.0.bias, stages.2.blocks.4.attn.w_msa.cpb_mlp.2.weight, stages.2.blocks.4.attn.w_msa.qkv.weight, stages.2.blocks.4.attn.w_msa.proj.weight, stages.2.blocks.4.attn.w_msa.proj.bias, stages.2.blocks.4.norm1.weight, stages.2.blocks.4.norm1.bias, stages.2.blocks.4.ffn.layers.0.0.weight, stages.2.blocks.4.ffn.layers.0.0.bias, stages.2.blocks.4.ffn.layers.1.weight, stages.2.blocks.4.ffn.layers.1.bias, stages.2.blocks.4.norm2.weight, stages.2.blocks.4.norm2.bias, stages.2.blocks.5.attn.w_msa.logit_scale, stages.2.blocks.5.attn.w_msa.q_bias, stages.2.blocks.5.attn.w_msa.v_bias, stages.2.blocks.5.attn.w_msa.relative_coords_table, stages.2.blocks.5.attn.w_msa.relative_position_index, stages.2.blocks.5.attn.w_msa.cpb_mlp.0.weight, stages.2.blocks.5.attn.w_msa.cpb_mlp.0.bias, stages.2.blocks.5.attn.w_msa.cpb_mlp.2.weight, stages.2.blocks.5.attn.w_msa.qkv.weight, stages.2.blocks.5.attn.w_msa.proj.weight, stages.2.blocks.5.attn.w_msa.proj.bias, stages.2.blocks.5.norm1.weight, stages.2.blocks.5.norm1.bias, stages.2.blocks.5.ffn.layers.0.0.weight, stages.2.blocks.5.ffn.layers.0.0.bias, stages.2.blocks.5.ffn.layers.1.weight, stages.2.blocks.5.ffn.layers.1.bias, stages.2.blocks.5.norm2.weight, stages.2.blocks.5.norm2.bias, stages.2.blocks.6.attn.w_msa.logit_scale, stages.2.blocks.6.attn.w_msa.q_bias, stages.2.blocks.6.attn.w_msa.v_bias, stages.2.blocks.6.attn.w_msa.relative_coords_table, stages.2.blocks.6.attn.w_msa.relative_position_index, stages.2.blocks.6.attn.w_msa.cpb_mlp.0.weight, stages.2.blocks.6.attn.w_msa.cpb_mlp.0.bias, stages.2.blocks.6.attn.w_msa.cpb_mlp.2.weight, stages.2.blocks.6.attn.w_msa.qkv.weight, stages.2.blocks.6.attn.w_msa.proj.weight, stages.2.blocks.6.attn.w_msa.proj.bias, stages.2.blocks.6.norm1.weight, stages.2.blocks.6.norm1.bias, stages.2.blocks.6.ffn.layers.0.0.weight, stages.2.blocks.6.ffn.layers.0.0.bias, stages.2.blocks.6.ffn.layers.1.weight, stages.2.blocks.6.ffn.layers.1.bias, stages.2.blocks.6.norm2.weight, stages.2.blocks.6.norm2.bias, stages.2.blocks.7.attn.w_msa.logit_scale, stages.2.blocks.7.attn.w_msa.q_bias, stages.2.blocks.7.attn.w_msa.v_bias, stages.2.blocks.7.attn.w_msa.relative_coords_table, stages.2.blocks.7.attn.w_msa.relative_position_index, stages.2.blocks.7.attn.w_msa.cpb_mlp.0.weight, stages.2.blocks.7.attn.w_msa.cpb_mlp.0.bias, stages.2.blocks.7.attn.w_msa.cpb_mlp.2.weight, stages.2.blocks.7.attn.w_msa.qkv.weight, stages.2.blocks.7.attn.w_msa.proj.weight, stages.2.blocks.7.attn.w_msa.proj.bias, stages.2.blocks.7.norm1.weight, stages.2.blocks.7.norm1.bias, stages.2.blocks.7.ffn.layers.0.0.weight, stages.2.blocks.7.ffn.layers.0.0.bias, stages.2.blocks.7.ffn.layers.1.weight, stages.2.blocks.7.ffn.layers.1.bias, stages.2.blocks.7.norm2.weight, stages.2.blocks.7.norm2.bias, stages.2.blocks.8.attn.w_msa.logit_scale, stages.2.blocks.8.attn.w_msa.q_bias, stages.2.blocks.8.attn.w_msa.v_bias, stages.2.blocks.8.attn.w_msa.relative_coords_table, stages.2.blocks.8.attn.w_msa.relative_position_index, stages.2.blocks.8.attn.w_msa.cpb_mlp.0.weight, stages.2.blocks.8.attn.w_msa.cpb_mlp.0.bias, stages.2.blocks.8.attn.w_msa.cpb_mlp.2.weight, stages.2.blocks.8.attn.w_msa.qkv.weight, stages.2.blocks.8.attn.w_msa.proj.weight, stages.2.blocks.8.attn.w_msa.proj.bias, stages.2.blocks.8.norm1.weight, stages.2.blocks.8.norm1.bias, stages.2.blocks.8.ffn.layers.0.0.weight, stages.2.blocks.8.ffn.layers.0.0.bias, stages.2.blocks.8.ffn.layers.1.weight, stages.2.blocks.8.ffn.layers.1.bias, stages.2.blocks.8.norm2.weight, stages.2.blocks.8.norm2.bias, stages.2.blocks.9.attn.w_msa.logit_scale, stages.2.blocks.9.attn.w_msa.q_bias, stages.2.blocks.9.attn.w_msa.v_bias, stages.2.blocks.9.attn.w_msa.relative_coords_table, stages.2.blocks.9.attn.w_msa.relative_position_index, stages.2.blocks.9.attn.w_msa.cpb_mlp.0.weight, stages.2.blocks.9.attn.w_msa.cpb_mlp.0.bias, stages.2.blocks.9.attn.w_msa.cpb_mlp.2.weight, stages.2.blocks.9.attn.w_msa.qkv.weight, stages.2.blocks.9.attn.w_msa.proj.weight, stages.2.blocks.9.attn.w_msa.proj.bias, stages.2.blocks.9.norm1.weight, stages.2.blocks.9.norm1.bias, stages.2.blocks.9.ffn.layers.0.0.weight, stages.2.blocks.9.ffn.layers.0.0.bias, stages.2.blocks.9.ffn.layers.1.weight, stages.2.blocks.9.ffn.layers.1.bias, stages.2.blocks.9.norm2.weight, stages.2.blocks.9.norm2.bias, stages.2.blocks.10.attn.w_msa.logit_scale, stages.2.blocks.10.attn.w_msa.q_bias, stages.2.blocks.10.attn.w_msa.v_bias, stages.2.blocks.10.attn.w_msa.relative_coords_table, stages.2.blocks.10.attn.w_msa.relative_position_index, stages.2.blocks.10.attn.w_msa.cpb_mlp.0.weight, stages.2.blocks.10.attn.w_msa.cpb_mlp.0.bias, stages.2.blocks.10.attn.w_msa.cpb_mlp.2.weight, stages.2.blocks.10.attn.w_msa.qkv.weight, stages.2.blocks.10.attn.w_msa.proj.weight, stages.2.blocks.10.attn.w_msa.proj.bias, stages.2.blocks.10.norm1.weight, stages.2.blocks.10.norm1.bias, stages.2.blocks.10.ffn.layers.0.0.weight, stages.2.blocks.10.ffn.layers.0.0.bias, stages.2.blocks.10.ffn.layers.1.weight, stages.2.blocks.10.ffn.layers.1.bias, stages.2.blocks.10.norm2.weight, stages.2.blocks.10.norm2.bias, stages.2.blocks.11.attn.w_msa.logit_scale, stages.2.blocks.11.attn.w_msa.q_bias, stages.2.blocks.11.attn.w_msa.v_bias, stages.2.blocks.11.attn.w_msa.relative_coords_table, stages.2.blocks.11.attn.w_msa.relative_position_index, stages.2.blocks.11.attn.w_msa.cpb_mlp.0.weight, stages.2.blocks.11.attn.w_msa.cpb_mlp.0.bias, stages.2.blocks.11.attn.w_msa.cpb_mlp.2.weight, stages.2.blocks.11.attn.w_msa.qkv.weight, stages.2.blocks.11.attn.w_msa.proj.weight, stages.2.blocks.11.attn.w_msa.proj.bias, stages.2.blocks.11.norm1.weight, stages.2.blocks.11.norm1.bias, stages.2.blocks.11.ffn.layers.0.0.weight, stages.2.blocks.11.ffn.layers.0.0.bias, stages.2.blocks.11.ffn.layers.1.weight, stages.2.blocks.11.ffn.layers.1.bias, stages.2.blocks.11.norm2.weight, stages.2.blocks.11.norm2.bias, stages.2.blocks.12.attn.w_msa.logit_scale, stages.2.blocks.12.attn.w_msa.q_bias, stages.2.blocks.12.attn.w_msa.v_bias, stages.2.blocks.12.attn.w_msa.relative_coords_table, stages.2.blocks.12.attn.w_msa.relative_position_index, stages.2.blocks.12.attn.w_msa.cpb_mlp.0.weight, stages.2.blocks.12.attn.w_msa.cpb_mlp.0.bias, stages.2.blocks.12.attn.w_msa.cpb_mlp.2.weight, stages.2.blocks.12.attn.w_msa.qkv.weight, stages.2.blocks.12.attn.w_msa.proj.weight, stages.2.blocks.12.attn.w_msa.proj.bias, stages.2.blocks.12.norm1.weight, stages.2.blocks.12.norm1.bias, stages.2.blocks.12.ffn.layers.0.0.weight, stages.2.blocks.12.ffn.layers.0.0.bias, stages.2.blocks.12.ffn.layers.1.weight, stages.2.blocks.12.ffn.layers.1.bias, stages.2.blocks.12.norm2.weight, stages.2.blocks.12.norm2.bias, stages.2.blocks.13.attn.w_msa.logit_scale, stages.2.blocks.13.attn.w_msa.q_bias, stages.2.blocks.13.attn.w_msa.v_bias, stages.2.blocks.13.attn.w_msa.relative_coords_table, stages.2.blocks.13.attn.w_msa.relative_position_index, stages.2.blocks.13.attn.w_msa.cpb_mlp.0.weight, stages.2.blocks.13.attn.w_msa.cpb_mlp.0.bias, stages.2.blocks.13.attn.w_msa.cpb_mlp.2.weight, stages.2.blocks.13.attn.w_msa.qkv.weight, stages.2.blocks.13.attn.w_msa.proj.weight, stages.2.blocks.13.attn.w_msa.proj.bias, stages.2.blocks.13.norm1.weight, stages.2.blocks.13.norm1.bias, stages.2.blocks.13.ffn.layers.0.0.weight, stages.2.blocks.13.ffn.layers.0.0.bias, stages.2.blocks.13.ffn.layers.1.weight, stages.2.blocks.13.ffn.layers.1.bias, stages.2.blocks.13.norm2.weight, stages.2.blocks.13.norm2.bias, stages.2.blocks.14.attn.w_msa.logit_scale, stages.2.blocks.14.attn.w_msa.q_bias, stages.2.blocks.14.attn.w_msa.v_bias, stages.2.blocks.14.attn.w_msa.relative_coords_table, stages.2.blocks.14.attn.w_msa.relative_position_index, stages.2.blocks.14.attn.w_msa.cpb_mlp.0.weight, stages.2.blocks.14.attn.w_msa.cpb_mlp.0.bias, stages.2.blocks.14.attn.w_msa.cpb_mlp.2.weight, stages.2.blocks.14.attn.w_msa.qkv.weight, stages.2.blocks.14.attn.w_msa.proj.weight, stages.2.blocks.14.attn.w_msa.proj.bias, stages.2.blocks.14.norm1.weight, stages.2.blocks.14.norm1.bias, stages.2.blocks.14.ffn.layers.0.0.weight, stages.2.blocks.14.ffn.layers.0.0.bias, stages.2.blocks.14.ffn.layers.1.weight, stages.2.blocks.14.ffn.layers.1.bias, stages.2.blocks.14.norm2.weight, stages.2.blocks.14.norm2.bias, stages.2.blocks.15.attn.w_msa.logit_scale, stages.2.blocks.15.attn.w_msa.q_bias, stages.2.blocks.15.attn.w_msa.v_bias, stages.2.blocks.15.attn.w_msa.relative_coords_table, stages.2.blocks.15.attn.w_msa.relative_position_index, stages.2.blocks.15.attn.w_msa.cpb_mlp.0.weight, stages.2.blocks.15.attn.w_msa.cpb_mlp.0.bias, stages.2.blocks.15.attn.w_msa.cpb_mlp.2.weight, stages.2.blocks.15.attn.w_msa.qkv.weight, stages.2.blocks.15.attn.w_msa.proj.weight, stages.2.blocks.15.attn.w_msa.proj.bias, stages.2.blocks.15.norm1.weight, stages.2.blocks.15.norm1.bias, stages.2.blocks.15.ffn.layers.0.0.weight, stages.2.blocks.15.ffn.layers.0.0.bias, stages.2.blocks.15.ffn.layers.1.weight, stages.2.blocks.15.ffn.layers.1.bias, stages.2.blocks.15.norm2.weight, stages.2.blocks.15.norm2.bias, stages.2.blocks.16.attn.w_msa.logit_scale, stages.2.blocks.16.attn.w_msa.q_bias, stages.2.blocks.16.attn.w_msa.v_bias, stages.2.blocks.16.attn.w_msa.relative_coords_table, stages.2.blocks.16.attn.w_msa.relative_position_index, stages.2.blocks.16.attn.w_msa.cpb_mlp.0.weight, stages.2.blocks.16.attn.w_msa.cpb_mlp.0.bias, stages.2.blocks.16.attn.w_msa.cpb_mlp.2.weight, stages.2.blocks.16.attn.w_msa.qkv.weight, stages.2.blocks.16.attn.w_msa.proj.weight, stages.2.blocks.16.attn.w_msa.proj.bias, stages.2.blocks.16.norm1.weight, stages.2.blocks.16.norm1.bias, stages.2.blocks.16.ffn.layers.0.0.weight, stages.2.blocks.16.ffn.layers.0.0.bias, stages.2.blocks.16.ffn.layers.1.weight, stages.2.blocks.16.ffn.layers.1.bias, stages.2.blocks.16.norm2.weight, stages.2.blocks.16.norm2.bias, stages.2.blocks.17.attn.w_msa.logit_scale, stages.2.blocks.17.attn.w_msa.q_bias, stages.2.blocks.17.attn.w_msa.v_bias, stages.2.blocks.17.attn.w_msa.relative_coords_table, stages.2.blocks.17.attn.w_msa.relative_position_index, stages.2.blocks.17.attn.w_msa.cpb_mlp.0.weight, stages.2.blocks.17.attn.w_msa.cpb_mlp.0.bias, stages.2.blocks.17.attn.w_msa.cpb_mlp.2.weight, stages.2.blocks.17.attn.w_msa.qkv.weight, stages.2.blocks.17.attn.w_msa.proj.weight, stages.2.blocks.17.attn.w_msa.proj.bias, stages.2.blocks.17.norm1.weight, stages.2.blocks.17.norm1.bias, stages.2.blocks.17.ffn.layers.0.0.weight, stages.2.blocks.17.ffn.layers.0.0.bias, stages.2.blocks.17.ffn.layers.1.weight, stages.2.blocks.17.ffn.layers.1.bias, stages.2.blocks.17.norm2.weight, stages.2.blocks.17.norm2.bias, stages.3.downsample.reduction.weight, stages.3.downsample.norm.weight, stages.3.downsample.norm.bias, stages.3.blocks.0.attn.w_msa.logit_scale, stages.3.blocks.0.attn.w_msa.q_bias, stages.3.blocks.0.attn.w_msa.v_bias, stages.3.blocks.0.attn.w_msa.relative_coords_table, stages.3.blocks.0.attn.w_msa.relative_position_index, stages.3.blocks.0.attn.w_msa.cpb_mlp.0.weight, stages.3.blocks.0.attn.w_msa.cpb_mlp.0.bias, stages.3.blocks.0.attn.w_msa.cpb_mlp.2.weight, stages.3.blocks.0.attn.w_msa.qkv.weight, stages.3.blocks.0.attn.w_msa.proj.weight, stages.3.blocks.0.attn.w_msa.proj.bias, stages.3.blocks.0.norm1.weight, stages.3.blocks.0.norm1.bias, stages.3.blocks.0.ffn.layers.0.0.weight, stages.3.blocks.0.ffn.layers.0.0.bias, stages.3.blocks.0.ffn.layers.1.weight, stages.3.blocks.0.ffn.layers.1.bias, stages.3.blocks.0.norm2.weight, stages.3.blocks.0.norm2.bias, stages.3.blocks.1.attn.w_msa.logit_scale, stages.3.blocks.1.attn.w_msa.q_bias, stages.3.blocks.1.attn.w_msa.v_bias, stages.3.blocks.1.attn.w_msa.relative_coords_table, stages.3.blocks.1.attn.w_msa.relative_position_index, stages.3.blocks.1.attn.w_msa.cpb_mlp.0.weight, stages.3.blocks.1.attn.w_msa.cpb_mlp.0.bias, stages.3.blocks.1.attn.w_msa.cpb_mlp.2.weight, stages.3.blocks.1.attn.w_msa.qkv.weight, stages.3.blocks.1.attn.w_msa.proj.weight, stages.3.blocks.1.attn.w_msa.proj.bias, stages.3.blocks.1.norm1.weight, stages.3.blocks.1.norm1.bias, stages.3.blocks.1.ffn.layers.0.0.weight, stages.3.blocks.1.ffn.layers.0.0.bias, stages.3.blocks.1.ffn.layers.1.weight, stages.3.blocks.1.ffn.layers.1.bias, stages.3.blocks.1.norm2.weight, stages.3.blocks.1.norm2.bias, norm3.weight, norm3.bias

08/25 07:41:05 - mmengine - WARNING - "FileClient" will be deprecated in future. Please use io functions in https://mmengine.readthedocs.io/en/latest/api/fileio.html#file-io
08/25 07:41:05 - mmengine - WARNING - "HardDiskBackend" is the alias of "LocalBackend" and the former will be deprecated in future.
08/25 07:41:05 - mmengine - INFO - Checkpoints will be saved to /home/nr4325/Desktop/Pose4/mmpose/work_dirs/WTPose_SwinV2_b_p4_coco_256x192_1k.
08/25 07:43:22 - mmengine - INFO - Epoch(train)   [1][ 50/586]  lr: 4.954910e-05  eta: 3 days, 21:20:23  time: 2.731678  data_time: 1.949365  memory: 26549  loss: 0.001733  loss_kpt: 0.001733  acc_pose: 0.040841
08/25 07:45:22 - mmengine - INFO - Epoch(train)   [1][100/586]  lr: 9.959920e-05  eta: 3 days, 15:44:00  time: 2.405617  data_time: 0.946906  memory: 26549  loss: 0.001700  loss_kpt: 0.001700  acc_pose: 0.072163
08/25 07:47:22 - mmengine - INFO - Epoch(train)   [1][150/586]  lr: 1.496493e-04  eta: 3 days, 13:40:44  time: 2.391244  data_time: 0.265287  memory: 26549  loss: 0.001650  loss_kpt: 0.001650  acc_pose: 0.111622
08/25 07:49:16 - mmengine - INFO - Epoch(train)   [1][200/586]  lr: 1.996994e-04  eta: 3 days, 11:40:25  time: 2.278562  data_time: 0.189763  memory: 26549  loss: 0.001595  loss_kpt: 0.001595  acc_pose: 0.148077
08/25 07:51:07 - mmengine - INFO - Epoch(train)   [1][250/586]  lr: 2.497495e-04  eta: 3 days, 10:02:23  time: 2.217313  data_time: 0.484417  memory: 26549  loss: 0.001578  loss_kpt: 0.001578  acc_pose: 0.176878
08/25 07:53:02 - mmengine - INFO - Epoch(train)   [1][300/586]  lr: 2.997996e-04  eta: 3 days, 9:28:26  time: 2.311210  data_time: 1.612535  memory: 26549  loss: 0.001567  loss_kpt: 0.001567  acc_pose: 0.222173
08/25 07:54:53 - mmengine - INFO - Epoch(train)   [1][350/586]  lr: 3.498497e-04  eta: 3 days, 8:38:10  time: 2.224044  data_time: 1.550917  memory: 26549  loss: 0.001545  loss_kpt: 0.001545  acc_pose: 0.237976
08/25 07:56:50 - mmengine - INFO - Epoch(train)   [1][400/586]  lr: 3.998998e-04  eta: 3 days, 8:26:42  time: 2.328474  data_time: 0.903872  memory: 26549  loss: 0.001531  loss_kpt: 0.001531  acc_pose: 0.228092
08/25 07:58:39 - mmengine - INFO - Epoch(train)   [1][450/586]  lr: 4.499499e-04  eta: 3 days, 7:46:03  time: 2.190625  data_time: 1.560735  memory: 26549  loss: 0.001518  loss_kpt: 0.001518  acc_pose: 0.294348
08/25 08:00:30 - mmengine - INFO - Epoch(train)   [1][500/586]  lr: 5.000000e-04  eta: 3 days, 7:19:22  time: 2.221015  data_time: 1.304869  memory: 26549  loss: 0.001518  loss_kpt: 0.001518  acc_pose: 0.279459
08/25 08:02:24 - mmengine - INFO - Epoch(train)   [1][550/586]  lr: 5.000000e-04  eta: 3 days, 7:07:22  time: 2.275801  data_time: 1.289655  memory: 26549  loss: 0.001488  loss_kpt: 0.001488  acc_pose: 0.230836
08/25 08:03:39 - mmengine - INFO - Exp name: WTPose_SwinV2_b_p4_coco_256x192_1k_20230825_073829
08/25 08:05:33 - mmengine - INFO - Epoch(train)   [2][ 50/586]  lr: 5.000000e-04  eta: 3 days, 6:27:34  time: 2.280567  data_time: 1.641183  memory: 26549  loss: 0.001492  loss_kpt: 0.001492  acc_pose: 0.260763
08/25 08:07:25 - mmengine - INFO - Epoch(train)   [2][100/586]  lr: 5.000000e-04  eta: 3 days, 6:15:08  time: 2.236483  data_time: 1.652352  memory: 26549  loss: 0.001449  loss_kpt: 0.001449  acc_pose: 0.358019
08/25 08:09:17 - mmengine - INFO - Epoch(train)   [2][150/586]  lr: 5.000000e-04  eta: 3 days, 6:04:23  time: 2.238234  data_time: 1.563908  memory: 26549  loss: 0.001450  loss_kpt: 0.001450  acc_pose: 0.312856
08/25 08:11:09 - mmengine - INFO - Epoch(train)   [2][200/586]  lr: 5.000000e-04  eta: 3 days, 5:56:24  time: 2.250938  data_time: 1.532001  memory: 26549  loss: 0.001433  loss_kpt: 0.001433  acc_pose: 0.292029
08/25 08:13:01 - mmengine - INFO - Epoch(train)   [2][250/586]  lr: 5.000000e-04  eta: 3 days, 5:48:06  time: 2.242272  data_time: 1.488628  memory: 26549  loss: 0.001416  loss_kpt: 0.001416  acc_pose: 0.349428
08/25 08:14:53 - mmengine - INFO - Epoch(train)   [2][300/586]  lr: 5.000000e-04  eta: 3 days, 5:40:27  time: 2.241627  data_time: 1.668957  memory: 26549  loss: 0.001400  loss_kpt: 0.001400  acc_pose: 0.382065
08/25 08:16:46 - mmengine - INFO - Epoch(train)   [2][350/586]  lr: 5.000000e-04  eta: 3 days, 5:33:59  time: 2.246889  data_time: 1.696670  memory: 26549  loss: 0.001388  loss_kpt: 0.001388  acc_pose: 0.328786
08/25 08:18:40 - mmengine - INFO - Epoch(train)   [2][400/586]  lr: 5.000000e-04  eta: 3 days, 5:31:47  time: 2.283556  data_time: 0.733774  memory: 26549  loss: 0.001378  loss_kpt: 0.001378  acc_pose: 0.344883
08/25 08:19:11 - mmengine - INFO - Exp name: WTPose_SwinV2_b_p4_coco_256x192_1k_20230825_073829
08/25 08:20:34 - mmengine - INFO - Epoch(train)   [2][450/586]  lr: 5.000000e-04  eta: 3 days, 5:29:50  time: 2.285982  data_time: 0.169638  memory: 26549  loss: 0.001365  loss_kpt: 0.001365  acc_pose: 0.332810
08/25 08:22:26 - mmengine - INFO - Epoch(train)   [2][500/586]  lr: 5.000000e-04  eta: 3 days, 5:23:13  time: 2.235940  data_time: 1.189169  memory: 26549  loss: 0.001344  loss_kpt: 0.001344  acc_pose: 0.363215
08/25 08:24:18 - mmengine - INFO - Epoch(train)   [2][550/586]  lr: 5.000000e-04  eta: 3 days, 5:18:10  time: 2.248976  data_time: 1.658407  memory: 26549  loss: 0.001340  loss_kpt: 0.001340  acc_pose: 0.424417
08/25 08:25:34 - mmengine - INFO - Exp name: WTPose_SwinV2_b_p4_coco_256x192_1k_20230825_073829
08/25 08:27:28 - mmengine - INFO - Epoch(train)   [3][ 50/586]  lr: 5.000000e-04  eta: 3 days, 5:03:19  time: 2.272758  data_time: 1.670941  memory: 26549  loss: 0.001339  loss_kpt: 0.001339  acc_pose: 0.357820
08/25 08:29:19 - mmengine - INFO - Epoch(train)   [3][100/586]  lr: 5.000000e-04  eta: 3 days, 4:58:06  time: 2.235109  data_time: 1.645941  memory: 26549  loss: 0.001307  loss_kpt: 0.001307  acc_pose: 0.343753
08/25 08:31:12 - mmengine - INFO - Epoch(train)   [3][150/586]  lr: 5.000000e-04  eta: 3 days, 4:54:09  time: 2.248402  data_time: 1.660241  memory: 26549  loss: 0.001296  loss_kpt: 0.001296  acc_pose: 0.439334
08/25 08:33:06 - mmengine - INFO - Epoch(train)   [3][200/586]  lr: 5.000000e-04  eta: 3 days, 4:52:41  time: 2.279887  data_time: 1.611848  memory: 26549  loss: 0.001286  loss_kpt: 0.001286  acc_pose: 0.372162
08/25 08:34:57 - mmengine - INFO - Epoch(train)   [3][250/586]  lr: 5.000000e-04  eta: 3 days, 4:46:49  time: 2.218851  data_time: 1.617211  memory: 26549  loss: 0.001277  loss_kpt: 0.001277  acc_pose: 0.446009
08/25 08:36:49 - mmengine - INFO - Epoch(train)   [3][300/586]  lr: 5.000000e-04  eta: 3 days, 4:43:15  time: 2.248105  data_time: 1.645833  memory: 26549  loss: 0.001292  loss_kpt: 0.001292  acc_pose: 0.431874
08/25 08:38:41 - mmengine - INFO - Epoch(train)   [3][350/586]  lr: 5.000000e-04  eta: 3 days, 4:38:38  time: 2.230472  data_time: 1.624364  memory: 26549  loss: 0.001262  loss_kpt: 0.001262  acc_pose: 0.489320
08/25 08:40:33 - mmengine - INFO - Epoch(train)   [3][400/586]  lr: 5.000000e-04  eta: 3 days, 4:34:34  time: 2.236608  data_time: 1.635363  memory: 26549  loss: 0.001246  loss_kpt: 0.001246  acc_pose: 0.471130
08/25 08:42:31 - mmengine - INFO - Epoch(train)   [3][450/586]  lr: 5.000000e-04  eta: 3 days, 4:39:01  time: 2.370661  data_time: 0.752167  memory: 26549  loss: 0.001237  loss_kpt: 0.001237  acc_pose: 0.483716
08/25 08:44:20 - mmengine - INFO - Epoch(train)   [3][500/586]  lr: 5.000000e-04  eta: 3 days, 4:30:56  time: 2.170000  data_time: 0.408671  memory: 26549  loss: 0.001250  loss_kpt: 0.001250  acc_pose: 0.420605
08/25 08:46:13 - mmengine - INFO - Epoch(train)   [3][550/586]  lr: 5.000000e-04  eta: 3 days, 4:29:13  time: 2.272317  data_time: 1.329151  memory: 26549  loss: 0.001236  loss_kpt: 0.001236  acc_pose: 0.452350
08/25 08:47:29 - mmengine - INFO - Exp name: WTPose_SwinV2_b_p4_coco_256x192_1k_20230825_073829
08/25 08:49:23 - mmengine - INFO - Epoch(train)   [4][ 50/586]  lr: 5.000000e-04  eta: 3 days, 4:19:33  time: 2.275229  data_time: 1.682864  memory: 26549  loss: 0.001231  loss_kpt: 0.001231  acc_pose: 0.420900
08/25 08:51:17 - mmengine - INFO - Epoch(train)   [4][100/586]  lr: 5.000000e-04  eta: 3 days, 4:19:04  time: 2.291956  data_time: 1.704664  memory: 26549  loss: 0.001206  loss_kpt: 0.001206  acc_pose: 0.504914
08/25 08:53:09 - mmengine - INFO - Epoch(train)   [4][150/586]  lr: 5.000000e-04  eta: 3 days, 4:15:24  time: 2.233010  data_time: 1.634086  memory: 26549  loss: 0.001206  loss_kpt: 0.001206  acc_pose: 0.380667
08/25 08:55:03 - mmengine - INFO - Epoch(train)   [4][200/586]  lr: 5.000000e-04  eta: 3 days, 4:14:22  time: 2.282755  data_time: 1.652445  memory: 26549  loss: 0.001179  loss_kpt: 0.001179  acc_pose: 0.444567
08/25 08:56:35 - mmengine - INFO - Exp name: WTPose_SwinV2_b_p4_coco_256x192_1k_20230825_073829
08/25 08:56:52 - mmengine - INFO - Epoch(train)   [4][250/586]  lr: 5.000000e-04  eta: 3 days, 4:08:31  time: 2.187482  data_time: 1.545760  memory: 26549  loss: 0.001190  loss_kpt: 0.001190  acc_pose: 0.495068
08/25 08:58:45 - mmengine - INFO - Epoch(train)   [4][300/586]  lr: 5.000000e-04  eta: 3 days, 4:05:59  time: 2.251031  data_time: 1.662857  memory: 26549  loss: 0.001189  loss_kpt: 0.001189  acc_pose: 0.517428
08/25 09:00:37 - mmengine - INFO - Epoch(train)   [4][350/586]  lr: 5.000000e-04  eta: 3 days, 4:02:52  time: 2.238384  data_time: 1.561014  memory: 26549  loss: 0.001188  loss_kpt: 0.001188  acc_pose: 0.460225
08/25 09:02:29 - mmengine - INFO - Epoch(train)   [4][400/586]  lr: 5.000000e-04  eta: 3 days, 3:59:53  time: 2.239955  data_time: 1.076879  memory: 26549  loss: 0.001175  loss_kpt: 0.001175  acc_pose: 0.541458
08/25 09:04:22 - mmengine - INFO - Epoch(train)   [4][450/586]  lr: 5.000000e-04  eta: 3 days, 3:57:43  time: 2.256796  data_time: 0.768807  memory: 26549  loss: 0.001179  loss_kpt: 0.001179  acc_pose: 0.619572
08/25 09:06:15 - mmengine - INFO - Epoch(train)   [4][500/586]  lr: 5.000000e-04  eta: 3 days, 3:56:15  time: 2.272374  data_time: 1.076791  memory: 26549  loss: 0.001177  loss_kpt: 0.001177  acc_pose: 0.506014
08/25 09:08:10 - mmengine - INFO - Epoch(train)   [4][550/586]  lr: 5.000000e-04  eta: 3 days, 3:55:22  time: 2.285874  data_time: 1.654130  memory: 26549  loss: 0.001143  loss_kpt: 0.001143  acc_pose: 0.551113
08/25 09:09:24 - mmengine - INFO - Exp name: WTPose_SwinV2_b_p4_coco_256x192_1k_20230825_073829
08/25 09:11:17 - mmengine - INFO - Epoch(train)   [5][ 50/586]  lr: 5.000000e-04  eta: 3 days, 3:46:15  time: 2.266119  data_time: 1.579831  memory: 26549  loss: 0.001163  loss_kpt: 0.001163  acc_pose: 0.529018
08/25 09:13:10 - mmengine - INFO - Epoch(train)   [5][100/586]  lr: 5.000000e-04  eta: 3 days, 3:43:58  time: 2.250987  data_time: 1.705044  memory: 26549  loss: 0.001142  loss_kpt: 0.001142  acc_pose: 0.466540
08/25 09:15:02 - mmengine - INFO - Epoch(train)   [5][150/586]  lr: 5.000000e-04  eta: 3 days, 3:41:32  time: 2.246609  data_time: 1.699770  memory: 26549  loss: 0.001141  loss_kpt: 0.001141  acc_pose: 0.596262
08/25 09:16:55 - mmengine - INFO - Epoch(train)   [5][200/586]  lr: 5.000000e-04  eta: 3 days, 3:39:03  time: 2.244921  data_time: 1.648739  memory: 26549  loss: 0.001123  loss_kpt: 0.001123  acc_pose: 0.454008
08/25 09:18:47 - mmengine - INFO - Epoch(train)   [5][250/586]  lr: 5.000000e-04  eta: 3 days, 3:36:31  time: 2.243184  data_time: 1.618371  memory: 26549  loss: 0.001127  loss_kpt: 0.001127  acc_pose: 0.517493
08/25 09:20:39 - mmengine - INFO - Epoch(train)   [5][300/586]  lr: 5.000000e-04  eta: 3 days, 3:34:26  time: 2.254020  data_time: 1.647838  memory: 26549  loss: 0.001134  loss_kpt: 0.001134  acc_pose: 0.523630
08/25 09:22:31 - mmengine - INFO - Epoch(train)   [5][350/586]  lr: 5.000000e-04  eta: 3 days, 3:31:38  time: 2.234912  data_time: 1.617564  memory: 26549  loss: 0.001104  loss_kpt: 0.001104  acc_pose: 0.535579
08/25 09:24:24 - mmengine - INFO - Epoch(train)   [5][400/586]  lr: 5.000000e-04  eta: 3 days, 3:29:28  time: 2.251062  data_time: 1.610005  memory: 26549  loss: 0.001129  loss_kpt: 0.001129  acc_pose: 0.547386
08/25 09:26:16 - mmengine - INFO - Epoch(train)   [5][450/586]  lr: 5.000000e-04  eta: 3 days, 3:26:55  time: 2.240474  data_time: 1.624464  memory: 26549  loss: 0.001116  loss_kpt: 0.001116  acc_pose: 0.565075
08/25 09:28:08 - mmengine - INFO - Epoch(train)   [5][500/586]  lr: 5.000000e-04  eta: 3 days, 3:24:24  time: 2.240084  data_time: 1.598236  memory: 26549  loss: 0.001097  loss_kpt: 0.001097  acc_pose: 0.650234
08/25 09:29:59 - mmengine - INFO - Epoch(train)   [5][550/586]  lr: 5.000000e-04  eta: 3 days, 3:21:13  time: 2.220498  data_time: 0.519195  memory: 26549  loss: 0.001101  loss_kpt: 0.001101  acc_pose: 0.550821
08/25 09:31:16 - mmengine - INFO - Exp name: WTPose_SwinV2_b_p4_coco_256x192_1k_20230825_073829
08/25 09:33:11 - mmengine - INFO - Epoch(train)   [6][ 50/586]  lr: 5.000000e-04  eta: 3 days, 3:16:50  time: 2.313342  data_time: 1.265412  memory: 26549  loss: 0.001084  loss_kpt: 0.001084  acc_pose: 0.606837
08/25 09:33:56 - mmengine - INFO - Exp name: WTPose_SwinV2_b_p4_coco_256x192_1k_20230825_073829
08/25 09:35:03 - mmengine - INFO - Epoch(train)   [6][100/586]  lr: 5.000000e-04  eta: 3 days, 3:14:07  time: 2.231518  data_time: 0.961507  memory: 26549  loss: 0.001084  loss_kpt: 0.001084  acc_pose: 0.548472
08/25 09:36:55 - mmengine - INFO - Epoch(train)   [6][150/586]  lr: 5.000000e-04  eta: 3 days, 3:11:41  time: 2.239629  data_time: 1.167951  memory: 26549  loss: 0.001087  loss_kpt: 0.001087  acc_pose: 0.564204
08/25 09:38:47 - mmengine - INFO - Epoch(train)   [6][200/586]  lr: 5.000000e-04  eta: 3 days, 3:09:19  time: 2.241031  data_time: 1.393370  memory: 26549  loss: 0.001080  loss_kpt: 0.001080  acc_pose: 0.514039
08/25 09:40:39 - mmengine - INFO - Epoch(train)   [6][250/586]  lr: 5.000000e-04  eta: 3 days, 3:06:56  time: 2.239941  data_time: 1.471053  memory: 26549  loss: 0.001071  loss_kpt: 0.001071  acc_pose: 0.575815
08/25 09:42:31 - mmengine - INFO - Epoch(train)   [6][300/586]  lr: 5.000000e-04  eta: 3 days, 3:04:54  time: 2.250905  data_time: 1.659389  memory: 26549  loss: 0.001085  loss_kpt: 0.001085  acc_pose: 0.599731
08/25 09:44:24 - mmengine - INFO - Epoch(train)   [6][350/586]  lr: 5.000000e-04  eta: 3 days, 3:02:51  time: 2.249789  data_time: 1.624172  memory: 26549  loss: 0.001079  loss_kpt: 0.001079  acc_pose: 0.527892
08/25 09:46:15 - mmengine - INFO - Epoch(train)   [6][400/586]  lr: 5.000000e-04  eta: 3 days, 2:59:46  time: 2.215283  data_time: 1.298530  memory: 26549  loss: 0.001064  loss_kpt: 0.001064  acc_pose: 0.596548
08/25 09:48:06 - mmengine - INFO - Epoch(train)   [6][450/586]  lr: 5.000000e-04  eta: 3 days, 2:56:57  time: 2.223453  data_time: 1.021561  memory: 26549  loss: 0.001073  loss_kpt: 0.001073  acc_pose: 0.599554
08/25 09:49:59 - mmengine - INFO - Epoch(train)   [6][500/586]  lr: 5.000000e-04  eta: 3 days, 2:55:09  time: 2.256809  data_time: 1.076287  memory: 26549  loss: 0.001072  loss_kpt: 0.001072  acc_pose: 0.583157
08/25 09:51:52 - mmengine - INFO - Epoch(train)   [6][550/586]  lr: 5.000000e-04  eta: 3 days, 2:53:32  time: 2.263950  data_time: 0.772794  memory: 26549  loss: 0.001056  loss_kpt: 0.001056  acc_pose: 0.533481
08/25 09:53:08 - mmengine - INFO - Exp name: WTPose_SwinV2_b_p4_coco_256x192_1k_20230825_073829
08/25 09:55:06 - mmengine - INFO - Epoch(train)   [7][ 50/586]  lr: 5.000000e-04  eta: 3 days, 2:50:25  time: 2.352607  data_time: 1.765387  memory: 26549  loss: 0.001054  loss_kpt: 0.001054  acc_pose: 0.598049
08/25 09:57:04 - mmengine - INFO - Epoch(train)   [7][100/586]  lr: 5.000000e-04  eta: 3 days, 2:51:34  time: 2.364558  data_time: 1.106037  memory: 26549  loss: 0.001046  loss_kpt: 0.001046  acc_pose: 0.581783
08/25 09:59:05 - mmengine - INFO - Epoch(train)   [7][150/586]  lr: 5.000000e-04  eta: 3 days, 2:54:11  time: 2.421938  data_time: 0.431449  memory: 26549  loss: 0.001049  loss_kpt: 0.001049  acc_pose: 0.545493
08/25 10:00:57 - mmengine - INFO - Epoch(train)   [7][200/586]  lr: 5.000000e-04  eta: 3 days, 2:51:34  time: 2.230942  data_time: 0.156491  memory: 26549  loss: 0.001042  loss_kpt: 0.001042  acc_pose: 0.590187
08/25 10:02:48 - mmengine - INFO - Epoch(train)   [7][250/586]  lr: 5.000000e-04  eta: 3 days, 2:48:31  time: 2.214188  data_time: 0.150194  memory: 26549  loss: 0.001043  loss_kpt: 0.001043  acc_pose: 0.558376
08/25 10:04:44 - mmengine - INFO - Epoch(train)   [7][300/586]  lr: 5.000000e-04  eta: 3 days, 2:48:37  time: 2.333431  data_time: 0.145961  memory: 26549  loss: 0.001028  loss_kpt: 0.001028  acc_pose: 0.623944
08/25 10:06:37 - mmengine - INFO - Epoch(train)   [7][350/586]  lr: 5.000000e-04  eta: 3 days, 2:46:48  time: 2.261189  data_time: 0.180261  memory: 26549  loss: 0.001050  loss_kpt: 0.001050  acc_pose: 0.615718
08/25 10:08:29 - mmengine - INFO - Epoch(train)   [7][400/586]  lr: 5.000000e-04  eta: 3 days, 2:44:12  time: 2.229891  data_time: 0.124788  memory: 26549  loss: 0.001027  loss_kpt: 0.001027  acc_pose: 0.635390
08/25 10:10:21 - mmengine - INFO - Epoch(train)   [7][450/586]  lr: 5.000000e-04  eta: 3 days, 2:41:46  time: 2.236603  data_time: 0.132449  memory: 26549  loss: 0.001018  loss_kpt: 0.001018  acc_pose: 0.579969
08/25 10:11:39 - mmengine - INFO - Exp name: WTPose_SwinV2_b_p4_coco_256x192_1k_20230825_073829
08/25 10:12:20 - mmengine - INFO - Epoch(train)   [7][500/586]  lr: 5.000000e-04  eta: 3 days, 2:42:56  time: 2.381296  data_time: 0.197923  memory: 26549  loss: 0.001038  loss_kpt: 0.001038  acc_pose: 0.610048
08/25 10:14:17 - mmengine - INFO - Epoch(train)   [7][550/586]  lr: 5.000000e-04  eta: 3 days, 2:42:57  time: 2.337073  data_time: 0.379459  memory: 26549  loss: 0.001011  loss_kpt: 0.001011  acc_pose: 0.635753
08/25 10:15:34 - mmengine - INFO - Exp name: WTPose_SwinV2_b_p4_coco_256x192_1k_20230825_073829
08/25 10:17:28 - mmengine - INFO - Epoch(train)   [8][ 50/586]  lr: 5.000000e-04  eta: 3 days, 2:38:29  time: 2.285978  data_time: 1.390134  memory: 26549  loss: 0.001028  loss_kpt: 0.001028  acc_pose: 0.607261
08/25 10:19:20 - mmengine - INFO - Epoch(train)   [8][100/586]  lr: 5.000000e-04  eta: 3 days, 2:36:01  time: 2.235327  data_time: 1.647384  memory: 26549  loss: 0.000997  loss_kpt: 0.000997  acc_pose: 0.584584
08/25 10:21:11 - mmengine - INFO - Epoch(train)   [8][150/586]  lr: 5.000000e-04  eta: 3 days, 2:33:15  time: 2.221837  data_time: 1.579717  memory: 26549  loss: 0.001015  loss_kpt: 0.001015  acc_pose: 0.618349
08/25 10:23:03 - mmengine - INFO - Epoch(train)   [8][200/586]  lr: 5.000000e-04  eta: 3 days, 2:30:51  time: 2.236380  data_time: 1.613097  memory: 26549  loss: 0.000994  loss_kpt: 0.000994  acc_pose: 0.689992
08/25 10:24:54 - mmengine - INFO - Epoch(train)   [8][250/586]  lr: 5.000000e-04  eta: 3 days, 2:28:14  time: 2.226471  data_time: 1.561334  memory: 26549  loss: 0.000998  loss_kpt: 0.000998  acc_pose: 0.630449
08/25 10:26:46 - mmengine - INFO - Epoch(train)   [8][300/586]  lr: 5.000000e-04  eta: 3 days, 2:25:58  time: 2.241505  data_time: 1.327210  memory: 26549  loss: 0.001018  loss_kpt: 0.001018  acc_pose: 0.606379
08/25 10:28:39 - mmengine - INFO - Epoch(train)   [8][350/586]  lr: 5.000000e-04  eta: 3 days, 2:23:50  time: 2.247030  data_time: 1.130846  memory: 26549  loss: 0.001012  loss_kpt: 0.001012  acc_pose: 0.565575
08/25 10:30:30 - mmengine - INFO - Epoch(train)   [8][400/586]  lr: 5.000000e-04  eta: 3 days, 2:21:09  time: 2.220884  data_time: 0.843399  memory: 26549  loss: 0.001006  loss_kpt: 0.001006  acc_pose: 0.627808
08/25 10:32:22 - mmengine - INFO - Epoch(train)   [8][450/586]  lr: 5.000000e-04  eta: 3 days, 2:19:04  time: 2.249075  data_time: 0.752812  memory: 26549  loss: 0.000999  loss_kpt: 0.000999  acc_pose: 0.618811
08/25 10:34:14 - mmengine - INFO - Epoch(train)   [8][500/586]  lr: 5.000000e-04  eta: 3 days, 2:16:31  time: 2.225888  data_time: 0.851416  memory: 26549  loss: 0.001005  loss_kpt: 0.001005  acc_pose: 0.555141
08/25 10:36:06 - mmengine - INFO - Epoch(train)   [8][550/586]  lr: 5.000000e-04  eta: 3 days, 2:14:20  time: 2.243586  data_time: 0.650033  memory: 26549  loss: 0.000990  loss_kpt: 0.000990  acc_pose: 0.571662
08/25 10:37:22 - mmengine - INFO - Exp name: WTPose_SwinV2_b_p4_coco_256x192_1k_20230825_073829
08/25 10:39:19 - mmengine - INFO - Epoch(train)   [9][ 50/586]  lr: 5.000000e-04  eta: 3 days, 2:10:42  time: 2.328662  data_time: 0.932857  memory: 26549  loss: 0.000966  loss_kpt: 0.000966  acc_pose: 0.606874
08/25 10:41:11 - mmengine - INFO - Epoch(train)   [9][100/586]  lr: 5.000000e-04  eta: 3 days, 2:08:22  time: 2.235353  data_time: 1.386469  memory: 26549  loss: 0.000987  loss_kpt: 0.000987  acc_pose: 0.631187
08/25 10:43:02 - mmengine - INFO - Epoch(train)   [9][150/586]  lr: 5.000000e-04  eta: 3 days, 2:06:02  time: 2.234430  data_time: 1.551014  memory: 26549  loss: 0.000973  loss_kpt: 0.000973  acc_pose: 0.539952
08/25 10:44:55 - mmengine - INFO - Epoch(train)   [9][200/586]  lr: 5.000000e-04  eta: 3 days, 2:03:53  time: 2.243036  data_time: 1.537880  memory: 26549  loss: 0.000981  loss_kpt: 0.000981  acc_pose: 0.675937
08/25 10:46:46 - mmengine - INFO - Epoch(train)   [9][250/586]  lr: 5.000000e-04  eta: 3 days, 2:01:29  time: 2.229855  data_time: 1.494048  memory: 26549  loss: 0.000982  loss_kpt: 0.000982  acc_pose: 0.515931
08/25 10:48:38 - mmengine - INFO - Epoch(train)   [9][300/586]  lr: 5.000000e-04  eta: 3 days, 1:59:20  time: 2.242694  data_time: 1.174428  memory: 26549  loss: 0.000974  loss_kpt: 0.000974  acc_pose: 0.622264
08/25 10:49:05 - mmengine - INFO - Exp name: WTPose_SwinV2_b_p4_coco_256x192_1k_20230825_073829
08/25 10:50:30 - mmengine - INFO - Epoch(train)   [9][350/586]  lr: 5.000000e-04  eta: 3 days, 1:57:14  time: 2.244849  data_time: 1.237032  memory: 26549  loss: 0.000975  loss_kpt: 0.000975  acc_pose: 0.663531
08/25 10:52:21 - mmengine - INFO - Epoch(train)   [9][400/586]  lr: 5.000000e-04  eta: 3 days, 1:54:28  time: 2.209124  data_time: 1.052366  memory: 26549  loss: 0.000961  loss_kpt: 0.000961  acc_pose: 0.626213
08/25 10:54:14 - mmengine - INFO - Epoch(train)   [9][450/586]  lr: 5.000000e-04  eta: 3 days, 1:52:36  time: 2.256256  data_time: 0.560175  memory: 26549  loss: 0.000970  loss_kpt: 0.000970  acc_pose: 0.580710
08/25 10:56:05 - mmengine - INFO - Epoch(train)   [9][500/586]  lr: 5.000000e-04  eta: 3 days, 1:50:05  time: 2.222077  data_time: 0.760649  memory: 26549  loss: 0.000973  loss_kpt: 0.000973  acc_pose: 0.592723
08/25 10:57:58 - mmengine - INFO - Epoch(train)   [9][550/586]  lr: 5.000000e-04  eta: 3 days, 1:48:22  time: 2.263667  data_time: 0.994386  memory: 26549  loss: 0.000966  loss_kpt: 0.000966  acc_pose: 0.689694
08/25 10:59:14 - mmengine - INFO - Exp name: WTPose_SwinV2_b_p4_coco_256x192_1k_20230825_073829
08/25 11:01:12 - mmengine - INFO - Epoch(train)  [10][ 50/586]  lr: 5.000000e-04  eta: 3 days, 1:45:06  time: 2.351441  data_time: 0.958885  memory: 26549  loss: 0.000949  loss_kpt: 0.000949  acc_pose: 0.654877
08/25 11:03:03 - mmengine - INFO - Epoch(train)  [10][100/586]  lr: 5.000000e-04  eta: 3 days, 1:42:27  time: 2.213359  data_time: 0.232088  memory: 26549  loss: 0.000957  loss_kpt: 0.000957  acc_pose: 0.667352
08/25 11:05:01 - mmengine - INFO - Epoch(train)  [10][150/586]  lr: 5.000000e-04  eta: 3 days, 1:42:35  time: 2.365572  data_time: 1.340828  memory: 26549  loss: 0.000971  loss_kpt: 0.000971  acc_pose: 0.618743
08/25 11:06:51 - mmengine - INFO - Epoch(train)  [10][200/586]  lr: 5.000000e-04  eta: 3 days, 1:39:50  time: 2.207599  data_time: 1.478408  memory: 26549  loss: 0.000956  loss_kpt: 0.000956  acc_pose: 0.644013
08/25 11:08:43 - mmengine - INFO - Epoch(train)  [10][250/586]  lr: 5.000000e-04  eta: 3 days, 1:37:34  time: 2.233469  data_time: 1.157844  memory: 26549  loss: 0.000955  loss_kpt: 0.000955  acc_pose: 0.675393
08/25 11:10:35 - mmengine - INFO - Epoch(train)  [10][300/586]  lr: 5.000000e-04  eta: 3 days, 1:35:29  time: 2.243617  data_time: 0.477135  memory: 26549  loss: 0.000945  loss_kpt: 0.000945  acc_pose: 0.662835
08/25 11:12:27 - mmengine - INFO - Epoch(train)  [10][350/586]  lr: 5.000000e-04  eta: 3 days, 1:33:20  time: 2.238851  data_time: 0.470385  memory: 26549  loss: 0.000951  loss_kpt: 0.000951  acc_pose: 0.562428
08/25 11:14:22 - mmengine - INFO - Epoch(train)  [10][400/586]  lr: 5.000000e-04  eta: 3 days, 1:32:10  time: 2.296459  data_time: 0.330823  memory: 26549  loss: 0.000937  loss_kpt: 0.000937  acc_pose: 0.513578
08/25 11:16:14 - mmengine - INFO - Epoch(train)  [10][450/586]  lr: 5.000000e-04  eta: 3 days, 1:29:56  time: 2.234676  data_time: 0.185232  memory: 26549  loss: 0.000943  loss_kpt: 0.000943  acc_pose: 0.648565
