09/12 20:27:27 - mmengine - INFO - 
------------------------------------------------------------
System environment:
    sys.platform: linux
    Python: 3.8.17 (default, Jul  5 2023, 21:04:15) [GCC 11.2.0]
    CUDA available: True
    numpy_random_seed: 1707914509
    GPU 0,1: NVIDIA A100-PCIE-40GB
    CUDA_HOME: None
    GCC: n/a
    PyTorch: 1.11.0
    PyTorch compiling details: PyTorch built with:
  - GCC 7.3
  - C++ Version: 201402
  - Intel(R) oneAPI Math Kernel Library Version 2023.1-Product Build 20230303 for Intel(R) 64 architecture applications
  - Intel(R) MKL-DNN v2.5.2 (Git Hash a9302535553c73243c632ad3c4c80beec3d19a1e)
  - OpenMP 201511 (a.k.a. OpenMP 4.5)
  - LAPACK is enabled (usually provided by MKL)
  - NNPACK is enabled
  - CPU capability usage: AVX2
  - CUDA Runtime 11.3
  - NVCC architecture flags: -gencode;arch=compute_37,code=sm_37;-gencode;arch=compute_50,code=sm_50;-gencode;arch=compute_60,code=sm_60;-gencode;arch=compute_61,code=sm_61;-gencode;arch=compute_70,code=sm_70;-gencode;arch=compute_75,code=sm_75;-gencode;arch=compute_80,code=sm_80;-gencode;arch=compute_86,code=sm_86;-gencode;arch=compute_37,code=compute_37
  - CuDNN 8.2
  - Magma 2.5.2
  - Build settings: BLAS_INFO=mkl, BUILD_TYPE=Release, CUDA_VERSION=11.3, CUDNN_VERSION=8.2.0, CXX_COMPILER=/opt/rh/devtoolset-7/root/usr/bin/c++, CXX_FLAGS= -Wno-deprecated -fvisibility-inlines-hidden -DUSE_PTHREADPOOL -fopenmp -DNDEBUG -DUSE_KINETO -DUSE_FBGEMM -DUSE_QNNPACK -DUSE_PYTORCH_QNNPACK -DUSE_XNNPACK -DSYMBOLICATE_MOBILE_DEBUG_HANDLE -DEDGE_PROFILER_USE_KINETO -O2 -fPIC -Wno-narrowing -Wall -Wextra -Werror=return-type -Wno-missing-field-initializers -Wno-type-limits -Wno-array-bounds -Wno-unknown-pragmas -Wno-sign-compare -Wno-unused-parameter -Wno-unused-function -Wno-unused-result -Wno-unused-local-typedefs -Wno-strict-overflow -Wno-strict-aliasing -Wno-error=deprecated-declarations -Wno-stringop-overflow -Wno-psabi -Wno-error=pedantic -Wno-error=redundant-decls -Wno-error=old-style-cast -fdiagnostics-color=always -faligned-new -Wno-unused-but-set-variable -Wno-maybe-uninitialized -fno-math-errno -fno-trapping-math -Werror=format -Wno-stringop-overflow, LAPACK_INFO=mkl, PERF_WITH_AVX=1, PERF_WITH_AVX2=1, PERF_WITH_AVX512=1, TORCH_VERSION=1.11.0, USE_CUDA=ON, USE_CUDNN=ON, USE_EXCEPTION_PTR=1, USE_GFLAGS=OFF, USE_GLOG=OFF, USE_MKL=ON, USE_MKLDNN=OFF, USE_MPI=OFF, USE_NCCL=ON, USE_NNPACK=ON, USE_OPENMP=ON, USE_ROCM=OFF, 

    TorchVision: 0.12.0
    OpenCV: 4.8.0
    MMEngine: 0.8.3

Runtime environment:
    cudnn_benchmark: False
    mp_cfg: {'mp_start_method': 'fork', 'opencv_num_threads': 0}
    dist_cfg: {'backend': 'nccl'}
    seed: 1707914509
    Distributed launcher: pytorch
    Distributed training: True
    GPU number: 2
------------------------------------------------------------

09/12 20:27:27 - mmengine - INFO - Config:
auto_scale_lr = dict(base_batch_size=256)
backend_args = dict(backend='local')
codec = dict(
    heatmap_size=(
        64,
        64,
    ),
    input_size=(
        256,
        256,
    ),
    sigma=2,
    type='MSRAHeatmap')
custom_hooks = [
    dict(type='SyncBuffersHook'),
]
data_mode = 'topdown'
data_root = 'data/coco/'
dataset_type = 'CocoDataset'
default_hooks = dict(
    checkpoint=dict(
        interval=10,
        rule='greater',
        save_best='coco/AP',
        type='CheckpointHook'),
    logger=dict(interval=50, type='LoggerHook'),
    param_scheduler=dict(type='ParamSchedulerHook'),
    sampler_seed=dict(type='DistSamplerSeedHook'),
    timer=dict(type='IterTimerHook'),
    visualization=dict(enable=False, type='PoseVisualizationHook'))
default_scope = 'mmpose'
env_cfg = dict(
    cudnn_benchmark=False,
    dist_cfg=dict(backend='nccl'),
    mp_cfg=dict(mp_start_method='fork', opencv_num_threads=0))
launcher = 'pytorch'
load_from = None
log_level = 'INFO'
log_processor = dict(
    by_epoch=True, num_digits=6, type='LogProcessor', window_size=50)
model = dict(
    backbone=dict(
        arch='base',
        drop_path_rate=0.3,
        init_cfg=dict(
            checkpoint=
            '/home/nr4325/Desktop/Pose4/mmpose/ImageNet_pretrained_model/resnet101_swinv2_b.pth',
            type='Pretrained'),
        type='wtSwinV2',
        wtm_dilations=[
            2,
            1,
            4,
            1,
            6,
            1,
            8,
            1,
        ],
        wtm_dim=128,
        wtm_in_dim=1920,
        wtm_kernel_size=7,
        wtm_low_level_dim=256,
        wtm_num_heads=[
            8,
            8,
            8,
            8,
        ],
        wtm_out_dim=128,
        wtm_reduction=32,
        wtm_size=(
            64,
            64,
        )),
    data_preprocessor=dict(
        bgr_to_rgb=True,
        mean=[
            123.675,
            116.28,
            103.53,
        ],
        std=[
            58.395,
            57.12,
            57.375,
        ],
        type='PoseDataPreprocessor'),
    head=dict(
        conv_out_channels=False,
        decoder=dict(
            heatmap_size=(
                64,
                64,
            ),
            input_size=(
                256,
                256,
            ),
            sigma=2,
            type='MSRAHeatmap'),
        deconv_out_channels=False,
        in_channels=128,
        loss=dict(type='KeypointMSELoss', use_target_weight=True),
        out_channels=17,
        type='HeatmapHeadWTPose'),
    test_cfg=dict(flip_mode='heatmap', flip_test=True, shift_heatmap=True),
    type='TopdownPoseEstimator')
norm_cfg = dict(requires_grad=True, type='SyncBN')
optim_wrapper = dict(optimizer=dict(lr=0.0005, type='Adam'))
param_scheduler = [
    dict(
        begin=0, by_epoch=False, end=500, start_factor=0.001, type='LinearLR'),
    dict(
        begin=0,
        by_epoch=True,
        end=210,
        gamma=0.1,
        milestones=[
            170,
            200,
        ],
        type='MultiStepLR'),
]
resume = False
test_cfg = dict()
test_dataloader = dict(
    batch_size=32,
    dataset=dict(
        ann_file='annotations/person_keypoints_val2017.json',
        bbox_file=
        'data/coco/person_detection_results/COCO_val2017_detections_AP_H_56_person.json',
        data_mode='topdown',
        data_prefix=dict(img='val2017/'),
        data_root='data/coco/',
        pipeline=[
            dict(type='LoadImage'),
            dict(type='GetBBoxCenterScale'),
            dict(input_size=(
                256,
                256,
            ), type='TopdownAffine'),
            dict(type='PackPoseInputs'),
        ],
        test_mode=True,
        type='CocoDataset'),
    drop_last=False,
    num_workers=2,
    persistent_workers=True,
    sampler=dict(round_up=False, shuffle=False, type='DefaultSampler'))
test_evaluator = dict(
    ann_file='data/coco/annotations/person_keypoints_val2017.json',
    type='CocoMetric')
train_cfg = dict(by_epoch=True, max_epochs=210, val_interval=10)
train_dataloader = dict(
    batch_size=32,
    dataset=dict(
        ann_file='annotations/person_keypoints_train2017.json',
        data_mode='topdown',
        data_prefix=dict(img='train2017/'),
        data_root='data/coco/',
        pipeline=[
            dict(type='LoadImage'),
            dict(type='GetBBoxCenterScale'),
            dict(direction='horizontal', type='RandomFlip'),
            dict(type='RandomHalfBody'),
            dict(type='RandomBBoxTransform'),
            dict(input_size=(
                256,
                256,
            ), type='TopdownAffine'),
            dict(
                encoder=dict(
                    heatmap_size=(
                        64,
                        64,
                    ),
                    input_size=(
                        256,
                        256,
                    ),
                    sigma=2,
                    type='MSRAHeatmap'),
                type='GenerateTarget'),
            dict(type='PackPoseInputs'),
        ],
        type='CocoDataset'),
    num_workers=2,
    persistent_workers=True,
    sampler=dict(shuffle=True, type='DefaultSampler'))
train_pipeline = [
    dict(type='LoadImage'),
    dict(type='GetBBoxCenterScale'),
    dict(direction='horizontal', type='RandomFlip'),
    dict(type='RandomHalfBody'),
    dict(type='RandomBBoxTransform'),
    dict(input_size=(
        256,
        256,
    ), type='TopdownAffine'),
    dict(
        encoder=dict(
            heatmap_size=(
                64,
                64,
            ),
            input_size=(
                256,
                256,
            ),
            sigma=2,
            type='MSRAHeatmap'),
        type='GenerateTarget'),
    dict(type='PackPoseInputs'),
]
val_cfg = dict()
val_dataloader = dict(
    batch_size=32,
    dataset=dict(
        ann_file='annotations/person_keypoints_val2017.json',
        bbox_file=
        'data/coco/person_detection_results/COCO_val2017_detections_AP_H_56_person.json',
        data_mode='topdown',
        data_prefix=dict(img='val2017/'),
        data_root='data/coco/',
        pipeline=[
            dict(type='LoadImage'),
            dict(type='GetBBoxCenterScale'),
            dict(input_size=(
                256,
                256,
            ), type='TopdownAffine'),
            dict(type='PackPoseInputs'),
        ],
        test_mode=True,
        type='CocoDataset'),
    drop_last=False,
    num_workers=2,
    persistent_workers=True,
    sampler=dict(round_up=False, shuffle=False, type='DefaultSampler'))
val_evaluator = dict(
    ann_file='data/coco/annotations/person_keypoints_val2017.json',
    type='CocoMetric')
val_pipeline = [
    dict(type='LoadImage'),
    dict(type='GetBBoxCenterScale'),
    dict(input_size=(
        256,
        256,
    ), type='TopdownAffine'),
    dict(type='PackPoseInputs'),
]
vis_backends = [
    dict(type='LocalVisBackend'),
]
visualizer = dict(
    name='visualizer',
    type='PoseLocalVisualizer',
    vis_backends=[
        dict(type='LocalVisBackend'),
    ])
work_dir = './work_dirs/aa_WTPose_SwinV2_b_w8_coco_256x256_1k'

09/12 20:27:29 - mmengine - INFO - Hooks will be executed in the following order:
before_run:
(VERY_HIGH   ) RuntimeInfoHook                    
(BELOW_NORMAL) LoggerHook                         
 -------------------- 
before_train:
(VERY_HIGH   ) RuntimeInfoHook                    
(NORMAL      ) IterTimerHook                      
(VERY_LOW    ) CheckpointHook                     
 -------------------- 
before_train_epoch:
(VERY_HIGH   ) RuntimeInfoHook                    
(NORMAL      ) IterTimerHook                      
(NORMAL      ) DistSamplerSeedHook                
 -------------------- 
before_train_iter:
(VERY_HIGH   ) RuntimeInfoHook                    
(NORMAL      ) IterTimerHook                      
 -------------------- 
after_train_iter:
(VERY_HIGH   ) RuntimeInfoHook                    
(NORMAL      ) IterTimerHook                      
(BELOW_NORMAL) LoggerHook                         
(LOW         ) ParamSchedulerHook                 
(VERY_LOW    ) CheckpointHook                     
 -------------------- 
after_train_epoch:
(NORMAL      ) IterTimerHook                      
(NORMAL      ) SyncBuffersHook                    
(LOW         ) ParamSchedulerHook                 
(VERY_LOW    ) CheckpointHook                     
 -------------------- 
before_val:
(VERY_HIGH   ) RuntimeInfoHook                    
 -------------------- 
before_val_epoch:
(NORMAL      ) IterTimerHook                      
(NORMAL      ) SyncBuffersHook                    
 -------------------- 
before_val_iter:
(NORMAL      ) IterTimerHook                      
 -------------------- 
after_val_iter:
(NORMAL      ) IterTimerHook                      
(NORMAL      ) PoseVisualizationHook              
(BELOW_NORMAL) LoggerHook                         
 -------------------- 
after_val_epoch:
(VERY_HIGH   ) RuntimeInfoHook                    
(NORMAL      ) IterTimerHook                      
(BELOW_NORMAL) LoggerHook                         
(LOW         ) ParamSchedulerHook                 
(VERY_LOW    ) CheckpointHook                     
 -------------------- 
after_val:
(VERY_HIGH   ) RuntimeInfoHook                    
 -------------------- 
after_train:
(VERY_HIGH   ) RuntimeInfoHook                    
(VERY_LOW    ) CheckpointHook                     
 -------------------- 
before_test:
(VERY_HIGH   ) RuntimeInfoHook                    
 -------------------- 
before_test_epoch:
(NORMAL      ) IterTimerHook                      
 -------------------- 
before_test_iter:
(NORMAL      ) IterTimerHook                      
 -------------------- 
after_test_iter:
(NORMAL      ) IterTimerHook                      
(NORMAL      ) PoseVisualizationHook              
(BELOW_NORMAL) LoggerHook                         
 -------------------- 
after_test_epoch:
(VERY_HIGH   ) RuntimeInfoHook                    
(NORMAL      ) IterTimerHook                      
(BELOW_NORMAL) LoggerHook                         
 -------------------- 
after_test:
(VERY_HIGH   ) RuntimeInfoHook                    
 -------------------- 
after_run:
(BELOW_NORMAL) LoggerHook                         
 -------------------- 
loading annotations into memory...
loading annotations into memory...
Done (t=6.68s)
creating index...
Done (t=7.19s)
creating index...
index created!
index created!
loading annotations into memory...
Done (t=0.18s)
creating index...
index created!
loading annotations into memory...
Done (t=0.18s)
creating index...
index created!
loading annotations into memory...
Done (t=0.18s)
creating index...
index created!
09/12 20:28:26 - mmengine - INFO - load model from: /home/nr4325/Desktop/Pose4/mmpose/ImageNet_pretrained_model/resnet101_swinv2_b.pth
09/12 20:28:26 - mmengine - INFO - Loads checkpoint by local backend from path: /home/nr4325/Desktop/Pose4/mmpose/ImageNet_pretrained_model/resnet101_swinv2_b.pth
09/12 20:28:28 - mmengine - INFO - Delete `relative_position_index` and `relative_coords_table` since we always re-init these params according to the `window_size`, which might cause unwanted but unworried warnings when loading checkpoint.
09/12 20:28:28 - mmengine - WARNING - The model and loaded state dict do not match exactly

unexpected key in source state_dict: patch_embed.projection.weight, patch_embed.projection.bias, patch_embed.norm.weight, patch_embed.norm.bias, head.fc.weight, head.fc.bias

missing keys in source state_dict: stages.0.blocks.0.attn.w_msa.relative_coords_table, stages.0.blocks.0.attn.w_msa.relative_position_index, stages.0.blocks.1.attn.w_msa.relative_coords_table, stages.0.blocks.1.attn.w_msa.relative_position_index, stages.1.blocks.0.attn.w_msa.relative_coords_table, stages.1.blocks.0.attn.w_msa.relative_position_index, stages.1.blocks.1.attn.w_msa.relative_coords_table, stages.1.blocks.1.attn.w_msa.relative_position_index, stages.2.blocks.0.attn.w_msa.relative_coords_table, stages.2.blocks.0.attn.w_msa.relative_position_index, stages.2.blocks.1.attn.w_msa.relative_coords_table, stages.2.blocks.1.attn.w_msa.relative_position_index, stages.2.blocks.2.attn.w_msa.relative_coords_table, stages.2.blocks.2.attn.w_msa.relative_position_index, stages.2.blocks.3.attn.w_msa.relative_coords_table, stages.2.blocks.3.attn.w_msa.relative_position_index, stages.2.blocks.4.attn.w_msa.relative_coords_table, stages.2.blocks.4.attn.w_msa.relative_position_index, stages.2.blocks.5.attn.w_msa.relative_coords_table, stages.2.blocks.5.attn.w_msa.relative_position_index, stages.2.blocks.6.attn.w_msa.relative_coords_table, stages.2.blocks.6.attn.w_msa.relative_position_index, stages.2.blocks.7.attn.w_msa.relative_coords_table, stages.2.blocks.7.attn.w_msa.relative_position_index, stages.2.blocks.8.attn.w_msa.relative_coords_table, stages.2.blocks.8.attn.w_msa.relative_position_index, stages.2.blocks.9.attn.w_msa.relative_coords_table, stages.2.blocks.9.attn.w_msa.relative_position_index, stages.2.blocks.10.attn.w_msa.relative_coords_table, stages.2.blocks.10.attn.w_msa.relative_position_index, stages.2.blocks.11.attn.w_msa.relative_coords_table, stages.2.blocks.11.attn.w_msa.relative_position_index, stages.2.blocks.12.attn.w_msa.relative_coords_table, stages.2.blocks.12.attn.w_msa.relative_position_index, stages.2.blocks.13.attn.w_msa.relative_coords_table, stages.2.blocks.13.attn.w_msa.relative_position_index, stages.2.blocks.14.attn.w_msa.relative_coords_table, stages.2.blocks.14.attn.w_msa.relative_position_index, stages.2.blocks.15.attn.w_msa.relative_coords_table, stages.2.blocks.15.attn.w_msa.relative_position_index, stages.2.blocks.16.attn.w_msa.relative_coords_table, stages.2.blocks.16.attn.w_msa.relative_position_index, stages.2.blocks.17.attn.w_msa.relative_coords_table, stages.2.blocks.17.attn.w_msa.relative_position_index, stages.3.blocks.0.attn.w_msa.relative_coords_table, stages.3.blocks.0.attn.w_msa.relative_position_index, stages.3.blocks.1.attn.w_msa.relative_coords_table, stages.3.blocks.1.attn.w_msa.relative_position_index, norm0.weight, norm0.bias, norm1.weight, norm1.bias, norm2.weight, norm2.bias, resnet.stem.0.conv.weight, resnet.stem.0.bn.weight, resnet.stem.0.bn.bias, resnet.stem.0.bn.running_mean, resnet.stem.0.bn.running_var, resnet.stem.1.conv.weight, resnet.stem.1.bn.weight, resnet.stem.1.bn.bias, resnet.stem.1.bn.running_mean, resnet.stem.1.bn.running_var, wtm.wtm1_0.gamma1, wtm.wtm1_0.gamma2, wtm.wtm1_0.norm1.weight, wtm.wtm1_0.norm1.bias, wtm.wtm1_0.attn.rpb, wtm.wtm1_0.attn.qkv.weight, wtm.wtm1_0.attn.qkv.bias, wtm.wtm1_0.attn.proj.weight, wtm.wtm1_0.attn.proj.bias, wtm.wtm1_0.norm2.weight, wtm.wtm1_0.norm2.bias, wtm.wtm1_0.mlp.fc1.weight, wtm.wtm1_0.mlp.fc1.bias, wtm.wtm1_0.mlp.fc2.weight, wtm.wtm1_0.mlp.fc2.bias, wtm.wtm1_1.gamma1, wtm.wtm1_1.gamma2, wtm.wtm1_1.norm1.weight, wtm.wtm1_1.norm1.bias, wtm.wtm1_1.attn.rpb, wtm.wtm1_1.attn.qkv.weight, wtm.wtm1_1.attn.qkv.bias, wtm.wtm1_1.attn.proj.weight, wtm.wtm1_1.attn.proj.bias, wtm.wtm1_1.norm2.weight, wtm.wtm1_1.norm2.bias, wtm.wtm1_1.mlp.fc1.weight, wtm.wtm1_1.mlp.fc1.bias, wtm.wtm1_1.mlp.fc2.weight, wtm.wtm1_1.mlp.fc2.bias, wtm.wtm2_0.gamma1, wtm.wtm2_0.gamma2, wtm.wtm2_0.norm1.weight, wtm.wtm2_0.norm1.bias, wtm.wtm2_0.attn.rpb, wtm.wtm2_0.attn.qkv.weight, wtm.wtm2_0.attn.qkv.bias, wtm.wtm2_0.attn.proj.weight, wtm.wtm2_0.attn.proj.bias, wtm.wtm2_0.norm2.weight, wtm.wtm2_0.norm2.bias, wtm.wtm2_0.mlp.fc1.weight, wtm.wtm2_0.mlp.fc1.bias, wtm.wtm2_0.mlp.fc2.weight, wtm.wtm2_0.mlp.fc2.bias, wtm.wtm2_1.gamma1, wtm.wtm2_1.gamma2, wtm.wtm2_1.norm1.weight, wtm.wtm2_1.norm1.bias, wtm.wtm2_1.attn.rpb, wtm.wtm2_1.attn.qkv.weight, wtm.wtm2_1.attn.qkv.bias, wtm.wtm2_1.attn.proj.weight, wtm.wtm2_1.attn.proj.bias, wtm.wtm2_1.norm2.weight, wtm.wtm2_1.norm2.bias, wtm.wtm2_1.mlp.fc1.weight, wtm.wtm2_1.mlp.fc1.bias, wtm.wtm2_1.mlp.fc2.weight, wtm.wtm2_1.mlp.fc2.bias, wtm.wtm3_0.gamma1, wtm.wtm3_0.gamma2, wtm.wtm3_0.norm1.weight, wtm.wtm3_0.norm1.bias, wtm.wtm3_0.attn.rpb, wtm.wtm3_0.attn.qkv.weight, wtm.wtm3_0.attn.qkv.bias, wtm.wtm3_0.attn.proj.weight, wtm.wtm3_0.attn.proj.bias, wtm.wtm3_0.norm2.weight, wtm.wtm3_0.norm2.bias, wtm.wtm3_0.mlp.fc1.weight, wtm.wtm3_0.mlp.fc1.bias, wtm.wtm3_0.mlp.fc2.weight, wtm.wtm3_0.mlp.fc2.bias, wtm.wtm3_1.gamma1, wtm.wtm3_1.gamma2, wtm.wtm3_1.norm1.weight, wtm.wtm3_1.norm1.bias, wtm.wtm3_1.attn.rpb, wtm.wtm3_1.attn.qkv.weight, wtm.wtm3_1.attn.qkv.bias, wtm.wtm3_1.attn.proj.weight, wtm.wtm3_1.attn.proj.bias, wtm.wtm3_1.norm2.weight, wtm.wtm3_1.norm2.bias, wtm.wtm3_1.mlp.fc1.weight, wtm.wtm3_1.mlp.fc1.bias, wtm.wtm3_1.mlp.fc2.weight, wtm.wtm3_1.mlp.fc2.bias, wtm.wtm4_0.gamma1, wtm.wtm4_0.gamma2, wtm.wtm4_0.norm1.weight, wtm.wtm4_0.norm1.bias, wtm.wtm4_0.attn.rpb, wtm.wtm4_0.attn.qkv.weight, wtm.wtm4_0.attn.qkv.bias, wtm.wtm4_0.attn.proj.weight, wtm.wtm4_0.attn.proj.bias, wtm.wtm4_0.norm2.weight, wtm.wtm4_0.norm2.bias, wtm.wtm4_0.mlp.fc1.weight, wtm.wtm4_0.mlp.fc1.bias, wtm.wtm4_0.mlp.fc2.weight, wtm.wtm4_0.mlp.fc2.bias, wtm.wtm4_1.gamma1, wtm.wtm4_1.gamma2, wtm.wtm4_1.norm1.weight, wtm.wtm4_1.norm1.bias, wtm.wtm4_1.attn.rpb, wtm.wtm4_1.attn.qkv.weight, wtm.wtm4_1.attn.qkv.bias, wtm.wtm4_1.attn.proj.weight, wtm.wtm4_1.attn.proj.bias, wtm.wtm4_1.norm2.weight, wtm.wtm4_1.norm2.bias, wtm.wtm4_1.mlp.fc1.weight, wtm.wtm4_1.mlp.fc1.bias, wtm.wtm4_1.mlp.fc2.weight, wtm.wtm4_1.mlp.fc2.bias, wtm.global_avg_pool.1.weight, wtm.global_avg_pool.2.weight, wtm.global_avg_pool.2.bias, wtm.global_avg_pool.2.running_mean, wtm.global_avg_pool.2.running_var, wtm.conv1.weight, wtm.bn1.weight, wtm.bn1.bias, wtm.bn1.running_mean, wtm.bn1.running_var, wtm.conv2.weight, wtm.bn2.weight, wtm.bn2.bias, wtm.bn2.running_mean, wtm.bn2.running_var, wtm.low.weight, wtm.bn_low.weight, wtm.bn_low.bias, wtm.bn_low.running_mean, wtm.bn_low.running_var, wtm.last_conv.0.weight, wtm.last_conv.1.weight, wtm.last_conv.1.bias, wtm.last_conv.1.running_mean, wtm.last_conv.1.running_var, wtm.last_conv.3.weight, wtm.last_conv.4.weight, wtm.last_conv.4.bias, wtm.last_conv.4.running_mean, wtm.last_conv.4.running_var, conv3.weight, bn3.weight, bn3.bias, bn3.running_mean, bn3.running_var

09/12 20:28:28 - mmengine - WARNING - "FileClient" will be deprecated in future. Please use io functions in https://mmengine.readthedocs.io/en/latest/api/fileio.html#file-io
09/12 20:28:28 - mmengine - WARNING - "HardDiskBackend" is the alias of "LocalBackend" and the former will be deprecated in future.
09/12 20:28:28 - mmengine - INFO - Checkpoints will be saved to /home/nr4325/Desktop/Pose4/mmpose/work_dirs/aa_WTPose_SwinV2_b_w8_coco_256x256_1k.
loading annotations into memory...
Done (t=0.17s)
creating index...
index created!
09/12 20:29:13 - mmengine - INFO - Epoch(train)   [1][  50/2341]  lr: 4.954910e-05  eta: 5 days, 0:58:10  time: 0.885936  data_time: 0.190594  memory: 29118  loss: 0.001743  loss_kpt: 0.001743  acc_pose: 0.061397
09/12 20:29:51 - mmengine - INFO - Epoch(train)   [1][ 100/2341]  lr: 9.959920e-05  eta: 4 days, 15:58:34  time: 0.754377  data_time: 0.119220  memory: 29118  loss: 0.001620  loss_kpt: 0.001620  acc_pose: 0.163428
09/12 20:30:28 - mmengine - INFO - Epoch(train)   [1][ 150/2341]  lr: 1.496493e-04  eta: 4 days, 12:40:14  time: 0.747761  data_time: 0.118212  memory: 29118  loss: 0.001542  loss_kpt: 0.001542  acc_pose: 0.240553
09/12 20:31:06 - mmengine - INFO - Epoch(train)   [1][ 200/2341]  lr: 1.996994e-04  eta: 4 days, 11:10:42  time: 0.752621  data_time: 0.119771  memory: 29118  loss: 0.001471  loss_kpt: 0.001471  acc_pose: 0.281387
09/12 20:31:43 - mmengine - INFO - Epoch(train)   [1][ 250/2341]  lr: 2.497495e-04  eta: 4 days, 10:26:13  time: 0.758413  data_time: 0.128010  memory: 29118  loss: 0.001451  loss_kpt: 0.001451  acc_pose: 0.417652
09/12 20:32:21 - mmengine - INFO - Epoch(train)   [1][ 300/2341]  lr: 2.997996e-04  eta: 4 days, 9:49:39  time: 0.753506  data_time: 0.124720  memory: 29118  loss: 0.001363  loss_kpt: 0.001363  acc_pose: 0.411407
09/12 20:32:59 - mmengine - INFO - Epoch(train)   [1][ 350/2341]  lr: 3.498497e-04  eta: 4 days, 9:34:52  time: 0.763347  data_time: 0.116737  memory: 29118  loss: 0.001337  loss_kpt: 0.001337  acc_pose: 0.344597
09/12 20:33:37 - mmengine - INFO - Epoch(train)   [1][ 400/2341]  lr: 3.998998e-04  eta: 4 days, 9:16:42  time: 0.756594  data_time: 0.118322  memory: 29118  loss: 0.001327  loss_kpt: 0.001327  acc_pose: 0.488616
09/12 20:34:16 - mmengine - INFO - Epoch(train)   [1][ 450/2341]  lr: 4.499499e-04  eta: 4 days, 9:13:11  time: 0.768413  data_time: 0.127898  memory: 29118  loss: 0.001278  loss_kpt: 0.001278  acc_pose: 0.420193
09/12 20:34:54 - mmengine - INFO - Epoch(train)   [1][ 500/2341]  lr: 5.000000e-04  eta: 4 days, 9:18:01  time: 0.777904  data_time: 0.143496  memory: 29118  loss: 0.001285  loss_kpt: 0.001285  acc_pose: 0.512803
09/12 20:35:33 - mmengine - INFO - Epoch(train)   [1][ 550/2341]  lr: 5.000000e-04  eta: 4 days, 9:22:33  time: 0.778851  data_time: 0.132446  memory: 29118  loss: 0.001246  loss_kpt: 0.001246  acc_pose: 0.490881
09/12 20:36:11 - mmengine - INFO - Epoch(train)   [1][ 600/2341]  lr: 5.000000e-04  eta: 4 days, 9:12:48  time: 0.759155  data_time: 0.120487  memory: 29118  loss: 0.001190  loss_kpt: 0.001190  acc_pose: 0.428260
09/12 20:36:50 - mmengine - INFO - Epoch(train)   [1][ 650/2341]  lr: 5.000000e-04  eta: 4 days, 9:08:32  time: 0.765647  data_time: 0.126500  memory: 29118  loss: 0.001213  loss_kpt: 0.001213  acc_pose: 0.520419
09/12 20:37:28 - mmengine - INFO - Epoch(train)   [1][ 700/2341]  lr: 5.000000e-04  eta: 4 days, 9:10:42  time: 0.775786  data_time: 0.119491  memory: 29118  loss: 0.001196  loss_kpt: 0.001196  acc_pose: 0.485345
09/12 20:38:07 - mmengine - INFO - Epoch(train)   [1][ 750/2341]  lr: 5.000000e-04  eta: 4 days, 9:13:09  time: 0.776969  data_time: 0.138318  memory: 29118  loss: 0.001173  loss_kpt: 0.001173  acc_pose: 0.489912
09/12 20:38:46 - mmengine - INFO - Epoch(train)   [1][ 800/2341]  lr: 5.000000e-04  eta: 4 days, 9:14:04  time: 0.774753  data_time: 0.140014  memory: 29118  loss: 0.001125  loss_kpt: 0.001125  acc_pose: 0.650126
09/12 20:39:24 - mmengine - INFO - Epoch(train)   [1][ 850/2341]  lr: 5.000000e-04  eta: 4 days, 9:07:47  time: 0.760126  data_time: 0.123771  memory: 29118  loss: 0.001119  loss_kpt: 0.001119  acc_pose: 0.560838
09/12 20:40:02 - mmengine - INFO - Epoch(train)   [1][ 900/2341]  lr: 5.000000e-04  eta: 4 days, 9:02:05  time: 0.760068  data_time: 0.124325  memory: 29118  loss: 0.001119  loss_kpt: 0.001119  acc_pose: 0.565109
09/12 20:40:40 - mmengine - INFO - Epoch(train)   [1][ 950/2341]  lr: 5.000000e-04  eta: 4 days, 8:56:14  time: 0.758464  data_time: 0.121969  memory: 29118  loss: 0.001114  loss_kpt: 0.001114  acc_pose: 0.530881
09/12 20:41:18 - mmengine - INFO - Exp name: aa_WTPose_SwinV2_b_w8_coco_256x256_1k_20230912_202722
09/12 20:41:18 - mmengine - INFO - Epoch(train)   [1][1000/2341]  lr: 5.000000e-04  eta: 4 days, 8:48:00  time: 0.751355  data_time: 0.117382  memory: 29118  loss: 0.001098  loss_kpt: 0.001098  acc_pose: 0.470121
09/12 20:41:55 - mmengine - INFO - Epoch(train)   [1][1050/2341]  lr: 5.000000e-04  eta: 4 days, 8:43:36  time: 0.759362  data_time: 0.123936  memory: 29118  loss: 0.001076  loss_kpt: 0.001076  acc_pose: 0.604779
09/12 20:42:34 - mmengine - INFO - Epoch(train)   [1][1100/2341]  lr: 5.000000e-04  eta: 4 days, 8:43:02  time: 0.768753  data_time: 0.123867  memory: 29118  loss: 0.001088  loss_kpt: 0.001088  acc_pose: 0.636233
09/12 20:43:13 - mmengine - INFO - Epoch(train)   [1][1150/2341]  lr: 5.000000e-04  eta: 4 days, 8:44:24  time: 0.774170  data_time: 0.125449  memory: 29118  loss: 0.001089  loss_kpt: 0.001089  acc_pose: 0.601263
09/12 20:43:51 - mmengine - INFO - Epoch(train)   [1][1200/2341]  lr: 5.000000e-04  eta: 4 days, 8:40:07  time: 0.758129  data_time: 0.119714  memory: 29118  loss: 0.001073  loss_kpt: 0.001073  acc_pose: 0.586140
09/12 20:44:29 - mmengine - INFO - Epoch(train)   [1][1250/2341]  lr: 5.000000e-04  eta: 4 days, 8:41:10  time: 0.773534  data_time: 0.118946  memory: 29118  loss: 0.001052  loss_kpt: 0.001052  acc_pose: 0.666110
09/12 20:45:08 - mmengine - INFO - Epoch(train)   [1][1300/2341]  lr: 5.000000e-04  eta: 4 days, 8:39:49  time: 0.766293  data_time: 0.125340  memory: 29118  loss: 0.001043  loss_kpt: 0.001043  acc_pose: 0.617521
09/12 20:45:46 - mmengine - INFO - Epoch(train)   [1][1350/2341]  lr: 5.000000e-04  eta: 4 days, 8:38:14  time: 0.765361  data_time: 0.128556  memory: 29118  loss: 0.001056  loss_kpt: 0.001056  acc_pose: 0.506597
09/12 20:46:24 - mmengine - INFO - Epoch(train)   [1][1400/2341]  lr: 5.000000e-04  eta: 4 days, 8:36:03  time: 0.763060  data_time: 0.128153  memory: 29118  loss: 0.001062  loss_kpt: 0.001062  acc_pose: 0.572327
09/12 20:47:02 - mmengine - INFO - Epoch(train)   [1][1450/2341]  lr: 5.000000e-04  eta: 4 days, 8:34:42  time: 0.765653  data_time: 0.129262  memory: 29118  loss: 0.001031  loss_kpt: 0.001031  acc_pose: 0.613629
09/12 20:47:40 - mmengine - INFO - Epoch(train)   [1][1500/2341]  lr: 5.000000e-04  eta: 4 days, 8:31:47  time: 0.759694  data_time: 0.126517  memory: 29118  loss: 0.001043  loss_kpt: 0.001043  acc_pose: 0.593283
09/12 20:48:18 - mmengine - INFO - Epoch(train)   [1][1550/2341]  lr: 5.000000e-04  eta: 4 days, 8:30:19  time: 0.764655  data_time: 0.128665  memory: 29118  loss: 0.001055  loss_kpt: 0.001055  acc_pose: 0.649074
09/12 20:48:56 - mmengine - INFO - Epoch(train)   [1][1600/2341]  lr: 5.000000e-04  eta: 4 days, 8:27:55  time: 0.760821  data_time: 0.121598  memory: 29118  loss: 0.001008  loss_kpt: 0.001008  acc_pose: 0.539317
09/12 20:49:36 - mmengine - INFO - Epoch(train)   [1][1650/2341]  lr: 5.000000e-04  eta: 4 days, 8:32:09  time: 0.787196  data_time: 0.125870  memory: 29118  loss: 0.001022  loss_kpt: 0.001022  acc_pose: 0.609657
09/12 20:50:14 - mmengine - INFO - Epoch(train)   [1][1700/2341]  lr: 5.000000e-04  eta: 4 days, 8:31:22  time: 0.767449  data_time: 0.127384  memory: 29118  loss: 0.001033  loss_kpt: 0.001033  acc_pose: 0.523803
09/12 20:50:52 - mmengine - INFO - Epoch(train)   [1][1750/2341]  lr: 5.000000e-04  eta: 4 days, 8:27:47  time: 0.755458  data_time: 0.120432  memory: 29118  loss: 0.001024  loss_kpt: 0.001024  acc_pose: 0.591716
09/12 20:51:30 - mmengine - INFO - Epoch(train)   [1][1800/2341]  lr: 5.000000e-04  eta: 4 days, 8:25:20  time: 0.759707  data_time: 0.120794  memory: 29118  loss: 0.001032  loss_kpt: 0.001032  acc_pose: 0.570477
09/12 20:52:08 - mmengine - INFO - Epoch(train)   [1][1850/2341]  lr: 5.000000e-04  eta: 4 days, 8:21:43  time: 0.753991  data_time: 0.117607  memory: 29118  loss: 0.001029  loss_kpt: 0.001029  acc_pose: 0.626611
09/12 20:52:53 - mmengine - INFO - Epoch(train)   [1][1900/2341]  lr: 5.000000e-04  eta: 4 days, 8:49:25  time: 0.899051  data_time: 0.263920  memory: 29118  loss: 0.000998  loss_kpt: 0.000998  acc_pose: 0.599776
09/12 20:53:30 - mmengine - INFO - Epoch(train)   [1][1950/2341]  lr: 5.000000e-04  eta: 4 days, 8:44:31  time: 0.750259  data_time: 0.120068  memory: 29118  loss: 0.000980  loss_kpt: 0.000980  acc_pose: 0.619040
09/12 20:54:08 - mmengine - INFO - Exp name: aa_WTPose_SwinV2_b_w8_coco_256x256_1k_20230912_202722
09/12 20:54:08 - mmengine - INFO - Epoch(train)   [1][2000/2341]  lr: 5.000000e-04  eta: 4 days, 8:39:51  time: 0.750381  data_time: 0.118618  memory: 29118  loss: 0.000990  loss_kpt: 0.000990  acc_pose: 0.704957
09/12 20:54:47 - mmengine - INFO - Epoch(train)   [1][2050/2341]  lr: 5.000000e-04  eta: 4 days, 8:41:05  time: 0.778975  data_time: 0.119966  memory: 29118  loss: 0.000991  loss_kpt: 0.000991  acc_pose: 0.684758
09/12 20:55:26 - mmengine - INFO - Epoch(train)   [1][2100/2341]  lr: 5.000000e-04  eta: 4 days, 8:42:11  time: 0.778789  data_time: 0.145170  memory: 29118  loss: 0.000984  loss_kpt: 0.000984  acc_pose: 0.634859
09/12 20:56:04 - mmengine - INFO - Epoch(train)   [1][2150/2341]  lr: 5.000000e-04  eta: 4 days, 8:41:07  time: 0.767744  data_time: 0.126590  memory: 29118  loss: 0.001005  loss_kpt: 0.001005  acc_pose: 0.640305
09/12 20:56:42 - mmengine - INFO - Epoch(train)   [1][2200/2341]  lr: 5.000000e-04  eta: 4 days, 8:37:51  time: 0.755799  data_time: 0.124476  memory: 29118  loss: 0.000976  loss_kpt: 0.000976  acc_pose: 0.610906
09/12 20:57:20 - mmengine - INFO - Epoch(train)   [1][2250/2341]  lr: 5.000000e-04  eta: 4 days, 8:35:19  time: 0.759210  data_time: 0.122385  memory: 29118  loss: 0.000994  loss_kpt: 0.000994  acc_pose: 0.659844
09/12 20:57:57 - mmengine - INFO - Epoch(train)   [1][2300/2341]  lr: 5.000000e-04  eta: 4 days, 8:31:35  time: 0.751975  data_time: 0.117370  memory: 29118  loss: 0.000975  loss_kpt: 0.000975  acc_pose: 0.579628
09/12 20:58:28 - mmengine - INFO - Exp name: aa_WTPose_SwinV2_b_w8_coco_256x256_1k_20230912_202722
09/12 20:59:08 - mmengine - INFO - Epoch(train)   [2][  50/2341]  lr: 5.000000e-04  eta: 4 days, 8:31:56  time: 0.796866  data_time: 0.135331  memory: 29118  loss: 0.000961  loss_kpt: 0.000961  acc_pose: 0.626430
09/12 20:59:50 - mmengine - INFO - Epoch(train)   [2][ 100/2341]  lr: 5.000000e-04  eta: 4 days, 8:42:25  time: 0.835755  data_time: 0.135857  memory: 29118  loss: 0.000950  loss_kpt: 0.000950  acc_pose: 0.611971
09/12 21:00:30 - mmengine - INFO - Epoch(train)   [2][ 150/2341]  lr: 5.000000e-04  eta: 4 days, 8:46:35  time: 0.799993  data_time: 0.120250  memory: 29118  loss: 0.000982  loss_kpt: 0.000982  acc_pose: 0.612122
09/12 21:01:10 - mmengine - INFO - Epoch(train)   [2][ 200/2341]  lr: 5.000000e-04  eta: 4 days, 8:51:11  time: 0.803819  data_time: 0.105857  memory: 29118  loss: 0.000958  loss_kpt: 0.000958  acc_pose: 0.609338
09/12 21:01:50 - mmengine - INFO - Epoch(train)   [2][ 250/2341]  lr: 5.000000e-04  eta: 4 days, 8:56:45  time: 0.811386  data_time: 0.113151  memory: 29118  loss: 0.000990  loss_kpt: 0.000990  acc_pose: 0.678650
09/12 21:02:29 - mmengine - INFO - Epoch(train)   [2][ 300/2341]  lr: 5.000000e-04  eta: 4 days, 8:56:37  time: 0.775898  data_time: 0.101057  memory: 29118  loss: 0.000956  loss_kpt: 0.000956  acc_pose: 0.596470
09/12 21:03:09 - mmengine - INFO - Epoch(train)   [2][ 350/2341]  lr: 5.000000e-04  eta: 4 days, 8:59:55  time: 0.798665  data_time: 0.106927  memory: 29118  loss: 0.000966  loss_kpt: 0.000966  acc_pose: 0.648651
09/12 21:03:49 - mmengine - INFO - Epoch(train)   [2][ 400/2341]  lr: 5.000000e-04  eta: 4 days, 9:01:47  time: 0.789950  data_time: 0.107604  memory: 29118  loss: 0.000950  loss_kpt: 0.000950  acc_pose: 0.664209
09/12 21:04:28 - mmengine - INFO - Epoch(train)   [2][ 450/2341]  lr: 5.000000e-04  eta: 4 days, 9:03:14  time: 0.787828  data_time: 0.107253  memory: 29118  loss: 0.000939  loss_kpt: 0.000939  acc_pose: 0.647970
09/12 21:05:07 - mmengine - INFO - Epoch(train)   [2][ 500/2341]  lr: 5.000000e-04  eta: 4 days, 9:02:58  time: 0.776310  data_time: 0.106892  memory: 29118  loss: 0.000942  loss_kpt: 0.000942  acc_pose: 0.609408
09/12 21:05:48 - mmengine - INFO - Epoch(train)   [2][ 550/2341]  lr: 5.000000e-04  eta: 4 days, 9:08:29  time: 0.817500  data_time: 0.102809  memory: 29118  loss: 0.000944  loss_kpt: 0.000944  acc_pose: 0.698443
09/12 21:06:27 - mmengine - INFO - Epoch(train)   [2][ 600/2341]  lr: 5.000000e-04  eta: 4 days, 9:08:40  time: 0.780422  data_time: 0.108394  memory: 29118  loss: 0.000951  loss_kpt: 0.000951  acc_pose: 0.760682
09/12 21:07:07 - mmengine - INFO - Epoch(train)   [2][ 650/2341]  lr: 5.000000e-04  eta: 4 days, 9:11:46  time: 0.802128  data_time: 0.102224  memory: 29118  loss: 0.000940  loss_kpt: 0.000940  acc_pose: 0.724015
09/12 21:07:14 - mmengine - INFO - Exp name: aa_WTPose_SwinV2_b_w8_coco_256x256_1k_20230912_202722
09/12 21:07:46 - mmengine - INFO - Epoch(train)   [2][ 700/2341]  lr: 5.000000e-04  eta: 4 days, 9:11:44  time: 0.779628  data_time: 0.107466  memory: 29118  loss: 0.000943  loss_kpt: 0.000943  acc_pose: 0.621584
09/12 21:08:25 - mmengine - INFO - Epoch(train)   [2][ 750/2341]  lr: 5.000000e-04  eta: 4 days, 9:12:09  time: 0.783185  data_time: 0.107207  memory: 29118  loss: 0.000935  loss_kpt: 0.000935  acc_pose: 0.613553
09/12 21:09:03 - mmengine - INFO - Epoch(train)   [2][ 800/2341]  lr: 5.000000e-04  eta: 4 days, 9:10:31  time: 0.767623  data_time: 0.099259  memory: 29118  loss: 0.000933  loss_kpt: 0.000933  acc_pose: 0.697248
09/12 21:09:43 - mmengine - INFO - Epoch(train)   [2][ 850/2341]  lr: 5.000000e-04  eta: 4 days, 9:11:38  time: 0.789072  data_time: 0.113088  memory: 29118  loss: 0.000932  loss_kpt: 0.000932  acc_pose: 0.707310
09/12 21:10:23 - mmengine - INFO - Epoch(train)   [2][ 900/2341]  lr: 5.000000e-04  eta: 4 days, 9:14:44  time: 0.805120  data_time: 0.129971  memory: 29118  loss: 0.000918  loss_kpt: 0.000918  acc_pose: 0.675610
09/12 21:11:04 - mmengine - INFO - Epoch(train)   [2][ 950/2341]  lr: 5.000000e-04  eta: 4 days, 9:19:44  time: 0.821540  data_time: 0.124760  memory: 29118  loss: 0.000925  loss_kpt: 0.000925  acc_pose: 0.706175
09/12 21:11:43 - mmengine - INFO - Epoch(train)   [2][1000/2341]  lr: 5.000000e-04  eta: 4 days, 9:20:02  time: 0.784178  data_time: 0.119342  memory: 29118  loss: 0.000931  loss_kpt: 0.000931  acc_pose: 0.531937
09/12 21:12:23 - mmengine - INFO - Epoch(train)   [2][1050/2341]  lr: 5.000000e-04  eta: 4 days, 9:20:29  time: 0.785773  data_time: 0.123682  memory: 29118  loss: 0.000934  loss_kpt: 0.000934  acc_pose: 0.669950
09/12 21:13:03 - mmengine - INFO - Epoch(train)   [2][1100/2341]  lr: 5.000000e-04  eta: 4 days, 9:24:06  time: 0.812849  data_time: 0.158244  memory: 29118  loss: 0.000905  loss_kpt: 0.000905  acc_pose: 0.662638
09/12 21:13:43 - mmengine - INFO - Epoch(train)   [2][1150/2341]  lr: 5.000000e-04  eta: 4 days, 9:24:39  time: 0.787632  data_time: 0.124449  memory: 29118  loss: 0.000936  loss_kpt: 0.000936  acc_pose: 0.615034
09/12 21:14:22 - mmengine - INFO - Epoch(train)   [2][1200/2341]  lr: 5.000000e-04  eta: 4 days, 9:25:55  time: 0.794132  data_time: 0.126275  memory: 29118  loss: 0.000930  loss_kpt: 0.000930  acc_pose: 0.631874
09/12 21:15:02 - mmengine - INFO - Epoch(train)   [2][1250/2341]  lr: 5.000000e-04  eta: 4 days, 9:27:21  time: 0.796008  data_time: 0.129493  memory: 29118  loss: 0.000942  loss_kpt: 0.000942  acc_pose: 0.671745
09/12 21:15:43 - mmengine - INFO - Epoch(train)   [2][1300/2341]  lr: 5.000000e-04  eta: 4 days, 9:30:05  time: 0.808142  data_time: 0.128154  memory: 29118  loss: 0.000912  loss_kpt: 0.000912  acc_pose: 0.670344
09/12 21:16:24 - mmengine - INFO - Epoch(train)   [2][1350/2341]  lr: 5.000000e-04  eta: 4 days, 9:35:50  time: 0.836502  data_time: 0.163693  memory: 29118  loss: 0.000930  loss_kpt: 0.000930  acc_pose: 0.621817
09/12 21:17:02 - mmengine - INFO - Epoch(train)   [2][1400/2341]  lr: 5.000000e-04  eta: 4 days, 9:32:49  time: 0.757231  data_time: 0.123384  memory: 29118  loss: 0.000932  loss_kpt: 0.000932  acc_pose: 0.644002
09/12 21:17:41 - mmengine - INFO - Epoch(train)   [2][1450/2341]  lr: 5.000000e-04  eta: 4 days, 9:31:53  time: 0.776332  data_time: 0.118859  memory: 29118  loss: 0.000898  loss_kpt: 0.000898  acc_pose: 0.686247
09/12 21:18:19 - mmengine - INFO - Epoch(train)   [2][1500/2341]  lr: 5.000000e-04  eta: 4 days, 9:28:19  time: 0.751223  data_time: 0.117271  memory: 29118  loss: 0.000895  loss_kpt: 0.000895  acc_pose: 0.728229
09/12 21:18:56 - mmengine - INFO - Epoch(train)   [2][1550/2341]  lr: 5.000000e-04  eta: 4 days, 9:24:48  time: 0.750940  data_time: 0.117607  memory: 29118  loss: 0.000905  loss_kpt: 0.000905  acc_pose: 0.650938
09/12 21:19:34 - mmengine - INFO - Epoch(train)   [2][1600/2341]  lr: 5.000000e-04  eta: 4 days, 9:22:30  time: 0.762079  data_time: 0.120185  memory: 29118  loss: 0.000855  loss_kpt: 0.000855  acc_pose: 0.702743
09/12 21:20:12 - mmengine - INFO - Epoch(train)   [2][1650/2341]  lr: 5.000000e-04  eta: 4 days, 9:20:22  time: 0.763271  data_time: 0.123814  memory: 29118  loss: 0.000889  loss_kpt: 0.000889  acc_pose: 0.641478
09/12 21:20:19 - mmengine - INFO - Exp name: aa_WTPose_SwinV2_b_w8_coco_256x256_1k_20230912_202722
09/12 21:20:50 - mmengine - INFO - Epoch(train)   [2][1700/2341]  lr: 5.000000e-04  eta: 4 days, 9:17:47  time: 0.758515  data_time: 0.119061  memory: 29118  loss: 0.000899  loss_kpt: 0.000899  acc_pose: 0.627279
09/12 21:21:28 - mmengine - INFO - Epoch(train)   [2][1750/2341]  lr: 5.000000e-04  eta: 4 days, 9:15:01  time: 0.756139  data_time: 0.121054  memory: 29118  loss: 0.000892  loss_kpt: 0.000892  acc_pose: 0.722436
09/12 21:22:07 - mmengine - INFO - Epoch(train)   [2][1800/2341]  lr: 5.000000e-04  eta: 4 days, 9:14:35  time: 0.779338  data_time: 0.123082  memory: 29118  loss: 0.000895  loss_kpt: 0.000895  acc_pose: 0.662221
09/12 21:22:45 - mmengine - INFO - Epoch(train)   [2][1850/2341]  lr: 5.000000e-04  eta: 4 days, 9:12:17  time: 0.760113  data_time: 0.119525  memory: 29118  loss: 0.000917  loss_kpt: 0.000917  acc_pose: 0.561685
09/12 21:23:23 - mmengine - INFO - Epoch(train)   [2][1900/2341]  lr: 5.000000e-04  eta: 4 days, 9:09:55  time: 0.759142  data_time: 0.117443  memory: 29118  loss: 0.000910  loss_kpt: 0.000910  acc_pose: 0.622652
09/12 21:24:01 - mmengine - INFO - Epoch(train)   [2][1950/2341]  lr: 5.000000e-04  eta: 4 days, 9:06:53  time: 0.751542  data_time: 0.117301  memory: 29118  loss: 0.000881  loss_kpt: 0.000881  acc_pose: 0.705181
09/12 21:24:39 - mmengine - INFO - Epoch(train)   [2][2000/2341]  lr: 5.000000e-04  eta: 4 days, 9:06:12  time: 0.776202  data_time: 0.118699  memory: 29118  loss: 0.000877  loss_kpt: 0.000877  acc_pose: 0.600685
09/12 21:25:17 - mmengine - INFO - Epoch(train)   [2][2050/2341]  lr: 5.000000e-04  eta: 4 days, 9:03:44  time: 0.756738  data_time: 0.118294  memory: 29118  loss: 0.000908  loss_kpt: 0.000908  acc_pose: 0.586859
09/12 21:25:55 - mmengine - INFO - Epoch(train)   [2][2100/2341]  lr: 5.000000e-04  eta: 4 days, 9:01:26  time: 0.758364  data_time: 0.118958  memory: 29118  loss: 0.000898  loss_kpt: 0.000898  acc_pose: 0.579906
09/12 21:26:33 - mmengine - INFO - Epoch(train)   [2][2150/2341]  lr: 5.000000e-04  eta: 4 days, 8:59:25  time: 0.760925  data_time: 0.125066  memory: 29118  loss: 0.000877  loss_kpt: 0.000877  acc_pose: 0.660213
09/12 21:27:11 - mmengine - INFO - Epoch(train)   [2][2200/2341]  lr: 5.000000e-04  eta: 4 days, 8:56:58  time: 0.755742  data_time: 0.119529  memory: 29118  loss: 0.000865  loss_kpt: 0.000865  acc_pose: 0.679323
09/12 21:27:50 - mmengine - INFO - Epoch(train)   [2][2250/2341]  lr: 5.000000e-04  eta: 4 days, 8:56:39  time: 0.779445  data_time: 0.118743  memory: 29118  loss: 0.000897  loss_kpt: 0.000897  acc_pose: 0.703592
09/12 21:28:28 - mmengine - INFO - Epoch(train)   [2][2300/2341]  lr: 5.000000e-04  eta: 4 days, 8:53:52  time: 0.751150  data_time: 0.118008  memory: 29118  loss: 0.000874  loss_kpt: 0.000874  acc_pose: 0.717366
09/12 21:28:59 - mmengine - INFO - Exp name: aa_WTPose_SwinV2_b_w8_coco_256x256_1k_20230912_202722
09/12 21:29:37 - mmengine - INFO - Epoch(train)   [3][  50/2341]  lr: 5.000000e-04  eta: 4 days, 8:51:10  time: 0.774732  data_time: 0.136207  memory: 29118  loss: 0.000892  loss_kpt: 0.000892  acc_pose: 0.685489
09/12 21:30:16 - mmengine - INFO - Epoch(train)   [3][ 100/2341]  lr: 5.000000e-04  eta: 4 days, 8:51:08  time: 0.782417  data_time: 0.144756  memory: 29118  loss: 0.000884  loss_kpt: 0.000884  acc_pose: 0.568909
09/12 21:30:55 - mmengine - INFO - Epoch(train)   [3][ 150/2341]  lr: 5.000000e-04  eta: 4 days, 8:49:27  time: 0.763057  data_time: 0.125785  memory: 29118  loss: 0.000883  loss_kpt: 0.000883  acc_pose: 0.695282
09/12 21:31:32 - mmengine - INFO - Epoch(train)   [3][ 200/2341]  lr: 5.000000e-04  eta: 4 days, 8:47:16  time: 0.756700  data_time: 0.118621  memory: 29118  loss: 0.000885  loss_kpt: 0.000885  acc_pose: 0.717144
09/12 21:32:12 - mmengine - INFO - Epoch(train)   [3][ 250/2341]  lr: 5.000000e-04  eta: 4 days, 8:47:32  time: 0.786231  data_time: 0.122949  memory: 29118  loss: 0.000884  loss_kpt: 0.000884  acc_pose: 0.619508
09/12 21:32:50 - mmengine - INFO - Epoch(train)   [3][ 300/2341]  lr: 5.000000e-04  eta: 4 days, 8:45:28  time: 0.757661  data_time: 0.123500  memory: 29118  loss: 0.000883  loss_kpt: 0.000883  acc_pose: 0.731001
09/12 21:33:04 - mmengine - INFO - Exp name: aa_WTPose_SwinV2_b_w8_coco_256x256_1k_20230912_202722
09/12 21:33:28 - mmengine - INFO - Epoch(train)   [3][ 350/2341]  lr: 5.000000e-04  eta: 4 days, 8:43:59  time: 0.764509  data_time: 0.128185  memory: 29118  loss: 0.000866  loss_kpt: 0.000866  acc_pose: 0.605573
09/12 21:34:06 - mmengine - INFO - Epoch(train)   [3][ 400/2341]  lr: 5.000000e-04  eta: 4 days, 8:42:01  time: 0.758324  data_time: 0.124624  memory: 29118  loss: 0.000858  loss_kpt: 0.000858  acc_pose: 0.648710
09/12 21:34:45 - mmengine - INFO - Epoch(train)   [3][ 450/2341]  lr: 5.000000e-04  eta: 4 days, 8:41:39  time: 0.778305  data_time: 0.123834  memory: 29118  loss: 0.000877  loss_kpt: 0.000877  acc_pose: 0.714258
09/12 21:35:23 - mmengine - INFO - Epoch(train)   [3][ 500/2341]  lr: 5.000000e-04  eta: 4 days, 8:39:52  time: 0.760218  data_time: 0.121598  memory: 29118  loss: 0.000831  loss_kpt: 0.000831  acc_pose: 0.696833
09/12 21:36:00 - mmengine - INFO - Epoch(train)   [3][ 550/2341]  lr: 5.000000e-04  eta: 4 days, 8:37:40  time: 0.754508  data_time: 0.117326  memory: 29118  loss: 0.000873  loss_kpt: 0.000873  acc_pose: 0.706858
09/12 21:36:38 - mmengine - INFO - Epoch(train)   [3][ 600/2341]  lr: 5.000000e-04  eta: 4 days, 8:35:43  time: 0.757449  data_time: 0.118237  memory: 29118  loss: 0.000877  loss_kpt: 0.000877  acc_pose: 0.688757
09/12 21:37:16 - mmengine - INFO - Epoch(train)   [3][ 650/2341]  lr: 5.000000e-04  eta: 4 days, 8:33:53  time: 0.758597  data_time: 0.120003  memory: 29118  loss: 0.000874  loss_kpt: 0.000874  acc_pose: 0.576795
09/12 21:37:54 - mmengine - INFO - Epoch(train)   [3][ 700/2341]  lr: 5.000000e-04  eta: 4 days, 8:31:45  time: 0.754438  data_time: 0.118101  memory: 29118  loss: 0.000861  loss_kpt: 0.000861  acc_pose: 0.650356
09/12 21:38:32 - mmengine - INFO - Epoch(train)   [3][ 750/2341]  lr: 5.000000e-04  eta: 4 days, 8:29:51  time: 0.756948  data_time: 0.120656  memory: 29118  loss: 0.000846  loss_kpt: 0.000846  acc_pose: 0.723595
09/12 21:39:11 - mmengine - INFO - Epoch(train)   [3][ 800/2341]  lr: 5.000000e-04  eta: 4 days, 8:30:07  time: 0.786127  data_time: 0.126765  memory: 29118  loss: 0.000883  loss_kpt: 0.000883  acc_pose: 0.750622
09/12 21:39:49 - mmengine - INFO - Epoch(train)   [3][ 850/2341]  lr: 5.000000e-04  eta: 4 days, 8:28:27  time: 0.760061  data_time: 0.117195  memory: 29118  loss: 0.000861  loss_kpt: 0.000861  acc_pose: 0.609952
09/12 21:40:27 - mmengine - INFO - Epoch(train)   [3][ 900/2341]  lr: 5.000000e-04  eta: 4 days, 8:26:59  time: 0.762325  data_time: 0.123921  memory: 29118  loss: 0.000849  loss_kpt: 0.000849  acc_pose: 0.717158
09/12 21:41:05 - mmengine - INFO - Epoch(train)   [3][ 950/2341]  lr: 5.000000e-04  eta: 4 days, 8:25:41  time: 0.764653  data_time: 0.123920  memory: 29118  loss: 0.000862  loss_kpt: 0.000862  acc_pose: 0.721228
09/12 21:41:45 - mmengine - INFO - Epoch(train)   [3][1000/2341]  lr: 5.000000e-04  eta: 4 days, 8:25:46  time: 0.783618  data_time: 0.118310  memory: 29118  loss: 0.000885  loss_kpt: 0.000885  acc_pose: 0.676892
09/12 21:42:22 - mmengine - INFO - Epoch(train)   [3][1050/2341]  lr: 5.000000e-04  eta: 4 days, 8:23:39  time: 0.752830  data_time: 0.120212  memory: 29118  loss: 0.000861  loss_kpt: 0.000861  acc_pose: 0.679089
09/12 21:43:00 - mmengine - INFO - Epoch(train)   [3][1100/2341]  lr: 5.000000e-04  eta: 4 days, 8:21:39  time: 0.754257  data_time: 0.118036  memory: 29118  loss: 0.000888  loss_kpt: 0.000888  acc_pose: 0.633853
09/12 21:43:38 - mmengine - INFO - Epoch(train)   [3][1150/2341]  lr: 5.000000e-04  eta: 4 days, 8:19:47  time: 0.755560  data_time: 0.117001  memory: 29118  loss: 0.000853  loss_kpt: 0.000853  acc_pose: 0.695535
09/12 21:44:15 - mmengine - INFO - Epoch(train)   [3][1200/2341]  lr: 5.000000e-04  eta: 4 days, 8:17:37  time: 0.751269  data_time: 0.121007  memory: 29118  loss: 0.000853  loss_kpt: 0.000853  acc_pose: 0.722624
09/12 21:44:54 - mmengine - INFO - Epoch(train)   [3][1250/2341]  lr: 5.000000e-04  eta: 4 days, 8:17:12  time: 0.776319  data_time: 0.119145  memory: 29118  loss: 0.000863  loss_kpt: 0.000863  acc_pose: 0.702703
09/12 21:45:32 - mmengine - INFO - Epoch(train)   [3][1300/2341]  lr: 5.000000e-04  eta: 4 days, 8:15:13  time: 0.753177  data_time: 0.119079  memory: 29118  loss: 0.000824  loss_kpt: 0.000824  acc_pose: 0.696981
09/12 21:45:45 - mmengine - INFO - Exp name: aa_WTPose_SwinV2_b_w8_coco_256x256_1k_20230912_202722
09/12 21:46:09 - mmengine - INFO - Epoch(train)   [3][1350/2341]  lr: 5.000000e-04  eta: 4 days, 8:13:02  time: 0.749926  data_time: 0.118056  memory: 29118  loss: 0.000851  loss_kpt: 0.000851  acc_pose: 0.705605
09/12 21:46:48 - mmengine - INFO - Epoch(train)   [3][1400/2341]  lr: 5.000000e-04  eta: 4 days, 8:12:23  time: 0.772374  data_time: 0.133848  memory: 29118  loss: 0.000850  loss_kpt: 0.000850  acc_pose: 0.688337
09/12 21:47:26 - mmengine - INFO - Epoch(train)   [3][1450/2341]  lr: 5.000000e-04  eta: 4 days, 8:11:08  time: 0.763519  data_time: 0.129226  memory: 29118  loss: 0.000859  loss_kpt: 0.000859  acc_pose: 0.690701
09/12 21:48:10 - mmengine - INFO - Epoch(train)   [3][1500/2341]  lr: 5.000000e-04  eta: 4 days, 8:17:08  time: 0.874143  data_time: 0.159888  memory: 29118  loss: 0.000853  loss_kpt: 0.000853  acc_pose: 0.768696
09/12 21:48:48 - mmengine - INFO - Epoch(train)   [3][1550/2341]  lr: 5.000000e-04  eta: 4 days, 8:15:35  time: 0.759383  data_time: 0.125527  memory: 29118  loss: 0.000844  loss_kpt: 0.000844  acc_pose: 0.712633
09/12 21:49:27 - mmengine - INFO - Epoch(train)   [3][1600/2341]  lr: 5.000000e-04  eta: 4 days, 8:15:22  time: 0.780062  data_time: 0.124049  memory: 29118  loss: 0.000869  loss_kpt: 0.000869  acc_pose: 0.628948
09/12 21:50:04 - mmengine - INFO - Epoch(train)   [3][1650/2341]  lr: 5.000000e-04  eta: 4 days, 8:13:30  time: 0.754132  data_time: 0.122486  memory: 29118  loss: 0.000848  loss_kpt: 0.000848  acc_pose: 0.620898
09/12 21:50:42 - mmengine - INFO - Epoch(train)   [3][1700/2341]  lr: 5.000000e-04  eta: 4 days, 8:11:39  time: 0.754019  data_time: 0.120004  memory: 29118  loss: 0.000848  loss_kpt: 0.000848  acc_pose: 0.702563
09/12 21:51:20 - mmengine - INFO - Epoch(train)   [3][1750/2341]  lr: 5.000000e-04  eta: 4 days, 8:10:00  time: 0.757170  data_time: 0.120432  memory: 29118  loss: 0.000822  loss_kpt: 0.000822  acc_pose: 0.675298
09/12 21:51:59 - mmengine - INFO - Epoch(train)   [3][1800/2341]  lr: 5.000000e-04  eta: 4 days, 8:09:36  time: 0.776898  data_time: 0.118678  memory: 29118  loss: 0.000849  loss_kpt: 0.000849  acc_pose: 0.690761
09/12 21:52:37 - mmengine - INFO - Epoch(train)   [3][1850/2341]  lr: 5.000000e-04  eta: 4 days, 8:07:56  time: 0.756221  data_time: 0.120574  memory: 29118  loss: 0.000842  loss_kpt: 0.000842  acc_pose: 0.767277
09/12 21:53:19 - mmengine - INFO - Epoch(train)   [3][1900/2341]  lr: 5.000000e-04  eta: 4 days, 8:11:29  time: 0.841239  data_time: 0.208525  memory: 29118  loss: 0.000842  loss_kpt: 0.000842  acc_pose: 0.723398
09/12 21:53:56 - mmengine - INFO - Epoch(train)   [3][1950/2341]  lr: 5.000000e-04  eta: 4 days, 8:09:33  time: 0.752261  data_time: 0.117299  memory: 29118  loss: 0.000844  loss_kpt: 0.000844  acc_pose: 0.734475
09/12 21:54:34 - mmengine - INFO - Epoch(train)   [3][2000/2341]  lr: 5.000000e-04  eta: 4 days, 8:07:39  time: 0.752227  data_time: 0.118836  memory: 29118  loss: 0.000820  loss_kpt: 0.000820  acc_pose: 0.654705
09/12 21:55:12 - mmengine - INFO - Epoch(train)   [3][2050/2341]  lr: 5.000000e-04  eta: 4 days, 8:05:51  time: 0.753831  data_time: 0.120030  memory: 29118  loss: 0.000843  loss_kpt: 0.000843  acc_pose: 0.701060
09/12 21:55:49 - mmengine - INFO - Epoch(train)   [3][2100/2341]  lr: 5.000000e-04  eta: 4 days, 8:04:03  time: 0.753636  data_time: 0.120133  memory: 29118  loss: 0.000828  loss_kpt: 0.000828  acc_pose: 0.722044
09/12 21:56:28 - mmengine - INFO - Epoch(train)   [3][2150/2341]  lr: 5.000000e-04  eta: 4 days, 8:03:20  time: 0.771465  data_time: 0.118304  memory: 29118  loss: 0.000834  loss_kpt: 0.000834  acc_pose: 0.770766
09/12 21:57:06 - mmengine - INFO - Epoch(train)   [3][2200/2341]  lr: 5.000000e-04  eta: 4 days, 8:01:35  time: 0.753668  data_time: 0.118379  memory: 29118  loss: 0.000844  loss_kpt: 0.000844  acc_pose: 0.735041
09/12 21:57:43 - mmengine - INFO - Epoch(train)   [3][2250/2341]  lr: 5.000000e-04  eta: 4 days, 7:59:43  time: 0.751800  data_time: 0.115899  memory: 29118  loss: 0.000844  loss_kpt: 0.000844  acc_pose: 0.689067
09/12 21:58:22 - mmengine - INFO - Epoch(train)   [3][2300/2341]  lr: 5.000000e-04  eta: 4 days, 7:59:03  time: 0.772060  data_time: 0.116834  memory: 29118  loss: 0.000819  loss_kpt: 0.000819  acc_pose: 0.737745
09/12 21:58:35 - mmengine - INFO - Exp name: aa_WTPose_SwinV2_b_w8_coco_256x256_1k_20230912_202722
09/12 21:58:53 - mmengine - INFO - Exp name: aa_WTPose_SwinV2_b_w8_coco_256x256_1k_20230912_202722
09/12 21:59:33 - mmengine - INFO - Epoch(train)   [4][  50/2341]  lr: 5.000000e-04  eta: 4 days, 7:58:32  time: 0.803795  data_time: 0.137642  memory: 29118  loss: 0.000822  loss_kpt: 0.000822  acc_pose: 0.719543
09/12 22:00:11 - mmengine - INFO - Epoch(train)   [4][ 100/2341]  lr: 5.000000e-04  eta: 4 days, 7:57:26  time: 0.764263  data_time: 0.102454  memory: 29118  loss: 0.000832  loss_kpt: 0.000832  acc_pose: 0.745821
09/12 22:00:50 - mmengine - INFO - Epoch(train)   [4][ 150/2341]  lr: 5.000000e-04  eta: 4 days, 7:57:19  time: 0.781962  data_time: 0.113184  memory: 29118  loss: 0.000820  loss_kpt: 0.000820  acc_pose: 0.759191
09/12 22:01:31 - mmengine - INFO - Epoch(train)   [4][ 200/2341]  lr: 5.000000e-04  eta: 4 days, 7:59:33  time: 0.824045  data_time: 0.118451  memory: 29118  loss: 0.000827  loss_kpt: 0.000827  acc_pose: 0.720764
09/12 22:02:10 - mmengine - INFO - Epoch(train)   [4][ 250/2341]  lr: 5.000000e-04  eta: 4 days, 7:59:19  time: 0.780344  data_time: 0.101705  memory: 29118  loss: 0.000836  loss_kpt: 0.000836  acc_pose: 0.752187
