08/25 11:36:34 - mmengine - INFO - 
------------------------------------------------------------
System environment:
    sys.platform: linux
    Python: 3.8.17 (default, Jul  5 2023, 21:04:15) [GCC 11.2.0]
    CUDA available: True
    numpy_random_seed: 551913374
    GPU 0,1: Tesla P4
    CUDA_HOME: None
    GCC: n/a
    PyTorch: 1.11.0
    PyTorch compiling details: PyTorch built with:
  - GCC 7.3
  - C++ Version: 201402
  - Intel(R) oneAPI Math Kernel Library Version 2023.1-Product Build 20230303 for Intel(R) 64 architecture applications
  - Intel(R) MKL-DNN v2.5.2 (Git Hash a9302535553c73243c632ad3c4c80beec3d19a1e)
  - OpenMP 201511 (a.k.a. OpenMP 4.5)
  - LAPACK is enabled (usually provided by MKL)
  - NNPACK is enabled
  - CPU capability usage: AVX2
  - CUDA Runtime 11.3
  - NVCC architecture flags: -gencode;arch=compute_37,code=sm_37;-gencode;arch=compute_50,code=sm_50;-gencode;arch=compute_60,code=sm_60;-gencode;arch=compute_61,code=sm_61;-gencode;arch=compute_70,code=sm_70;-gencode;arch=compute_75,code=sm_75;-gencode;arch=compute_80,code=sm_80;-gencode;arch=compute_86,code=sm_86;-gencode;arch=compute_37,code=compute_37
  - CuDNN 8.2
  - Magma 2.5.2
  - Build settings: BLAS_INFO=mkl, BUILD_TYPE=Release, CUDA_VERSION=11.3, CUDNN_VERSION=8.2.0, CXX_COMPILER=/opt/rh/devtoolset-7/root/usr/bin/c++, CXX_FLAGS= -Wno-deprecated -fvisibility-inlines-hidden -DUSE_PTHREADPOOL -fopenmp -DNDEBUG -DUSE_KINETO -DUSE_FBGEMM -DUSE_QNNPACK -DUSE_PYTORCH_QNNPACK -DUSE_XNNPACK -DSYMBOLICATE_MOBILE_DEBUG_HANDLE -DEDGE_PROFILER_USE_KINETO -O2 -fPIC -Wno-narrowing -Wall -Wextra -Werror=return-type -Wno-missing-field-initializers -Wno-type-limits -Wno-array-bounds -Wno-unknown-pragmas -Wno-sign-compare -Wno-unused-parameter -Wno-unused-function -Wno-unused-result -Wno-unused-local-typedefs -Wno-strict-overflow -Wno-strict-aliasing -Wno-error=deprecated-declarations -Wno-stringop-overflow -Wno-psabi -Wno-error=pedantic -Wno-error=redundant-decls -Wno-error=old-style-cast -fdiagnostics-color=always -faligned-new -Wno-unused-but-set-variable -Wno-maybe-uninitialized -fno-math-errno -fno-trapping-math -Werror=format -Wno-stringop-overflow, LAPACK_INFO=mkl, PERF_WITH_AVX=1, PERF_WITH_AVX2=1, PERF_WITH_AVX512=1, TORCH_VERSION=1.11.0, USE_CUDA=ON, USE_CUDNN=ON, USE_EXCEPTION_PTR=1, USE_GFLAGS=OFF, USE_GLOG=OFF, USE_MKL=ON, USE_MKLDNN=OFF, USE_MPI=OFF, USE_NCCL=ON, USE_NNPACK=ON, USE_OPENMP=ON, USE_ROCM=OFF, 

    TorchVision: 0.12.0
    OpenCV: 4.8.0
    MMEngine: 0.8.3

Runtime environment:
    cudnn_benchmark: False
    mp_cfg: {'mp_start_method': 'fork', 'opencv_num_threads': 0}
    dist_cfg: {'backend': 'nccl'}
    seed: 551913374
    Distributed launcher: pytorch
    Distributed training: True
    GPU number: 2
------------------------------------------------------------

08/25 11:36:34 - mmengine - INFO - Config:
auto_scale_lr = dict(base_batch_size=256)
backend_args = dict(backend='local')
codec = dict(
    heatmap_size=(
        64,
        64,
    ),
    input_size=(
        256,
        256,
    ),
    sigma=2,
    type='MSRAHeatmap')
custom_hooks = [
    dict(type='SyncBuffersHook'),
]
data_mode = 'topdown'
data_root = 'data/coco/'
dataset_type = 'CocoDataset'
default_hooks = dict(
    checkpoint=dict(
        interval=10,
        rule='greater',
        save_best='coco/AP',
        type='CheckpointHook'),
    logger=dict(interval=50, type='LoggerHook'),
    param_scheduler=dict(type='ParamSchedulerHook'),
    sampler_seed=dict(type='DistSamplerSeedHook'),
    timer=dict(type='IterTimerHook'),
    visualization=dict(enable=False, type='PoseVisualizationHook'))
default_scope = 'mmpose'
env_cfg = dict(
    cudnn_benchmark=False,
    dist_cfg=dict(backend='nccl'),
    mp_cfg=dict(mp_start_method='fork', opencv_num_threads=0))
launcher = 'pytorch'
load_from = None
log_level = 'INFO'
log_processor = dict(
    by_epoch=True, num_digits=6, type='LogProcessor', window_size=50)
model = dict(
    backbone=dict(
        arch='Small',
        drop_path_rate=0.5,
        init_cfg=dict(
            checkpoint=
            'https://download.openmmlab.com/mmclassification/v0/swin-v2/swinv2-small-w8_3rdparty_in1k-256px_20220803-b01a4332.pth',
            type='Pretrained'),
        type='SwinV2'),
    data_preprocessor=dict(
        bgr_to_rgb=True,
        mean=[
            123.675,
            116.28,
            103.53,
        ],
        std=[
            58.395,
            57.12,
            57.375,
        ],
        type='PoseDataPreprocessor'),
    head=dict(
        decoder=dict(
            heatmap_size=(
                64,
                64,
            ),
            input_size=(
                256,
                256,
            ),
            sigma=2,
            type='MSRAHeatmap'),
        in_channels=768,
        loss=dict(type='KeypointMSELoss', use_target_weight=True),
        out_channels=17,
        type='HeatmapHead'),
    test_cfg=dict(flip_mode='heatmap', flip_test=True, shift_heatmap=True),
    type='TopdownPoseEstimator')
norm_cfg = dict(requires_grad=True, type='SyncBN')
optim_wrapper = dict(optimizer=dict(lr=0.0005, type='Adam'))
param_scheduler = [
    dict(
        begin=0, by_epoch=False, end=500, start_factor=0.001, type='LinearLR'),
    dict(
        begin=0,
        by_epoch=True,
        end=210,
        gamma=0.1,
        milestones=[
            170,
            200,
        ],
        type='MultiStepLR'),
]
resume = False
test_cfg = dict()
test_dataloader = dict(
    batch_size=64,
    dataset=dict(
        ann_file='annotations/person_keypoints_val2017.json',
        bbox_file=
        'data/coco/person_detection_results/COCO_val2017_detections_AP_H_56_person.json',
        data_mode='topdown',
        data_prefix=dict(img='val2017/'),
        data_root='data/coco/',
        pipeline=[
            dict(type='LoadImage'),
            dict(type='GetBBoxCenterScale'),
            dict(input_size=(
                256,
                256,
            ), type='TopdownAffine'),
            dict(type='PackPoseInputs'),
        ],
        test_mode=True,
        type='CocoDataset'),
    drop_last=False,
    num_workers=2,
    persistent_workers=True,
    sampler=dict(round_up=False, shuffle=False, type='DefaultSampler'))
test_evaluator = dict(
    ann_file='data/coco/annotations/person_keypoints_val2017.json',
    type='CocoMetric')
train_cfg = dict(by_epoch=True, max_epochs=210, val_interval=10)
train_dataloader = dict(
    batch_size=4,
    dataset=dict(
        ann_file='annotations/person_keypoints_train2017.json',
        data_mode='topdown',
        data_prefix=dict(img='train2017/'),
        data_root='data/coco/',
        pipeline=[
            dict(type='LoadImage'),
            dict(type='GetBBoxCenterScale'),
            dict(direction='horizontal', type='RandomFlip'),
            dict(type='RandomHalfBody'),
            dict(type='RandomBBoxTransform'),
            dict(input_size=(
                256,
                256,
            ), type='TopdownAffine'),
            dict(
                encoder=dict(
                    heatmap_size=(
                        64,
                        64,
                    ),
                    input_size=(
                        256,
                        256,
                    ),
                    sigma=2,
                    type='MSRAHeatmap'),
                type='GenerateTarget'),
            dict(type='PackPoseInputs'),
        ],
        type='CocoDataset'),
    num_workers=2,
    persistent_workers=True,
    sampler=dict(shuffle=True, type='DefaultSampler'))
train_pipeline = [
    dict(type='LoadImage'),
    dict(type='GetBBoxCenterScale'),
    dict(direction='horizontal', type='RandomFlip'),
    dict(type='RandomHalfBody'),
    dict(type='RandomBBoxTransform'),
    dict(input_size=(
        256,
        256,
    ), type='TopdownAffine'),
    dict(
        encoder=dict(
            heatmap_size=(
                64,
                64,
            ),
            input_size=(
                256,
                256,
            ),
            sigma=2,
            type='MSRAHeatmap'),
        type='GenerateTarget'),
    dict(type='PackPoseInputs'),
]
val_cfg = dict()
val_dataloader = dict(
    batch_size=64,
    dataset=dict(
        ann_file='annotations/person_keypoints_val2017.json',
        bbox_file=
        'data/coco/person_detection_results/COCO_val2017_detections_AP_H_56_person.json',
        data_mode='topdown',
        data_prefix=dict(img='val2017/'),
        data_root='data/coco/',
        pipeline=[
            dict(type='LoadImage'),
            dict(type='GetBBoxCenterScale'),
            dict(input_size=(
                256,
                256,
            ), type='TopdownAffine'),
            dict(type='PackPoseInputs'),
        ],
        test_mode=True,
        type='CocoDataset'),
    drop_last=False,
    num_workers=2,
    persistent_workers=True,
    sampler=dict(round_up=False, shuffle=False, type='DefaultSampler'))
val_evaluator = dict(
    ann_file='data/coco/annotations/person_keypoints_val2017.json',
    type='CocoMetric')
val_pipeline = [
    dict(type='LoadImage'),
    dict(type='GetBBoxCenterScale'),
    dict(input_size=(
        256,
        256,
    ), type='TopdownAffine'),
    dict(type='PackPoseInputs'),
]
vis_backends = [
    dict(type='LocalVisBackend'),
]
visualizer = dict(
    name='visualizer',
    type='PoseLocalVisualizer',
    vis_backends=[
        dict(type='LocalVisBackend'),
    ])
work_dir = './work_dirs/WTPose_SwinV2_s_w8_coco_256x256_1k'

08/25 11:36:35 - mmengine - INFO - Hooks will be executed in the following order:
before_run:
(VERY_HIGH   ) RuntimeInfoHook                    
(BELOW_NORMAL) LoggerHook                         
 -------------------- 
before_train:
(VERY_HIGH   ) RuntimeInfoHook                    
(NORMAL      ) IterTimerHook                      
(VERY_LOW    ) CheckpointHook                     
 -------------------- 
before_train_epoch:
(VERY_HIGH   ) RuntimeInfoHook                    
(NORMAL      ) IterTimerHook                      
(NORMAL      ) DistSamplerSeedHook                
 -------------------- 
before_train_iter:
(VERY_HIGH   ) RuntimeInfoHook                    
(NORMAL      ) IterTimerHook                      
 -------------------- 
after_train_iter:
(VERY_HIGH   ) RuntimeInfoHook                    
(NORMAL      ) IterTimerHook                      
(BELOW_NORMAL) LoggerHook                         
(LOW         ) ParamSchedulerHook                 
(VERY_LOW    ) CheckpointHook                     
 -------------------- 
after_train_epoch:
(NORMAL      ) IterTimerHook                      
(NORMAL      ) SyncBuffersHook                    
(LOW         ) ParamSchedulerHook                 
(VERY_LOW    ) CheckpointHook                     
 -------------------- 
before_val:
(VERY_HIGH   ) RuntimeInfoHook                    
 -------------------- 
before_val_epoch:
(NORMAL      ) IterTimerHook                      
(NORMAL      ) SyncBuffersHook                    
 -------------------- 
before_val_iter:
(NORMAL      ) IterTimerHook                      
 -------------------- 
after_val_iter:
(NORMAL      ) IterTimerHook                      
(NORMAL      ) PoseVisualizationHook              
(BELOW_NORMAL) LoggerHook                         
 -------------------- 
after_val_epoch:
(VERY_HIGH   ) RuntimeInfoHook                    
(NORMAL      ) IterTimerHook                      
(BELOW_NORMAL) LoggerHook                         
(LOW         ) ParamSchedulerHook                 
(VERY_LOW    ) CheckpointHook                     
 -------------------- 
after_val:
(VERY_HIGH   ) RuntimeInfoHook                    
 -------------------- 
after_train:
(VERY_HIGH   ) RuntimeInfoHook                    
(VERY_LOW    ) CheckpointHook                     
 -------------------- 
before_test:
(VERY_HIGH   ) RuntimeInfoHook                    
 -------------------- 
before_test_epoch:
(NORMAL      ) IterTimerHook                      
 -------------------- 
before_test_iter:
(NORMAL      ) IterTimerHook                      
 -------------------- 
after_test_iter:
(NORMAL      ) IterTimerHook                      
(NORMAL      ) PoseVisualizationHook              
(BELOW_NORMAL) LoggerHook                         
 -------------------- 
after_test_epoch:
(VERY_HIGH   ) RuntimeInfoHook                    
(NORMAL      ) IterTimerHook                      
(BELOW_NORMAL) LoggerHook                         
 -------------------- 
after_test:
(VERY_HIGH   ) RuntimeInfoHook                    
 -------------------- 
after_run:
(BELOW_NORMAL) LoggerHook                         
 -------------------- 
loading annotations into memory...
loading annotations into memory...
Done (t=7.22s)
creating index...
Done (t=7.22s)
creating index...
index created!
index created!
loading annotations into memory...
Done (t=0.17s)
creating index...
index created!
loading annotations into memory...
Done (t=0.17s)
creating index...
index created!
loading annotations into memory...
Done (t=0.18s)
creating index...
index created!
loading annotations into memory...
Done (t=0.17s)
creating index...
index created!
08/25 11:37:34 - mmengine - INFO - load model from: https://download.openmmlab.com/mmclassification/v0/swin-v2/swinv2-small-w8_3rdparty_in1k-256px_20220803-b01a4332.pth
08/25 11:37:34 - mmengine - INFO - Loads checkpoint by http backend from path: https://download.openmmlab.com/mmclassification/v0/swin-v2/swinv2-small-w8_3rdparty_in1k-256px_20220803-b01a4332.pth
08/25 11:37:35 - mmengine - INFO - Delete `relative_position_index` and `relative_coords_table` since we always re-init these params according to the `window_size`, which might cause unwanted but unworried warnings when loading checkpoint.
08/25 11:37:35 - mmengine - WARNING - The model and loaded state dict do not match exactly

unexpected key in source state_dict: backbone.patch_embed.projection.weight, backbone.patch_embed.projection.bias, backbone.patch_embed.norm.weight, backbone.patch_embed.norm.bias, backbone.stages.0.blocks.0.attn.w_msa.logit_scale, backbone.stages.0.blocks.0.attn.w_msa.q_bias, backbone.stages.0.blocks.0.attn.w_msa.v_bias, backbone.stages.0.blocks.0.attn.w_msa.cpb_mlp.0.weight, backbone.stages.0.blocks.0.attn.w_msa.cpb_mlp.0.bias, backbone.stages.0.blocks.0.attn.w_msa.cpb_mlp.2.weight, backbone.stages.0.blocks.0.attn.w_msa.qkv.weight, backbone.stages.0.blocks.0.attn.w_msa.proj.weight, backbone.stages.0.blocks.0.attn.w_msa.proj.bias, backbone.stages.0.blocks.0.norm1.weight, backbone.stages.0.blocks.0.norm1.bias, backbone.stages.0.blocks.0.ffn.layers.0.0.weight, backbone.stages.0.blocks.0.ffn.layers.0.0.bias, backbone.stages.0.blocks.0.ffn.layers.1.weight, backbone.stages.0.blocks.0.ffn.layers.1.bias, backbone.stages.0.blocks.0.norm2.weight, backbone.stages.0.blocks.0.norm2.bias, backbone.stages.0.blocks.1.attn.w_msa.logit_scale, backbone.stages.0.blocks.1.attn.w_msa.q_bias, backbone.stages.0.blocks.1.attn.w_msa.v_bias, backbone.stages.0.blocks.1.attn.w_msa.cpb_mlp.0.weight, backbone.stages.0.blocks.1.attn.w_msa.cpb_mlp.0.bias, backbone.stages.0.blocks.1.attn.w_msa.cpb_mlp.2.weight, backbone.stages.0.blocks.1.attn.w_msa.qkv.weight, backbone.stages.0.blocks.1.attn.w_msa.proj.weight, backbone.stages.0.blocks.1.attn.w_msa.proj.bias, backbone.stages.0.blocks.1.norm1.weight, backbone.stages.0.blocks.1.norm1.bias, backbone.stages.0.blocks.1.ffn.layers.0.0.weight, backbone.stages.0.blocks.1.ffn.layers.0.0.bias, backbone.stages.0.blocks.1.ffn.layers.1.weight, backbone.stages.0.blocks.1.ffn.layers.1.bias, backbone.stages.0.blocks.1.norm2.weight, backbone.stages.0.blocks.1.norm2.bias, backbone.stages.1.downsample.reduction.weight, backbone.stages.1.downsample.norm.weight, backbone.stages.1.downsample.norm.bias, backbone.stages.1.blocks.0.attn.w_msa.logit_scale, backbone.stages.1.blocks.0.attn.w_msa.q_bias, backbone.stages.1.blocks.0.attn.w_msa.v_bias, backbone.stages.1.blocks.0.attn.w_msa.cpb_mlp.0.weight, backbone.stages.1.blocks.0.attn.w_msa.cpb_mlp.0.bias, backbone.stages.1.blocks.0.attn.w_msa.cpb_mlp.2.weight, backbone.stages.1.blocks.0.attn.w_msa.qkv.weight, backbone.stages.1.blocks.0.attn.w_msa.proj.weight, backbone.stages.1.blocks.0.attn.w_msa.proj.bias, backbone.stages.1.blocks.0.norm1.weight, backbone.stages.1.blocks.0.norm1.bias, backbone.stages.1.blocks.0.ffn.layers.0.0.weight, backbone.stages.1.blocks.0.ffn.layers.0.0.bias, backbone.stages.1.blocks.0.ffn.layers.1.weight, backbone.stages.1.blocks.0.ffn.layers.1.bias, backbone.stages.1.blocks.0.norm2.weight, backbone.stages.1.blocks.0.norm2.bias, backbone.stages.1.blocks.1.attn.w_msa.logit_scale, backbone.stages.1.blocks.1.attn.w_msa.q_bias, backbone.stages.1.blocks.1.attn.w_msa.v_bias, backbone.stages.1.blocks.1.attn.w_msa.cpb_mlp.0.weight, backbone.stages.1.blocks.1.attn.w_msa.cpb_mlp.0.bias, backbone.stages.1.blocks.1.attn.w_msa.cpb_mlp.2.weight, backbone.stages.1.blocks.1.attn.w_msa.qkv.weight, backbone.stages.1.blocks.1.attn.w_msa.proj.weight, backbone.stages.1.blocks.1.attn.w_msa.proj.bias, backbone.stages.1.blocks.1.norm1.weight, backbone.stages.1.blocks.1.norm1.bias, backbone.stages.1.blocks.1.ffn.layers.0.0.weight, backbone.stages.1.blocks.1.ffn.layers.0.0.bias, backbone.stages.1.blocks.1.ffn.layers.1.weight, backbone.stages.1.blocks.1.ffn.layers.1.bias, backbone.stages.1.blocks.1.norm2.weight, backbone.stages.1.blocks.1.norm2.bias, backbone.stages.2.downsample.reduction.weight, backbone.stages.2.downsample.norm.weight, backbone.stages.2.downsample.norm.bias, backbone.stages.2.blocks.0.attn.w_msa.logit_scale, backbone.stages.2.blocks.0.attn.w_msa.q_bias, backbone.stages.2.blocks.0.attn.w_msa.v_bias, backbone.stages.2.blocks.0.attn.w_msa.cpb_mlp.0.weight, backbone.stages.2.blocks.0.attn.w_msa.cpb_mlp.0.bias, backbone.stages.2.blocks.0.attn.w_msa.cpb_mlp.2.weight, backbone.stages.2.blocks.0.attn.w_msa.qkv.weight, backbone.stages.2.blocks.0.attn.w_msa.proj.weight, backbone.stages.2.blocks.0.attn.w_msa.proj.bias, backbone.stages.2.blocks.0.norm1.weight, backbone.stages.2.blocks.0.norm1.bias, backbone.stages.2.blocks.0.ffn.layers.0.0.weight, backbone.stages.2.blocks.0.ffn.layers.0.0.bias, backbone.stages.2.blocks.0.ffn.layers.1.weight, backbone.stages.2.blocks.0.ffn.layers.1.bias, backbone.stages.2.blocks.0.norm2.weight, backbone.stages.2.blocks.0.norm2.bias, backbone.stages.2.blocks.1.attn.w_msa.logit_scale, backbone.stages.2.blocks.1.attn.w_msa.q_bias, backbone.stages.2.blocks.1.attn.w_msa.v_bias, backbone.stages.2.blocks.1.attn.w_msa.cpb_mlp.0.weight, backbone.stages.2.blocks.1.attn.w_msa.cpb_mlp.0.bias, backbone.stages.2.blocks.1.attn.w_msa.cpb_mlp.2.weight, backbone.stages.2.blocks.1.attn.w_msa.qkv.weight, backbone.stages.2.blocks.1.attn.w_msa.proj.weight, backbone.stages.2.blocks.1.attn.w_msa.proj.bias, backbone.stages.2.blocks.1.norm1.weight, backbone.stages.2.blocks.1.norm1.bias, backbone.stages.2.blocks.1.ffn.layers.0.0.weight, backbone.stages.2.blocks.1.ffn.layers.0.0.bias, backbone.stages.2.blocks.1.ffn.layers.1.weight, backbone.stages.2.blocks.1.ffn.layers.1.bias, backbone.stages.2.blocks.1.norm2.weight, backbone.stages.2.blocks.1.norm2.bias, backbone.stages.2.blocks.2.attn.w_msa.logit_scale, backbone.stages.2.blocks.2.attn.w_msa.q_bias, backbone.stages.2.blocks.2.attn.w_msa.v_bias, backbone.stages.2.blocks.2.attn.w_msa.cpb_mlp.0.weight, backbone.stages.2.blocks.2.attn.w_msa.cpb_mlp.0.bias, backbone.stages.2.blocks.2.attn.w_msa.cpb_mlp.2.weight, backbone.stages.2.blocks.2.attn.w_msa.qkv.weight, backbone.stages.2.blocks.2.attn.w_msa.proj.weight, backbone.stages.2.blocks.2.attn.w_msa.proj.bias, backbone.stages.2.blocks.2.norm1.weight, backbone.stages.2.blocks.2.norm1.bias, backbone.stages.2.blocks.2.ffn.layers.0.0.weight, backbone.stages.2.blocks.2.ffn.layers.0.0.bias, backbone.stages.2.blocks.2.ffn.layers.1.weight, backbone.stages.2.blocks.2.ffn.layers.1.bias, backbone.stages.2.blocks.2.norm2.weight, backbone.stages.2.blocks.2.norm2.bias, backbone.stages.2.blocks.3.attn.w_msa.logit_scale, backbone.stages.2.blocks.3.attn.w_msa.q_bias, backbone.stages.2.blocks.3.attn.w_msa.v_bias, backbone.stages.2.blocks.3.attn.w_msa.cpb_mlp.0.weight, backbone.stages.2.blocks.3.attn.w_msa.cpb_mlp.0.bias, backbone.stages.2.blocks.3.attn.w_msa.cpb_mlp.2.weight, backbone.stages.2.blocks.3.attn.w_msa.qkv.weight, backbone.stages.2.blocks.3.attn.w_msa.proj.weight, backbone.stages.2.blocks.3.attn.w_msa.proj.bias, backbone.stages.2.blocks.3.norm1.weight, backbone.stages.2.blocks.3.norm1.bias, backbone.stages.2.blocks.3.ffn.layers.0.0.weight, backbone.stages.2.blocks.3.ffn.layers.0.0.bias, backbone.stages.2.blocks.3.ffn.layers.1.weight, backbone.stages.2.blocks.3.ffn.layers.1.bias, backbone.stages.2.blocks.3.norm2.weight, backbone.stages.2.blocks.3.norm2.bias, backbone.stages.2.blocks.4.attn.w_msa.logit_scale, backbone.stages.2.blocks.4.attn.w_msa.q_bias, backbone.stages.2.blocks.4.attn.w_msa.v_bias, backbone.stages.2.blocks.4.attn.w_msa.cpb_mlp.0.weight, backbone.stages.2.blocks.4.attn.w_msa.cpb_mlp.0.bias, backbone.stages.2.blocks.4.attn.w_msa.cpb_mlp.2.weight, backbone.stages.2.blocks.4.attn.w_msa.qkv.weight, backbone.stages.2.blocks.4.attn.w_msa.proj.weight, backbone.stages.2.blocks.4.attn.w_msa.proj.bias, backbone.stages.2.blocks.4.norm1.weight, backbone.stages.2.blocks.4.norm1.bias, backbone.stages.2.blocks.4.ffn.layers.0.0.weight, backbone.stages.2.blocks.4.ffn.layers.0.0.bias, backbone.stages.2.blocks.4.ffn.layers.1.weight, backbone.stages.2.blocks.4.ffn.layers.1.bias, backbone.stages.2.blocks.4.norm2.weight, backbone.stages.2.blocks.4.norm2.bias, backbone.stages.2.blocks.5.attn.w_msa.logit_scale, backbone.stages.2.blocks.5.attn.w_msa.q_bias, backbone.stages.2.blocks.5.attn.w_msa.v_bias, backbone.stages.2.blocks.5.attn.w_msa.cpb_mlp.0.weight, backbone.stages.2.blocks.5.attn.w_msa.cpb_mlp.0.bias, backbone.stages.2.blocks.5.attn.w_msa.cpb_mlp.2.weight, backbone.stages.2.blocks.5.attn.w_msa.qkv.weight, backbone.stages.2.blocks.5.attn.w_msa.proj.weight, backbone.stages.2.blocks.5.attn.w_msa.proj.bias, backbone.stages.2.blocks.5.norm1.weight, backbone.stages.2.blocks.5.norm1.bias, backbone.stages.2.blocks.5.ffn.layers.0.0.weight, backbone.stages.2.blocks.5.ffn.layers.0.0.bias, backbone.stages.2.blocks.5.ffn.layers.1.weight, backbone.stages.2.blocks.5.ffn.layers.1.bias, backbone.stages.2.blocks.5.norm2.weight, backbone.stages.2.blocks.5.norm2.bias, backbone.stages.2.blocks.6.attn.w_msa.logit_scale, backbone.stages.2.blocks.6.attn.w_msa.q_bias, backbone.stages.2.blocks.6.attn.w_msa.v_bias, backbone.stages.2.blocks.6.attn.w_msa.cpb_mlp.0.weight, backbone.stages.2.blocks.6.attn.w_msa.cpb_mlp.0.bias, backbone.stages.2.blocks.6.attn.w_msa.cpb_mlp.2.weight, backbone.stages.2.blocks.6.attn.w_msa.qkv.weight, backbone.stages.2.blocks.6.attn.w_msa.proj.weight, backbone.stages.2.blocks.6.attn.w_msa.proj.bias, backbone.stages.2.blocks.6.norm1.weight, backbone.stages.2.blocks.6.norm1.bias, backbone.stages.2.blocks.6.ffn.layers.0.0.weight, backbone.stages.2.blocks.6.ffn.layers.0.0.bias, backbone.stages.2.blocks.6.ffn.layers.1.weight, backbone.stages.2.blocks.6.ffn.layers.1.bias, backbone.stages.2.blocks.6.norm2.weight, backbone.stages.2.blocks.6.norm2.bias, backbone.stages.2.blocks.7.attn.w_msa.logit_scale, backbone.stages.2.blocks.7.attn.w_msa.q_bias, backbone.stages.2.blocks.7.attn.w_msa.v_bias, backbone.stages.2.blocks.7.attn.w_msa.cpb_mlp.0.weight, backbone.stages.2.blocks.7.attn.w_msa.cpb_mlp.0.bias, backbone.stages.2.blocks.7.attn.w_msa.cpb_mlp.2.weight, backbone.stages.2.blocks.7.attn.w_msa.qkv.weight, backbone.stages.2.blocks.7.attn.w_msa.proj.weight, backbone.stages.2.blocks.7.attn.w_msa.proj.bias, backbone.stages.2.blocks.7.norm1.weight, backbone.stages.2.blocks.7.norm1.bias, backbone.stages.2.blocks.7.ffn.layers.0.0.weight, backbone.stages.2.blocks.7.ffn.layers.0.0.bias, backbone.stages.2.blocks.7.ffn.layers.1.weight, backbone.stages.2.blocks.7.ffn.layers.1.bias, backbone.stages.2.blocks.7.norm2.weight, backbone.stages.2.blocks.7.norm2.bias, backbone.stages.2.blocks.8.attn.w_msa.logit_scale, backbone.stages.2.blocks.8.attn.w_msa.q_bias, backbone.stages.2.blocks.8.attn.w_msa.v_bias, backbone.stages.2.blocks.8.attn.w_msa.cpb_mlp.0.weight, backbone.stages.2.blocks.8.attn.w_msa.cpb_mlp.0.bias, backbone.stages.2.blocks.8.attn.w_msa.cpb_mlp.2.weight, backbone.stages.2.blocks.8.attn.w_msa.qkv.weight, backbone.stages.2.blocks.8.attn.w_msa.proj.weight, backbone.stages.2.blocks.8.attn.w_msa.proj.bias, backbone.stages.2.blocks.8.norm1.weight, backbone.stages.2.blocks.8.norm1.bias, backbone.stages.2.blocks.8.ffn.layers.0.0.weight, backbone.stages.2.blocks.8.ffn.layers.0.0.bias, backbone.stages.2.blocks.8.ffn.layers.1.weight, backbone.stages.2.blocks.8.ffn.layers.1.bias, backbone.stages.2.blocks.8.norm2.weight, backbone.stages.2.blocks.8.norm2.bias, backbone.stages.2.blocks.9.attn.w_msa.logit_scale, backbone.stages.2.blocks.9.attn.w_msa.q_bias, backbone.stages.2.blocks.9.attn.w_msa.v_bias, backbone.stages.2.blocks.9.attn.w_msa.cpb_mlp.0.weight, backbone.stages.2.blocks.9.attn.w_msa.cpb_mlp.0.bias, backbone.stages.2.blocks.9.attn.w_msa.cpb_mlp.2.weight, backbone.stages.2.blocks.9.attn.w_msa.qkv.weight, backbone.stages.2.blocks.9.attn.w_msa.proj.weight, backbone.stages.2.blocks.9.attn.w_msa.proj.bias, backbone.stages.2.blocks.9.norm1.weight, backbone.stages.2.blocks.9.norm1.bias, backbone.stages.2.blocks.9.ffn.layers.0.0.weight, backbone.stages.2.blocks.9.ffn.layers.0.0.bias, backbone.stages.2.blocks.9.ffn.layers.1.weight, backbone.stages.2.blocks.9.ffn.layers.1.bias, backbone.stages.2.blocks.9.norm2.weight, backbone.stages.2.blocks.9.norm2.bias, backbone.stages.2.blocks.10.attn.w_msa.logit_scale, backbone.stages.2.blocks.10.attn.w_msa.q_bias, backbone.stages.2.blocks.10.attn.w_msa.v_bias, backbone.stages.2.blocks.10.attn.w_msa.cpb_mlp.0.weight, backbone.stages.2.blocks.10.attn.w_msa.cpb_mlp.0.bias, backbone.stages.2.blocks.10.attn.w_msa.cpb_mlp.2.weight, backbone.stages.2.blocks.10.attn.w_msa.qkv.weight, backbone.stages.2.blocks.10.attn.w_msa.proj.weight, backbone.stages.2.blocks.10.attn.w_msa.proj.bias, backbone.stages.2.blocks.10.norm1.weight, backbone.stages.2.blocks.10.norm1.bias, backbone.stages.2.blocks.10.ffn.layers.0.0.weight, backbone.stages.2.blocks.10.ffn.layers.0.0.bias, backbone.stages.2.blocks.10.ffn.layers.1.weight, backbone.stages.2.blocks.10.ffn.layers.1.bias, backbone.stages.2.blocks.10.norm2.weight, backbone.stages.2.blocks.10.norm2.bias, backbone.stages.2.blocks.11.attn.w_msa.logit_scale, backbone.stages.2.blocks.11.attn.w_msa.q_bias, backbone.stages.2.blocks.11.attn.w_msa.v_bias, backbone.stages.2.blocks.11.attn.w_msa.cpb_mlp.0.weight, backbone.stages.2.blocks.11.attn.w_msa.cpb_mlp.0.bias, backbone.stages.2.blocks.11.attn.w_msa.cpb_mlp.2.weight, backbone.stages.2.blocks.11.attn.w_msa.qkv.weight, backbone.stages.2.blocks.11.attn.w_msa.proj.weight, backbone.stages.2.blocks.11.attn.w_msa.proj.bias, backbone.stages.2.blocks.11.norm1.weight, backbone.stages.2.blocks.11.norm1.bias, backbone.stages.2.blocks.11.ffn.layers.0.0.weight, backbone.stages.2.blocks.11.ffn.layers.0.0.bias, backbone.stages.2.blocks.11.ffn.layers.1.weight, backbone.stages.2.blocks.11.ffn.layers.1.bias, backbone.stages.2.blocks.11.norm2.weight, backbone.stages.2.blocks.11.norm2.bias, backbone.stages.2.blocks.12.attn.w_msa.logit_scale, backbone.stages.2.blocks.12.attn.w_msa.q_bias, backbone.stages.2.blocks.12.attn.w_msa.v_bias, backbone.stages.2.blocks.12.attn.w_msa.cpb_mlp.0.weight, backbone.stages.2.blocks.12.attn.w_msa.cpb_mlp.0.bias, backbone.stages.2.blocks.12.attn.w_msa.cpb_mlp.2.weight, backbone.stages.2.blocks.12.attn.w_msa.qkv.weight, backbone.stages.2.blocks.12.attn.w_msa.proj.weight, backbone.stages.2.blocks.12.attn.w_msa.proj.bias, backbone.stages.2.blocks.12.norm1.weight, backbone.stages.2.blocks.12.norm1.bias, backbone.stages.2.blocks.12.ffn.layers.0.0.weight, backbone.stages.2.blocks.12.ffn.layers.0.0.bias, backbone.stages.2.blocks.12.ffn.layers.1.weight, backbone.stages.2.blocks.12.ffn.layers.1.bias, backbone.stages.2.blocks.12.norm2.weight, backbone.stages.2.blocks.12.norm2.bias, backbone.stages.2.blocks.13.attn.w_msa.logit_scale, backbone.stages.2.blocks.13.attn.w_msa.q_bias, backbone.stages.2.blocks.13.attn.w_msa.v_bias, backbone.stages.2.blocks.13.attn.w_msa.cpb_mlp.0.weight, backbone.stages.2.blocks.13.attn.w_msa.cpb_mlp.0.bias, backbone.stages.2.blocks.13.attn.w_msa.cpb_mlp.2.weight, backbone.stages.2.blocks.13.attn.w_msa.qkv.weight, backbone.stages.2.blocks.13.attn.w_msa.proj.weight, backbone.stages.2.blocks.13.attn.w_msa.proj.bias, backbone.stages.2.blocks.13.norm1.weight, backbone.stages.2.blocks.13.norm1.bias, backbone.stages.2.blocks.13.ffn.layers.0.0.weight, backbone.stages.2.blocks.13.ffn.layers.0.0.bias, backbone.stages.2.blocks.13.ffn.layers.1.weight, backbone.stages.2.blocks.13.ffn.layers.1.bias, backbone.stages.2.blocks.13.norm2.weight, backbone.stages.2.blocks.13.norm2.bias, backbone.stages.2.blocks.14.attn.w_msa.logit_scale, backbone.stages.2.blocks.14.attn.w_msa.q_bias, backbone.stages.2.blocks.14.attn.w_msa.v_bias, backbone.stages.2.blocks.14.attn.w_msa.cpb_mlp.0.weight, backbone.stages.2.blocks.14.attn.w_msa.cpb_mlp.0.bias, backbone.stages.2.blocks.14.attn.w_msa.cpb_mlp.2.weight, backbone.stages.2.blocks.14.attn.w_msa.qkv.weight, backbone.stages.2.blocks.14.attn.w_msa.proj.weight, backbone.stages.2.blocks.14.attn.w_msa.proj.bias, backbone.stages.2.blocks.14.norm1.weight, backbone.stages.2.blocks.14.norm1.bias, backbone.stages.2.blocks.14.ffn.layers.0.0.weight, backbone.stages.2.blocks.14.ffn.layers.0.0.bias, backbone.stages.2.blocks.14.ffn.layers.1.weight, backbone.stages.2.blocks.14.ffn.layers.1.bias, backbone.stages.2.blocks.14.norm2.weight, backbone.stages.2.blocks.14.norm2.bias, backbone.stages.2.blocks.15.attn.w_msa.logit_scale, backbone.stages.2.blocks.15.attn.w_msa.q_bias, backbone.stages.2.blocks.15.attn.w_msa.v_bias, backbone.stages.2.blocks.15.attn.w_msa.cpb_mlp.0.weight, backbone.stages.2.blocks.15.attn.w_msa.cpb_mlp.0.bias, backbone.stages.2.blocks.15.attn.w_msa.cpb_mlp.2.weight, backbone.stages.2.blocks.15.attn.w_msa.qkv.weight, backbone.stages.2.blocks.15.attn.w_msa.proj.weight, backbone.stages.2.blocks.15.attn.w_msa.proj.bias, backbone.stages.2.blocks.15.norm1.weight, backbone.stages.2.blocks.15.norm1.bias, backbone.stages.2.blocks.15.ffn.layers.0.0.weight, backbone.stages.2.blocks.15.ffn.layers.0.0.bias, backbone.stages.2.blocks.15.ffn.layers.1.weight, backbone.stages.2.blocks.15.ffn.layers.1.bias, backbone.stages.2.blocks.15.norm2.weight, backbone.stages.2.blocks.15.norm2.bias, backbone.stages.2.blocks.16.attn.w_msa.logit_scale, backbone.stages.2.blocks.16.attn.w_msa.q_bias, backbone.stages.2.blocks.16.attn.w_msa.v_bias, backbone.stages.2.blocks.16.attn.w_msa.cpb_mlp.0.weight, backbone.stages.2.blocks.16.attn.w_msa.cpb_mlp.0.bias, backbone.stages.2.blocks.16.attn.w_msa.cpb_mlp.2.weight, backbone.stages.2.blocks.16.attn.w_msa.qkv.weight, backbone.stages.2.blocks.16.attn.w_msa.proj.weight, backbone.stages.2.blocks.16.attn.w_msa.proj.bias, backbone.stages.2.blocks.16.norm1.weight, backbone.stages.2.blocks.16.norm1.bias, backbone.stages.2.blocks.16.ffn.layers.0.0.weight, backbone.stages.2.blocks.16.ffn.layers.0.0.bias, backbone.stages.2.blocks.16.ffn.layers.1.weight, backbone.stages.2.blocks.16.ffn.layers.1.bias, backbone.stages.2.blocks.16.norm2.weight, backbone.stages.2.blocks.16.norm2.bias, backbone.stages.2.blocks.17.attn.w_msa.logit_scale, backbone.stages.2.blocks.17.attn.w_msa.q_bias, backbone.stages.2.blocks.17.attn.w_msa.v_bias, backbone.stages.2.blocks.17.attn.w_msa.cpb_mlp.0.weight, backbone.stages.2.blocks.17.attn.w_msa.cpb_mlp.0.bias, backbone.stages.2.blocks.17.attn.w_msa.cpb_mlp.2.weight, backbone.stages.2.blocks.17.attn.w_msa.qkv.weight, backbone.stages.2.blocks.17.attn.w_msa.proj.weight, backbone.stages.2.blocks.17.attn.w_msa.proj.bias, backbone.stages.2.blocks.17.norm1.weight, backbone.stages.2.blocks.17.norm1.bias, backbone.stages.2.blocks.17.ffn.layers.0.0.weight, backbone.stages.2.blocks.17.ffn.layers.0.0.bias, backbone.stages.2.blocks.17.ffn.layers.1.weight, backbone.stages.2.blocks.17.ffn.layers.1.bias, backbone.stages.2.blocks.17.norm2.weight, backbone.stages.2.blocks.17.norm2.bias, backbone.stages.3.downsample.reduction.weight, backbone.stages.3.downsample.norm.weight, backbone.stages.3.downsample.norm.bias, backbone.stages.3.blocks.0.attn.w_msa.logit_scale, backbone.stages.3.blocks.0.attn.w_msa.q_bias, backbone.stages.3.blocks.0.attn.w_msa.v_bias, backbone.stages.3.blocks.0.attn.w_msa.cpb_mlp.0.weight, backbone.stages.3.blocks.0.attn.w_msa.cpb_mlp.0.bias, backbone.stages.3.blocks.0.attn.w_msa.cpb_mlp.2.weight, backbone.stages.3.blocks.0.attn.w_msa.qkv.weight, backbone.stages.3.blocks.0.attn.w_msa.proj.weight, backbone.stages.3.blocks.0.attn.w_msa.proj.bias, backbone.stages.3.blocks.0.norm1.weight, backbone.stages.3.blocks.0.norm1.bias, backbone.stages.3.blocks.0.ffn.layers.0.0.weight, backbone.stages.3.blocks.0.ffn.layers.0.0.bias, backbone.stages.3.blocks.0.ffn.layers.1.weight, backbone.stages.3.blocks.0.ffn.layers.1.bias, backbone.stages.3.blocks.0.norm2.weight, backbone.stages.3.blocks.0.norm2.bias, backbone.stages.3.blocks.1.attn.w_msa.logit_scale, backbone.stages.3.blocks.1.attn.w_msa.q_bias, backbone.stages.3.blocks.1.attn.w_msa.v_bias, backbone.stages.3.blocks.1.attn.w_msa.cpb_mlp.0.weight, backbone.stages.3.blocks.1.attn.w_msa.cpb_mlp.0.bias, backbone.stages.3.blocks.1.attn.w_msa.cpb_mlp.2.weight, backbone.stages.3.blocks.1.attn.w_msa.qkv.weight, backbone.stages.3.blocks.1.attn.w_msa.proj.weight, backbone.stages.3.blocks.1.attn.w_msa.proj.bias, backbone.stages.3.blocks.1.norm1.weight, backbone.stages.3.blocks.1.norm1.bias, backbone.stages.3.blocks.1.ffn.layers.0.0.weight, backbone.stages.3.blocks.1.ffn.layers.0.0.bias, backbone.stages.3.blocks.1.ffn.layers.1.weight, backbone.stages.3.blocks.1.ffn.layers.1.bias, backbone.stages.3.blocks.1.norm2.weight, backbone.stages.3.blocks.1.norm2.bias, backbone.norm3.weight, backbone.norm3.bias, head.fc.weight, head.fc.bias

missing keys in source state_dict: patch_embed.projection.weight, patch_embed.projection.bias, patch_embed.norm.weight, patch_embed.norm.bias, stages.0.blocks.0.attn.w_msa.logit_scale, stages.0.blocks.0.attn.w_msa.q_bias, stages.0.blocks.0.attn.w_msa.v_bias, stages.0.blocks.0.attn.w_msa.relative_coords_table, stages.0.blocks.0.attn.w_msa.relative_position_index, stages.0.blocks.0.attn.w_msa.cpb_mlp.0.weight, stages.0.blocks.0.attn.w_msa.cpb_mlp.0.bias, stages.0.blocks.0.attn.w_msa.cpb_mlp.2.weight, stages.0.blocks.0.attn.w_msa.qkv.weight, stages.0.blocks.0.attn.w_msa.proj.weight, stages.0.blocks.0.attn.w_msa.proj.bias, stages.0.blocks.0.norm1.weight, stages.0.blocks.0.norm1.bias, stages.0.blocks.0.ffn.layers.0.0.weight, stages.0.blocks.0.ffn.layers.0.0.bias, stages.0.blocks.0.ffn.layers.1.weight, stages.0.blocks.0.ffn.layers.1.bias, stages.0.blocks.0.norm2.weight, stages.0.blocks.0.norm2.bias, stages.0.blocks.1.attn.w_msa.logit_scale, stages.0.blocks.1.attn.w_msa.q_bias, stages.0.blocks.1.attn.w_msa.v_bias, stages.0.blocks.1.attn.w_msa.relative_coords_table, stages.0.blocks.1.attn.w_msa.relative_position_index, stages.0.blocks.1.attn.w_msa.cpb_mlp.0.weight, stages.0.blocks.1.attn.w_msa.cpb_mlp.0.bias, stages.0.blocks.1.attn.w_msa.cpb_mlp.2.weight, stages.0.blocks.1.attn.w_msa.qkv.weight, stages.0.blocks.1.attn.w_msa.proj.weight, stages.0.blocks.1.attn.w_msa.proj.bias, stages.0.blocks.1.norm1.weight, stages.0.blocks.1.norm1.bias, stages.0.blocks.1.ffn.layers.0.0.weight, stages.0.blocks.1.ffn.layers.0.0.bias, stages.0.blocks.1.ffn.layers.1.weight, stages.0.blocks.1.ffn.layers.1.bias, stages.0.blocks.1.norm2.weight, stages.0.blocks.1.norm2.bias, stages.1.downsample.reduction.weight, stages.1.downsample.norm.weight, stages.1.downsample.norm.bias, stages.1.blocks.0.attn.w_msa.logit_scale, stages.1.blocks.0.attn.w_msa.q_bias, stages.1.blocks.0.attn.w_msa.v_bias, stages.1.blocks.0.attn.w_msa.relative_coords_table, stages.1.blocks.0.attn.w_msa.relative_position_index, stages.1.blocks.0.attn.w_msa.cpb_mlp.0.weight, stages.1.blocks.0.attn.w_msa.cpb_mlp.0.bias, stages.1.blocks.0.attn.w_msa.cpb_mlp.2.weight, stages.1.blocks.0.attn.w_msa.qkv.weight, stages.1.blocks.0.attn.w_msa.proj.weight, stages.1.blocks.0.attn.w_msa.proj.bias, stages.1.blocks.0.norm1.weight, stages.1.blocks.0.norm1.bias, stages.1.blocks.0.ffn.layers.0.0.weight, stages.1.blocks.0.ffn.layers.0.0.bias, stages.1.blocks.0.ffn.layers.1.weight, stages.1.blocks.0.ffn.layers.1.bias, stages.1.blocks.0.norm2.weight, stages.1.blocks.0.norm2.bias, stages.1.blocks.1.attn.w_msa.logit_scale, stages.1.blocks.1.attn.w_msa.q_bias, stages.1.blocks.1.attn.w_msa.v_bias, stages.1.blocks.1.attn.w_msa.relative_coords_table, stages.1.blocks.1.attn.w_msa.relative_position_index, stages.1.blocks.1.attn.w_msa.cpb_mlp.0.weight, stages.1.blocks.1.attn.w_msa.cpb_mlp.0.bias, stages.1.blocks.1.attn.w_msa.cpb_mlp.2.weight, stages.1.blocks.1.attn.w_msa.qkv.weight, stages.1.blocks.1.attn.w_msa.proj.weight, stages.1.blocks.1.attn.w_msa.proj.bias, stages.1.blocks.1.norm1.weight, stages.1.blocks.1.norm1.bias, stages.1.blocks.1.ffn.layers.0.0.weight, stages.1.blocks.1.ffn.layers.0.0.bias, stages.1.blocks.1.ffn.layers.1.weight, stages.1.blocks.1.ffn.layers.1.bias, stages.1.blocks.1.norm2.weight, stages.1.blocks.1.norm2.bias, stages.2.downsample.reduction.weight, stages.2.downsample.norm.weight, stages.2.downsample.norm.bias, stages.2.blocks.0.attn.w_msa.logit_scale, stages.2.blocks.0.attn.w_msa.q_bias, stages.2.blocks.0.attn.w_msa.v_bias, stages.2.blocks.0.attn.w_msa.relative_coords_table, stages.2.blocks.0.attn.w_msa.relative_position_index, stages.2.blocks.0.attn.w_msa.cpb_mlp.0.weight, stages.2.blocks.0.attn.w_msa.cpb_mlp.0.bias, stages.2.blocks.0.attn.w_msa.cpb_mlp.2.weight, stages.2.blocks.0.attn.w_msa.qkv.weight, stages.2.blocks.0.attn.w_msa.proj.weight, stages.2.blocks.0.attn.w_msa.proj.bias, stages.2.blocks.0.norm1.weight, stages.2.blocks.0.norm1.bias, stages.2.blocks.0.ffn.layers.0.0.weight, stages.2.blocks.0.ffn.layers.0.0.bias, stages.2.blocks.0.ffn.layers.1.weight, stages.2.blocks.0.ffn.layers.1.bias, stages.2.blocks.0.norm2.weight, stages.2.blocks.0.norm2.bias, stages.2.blocks.1.attn.w_msa.logit_scale, stages.2.blocks.1.attn.w_msa.q_bias, stages.2.blocks.1.attn.w_msa.v_bias, stages.2.blocks.1.attn.w_msa.relative_coords_table, stages.2.blocks.1.attn.w_msa.relative_position_index, stages.2.blocks.1.attn.w_msa.cpb_mlp.0.weight, stages.2.blocks.1.attn.w_msa.cpb_mlp.0.bias, stages.2.blocks.1.attn.w_msa.cpb_mlp.2.weight, stages.2.blocks.1.attn.w_msa.qkv.weight, stages.2.blocks.1.attn.w_msa.proj.weight, stages.2.blocks.1.attn.w_msa.proj.bias, stages.2.blocks.1.norm1.weight, stages.2.blocks.1.norm1.bias, stages.2.blocks.1.ffn.layers.0.0.weight, stages.2.blocks.1.ffn.layers.0.0.bias, stages.2.blocks.1.ffn.layers.1.weight, stages.2.blocks.1.ffn.layers.1.bias, stages.2.blocks.1.norm2.weight, stages.2.blocks.1.norm2.bias, stages.2.blocks.2.attn.w_msa.logit_scale, stages.2.blocks.2.attn.w_msa.q_bias, stages.2.blocks.2.attn.w_msa.v_bias, stages.2.blocks.2.attn.w_msa.relative_coords_table, stages.2.blocks.2.attn.w_msa.relative_position_index, stages.2.blocks.2.attn.w_msa.cpb_mlp.0.weight, stages.2.blocks.2.attn.w_msa.cpb_mlp.0.bias, stages.2.blocks.2.attn.w_msa.cpb_mlp.2.weight, stages.2.blocks.2.attn.w_msa.qkv.weight, stages.2.blocks.2.attn.w_msa.proj.weight, stages.2.blocks.2.attn.w_msa.proj.bias, stages.2.blocks.2.norm1.weight, stages.2.blocks.2.norm1.bias, stages.2.blocks.2.ffn.layers.0.0.weight, stages.2.blocks.2.ffn.layers.0.0.bias, stages.2.blocks.2.ffn.layers.1.weight, stages.2.blocks.2.ffn.layers.1.bias, stages.2.blocks.2.norm2.weight, stages.2.blocks.2.norm2.bias, stages.2.blocks.3.attn.w_msa.logit_scale, stages.2.blocks.3.attn.w_msa.q_bias, stages.2.blocks.3.attn.w_msa.v_bias, stages.2.blocks.3.attn.w_msa.relative_coords_table, stages.2.blocks.3.attn.w_msa.relative_position_index, stages.2.blocks.3.attn.w_msa.cpb_mlp.0.weight, stages.2.blocks.3.attn.w_msa.cpb_mlp.0.bias, stages.2.blocks.3.attn.w_msa.cpb_mlp.2.weight, stages.2.blocks.3.attn.w_msa.qkv.weight, stages.2.blocks.3.attn.w_msa.proj.weight, stages.2.blocks.3.attn.w_msa.proj.bias, stages.2.blocks.3.norm1.weight, stages.2.blocks.3.norm1.bias, stages.2.blocks.3.ffn.layers.0.0.weight, stages.2.blocks.3.ffn.layers.0.0.bias, stages.2.blocks.3.ffn.layers.1.weight, stages.2.blocks.3.ffn.layers.1.bias, stages.2.blocks.3.norm2.weight, stages.2.blocks.3.norm2.bias, stages.2.blocks.4.attn.w_msa.logit_scale, stages.2.blocks.4.attn.w_msa.q_bias, stages.2.blocks.4.attn.w_msa.v_bias, stages.2.blocks.4.attn.w_msa.relative_coords_table, stages.2.blocks.4.attn.w_msa.relative_position_index, stages.2.blocks.4.attn.w_msa.cpb_mlp.0.weight, stages.2.blocks.4.attn.w_msa.cpb_mlp.0.bias, stages.2.blocks.4.attn.w_msa.cpb_mlp.2.weight, stages.2.blocks.4.attn.w_msa.qkv.weight, stages.2.blocks.4.attn.w_msa.proj.weight, stages.2.blocks.4.attn.w_msa.proj.bias, stages.2.blocks.4.norm1.weight, stages.2.blocks.4.norm1.bias, stages.2.blocks.4.ffn.layers.0.0.weight, stages.2.blocks.4.ffn.layers.0.0.bias, stages.2.blocks.4.ffn.layers.1.weight, stages.2.blocks.4.ffn.layers.1.bias, stages.2.blocks.4.norm2.weight, stages.2.blocks.4.norm2.bias, stages.2.blocks.5.attn.w_msa.logit_scale, stages.2.blocks.5.attn.w_msa.q_bias, stages.2.blocks.5.attn.w_msa.v_bias, stages.2.blocks.5.attn.w_msa.relative_coords_table, stages.2.blocks.5.attn.w_msa.relative_position_index, stages.2.blocks.5.attn.w_msa.cpb_mlp.0.weight, stages.2.blocks.5.attn.w_msa.cpb_mlp.0.bias, stages.2.blocks.5.attn.w_msa.cpb_mlp.2.weight, stages.2.blocks.5.attn.w_msa.qkv.weight, stages.2.blocks.5.attn.w_msa.proj.weight, stages.2.blocks.5.attn.w_msa.proj.bias, stages.2.blocks.5.norm1.weight, stages.2.blocks.5.norm1.bias, stages.2.blocks.5.ffn.layers.0.0.weight, stages.2.blocks.5.ffn.layers.0.0.bias, stages.2.blocks.5.ffn.layers.1.weight, stages.2.blocks.5.ffn.layers.1.bias, stages.2.blocks.5.norm2.weight, stages.2.blocks.5.norm2.bias, stages.2.blocks.6.attn.w_msa.logit_scale, stages.2.blocks.6.attn.w_msa.q_bias, stages.2.blocks.6.attn.w_msa.v_bias, stages.2.blocks.6.attn.w_msa.relative_coords_table, stages.2.blocks.6.attn.w_msa.relative_position_index, stages.2.blocks.6.attn.w_msa.cpb_mlp.0.weight, stages.2.blocks.6.attn.w_msa.cpb_mlp.0.bias, stages.2.blocks.6.attn.w_msa.cpb_mlp.2.weight, stages.2.blocks.6.attn.w_msa.qkv.weight, stages.2.blocks.6.attn.w_msa.proj.weight, stages.2.blocks.6.attn.w_msa.proj.bias, stages.2.blocks.6.norm1.weight, stages.2.blocks.6.norm1.bias, stages.2.blocks.6.ffn.layers.0.0.weight, stages.2.blocks.6.ffn.layers.0.0.bias, stages.2.blocks.6.ffn.layers.1.weight, stages.2.blocks.6.ffn.layers.1.bias, stages.2.blocks.6.norm2.weight, stages.2.blocks.6.norm2.bias, stages.2.blocks.7.attn.w_msa.logit_scale, stages.2.blocks.7.attn.w_msa.q_bias, stages.2.blocks.7.attn.w_msa.v_bias, stages.2.blocks.7.attn.w_msa.relative_coords_table, stages.2.blocks.7.attn.w_msa.relative_position_index, stages.2.blocks.7.attn.w_msa.cpb_mlp.0.weight, stages.2.blocks.7.attn.w_msa.cpb_mlp.0.bias, stages.2.blocks.7.attn.w_msa.cpb_mlp.2.weight, stages.2.blocks.7.attn.w_msa.qkv.weight, stages.2.blocks.7.attn.w_msa.proj.weight, stages.2.blocks.7.attn.w_msa.proj.bias, stages.2.blocks.7.norm1.weight, stages.2.blocks.7.norm1.bias, stages.2.blocks.7.ffn.layers.0.0.weight, stages.2.blocks.7.ffn.layers.0.0.bias, stages.2.blocks.7.ffn.layers.1.weight, stages.2.blocks.7.ffn.layers.1.bias, stages.2.blocks.7.norm2.weight, stages.2.blocks.7.norm2.bias, stages.2.blocks.8.attn.w_msa.logit_scale, stages.2.blocks.8.attn.w_msa.q_bias, stages.2.blocks.8.attn.w_msa.v_bias, stages.2.blocks.8.attn.w_msa.relative_coords_table, stages.2.blocks.8.attn.w_msa.relative_position_index, stages.2.blocks.8.attn.w_msa.cpb_mlp.0.weight, stages.2.blocks.8.attn.w_msa.cpb_mlp.0.bias, stages.2.blocks.8.attn.w_msa.cpb_mlp.2.weight, stages.2.blocks.8.attn.w_msa.qkv.weight, stages.2.blocks.8.attn.w_msa.proj.weight, stages.2.blocks.8.attn.w_msa.proj.bias, stages.2.blocks.8.norm1.weight, stages.2.blocks.8.norm1.bias, stages.2.blocks.8.ffn.layers.0.0.weight, stages.2.blocks.8.ffn.layers.0.0.bias, stages.2.blocks.8.ffn.layers.1.weight, stages.2.blocks.8.ffn.layers.1.bias, stages.2.blocks.8.norm2.weight, stages.2.blocks.8.norm2.bias, stages.2.blocks.9.attn.w_msa.logit_scale, stages.2.blocks.9.attn.w_msa.q_bias, stages.2.blocks.9.attn.w_msa.v_bias, stages.2.blocks.9.attn.w_msa.relative_coords_table, stages.2.blocks.9.attn.w_msa.relative_position_index, stages.2.blocks.9.attn.w_msa.cpb_mlp.0.weight, stages.2.blocks.9.attn.w_msa.cpb_mlp.0.bias, stages.2.blocks.9.attn.w_msa.cpb_mlp.2.weight, stages.2.blocks.9.attn.w_msa.qkv.weight, stages.2.blocks.9.attn.w_msa.proj.weight, stages.2.blocks.9.attn.w_msa.proj.bias, stages.2.blocks.9.norm1.weight, stages.2.blocks.9.norm1.bias, stages.2.blocks.9.ffn.layers.0.0.weight, stages.2.blocks.9.ffn.layers.0.0.bias, stages.2.blocks.9.ffn.layers.1.weight, stages.2.blocks.9.ffn.layers.1.bias, stages.2.blocks.9.norm2.weight, stages.2.blocks.9.norm2.bias, stages.2.blocks.10.attn.w_msa.logit_scale, stages.2.blocks.10.attn.w_msa.q_bias, stages.2.blocks.10.attn.w_msa.v_bias, stages.2.blocks.10.attn.w_msa.relative_coords_table, stages.2.blocks.10.attn.w_msa.relative_position_index, stages.2.blocks.10.attn.w_msa.cpb_mlp.0.weight, stages.2.blocks.10.attn.w_msa.cpb_mlp.0.bias, stages.2.blocks.10.attn.w_msa.cpb_mlp.2.weight, stages.2.blocks.10.attn.w_msa.qkv.weight, stages.2.blocks.10.attn.w_msa.proj.weight, stages.2.blocks.10.attn.w_msa.proj.bias, stages.2.blocks.10.norm1.weight, stages.2.blocks.10.norm1.bias, stages.2.blocks.10.ffn.layers.0.0.weight, stages.2.blocks.10.ffn.layers.0.0.bias, stages.2.blocks.10.ffn.layers.1.weight, stages.2.blocks.10.ffn.layers.1.bias, stages.2.blocks.10.norm2.weight, stages.2.blocks.10.norm2.bias, stages.2.blocks.11.attn.w_msa.logit_scale, stages.2.blocks.11.attn.w_msa.q_bias, stages.2.blocks.11.attn.w_msa.v_bias, stages.2.blocks.11.attn.w_msa.relative_coords_table, stages.2.blocks.11.attn.w_msa.relative_position_index, stages.2.blocks.11.attn.w_msa.cpb_mlp.0.weight, stages.2.blocks.11.attn.w_msa.cpb_mlp.0.bias, stages.2.blocks.11.attn.w_msa.cpb_mlp.2.weight, stages.2.blocks.11.attn.w_msa.qkv.weight, stages.2.blocks.11.attn.w_msa.proj.weight, stages.2.blocks.11.attn.w_msa.proj.bias, stages.2.blocks.11.norm1.weight, stages.2.blocks.11.norm1.bias, stages.2.blocks.11.ffn.layers.0.0.weight, stages.2.blocks.11.ffn.layers.0.0.bias, stages.2.blocks.11.ffn.layers.1.weight, stages.2.blocks.11.ffn.layers.1.bias, stages.2.blocks.11.norm2.weight, stages.2.blocks.11.norm2.bias, stages.2.blocks.12.attn.w_msa.logit_scale, stages.2.blocks.12.attn.w_msa.q_bias, stages.2.blocks.12.attn.w_msa.v_bias, stages.2.blocks.12.attn.w_msa.relative_coords_table, stages.2.blocks.12.attn.w_msa.relative_position_index, stages.2.blocks.12.attn.w_msa.cpb_mlp.0.weight, stages.2.blocks.12.attn.w_msa.cpb_mlp.0.bias, stages.2.blocks.12.attn.w_msa.cpb_mlp.2.weight, stages.2.blocks.12.attn.w_msa.qkv.weight, stages.2.blocks.12.attn.w_msa.proj.weight, stages.2.blocks.12.attn.w_msa.proj.bias, stages.2.blocks.12.norm1.weight, stages.2.blocks.12.norm1.bias, stages.2.blocks.12.ffn.layers.0.0.weight, stages.2.blocks.12.ffn.layers.0.0.bias, stages.2.blocks.12.ffn.layers.1.weight, stages.2.blocks.12.ffn.layers.1.bias, stages.2.blocks.12.norm2.weight, stages.2.blocks.12.norm2.bias, stages.2.blocks.13.attn.w_msa.logit_scale, stages.2.blocks.13.attn.w_msa.q_bias, stages.2.blocks.13.attn.w_msa.v_bias, stages.2.blocks.13.attn.w_msa.relative_coords_table, stages.2.blocks.13.attn.w_msa.relative_position_index, stages.2.blocks.13.attn.w_msa.cpb_mlp.0.weight, stages.2.blocks.13.attn.w_msa.cpb_mlp.0.bias, stages.2.blocks.13.attn.w_msa.cpb_mlp.2.weight, stages.2.blocks.13.attn.w_msa.qkv.weight, stages.2.blocks.13.attn.w_msa.proj.weight, stages.2.blocks.13.attn.w_msa.proj.bias, stages.2.blocks.13.norm1.weight, stages.2.blocks.13.norm1.bias, stages.2.blocks.13.ffn.layers.0.0.weight, stages.2.blocks.13.ffn.layers.0.0.bias, stages.2.blocks.13.ffn.layers.1.weight, stages.2.blocks.13.ffn.layers.1.bias, stages.2.blocks.13.norm2.weight, stages.2.blocks.13.norm2.bias, stages.2.blocks.14.attn.w_msa.logit_scale, stages.2.blocks.14.attn.w_msa.q_bias, stages.2.blocks.14.attn.w_msa.v_bias, stages.2.blocks.14.attn.w_msa.relative_coords_table, stages.2.blocks.14.attn.w_msa.relative_position_index, stages.2.blocks.14.attn.w_msa.cpb_mlp.0.weight, stages.2.blocks.14.attn.w_msa.cpb_mlp.0.bias, stages.2.blocks.14.attn.w_msa.cpb_mlp.2.weight, stages.2.blocks.14.attn.w_msa.qkv.weight, stages.2.blocks.14.attn.w_msa.proj.weight, stages.2.blocks.14.attn.w_msa.proj.bias, stages.2.blocks.14.norm1.weight, stages.2.blocks.14.norm1.bias, stages.2.blocks.14.ffn.layers.0.0.weight, stages.2.blocks.14.ffn.layers.0.0.bias, stages.2.blocks.14.ffn.layers.1.weight, stages.2.blocks.14.ffn.layers.1.bias, stages.2.blocks.14.norm2.weight, stages.2.blocks.14.norm2.bias, stages.2.blocks.15.attn.w_msa.logit_scale, stages.2.blocks.15.attn.w_msa.q_bias, stages.2.blocks.15.attn.w_msa.v_bias, stages.2.blocks.15.attn.w_msa.relative_coords_table, stages.2.blocks.15.attn.w_msa.relative_position_index, stages.2.blocks.15.attn.w_msa.cpb_mlp.0.weight, stages.2.blocks.15.attn.w_msa.cpb_mlp.0.bias, stages.2.blocks.15.attn.w_msa.cpb_mlp.2.weight, stages.2.blocks.15.attn.w_msa.qkv.weight, stages.2.blocks.15.attn.w_msa.proj.weight, stages.2.blocks.15.attn.w_msa.proj.bias, stages.2.blocks.15.norm1.weight, stages.2.blocks.15.norm1.bias, stages.2.blocks.15.ffn.layers.0.0.weight, stages.2.blocks.15.ffn.layers.0.0.bias, stages.2.blocks.15.ffn.layers.1.weight, stages.2.blocks.15.ffn.layers.1.bias, stages.2.blocks.15.norm2.weight, stages.2.blocks.15.norm2.bias, stages.2.blocks.16.attn.w_msa.logit_scale, stages.2.blocks.16.attn.w_msa.q_bias, stages.2.blocks.16.attn.w_msa.v_bias, stages.2.blocks.16.attn.w_msa.relative_coords_table, stages.2.blocks.16.attn.w_msa.relative_position_index, stages.2.blocks.16.attn.w_msa.cpb_mlp.0.weight, stages.2.blocks.16.attn.w_msa.cpb_mlp.0.bias, stages.2.blocks.16.attn.w_msa.cpb_mlp.2.weight, stages.2.blocks.16.attn.w_msa.qkv.weight, stages.2.blocks.16.attn.w_msa.proj.weight, stages.2.blocks.16.attn.w_msa.proj.bias, stages.2.blocks.16.norm1.weight, stages.2.blocks.16.norm1.bias, stages.2.blocks.16.ffn.layers.0.0.weight, stages.2.blocks.16.ffn.layers.0.0.bias, stages.2.blocks.16.ffn.layers.1.weight, stages.2.blocks.16.ffn.layers.1.bias, stages.2.blocks.16.norm2.weight, stages.2.blocks.16.norm2.bias, stages.2.blocks.17.attn.w_msa.logit_scale, stages.2.blocks.17.attn.w_msa.q_bias, stages.2.blocks.17.attn.w_msa.v_bias, stages.2.blocks.17.attn.w_msa.relative_coords_table, stages.2.blocks.17.attn.w_msa.relative_position_index, stages.2.blocks.17.attn.w_msa.cpb_mlp.0.weight, stages.2.blocks.17.attn.w_msa.cpb_mlp.0.bias, stages.2.blocks.17.attn.w_msa.cpb_mlp.2.weight, stages.2.blocks.17.attn.w_msa.qkv.weight, stages.2.blocks.17.attn.w_msa.proj.weight, stages.2.blocks.17.attn.w_msa.proj.bias, stages.2.blocks.17.norm1.weight, stages.2.blocks.17.norm1.bias, stages.2.blocks.17.ffn.layers.0.0.weight, stages.2.blocks.17.ffn.layers.0.0.bias, stages.2.blocks.17.ffn.layers.1.weight, stages.2.blocks.17.ffn.layers.1.bias, stages.2.blocks.17.norm2.weight, stages.2.blocks.17.norm2.bias, stages.3.downsample.reduction.weight, stages.3.downsample.norm.weight, stages.3.downsample.norm.bias, stages.3.blocks.0.attn.w_msa.logit_scale, stages.3.blocks.0.attn.w_msa.q_bias, stages.3.blocks.0.attn.w_msa.v_bias, stages.3.blocks.0.attn.w_msa.relative_coords_table, stages.3.blocks.0.attn.w_msa.relative_position_index, stages.3.blocks.0.attn.w_msa.cpb_mlp.0.weight, stages.3.blocks.0.attn.w_msa.cpb_mlp.0.bias, stages.3.blocks.0.attn.w_msa.cpb_mlp.2.weight, stages.3.blocks.0.attn.w_msa.qkv.weight, stages.3.blocks.0.attn.w_msa.proj.weight, stages.3.blocks.0.attn.w_msa.proj.bias, stages.3.blocks.0.norm1.weight, stages.3.blocks.0.norm1.bias, stages.3.blocks.0.ffn.layers.0.0.weight, stages.3.blocks.0.ffn.layers.0.0.bias, stages.3.blocks.0.ffn.layers.1.weight, stages.3.blocks.0.ffn.layers.1.bias, stages.3.blocks.0.norm2.weight, stages.3.blocks.0.norm2.bias, stages.3.blocks.1.attn.w_msa.logit_scale, stages.3.blocks.1.attn.w_msa.q_bias, stages.3.blocks.1.attn.w_msa.v_bias, stages.3.blocks.1.attn.w_msa.relative_coords_table, stages.3.blocks.1.attn.w_msa.relative_position_index, stages.3.blocks.1.attn.w_msa.cpb_mlp.0.weight, stages.3.blocks.1.attn.w_msa.cpb_mlp.0.bias, stages.3.blocks.1.attn.w_msa.cpb_mlp.2.weight, stages.3.blocks.1.attn.w_msa.qkv.weight, stages.3.blocks.1.attn.w_msa.proj.weight, stages.3.blocks.1.attn.w_msa.proj.bias, stages.3.blocks.1.norm1.weight, stages.3.blocks.1.norm1.bias, stages.3.blocks.1.ffn.layers.0.0.weight, stages.3.blocks.1.ffn.layers.0.0.bias, stages.3.blocks.1.ffn.layers.1.weight, stages.3.blocks.1.ffn.layers.1.bias, stages.3.blocks.1.norm2.weight, stages.3.blocks.1.norm2.bias, norm3.weight, norm3.bias

08/25 11:37:35 - mmengine - WARNING - "FileClient" will be deprecated in future. Please use io functions in https://mmengine.readthedocs.io/en/latest/api/fileio.html#file-io
08/25 11:37:35 - mmengine - WARNING - "HardDiskBackend" is the alias of "LocalBackend" and the former will be deprecated in future.
08/25 11:37:35 - mmengine - INFO - Checkpoints will be saved to /home/nr4325/Desktop/Pose4/mmpose/work_dirs/WTPose_SwinV2_s_w8_coco_256x256_1k.
08/25 11:37:56 - mmengine - INFO - Epoch(train)   [1][   50/18727]  lr: 4.954910e-05  eta: 18 days, 19:15:51  time: 0.413096  data_time: 0.098368  memory: 2285  loss: 0.001680  loss_kpt: 0.001680  acc_pose: 0.000000
08/25 11:38:13 - mmengine - INFO - Epoch(train)   [1][  100/18727]  lr: 9.959920e-05  eta: 17 days, 0:08:56  time: 0.334169  data_time: 0.031715  memory: 2285  loss: 0.001700  loss_kpt: 0.001700  acc_pose: 0.029412
08/25 11:38:29 - mmengine - INFO - Epoch(train)   [1][  150/18727]  lr: 1.496493e-04  eta: 16 days, 9:09:20  time: 0.332470  data_time: 0.031501  memory: 2285  loss: 0.001745  loss_kpt: 0.001745  acc_pose: 0.000000
08/25 11:38:46 - mmengine - INFO - Epoch(train)   [1][  200/18727]  lr: 1.996994e-04  eta: 16 days, 3:09:00  time: 0.337939  data_time: 0.037212  memory: 2285  loss: 0.001693  loss_kpt: 0.001693  acc_pose: 0.000000
08/25 11:39:03 - mmengine - INFO - Epoch(train)   [1][  250/18727]  lr: 2.497495e-04  eta: 15 days, 22:53:54  time: 0.334980  data_time: 0.034832  memory: 2285  loss: 0.001720  loss_kpt: 0.001720  acc_pose: 0.025641
08/25 11:39:20 - mmengine - INFO - Epoch(train)   [1][  300/18727]  lr: 2.997996e-04  eta: 15 days, 20:08:19  time: 0.335399  data_time: 0.031591  memory: 2285  loss: 0.001699  loss_kpt: 0.001699  acc_pose: 0.078431
08/25 11:39:36 - mmengine - INFO - Epoch(train)   [1][  350/18727]  lr: 3.498497e-04  eta: 15 days, 17:01:40  time: 0.328104  data_time: 0.027874  memory: 2285  loss: 0.001696  loss_kpt: 0.001696  acc_pose: 0.041667
08/25 11:39:53 - mmengine - INFO - Epoch(train)   [1][  400/18727]  lr: 3.998998e-04  eta: 15 days, 15:33:29  time: 0.334435  data_time: 0.037486  memory: 2285  loss: 0.001658  loss_kpt: 0.001658  acc_pose: 0.083333
08/25 11:40:09 - mmengine - INFO - Epoch(train)   [1][  450/18727]  lr: 4.499499e-04  eta: 15 days, 14:16:26  time: 0.333283  data_time: 0.030595  memory: 2285  loss: 0.001680  loss_kpt: 0.001680  acc_pose: 0.033333
08/25 11:40:26 - mmengine - INFO - Epoch(train)   [1][  500/18727]  lr: 5.000000e-04  eta: 15 days, 12:26:50  time: 0.325973  data_time: 0.022938  memory: 2285  loss: 0.001790  loss_kpt: 0.001790  acc_pose: 0.029412
08/25 11:40:58 - mmengine - INFO - Epoch(train)   [1][  550/18727]  lr: 5.000000e-04  eta: 16 days, 17:44:15  time: 0.636012  data_time: 0.330468  memory: 2285  loss: 0.001660  loss_kpt: 0.001660  acc_pose: 0.029412
08/25 11:41:15 - mmengine - INFO - Epoch(train)   [1][  600/18727]  lr: 5.000000e-04  eta: 16 days, 15:32:28  time: 0.343730  data_time: 0.043957  memory: 2285  loss: 0.001712  loss_kpt: 0.001712  acc_pose: 0.000000
08/25 11:41:32 - mmengine - INFO - Epoch(train)   [1][  650/18727]  lr: 5.000000e-04  eta: 16 days, 13:14:04  time: 0.338404  data_time: 0.039768  memory: 2285  loss: 0.001714  loss_kpt: 0.001714  acc_pose: 0.142157
08/25 11:41:54 - mmengine - INFO - Epoch(train)   [1][  700/18727]  lr: 5.000000e-04  eta: 16 days, 19:39:01  time: 0.445996  data_time: 0.144708  memory: 2285  loss: 0.001740  loss_kpt: 0.001740  acc_pose: 0.000000
08/25 11:42:11 - mmengine - INFO - Epoch(train)   [1][  750/18727]  lr: 5.000000e-04  eta: 16 days, 17:43:36  time: 0.343224  data_time: 0.043590  memory: 2285  loss: 0.001695  loss_kpt: 0.001695  acc_pose: 0.044444
08/25 11:42:28 - mmengine - INFO - Epoch(train)   [1][  800/18727]  lr: 5.000000e-04  eta: 16 days, 15:21:09  time: 0.333107  data_time: 0.030807  memory: 2285  loss: 0.001694  loss_kpt: 0.001694  acc_pose: 0.073529
08/25 11:42:44 - mmengine - INFO - Epoch(train)   [1][  850/18727]  lr: 5.000000e-04  eta: 16 days, 12:57:33  time: 0.328472  data_time: 0.027811  memory: 2285  loss: 0.001716  loss_kpt: 0.001716  acc_pose: 0.093137
08/25 11:43:01 - mmengine - INFO - Epoch(train)   [1][  900/18727]  lr: 5.000000e-04  eta: 16 days, 11:23:04  time: 0.337590  data_time: 0.034980  memory: 2285  loss: 0.001635  loss_kpt: 0.001635  acc_pose: 0.044118
08/25 11:43:18 - mmengine - INFO - Epoch(train)   [1][  950/18727]  lr: 5.000000e-04  eta: 16 days, 9:37:47  time: 0.331579  data_time: 0.032673  memory: 2285  loss: 0.001680  loss_kpt: 0.001680  acc_pose: 0.051282
08/25 11:43:34 - mmengine - INFO - Exp name: WTPose_SwinV2_s_w8_coco_256x256_1k_20230825_113631
08/25 11:43:34 - mmengine - INFO - Epoch(train)   [1][ 1000/18727]  lr: 5.000000e-04  eta: 16 days, 8:16:25  time: 0.335678  data_time: 0.034042  memory: 2285  loss: 0.001640  loss_kpt: 0.001640  acc_pose: 0.049020
