/home/nr4325/Desktop/Pose4/mmpose/mmpose/models/utils/attention.py:471: UserWarning: __floordiv__ is deprecated, and its behavior will change in a future version of pytorch. It currently rounds toward 0 (like the 'trunc' function NOT 'floor'). This results in incorrect rounding for negative values. To keep the current behavior, use torch.div(a, b, rounding_mode='trunc'), or for actual floor division, use torch.div(a, b, rounding_mode='floor').
  x = x.view(B, H // window_size, window_size, W // window_size,
/home/nr4325/Desktop/Pose4/mmpose/mmpose/models/utils/attention.py:298: UserWarning: __floordiv__ is deprecated, and its behavior will change in a future version of pytorch. It currently rounds toward 0 (like the 'trunc' function NOT 'floor'). This results in incorrect rounding for negative values. To keep the current behavior, use torch.div(a, b, rounding_mode='trunc'), or for actual floor division, use torch.div(a, b, rounding_mode='floor').
  C // self.num_heads).permute(2, 0, 3, 1, 4)
/home/nr4325/Desktop/Pose4/mmpose/mmpose/models/utils/attention.py:463: UserWarning: __floordiv__ is deprecated, and its behavior will change in a future version of pytorch. It currently rounds toward 0 (like the 'trunc' function NOT 'floor'). This results in incorrect rounding for negative values. To keep the current behavior, use torch.div(a, b, rounding_mode='trunc'), or for actual floor division, use torch.div(a, b, rounding_mode='floor').
  x = windows.view(B, H // window_size, W // window_size, window_size,
/home/nr4325/Desktop/Pose4/mmpose/mmpose/models/utils/attention.py:323: UserWarning: __floordiv__ is deprecated, and its behavior will change in a future version of pytorch. It currently rounds toward 0 (like the 'trunc' function NOT 'floor'). This results in incorrect rounding for negative values. To keep the current behavior, use torch.div(a, b, rounding_mode='trunc'), or for actual floor division, use torch.div(a, b, rounding_mode='floor').
  attn = attn.view(B_ // nW, nW, self.num_heads, N,
/home/nr4325/Desktop/Pose4/mmpose/mmpose/models/utils/embed.py:405: UserWarning: __floordiv__ is deprecated, and its behavior will change in a future version of pytorch. It currently rounds toward 0 (like the 'trunc' function NOT 'floor'). This results in incorrect rounding for negative values. To keep the current behavior, use torch.div(a, b, rounding_mode='trunc'), or for actual floor division, use torch.div(a, b, rounding_mode='floor').
  out_h = (H + 2 * self.sampler.padding[0] - self.sampler.dilation[0] *
/home/nr4325/Desktop/Pose4/mmpose/mmpose/models/utils/embed.py:408: UserWarning: __floordiv__ is deprecated, and its behavior will change in a future version of pytorch. It currently rounds toward 0 (like the 'trunc' function NOT 'floor'). This results in incorrect rounding for negative values. To keep the current behavior, use torch.div(a, b, rounding_mode='trunc'), or for actual floor division, use torch.div(a, b, rounding_mode='floor').
  out_w = (W + 2 * self.sampler.padding[1] - self.sampler.dilation[1] *
/home/nr4325/Desktop/Pose4/mmpose/mmpose/models/utils/attention.py:471: UserWarning: __floordiv__ is deprecated, and its behavior will change in a future version of pytorch. It currently rounds toward 0 (like the 'trunc' function NOT 'floor'). This results in incorrect rounding for negative values. To keep the current behavior, use torch.div(a, b, rounding_mode='trunc'), or for actual floor division, use torch.div(a, b, rounding_mode='floor').
  x = x.view(B, H // window_size, window_size, W // window_size,
/home/nr4325/Desktop/Pose4/mmpose/mmpose/models/utils/attention.py:298: UserWarning: __floordiv__ is deprecated, and its behavior will change in a future version of pytorch. It currently rounds toward 0 (like the 'trunc' function NOT 'floor'). This results in incorrect rounding for negative values. To keep the current behavior, use torch.div(a, b, rounding_mode='trunc'), or for actual floor division, use torch.div(a, b, rounding_mode='floor').
  C // self.num_heads).permute(2, 0, 3, 1, 4)
/home/nr4325/Desktop/Pose4/mmpose/mmpose/models/utils/attention.py:463: UserWarning: __floordiv__ is deprecated, and its behavior will change in a future version of pytorch. It currently rounds toward 0 (like the 'trunc' function NOT 'floor'). This results in incorrect rounding for negative values. To keep the current behavior, use torch.div(a, b, rounding_mode='trunc'), or for actual floor division, use torch.div(a, b, rounding_mode='floor').
  x = windows.view(B, H // window_size, W // window_size, window_size,
/home/nr4325/Desktop/Pose4/mmpose/mmpose/models/utils/attention.py:323: UserWarning: __floordiv__ is deprecated, and its behavior will change in a future version of pytorch. It currently rounds toward 0 (like the 'trunc' function NOT 'floor'). This results in incorrect rounding for negative values. To keep the current behavior, use torch.div(a, b, rounding_mode='trunc'), or for actual floor division, use torch.div(a, b, rounding_mode='floor').
  attn = attn.view(B_ // nW, nW, self.num_heads, N,
/home/nr4325/Desktop/Pose4/mmpose/mmpose/models/utils/embed.py:405: UserWarning: __floordiv__ is deprecated, and its behavior will change in a future version of pytorch. It currently rounds toward 0 (like the 'trunc' function NOT 'floor'). This results in incorrect rounding for negative values. To keep the current behavior, use torch.div(a, b, rounding_mode='trunc'), or for actual floor division, use torch.div(a, b, rounding_mode='floor').
  out_h = (H + 2 * self.sampler.padding[0] - self.sampler.dilation[0] *
/home/nr4325/Desktop/Pose4/mmpose/mmpose/models/utils/embed.py:408: UserWarning: __floordiv__ is deprecated, and its behavior will change in a future version of pytorch. It currently rounds toward 0 (like the 'trunc' function NOT 'floor'). This results in incorrect rounding for negative values. To keep the current behavior, use torch.div(a, b, rounding_mode='trunc'), or for actual floor division, use torch.div(a, b, rounding_mode='floor').
  out_w = (W + 2 * self.sampler.padding[1] - self.sampler.dilation[1] *
