09/17 20:05:07 - mmengine - INFO - 
------------------------------------------------------------
System environment:
    sys.platform: linux
    Python: 3.8.17 (default, Jul  5 2023, 21:04:15) [GCC 11.2.0]
    CUDA available: True
    numpy_random_seed: 1838221753
    GPU 0,1: NVIDIA A100-PCIE-40GB
    CUDA_HOME: None
    GCC: n/a
    PyTorch: 1.11.0
    PyTorch compiling details: PyTorch built with:
  - GCC 7.3
  - C++ Version: 201402
  - Intel(R) oneAPI Math Kernel Library Version 2023.1-Product Build 20230303 for Intel(R) 64 architecture applications
  - Intel(R) MKL-DNN v2.5.2 (Git Hash a9302535553c73243c632ad3c4c80beec3d19a1e)
  - OpenMP 201511 (a.k.a. OpenMP 4.5)
  - LAPACK is enabled (usually provided by MKL)
  - NNPACK is enabled
  - CPU capability usage: AVX2
  - CUDA Runtime 11.3
  - NVCC architecture flags: -gencode;arch=compute_37,code=sm_37;-gencode;arch=compute_50,code=sm_50;-gencode;arch=compute_60,code=sm_60;-gencode;arch=compute_61,code=sm_61;-gencode;arch=compute_70,code=sm_70;-gencode;arch=compute_75,code=sm_75;-gencode;arch=compute_80,code=sm_80;-gencode;arch=compute_86,code=sm_86;-gencode;arch=compute_37,code=compute_37
  - CuDNN 8.2
  - Magma 2.5.2
  - Build settings: BLAS_INFO=mkl, BUILD_TYPE=Release, CUDA_VERSION=11.3, CUDNN_VERSION=8.2.0, CXX_COMPILER=/opt/rh/devtoolset-7/root/usr/bin/c++, CXX_FLAGS= -Wno-deprecated -fvisibility-inlines-hidden -DUSE_PTHREADPOOL -fopenmp -DNDEBUG -DUSE_KINETO -DUSE_FBGEMM -DUSE_QNNPACK -DUSE_PYTORCH_QNNPACK -DUSE_XNNPACK -DSYMBOLICATE_MOBILE_DEBUG_HANDLE -DEDGE_PROFILER_USE_KINETO -O2 -fPIC -Wno-narrowing -Wall -Wextra -Werror=return-type -Wno-missing-field-initializers -Wno-type-limits -Wno-array-bounds -Wno-unknown-pragmas -Wno-sign-compare -Wno-unused-parameter -Wno-unused-function -Wno-unused-result -Wno-unused-local-typedefs -Wno-strict-overflow -Wno-strict-aliasing -Wno-error=deprecated-declarations -Wno-stringop-overflow -Wno-psabi -Wno-error=pedantic -Wno-error=redundant-decls -Wno-error=old-style-cast -fdiagnostics-color=always -faligned-new -Wno-unused-but-set-variable -Wno-maybe-uninitialized -fno-math-errno -fno-trapping-math -Werror=format -Wno-stringop-overflow, LAPACK_INFO=mkl, PERF_WITH_AVX=1, PERF_WITH_AVX2=1, PERF_WITH_AVX512=1, TORCH_VERSION=1.11.0, USE_CUDA=ON, USE_CUDNN=ON, USE_EXCEPTION_PTR=1, USE_GFLAGS=OFF, USE_GLOG=OFF, USE_MKL=ON, USE_MKLDNN=OFF, USE_MPI=OFF, USE_NCCL=ON, USE_NNPACK=ON, USE_OPENMP=ON, USE_ROCM=OFF, 

    TorchVision: 0.12.0
    OpenCV: 4.8.0
    MMEngine: 0.8.3

Runtime environment:
    cudnn_benchmark: False
    mp_cfg: {'mp_start_method': 'fork', 'opencv_num_threads': 0}
    dist_cfg: {'backend': 'nccl'}
    seed: 1838221753
    Distributed launcher: pytorch
    Distributed training: True
    GPU number: 2
------------------------------------------------------------

09/17 20:05:08 - mmengine - INFO - Config:
auto_scale_lr = dict(base_batch_size=256)
backend_args = dict(backend='local')
codec = dict(
    heatmap_size=(
        64,
        64,
    ),
    input_size=(
        256,
        256,
    ),
    sigma=2,
    type='MSRAHeatmap')
custom_hooks = [
    dict(type='SyncBuffersHook'),
]
data_mode = 'topdown'
data_root_aic = 'data/aic/'
data_root_coco = 'data/coco/'
dataset_aic = dict(
    ann_file='annotations/aic_train.json',
    data_mode='topdown',
    data_prefix=dict(
        img=
        'ai_challenger_keypoint_train_20170902/keypoint_train_images_20170902/'
    ),
    data_root='data/aic/',
    pipeline=[
        dict(
            mapping=[
                (
                    0,
                    6,
                ),
                (
                    1,
                    8,
                ),
                (
                    2,
                    10,
                ),
                (
                    3,
                    5,
                ),
                (
                    4,
                    7,
                ),
                (
                    5,
                    9,
                ),
                (
                    6,
                    12,
                ),
                (
                    7,
                    14,
                ),
                (
                    8,
                    16,
                ),
                (
                    9,
                    11,
                ),
                (
                    10,
                    13,
                ),
                (
                    11,
                    15,
                ),
                (
                    12,
                    17,
                ),
                (
                    13,
                    18,
                ),
            ],
            num_keypoints=19,
            type='KeypointConverter'),
    ],
    type='AicDataset')
default_hooks = dict(
    checkpoint=dict(
        interval=10,
        rule='greater',
        save_best='coco/AP',
        type='CheckpointHook'),
    logger=dict(interval=50, type='LoggerHook'),
    param_scheduler=dict(type='ParamSchedulerHook'),
    sampler_seed=dict(type='DistSamplerSeedHook'),
    timer=dict(type='IterTimerHook'),
    visualization=dict(enable=False, type='PoseVisualizationHook'))
default_scope = 'mmpose'
env_cfg = dict(
    cudnn_benchmark=False,
    dist_cfg=dict(backend='nccl'),
    mp_cfg=dict(mp_start_method='fork', opencv_num_threads=0))
keypoint_mapping_aic = [
    (
        0,
        6,
    ),
    (
        1,
        8,
    ),
    (
        2,
        10,
    ),
    (
        3,
        5,
    ),
    (
        4,
        7,
    ),
    (
        5,
        9,
    ),
    (
        6,
        12,
    ),
    (
        7,
        14,
    ),
    (
        8,
        16,
    ),
    (
        9,
        11,
    ),
    (
        10,
        13,
    ),
    (
        11,
        15,
    ),
    (
        12,
        17,
    ),
    (
        13,
        18,
    ),
]
keypoint_mapping_coco = [
    (
        0,
        0,
    ),
    (
        1,
        1,
    ),
    (
        2,
        2,
    ),
    (
        3,
        3,
    ),
    (
        4,
        4,
    ),
    (
        5,
        5,
    ),
    (
        6,
        6,
    ),
    (
        7,
        7,
    ),
    (
        8,
        8,
    ),
    (
        9,
        9,
    ),
    (
        10,
        10,
    ),
    (
        11,
        11,
    ),
    (
        12,
        12,
    ),
    (
        13,
        13,
    ),
    (
        14,
        14,
    ),
    (
        15,
        15,
    ),
    (
        16,
        16,
    ),
]
launcher = 'pytorch'
load_from = 'work_dirs/aa_WTPose_SwinV2_b_w8_coco_256x256_1k/best_coco_AP_epoch_200.pth'
log_level = 'INFO'
log_processor = dict(
    by_epoch=True, num_digits=6, type='LogProcessor', window_size=50)
model = dict(
    backbone=dict(
        arch='base',
        drop_path_rate=0.3,
        type='wtSwinV2',
        wtm_dilations=[
            2,
            1,
            4,
            1,
            6,
            1,
            8,
            1,
        ],
        wtm_dim=128,
        wtm_in_dim=1920,
        wtm_kernel_size=7,
        wtm_low_level_dim=256,
        wtm_num_heads=[
            8,
            8,
            8,
            8,
        ],
        wtm_out_dim=128,
        wtm_reduction=32,
        wtm_size=(
            64,
            64,
        )),
    data_preprocessor=dict(
        bgr_to_rgb=True,
        mean=[
            123.675,
            116.28,
            103.53,
        ],
        std=[
            58.395,
            57.12,
            57.375,
        ],
        type='PoseDataPreprocessor'),
    head=dict(
        conv_out_channels=False,
        decoder=dict(
            heatmap_size=(
                64,
                64,
            ),
            input_size=(
                256,
                256,
            ),
            sigma=2,
            type='MSRAHeatmap'),
        deconv_out_channels=False,
        in_channels=128,
        loss=dict(type='KeypointMSELoss', use_target_weight=True),
        out_channels=19,
        type='HeatmapHeadWTPose'),
    test_cfg=dict(flip_mode='heatmap', flip_test=True, shift_heatmap=True),
    type='TopdownPoseEstimator')
norm_cfg = dict(requires_grad=True, type='SyncBN')
optim_wrapper = dict(optimizer=dict(lr=0.0005, type='Adam'))
param_scheduler = [
    dict(
        begin=0, by_epoch=False, end=500, start_factor=0.001, type='LinearLR'),
    dict(
        begin=0,
        by_epoch=True,
        end=210,
        gamma=0.1,
        milestones=[
            170,
            200,
        ],
        type='MultiStepLR'),
]
resume = True
test_cfg = dict()
test_dataloader = dict(
    batch_size=32,
    dataset=dict(
        ann_file='annotations/person_keypoints_val2017.json',
        bbox_file=
        'data/coco/person_detection_results/COCO_val2017_detections_AP_H_56_person.json',
        data_mode='topdown',
        data_prefix=dict(img='val2017/'),
        data_root='data/coco/',
        pipeline=[
            dict(type='LoadImage'),
            dict(type='GetBBoxCenterScale'),
            dict(input_size=(
                256,
                256,
            ), type='TopdownAffine'),
            dict(type='PackPoseInputs'),
        ],
        test_mode=True,
        type='CocoDataset'),
    drop_last=False,
    num_workers=2,
    persistent_workers=True,
    sampler=dict(round_up=False, shuffle=False, type='DefaultSampler'))
test_evaluator = dict(
    ann_file='data/coco/annotations/person_keypoints_val2017.json',
    type='CocoMetric')
train_cfg = dict(by_epoch=True, max_epochs=210, val_interval=1)
train_dataloader = dict(
    batch_size=32,
    dataset=dict(
        datasets=[
            dict(
                ann_file='annotations/aic_train.json',
                data_mode='topdown',
                data_prefix=dict(
                    img=
                    'ai_challenger_keypoint_train_20170902/keypoint_train_images_20170902/'
                ),
                data_root='data/aic/',
                pipeline=[
                    dict(
                        mapping=[
                            (
                                0,
                                6,
                            ),
                            (
                                1,
                                8,
                            ),
                            (
                                2,
                                10,
                            ),
                            (
                                3,
                                5,
                            ),
                            (
                                4,
                                7,
                            ),
                            (
                                5,
                                9,
                            ),
                            (
                                6,
                                12,
                            ),
                            (
                                7,
                                14,
                            ),
                            (
                                8,
                                16,
                            ),
                            (
                                9,
                                11,
                            ),
                            (
                                10,
                                13,
                            ),
                            (
                                11,
                                15,
                            ),
                            (
                                12,
                                17,
                            ),
                            (
                                13,
                                18,
                            ),
                        ],
                        num_keypoints=19,
                        type='KeypointConverter'),
                ],
                type='AicDataset'),
        ],
        metainfo=dict(from_file='configs/_base_/datasets/coco_aic.py'),
        pipeline=[
            dict(type='LoadImage'),
            dict(type='GetBBoxCenterScale'),
            dict(direction='horizontal', type='RandomFlip'),
            dict(type='RandomHalfBody'),
            dict(type='RandomBBoxTransform'),
            dict(input_size=(
                256,
                256,
            ), type='TopdownAffine'),
            dict(
                encoder=dict(
                    heatmap_size=(
                        64,
                        64,
                    ),
                    input_size=(
                        256,
                        256,
                    ),
                    sigma=2,
                    type='MSRAHeatmap'),
                type='GenerateTarget'),
            dict(type='PackPoseInputs'),
        ],
        test_mode=False,
        type='CombinedDataset'),
    num_workers=2,
    persistent_workers=True,
    sampler=dict(shuffle=True, type='DefaultSampler'))
train_pipeline = [
    dict(type='LoadImage'),
    dict(type='GetBBoxCenterScale'),
    dict(direction='horizontal', type='RandomFlip'),
    dict(type='RandomHalfBody'),
    dict(type='RandomBBoxTransform'),
    dict(input_size=(
        256,
        256,
    ), type='TopdownAffine'),
    dict(
        encoder=dict(
            heatmap_size=(
                64,
                64,
            ),
            input_size=(
                256,
                256,
            ),
            sigma=2,
            type='MSRAHeatmap'),
        type='GenerateTarget'),
    dict(type='PackPoseInputs'),
]
val_cfg = dict()
val_dataloader = dict(
    batch_size=32,
    dataset=dict(
        ann_file='annotations/person_keypoints_val2017.json',
        bbox_file=
        'data/coco/person_detection_results/COCO_val2017_detections_AP_H_56_person.json',
        data_mode='topdown',
        data_prefix=dict(img='val2017/'),
        data_root='data/coco/',
        pipeline=[
            dict(type='LoadImage'),
            dict(type='GetBBoxCenterScale'),
            dict(input_size=(
                256,
                256,
            ), type='TopdownAffine'),
            dict(type='PackPoseInputs'),
        ],
        test_mode=True,
        type='CocoDataset'),
    drop_last=False,
    num_workers=2,
    persistent_workers=True,
    sampler=dict(round_up=False, shuffle=False, type='DefaultSampler'))
val_evaluator = dict(
    ann_file='data/coco/annotations/person_keypoints_val2017.json',
    type='CocoMetric')
val_pipeline = [
    dict(type='LoadImage'),
    dict(type='GetBBoxCenterScale'),
    dict(input_size=(
        256,
        256,
    ), type='TopdownAffine'),
    dict(type='PackPoseInputs'),
]
vis_backends = [
    dict(type='LocalVisBackend'),
]
visualizer = dict(
    name='visualizer',
    type='PoseLocalVisualizer',
    vis_backends=[
        dict(type='LocalVisBackend'),
    ])
work_dir = './work_dirs/aa_WTPose_SwinV2_b_w8_coco_aic_256x256_1k'

09/17 20:05:10 - mmengine - INFO - Hooks will be executed in the following order:
before_run:
(VERY_HIGH   ) RuntimeInfoHook                    
(BELOW_NORMAL) LoggerHook                         
 -------------------- 
before_train:
(VERY_HIGH   ) RuntimeInfoHook                    
(NORMAL      ) IterTimerHook                      
(VERY_LOW    ) CheckpointHook                     
 -------------------- 
before_train_epoch:
(VERY_HIGH   ) RuntimeInfoHook                    
(NORMAL      ) IterTimerHook                      
(NORMAL      ) DistSamplerSeedHook                
 -------------------- 
before_train_iter:
(VERY_HIGH   ) RuntimeInfoHook                    
(NORMAL      ) IterTimerHook                      
 -------------------- 
after_train_iter:
(VERY_HIGH   ) RuntimeInfoHook                    
(NORMAL      ) IterTimerHook                      
(BELOW_NORMAL) LoggerHook                         
(LOW         ) ParamSchedulerHook                 
(VERY_LOW    ) CheckpointHook                     
 -------------------- 
after_train_epoch:
(NORMAL      ) IterTimerHook                      
(NORMAL      ) SyncBuffersHook                    
(LOW         ) ParamSchedulerHook                 
(VERY_LOW    ) CheckpointHook                     
 -------------------- 
before_val:
(VERY_HIGH   ) RuntimeInfoHook                    
 -------------------- 
before_val_epoch:
(NORMAL      ) IterTimerHook                      
(NORMAL      ) SyncBuffersHook                    
 -------------------- 
before_val_iter:
(NORMAL      ) IterTimerHook                      
 -------------------- 
after_val_iter:
(NORMAL      ) IterTimerHook                      
(NORMAL      ) PoseVisualizationHook              
(BELOW_NORMAL) LoggerHook                         
 -------------------- 
after_val_epoch:
(VERY_HIGH   ) RuntimeInfoHook                    
(NORMAL      ) IterTimerHook                      
(BELOW_NORMAL) LoggerHook                         
(LOW         ) ParamSchedulerHook                 
(VERY_LOW    ) CheckpointHook                     
 -------------------- 
after_val:
(VERY_HIGH   ) RuntimeInfoHook                    
 -------------------- 
after_train:
(VERY_HIGH   ) RuntimeInfoHook                    
(VERY_LOW    ) CheckpointHook                     
 -------------------- 
before_test:
(VERY_HIGH   ) RuntimeInfoHook                    
 -------------------- 
before_test_epoch:
(NORMAL      ) IterTimerHook                      
 -------------------- 
before_test_iter:
(NORMAL      ) IterTimerHook                      
 -------------------- 
after_test_iter:
(NORMAL      ) IterTimerHook                      
(NORMAL      ) PoseVisualizationHook              
(BELOW_NORMAL) LoggerHook                         
 -------------------- 
after_test_epoch:
(VERY_HIGH   ) RuntimeInfoHook                    
(NORMAL      ) IterTimerHook                      
(BELOW_NORMAL) LoggerHook                         
 -------------------- 
after_test:
(VERY_HIGH   ) RuntimeInfoHook                    
 -------------------- 
after_run:
(BELOW_NORMAL) LoggerHook                         
 -------------------- 
loading annotations into memory...
loading annotations into memory...
Done (t=5.20s)
creating index...
Done (t=4.89s)
creating index...
index created!
index created!
loading annotations into memory...
Done (t=0.17s)
creating index...
index created!
loading annotations into memory...
Done (t=0.17s)
creating index...
index created!
loading annotations into memory...
Done (t=0.17s)
creating index...
index created!
Loads checkpoint by local backend from path: work_dirs/aa_WTPose_SwinV2_b_w8_coco_256x256_1k/best_coco_AP_epoch_200.pth
loading annotations into memory...
Done (t=0.17s)
creating index...
index created!
Loads checkpoint by local backend from path: work_dirs/aa_WTPose_SwinV2_b_w8_coco_256x256_1k/best_coco_AP_epoch_200.pth
09/17 20:06:14 - mmengine - INFO - Delete `relative_position_index` and `relative_coords_table` since we always re-init these params according to the `window_size`, which might cause unwanted but unworried warnings when loading checkpoint.
The model and loaded state dict do not match exactly

size mismatch for head.final_layer.weight: copying a param with shape torch.Size([17, 128, 1, 1]) from checkpoint, the shape in current model is torch.Size([19, 128, 1, 1]).
size mismatch for head.final_layer.bias: copying a param with shape torch.Size([17]) from checkpoint, the shape in current model is torch.Size([19]).
missing keys in source state_dict: backbone.stages.0.blocks.0.attn.w_msa.relative_coords_table, backbone.stages.0.blocks.0.attn.w_msa.relative_position_index, backbone.stages.0.blocks.1.attn.w_msa.relative_coords_table, backbone.stages.0.blocks.1.attn.w_msa.relative_position_index, backbone.stages.1.blocks.0.attn.w_msa.relative_coords_table, backbone.stages.1.blocks.0.attn.w_msa.relative_position_index, backbone.stages.1.blocks.1.attn.w_msa.relative_coords_table, backbone.stages.1.blocks.1.attn.w_msa.relative_position_index, backbone.stages.2.blocks.0.attn.w_msa.relative_coords_table, backbone.stages.2.blocks.0.attn.w_msa.relative_position_index, backbone.stages.2.blocks.1.attn.w_msa.relative_coords_table, backbone.stages.2.blocks.1.attn.w_msa.relative_position_index, backbone.stages.2.blocks.2.attn.w_msa.relative_coords_table, backbone.stages.2.blocks.2.attn.w_msa.relative_position_index, backbone.stages.2.blocks.3.attn.w_msa.relative_coords_table, backbone.stages.2.blocks.3.attn.w_msa.relative_position_index, backbone.stages.2.blocks.4.attn.w_msa.relative_coords_table, backbone.stages.2.blocks.4.attn.w_msa.relative_position_index, backbone.stages.2.blocks.5.attn.w_msa.relative_coords_table, backbone.stages.2.blocks.5.attn.w_msa.relative_position_index, backbone.stages.2.blocks.6.attn.w_msa.relative_coords_table, backbone.stages.2.blocks.6.attn.w_msa.relative_position_index, backbone.stages.2.blocks.7.attn.w_msa.relative_coords_table, backbone.stages.2.blocks.7.attn.w_msa.relative_position_index, backbone.stages.2.blocks.8.attn.w_msa.relative_coords_table, backbone.stages.2.blocks.8.attn.w_msa.relative_position_index, backbone.stages.2.blocks.9.attn.w_msa.relative_coords_table, backbone.stages.2.blocks.9.attn.w_msa.relative_position_index, backbone.stages.2.blocks.10.attn.w_msa.relative_coords_table, backbone.stages.2.blocks.10.attn.w_msa.relative_position_index, backbone.stages.2.blocks.11.attn.w_msa.relative_coords_table, backbone.stages.2.blocks.11.attn.w_msa.relative_position_index, backbone.stages.2.blocks.12.attn.w_msa.relative_coords_table, backbone.stages.2.blocks.12.attn.w_msa.relative_position_index, backbone.stages.2.blocks.13.attn.w_msa.relative_coords_table, backbone.stages.2.blocks.13.attn.w_msa.relative_position_index, backbone.stages.2.blocks.14.attn.w_msa.relative_coords_table, backbone.stages.2.blocks.14.attn.w_msa.relative_position_index, backbone.stages.2.blocks.15.attn.w_msa.relative_coords_table, backbone.stages.2.blocks.15.attn.w_msa.relative_position_index, backbone.stages.2.blocks.16.attn.w_msa.relative_coords_table, backbone.stages.2.blocks.16.attn.w_msa.relative_position_index, backbone.stages.2.blocks.17.attn.w_msa.relative_coords_table, backbone.stages.2.blocks.17.attn.w_msa.relative_position_index, backbone.stages.3.blocks.0.attn.w_msa.relative_coords_table, backbone.stages.3.blocks.0.attn.w_msa.relative_position_index, backbone.stages.3.blocks.1.attn.w_msa.relative_coords_table, backbone.stages.3.blocks.1.attn.w_msa.relative_position_index

09/17 20:06:14 - mmengine - INFO - Load checkpoint from work_dirs/aa_WTPose_SwinV2_b_w8_coco_256x256_1k/best_coco_AP_epoch_200.pth
09/17 20:06:14 - mmengine - WARNING - The dataset metainfo from the resumed checkpoint is different from the current training dataset, please check the correctness of the checkpoint or the training dataset.
09/17 20:06:14 - mmengine - INFO - resumed epoch: 200, iter: 234200
09/17 20:06:14 - mmengine - WARNING - "FileClient" will be deprecated in future. Please use io functions in https://mmengine.readthedocs.io/en/latest/api/fileio.html#file-io
09/17 20:06:14 - mmengine - WARNING - "HardDiskBackend" is the alias of "LocalBackend" and the former will be deprecated in future.
09/17 20:06:14 - mmengine - INFO - Checkpoints will be saved to /home/nr4325/Desktop/Pose4/mmpose/work_dirs/aa_WTPose_SwinV2_b_w8_coco_aic_256x256_1k.
09/17 20:06:58 - mmengine - INFO - Epoch(train) [201][  50/5912]  lr: 4.954910e-05  eta: 10 days, 4:18:04  time: 0.873137  data_time: 0.153916  memory: 29119  loss: 0.001826  loss_kpt: 0.001826  acc_pose: 0.202107
09/17 20:07:37 - mmengine - INFO - Epoch(train) [201][ 100/5912]  lr: 9.959920e-05  eta: 9 days, 14:34:53  time: 0.775149  data_time: 0.117310  memory: 29119  loss: 0.001702  loss_kpt: 0.001702  acc_pose: 0.766823
09/17 20:08:16 - mmengine - INFO - Epoch(train) [201][ 150/5912]  lr: 1.496493e-04  eta: 9 days, 10:35:55  time: 0.781557  data_time: 0.118568  memory: 29119  loss: 0.001037  loss_kpt: 0.001037  acc_pose: 0.829536
09/17 20:08:56 - mmengine - INFO - Epoch(train) [201][ 200/5912]  lr: 1.996994e-04  eta: 9 days, 10:01:00  time: 0.801788  data_time: 0.128156  memory: 29119  loss: 0.000628  loss_kpt: 0.000628  acc_pose: 0.822558
09/17 20:09:35 - mmengine - INFO - Epoch(train) [201][ 250/5912]  lr: 2.497495e-04  eta: 9 days, 8:55:14  time: 0.788518  data_time: 0.109856  memory: 29119  loss: 0.000558  loss_kpt: 0.000558  acc_pose: 0.909997
09/17 20:10:14 - mmengine - INFO - Epoch(train) [201][ 300/5912]  lr: 2.997996e-04  eta: 9 days, 7:55:02  time: 0.782750  data_time: 0.115777  memory: 29119  loss: 0.000531  loss_kpt: 0.000531  acc_pose: 0.849197
09/17 20:10:53 - mmengine - INFO - Epoch(train) [201][ 350/5912]  lr: 3.498497e-04  eta: 9 days, 6:57:43  time: 0.776857  data_time: 0.115324  memory: 29119  loss: 0.000547  loss_kpt: 0.000547  acc_pose: 0.911238
09/17 20:11:32 - mmengine - INFO - Epoch(train) [201][ 400/5912]  lr: 3.998998e-04  eta: 9 days, 5:55:18  time: 0.767666  data_time: 0.113160  memory: 29119  loss: 0.000501  loss_kpt: 0.000501  acc_pose: 0.894917
09/17 20:12:10 - mmengine - INFO - Epoch(train) [201][ 450/5912]  lr: 4.499499e-04  eta: 9 days, 5:14:17  time: 0.771789  data_time: 0.090483  memory: 29119  loss: 0.000521  loss_kpt: 0.000521  acc_pose: 0.873245
09/17 20:12:49 - mmengine - INFO - Epoch(train) [201][ 500/5912]  lr: 5.000000e-04  eta: 9 days, 4:35:59  time: 0.768586  data_time: 0.099293  memory: 29119  loss: 0.000516  loss_kpt: 0.000516  acc_pose: 0.844159
09/17 20:13:27 - mmengine - INFO - Epoch(train) [201][ 550/5912]  lr: 5.000000e-04  eta: 9 days, 3:40:09  time: 0.752615  data_time: 0.091273  memory: 29119  loss: 0.000507  loss_kpt: 0.000507  acc_pose: 0.756940
09/17 20:14:05 - mmengine - INFO - Epoch(train) [201][ 600/5912]  lr: 5.000000e-04  eta: 9 days, 3:19:33  time: 0.771218  data_time: 0.116159  memory: 29119  loss: 0.000520  loss_kpt: 0.000520  acc_pose: 0.833785
09/17 20:14:43 - mmengine - INFO - Epoch(train) [201][ 650/5912]  lr: 5.000000e-04  eta: 9 days, 2:36:25  time: 0.751392  data_time: 0.101685  memory: 29119  loss: 0.000516  loss_kpt: 0.000516  acc_pose: 0.900853
09/17 20:15:20 - mmengine - INFO - Epoch(train) [201][ 700/5912]  lr: 5.000000e-04  eta: 9 days, 1:49:05  time: 0.742812  data_time: 0.087964  memory: 29119  loss: 0.000523  loss_kpt: 0.000523  acc_pose: 0.878101
09/17 20:15:58 - mmengine - INFO - Epoch(train) [201][ 750/5912]  lr: 5.000000e-04  eta: 9 days, 1:29:54  time: 0.762424  data_time: 0.116323  memory: 29119  loss: 0.000523  loss_kpt: 0.000523  acc_pose: 0.892056
09/17 20:16:35 - mmengine - INFO - Exp name: aa_WTPose_SwinV2_b_w8_coco_aic_256x256_1k_20230917_200502
09/17 20:16:35 - mmengine - INFO - Epoch(train) [201][ 800/5912]  lr: 5.000000e-04  eta: 9 days, 0:53:24  time: 0.743688  data_time: 0.100998  memory: 29119  loss: 0.000516  loss_kpt: 0.000516  acc_pose: 0.832142
09/17 20:17:14 - mmengine - INFO - Epoch(train) [201][ 850/5912]  lr: 5.000000e-04  eta: 9 days, 0:42:09  time: 0.764997  data_time: 0.097196  memory: 29119  loss: 0.000525  loss_kpt: 0.000525  acc_pose: 0.898030
09/17 20:17:51 - mmengine - INFO - Epoch(train) [201][ 900/5912]  lr: 5.000000e-04  eta: 9 days, 0:23:21  time: 0.755640  data_time: 0.114204  memory: 29119  loss: 0.000502  loss_kpt: 0.000502  acc_pose: 0.887067
09/17 20:18:28 - mmengine - INFO - Epoch(train) [201][ 950/5912]  lr: 5.000000e-04  eta: 8 days, 23:46:35  time: 0.733102  data_time: 0.079583  memory: 29119  loss: 0.000518  loss_kpt: 0.000518  acc_pose: 0.878413
09/17 20:19:07 - mmengine - INFO - Epoch(train) [201][1000/5912]  lr: 5.000000e-04  eta: 8 days, 23:51:24  time: 0.778402  data_time: 0.117466  memory: 29119  loss: 0.000532  loss_kpt: 0.000532  acc_pose: 0.844467
09/17 20:19:44 - mmengine - INFO - Epoch(train) [201][1050/5912]  lr: 5.000000e-04  eta: 8 days, 23:27:01  time: 0.742484  data_time: 0.092602  memory: 29119  loss: 0.000494  loss_kpt: 0.000494  acc_pose: 0.828456
09/17 20:20:24 - mmengine - INFO - Epoch(train) [201][1100/5912]  lr: 5.000000e-04  eta: 8 days, 23:41:07  time: 0.790116  data_time: 0.123237  memory: 29119  loss: 0.000510  loss_kpt: 0.000510  acc_pose: 0.865885
09/17 20:21:02 - mmengine - INFO - Epoch(train) [201][1150/5912]  lr: 5.000000e-04  eta: 8 days, 23:31:35  time: 0.759477  data_time: 0.109233  memory: 29119  loss: 0.000505  loss_kpt: 0.000505  acc_pose: 0.852620
09/17 20:21:41 - mmengine - INFO - Epoch(train) [201][1200/5912]  lr: 5.000000e-04  eta: 8 days, 23:35:07  time: 0.777119  data_time: 0.095291  memory: 29119  loss: 0.000498  loss_kpt: 0.000498  acc_pose: 0.900131
09/17 20:22:19 - mmengine - INFO - Epoch(train) [201][1250/5912]  lr: 5.000000e-04  eta: 8 days, 23:25:07  time: 0.757425  data_time: 0.110148  memory: 29119  loss: 0.000513  loss_kpt: 0.000513  acc_pose: 0.874323
09/17 20:22:57 - mmengine - INFO - Epoch(train) [201][1300/5912]  lr: 5.000000e-04  eta: 8 days, 23:19:45  time: 0.763497  data_time: 0.109412  memory: 29119  loss: 0.000489  loss_kpt: 0.000489  acc_pose: 0.923938
09/17 20:23:34 - mmengine - INFO - Epoch(train) [201][1350/5912]  lr: 5.000000e-04  eta: 8 days, 23:02:26  time: 0.743715  data_time: 0.092451  memory: 29119  loss: 0.000498  loss_kpt: 0.000498  acc_pose: 0.894429
09/17 20:24:12 - mmengine - INFO - Epoch(train) [201][1400/5912]  lr: 5.000000e-04  eta: 8 days, 22:59:43  time: 0.766074  data_time: 0.091433  memory: 29119  loss: 0.000505  loss_kpt: 0.000505  acc_pose: 0.877717
09/17 20:24:50 - mmengine - INFO - Epoch(train) [201][1450/5912]  lr: 5.000000e-04  eta: 8 days, 22:45:23  time: 0.745744  data_time: 0.097952  memory: 29119  loss: 0.000495  loss_kpt: 0.000495  acc_pose: 0.883072
09/17 20:25:26 - mmengine - INFO - Epoch(train) [201][1500/5912]  lr: 5.000000e-04  eta: 8 days, 22:24:42  time: 0.732754  data_time: 0.086253  memory: 29119  loss: 0.000514  loss_kpt: 0.000514  acc_pose: 0.798508
09/17 20:26:04 - mmengine - INFO - Epoch(train) [201][1550/5912]  lr: 5.000000e-04  eta: 8 days, 22:18:09  time: 0.756469  data_time: 0.100839  memory: 29119  loss: 0.000504  loss_kpt: 0.000504  acc_pose: 0.849476
09/17 20:26:43 - mmengine - INFO - Epoch(train) [201][1600/5912]  lr: 5.000000e-04  eta: 8 days, 22:23:48  time: 0.779078  data_time: 0.130012  memory: 29119  loss: 0.000505  loss_kpt: 0.000505  acc_pose: 0.864960
09/17 20:27:20 - mmengine - INFO - Epoch(train) [201][1650/5912]  lr: 5.000000e-04  eta: 8 days, 22:06:14  time: 0.734107  data_time: 0.083979  memory: 29119  loss: 0.000503  loss_kpt: 0.000503  acc_pose: 0.821277
09/17 20:27:56 - mmengine - INFO - Epoch(train) [201][1700/5912]  lr: 5.000000e-04  eta: 8 days, 21:45:49  time: 0.726323  data_time: 0.077593  memory: 29119  loss: 0.000511  loss_kpt: 0.000511  acc_pose: 0.896890
09/17 20:28:35 - mmengine - INFO - Epoch(train) [201][1750/5912]  lr: 5.000000e-04  eta: 8 days, 21:44:47  time: 0.764416  data_time: 0.110826  memory: 29119  loss: 0.000475  loss_kpt: 0.000475  acc_pose: 0.750000
09/17 20:29:13 - mmengine - INFO - Exp name: aa_WTPose_SwinV2_b_w8_coco_aic_256x256_1k_20230917_200502
09/17 20:29:13 - mmengine - INFO - Epoch(train) [201][1800/5912]  lr: 5.000000e-04  eta: 8 days, 21:40:12  time: 0.756749  data_time: 0.109086  memory: 29119  loss: 0.000518  loss_kpt: 0.000518  acc_pose: 0.842980
09/17 20:29:56 - mmengine - INFO - Epoch(train) [201][1850/5912]  lr: 5.000000e-04  eta: 8 days, 22:27:26  time: 0.870697  data_time: 0.196406  memory: 29119  loss: 0.000489  loss_kpt: 0.000489  acc_pose: 0.903813
09/17 20:30:36 - mmengine - INFO - Epoch(train) [201][1900/5912]  lr: 5.000000e-04  eta: 8 days, 22:41:51  time: 0.801967  data_time: 0.123106  memory: 29119  loss: 0.000504  loss_kpt: 0.000504  acc_pose: 0.872194
09/17 20:31:16 - mmengine - INFO - Epoch(train) [201][1950/5912]  lr: 5.000000e-04  eta: 8 days, 22:47:21  time: 0.783033  data_time: 0.119127  memory: 29119  loss: 0.000501  loss_kpt: 0.000501  acc_pose: 0.893603
09/17 20:31:53 - mmengine - INFO - Epoch(train) [201][2000/5912]  lr: 5.000000e-04  eta: 8 days, 22:39:58  time: 0.753037  data_time: 0.100612  memory: 29119  loss: 0.000515  loss_kpt: 0.000515  acc_pose: 0.885458
09/17 20:32:32 - mmengine - INFO - Epoch(train) [201][2050/5912]  lr: 5.000000e-04  eta: 8 days, 22:39:48  time: 0.769863  data_time: 0.092564  memory: 29119  loss: 0.000502  loss_kpt: 0.000502  acc_pose: 0.896003
09/17 20:33:10 - mmengine - INFO - Epoch(train) [201][2100/5912]  lr: 5.000000e-04  eta: 8 days, 22:36:33  time: 0.762185  data_time: 0.097088  memory: 29119  loss: 0.000501  loss_kpt: 0.000501  acc_pose: 0.909874
09/17 20:33:47 - mmengine - INFO - Epoch(train) [201][2150/5912]  lr: 5.000000e-04  eta: 8 days, 22:27:22  time: 0.746675  data_time: 0.097573  memory: 29119  loss: 0.000512  loss_kpt: 0.000512  acc_pose: 0.867595
09/17 20:34:25 - mmengine - INFO - Epoch(train) [201][2200/5912]  lr: 5.000000e-04  eta: 8 days, 22:24:23  time: 0.761882  data_time: 0.108346  memory: 29119  loss: 0.000494  loss_kpt: 0.000494  acc_pose: 0.882384
09/17 20:35:04 - mmengine - INFO - Epoch(train) [201][2250/5912]  lr: 5.000000e-04  eta: 8 days, 22:20:42  time: 0.759797  data_time: 0.098916  memory: 29119  loss: 0.000501  loss_kpt: 0.000501  acc_pose: 0.852373
09/17 20:35:41 - mmengine - INFO - Epoch(train) [201][2300/5912]  lr: 5.000000e-04  eta: 8 days, 22:12:51  time: 0.747939  data_time: 0.090922  memory: 29119  loss: 0.000495  loss_kpt: 0.000495  acc_pose: 0.921560
09/17 20:36:20 - mmengine - INFO - Epoch(train) [201][2350/5912]  lr: 5.000000e-04  eta: 8 days, 22:16:29  time: 0.779285  data_time: 0.135482  memory: 29119  loss: 0.000493  loss_kpt: 0.000493  acc_pose: 0.882941
09/17 20:36:58 - mmengine - INFO - Epoch(train) [201][2400/5912]  lr: 5.000000e-04  eta: 8 days, 22:12:33  time: 0.758154  data_time: 0.098886  memory: 29119  loss: 0.000505  loss_kpt: 0.000505  acc_pose: 0.873841
09/17 20:37:35 - mmengine - INFO - Epoch(train) [201][2450/5912]  lr: 5.000000e-04  eta: 8 days, 22:01:21  time: 0.736474  data_time: 0.088298  memory: 29119  loss: 0.000521  loss_kpt: 0.000521  acc_pose: 0.873712
09/17 20:38:12 - mmengine - INFO - Epoch(train) [201][2500/5912]  lr: 5.000000e-04  eta: 8 days, 21:56:07  time: 0.753031  data_time: 0.106439  memory: 29119  loss: 0.000485  loss_kpt: 0.000485  acc_pose: 0.879635
09/17 20:38:54 - mmengine - INFO - Epoch(train) [201][2550/5912]  lr: 5.000000e-04  eta: 8 days, 22:13:23  time: 0.821008  data_time: 0.126931  memory: 29119  loss: 0.000498  loss_kpt: 0.000498  acc_pose: 0.843533
09/17 20:39:33 - mmengine - INFO - Epoch(train) [201][2600/5912]  lr: 5.000000e-04  eta: 8 days, 22:19:01  time: 0.786993  data_time: 0.116165  memory: 29119  loss: 0.000498  loss_kpt: 0.000498  acc_pose: 0.876911
09/17 20:40:12 - mmengine - INFO - Epoch(train) [201][2650/5912]  lr: 5.000000e-04  eta: 8 days, 22:20:19  time: 0.774097  data_time: 0.087219  memory: 29119  loss: 0.000494  loss_kpt: 0.000494  acc_pose: 0.856140
09/17 20:40:51 - mmengine - INFO - Epoch(train) [201][2700/5912]  lr: 5.000000e-04  eta: 8 days, 22:25:15  time: 0.786003  data_time: 0.119574  memory: 29119  loss: 0.000493  loss_kpt: 0.000493  acc_pose: 0.876275
09/17 20:41:31 - mmengine - INFO - Epoch(train) [201][2750/5912]  lr: 5.000000e-04  eta: 8 days, 22:34:21  time: 0.800359  data_time: 0.123517  memory: 29119  loss: 0.000505  loss_kpt: 0.000505  acc_pose: 0.829229
09/17 20:42:11 - mmengine - INFO - Exp name: aa_WTPose_SwinV2_b_w8_coco_aic_256x256_1k_20230917_200502
09/17 20:42:11 - mmengine - INFO - Epoch(train) [201][2800/5912]  lr: 5.000000e-04  eta: 8 days, 22:42:18  time: 0.797700  data_time: 0.142737  memory: 29119  loss: 0.000492  loss_kpt: 0.000492  acc_pose: 0.905004
09/17 20:42:51 - mmengine - INFO - Epoch(train) [201][2850/5912]  lr: 5.000000e-04  eta: 8 days, 22:48:58  time: 0.794293  data_time: 0.117309  memory: 29119  loss: 0.000490  loss_kpt: 0.000490  acc_pose: 0.858998
09/17 20:43:31 - mmengine - INFO - Epoch(train) [201][2900/5912]  lr: 5.000000e-04  eta: 8 days, 23:00:41  time: 0.812751  data_time: 0.126546  memory: 29119  loss: 0.000501  loss_kpt: 0.000501  acc_pose: 0.881822
09/17 20:44:13 - mmengine - INFO - Epoch(train) [201][2950/5912]  lr: 5.000000e-04  eta: 8 days, 23:17:47  time: 0.833151  data_time: 0.149798  memory: 29119  loss: 0.000502  loss_kpt: 0.000502  acc_pose: 0.877715
09/17 20:45:00 - mmengine - INFO - Epoch(train) [201][3000/5912]  lr: 5.000000e-04  eta: 9 days, 0:00:31  time: 0.927163  data_time: 0.282039  memory: 29119  loss: 0.000494  loss_kpt: 0.000494  acc_pose: 0.826719
09/17 20:45:46 - mmengine - INFO - Epoch(train) [201][3050/5912]  lr: 5.000000e-04  eta: 9 days, 0:42:20  time: 0.929034  data_time: 0.280572  memory: 29119  loss: 0.000518  loss_kpt: 0.000518  acc_pose: 0.952181
09/17 20:46:33 - mmengine - INFO - Epoch(train) [201][3100/5912]  lr: 5.000000e-04  eta: 9 days, 1:27:17  time: 0.945761  data_time: 0.177253  memory: 29119  loss: 0.000487  loss_kpt: 0.000487  acc_pose: 0.856821
09/17 20:47:16 - mmengine - INFO - Epoch(train) [201][3150/5912]  lr: 5.000000e-04  eta: 9 days, 1:45:18  time: 0.849821  data_time: 0.175940  memory: 29119  loss: 0.000498  loss_kpt: 0.000498  acc_pose: 0.827287
09/17 20:47:56 - mmengine - INFO - Epoch(train) [201][3200/5912]  lr: 5.000000e-04  eta: 9 days, 1:48:44  time: 0.796266  data_time: 0.107607  memory: 29119  loss: 0.000505  loss_kpt: 0.000505  acc_pose: 0.928022
09/17 20:48:34 - mmengine - INFO - Epoch(train) [201][3250/5912]  lr: 5.000000e-04  eta: 9 days, 1:43:20  time: 0.762456  data_time: 0.111765  memory: 29119  loss: 0.000497  loss_kpt: 0.000497  acc_pose: 0.801584
09/17 20:49:15 - mmengine - INFO - Epoch(train) [201][3300/5912]  lr: 5.000000e-04  eta: 9 days, 1:51:53  time: 0.816921  data_time: 0.096042  memory: 29119  loss: 0.000498  loss_kpt: 0.000498  acc_pose: 0.833067
09/17 20:49:54 - mmengine - INFO - Epoch(train) [201][3350/5912]  lr: 5.000000e-04  eta: 9 days, 1:51:18  time: 0.781413  data_time: 0.118161  memory: 29119  loss: 0.000482  loss_kpt: 0.000482  acc_pose: 0.907240
09/17 20:50:32 - mmengine - INFO - Epoch(train) [201][3400/5912]  lr: 5.000000e-04  eta: 9 days, 1:43:52  time: 0.753651  data_time: 0.097833  memory: 29119  loss: 0.000501  loss_kpt: 0.000501  acc_pose: 0.908918
09/17 20:51:09 - mmengine - INFO - Epoch(train) [201][3450/5912]  lr: 5.000000e-04  eta: 9 days, 1:35:52  time: 0.750474  data_time: 0.091856  memory: 29119  loss: 0.000497  loss_kpt: 0.000497  acc_pose: 0.915790
09/17 20:51:47 - mmengine - INFO - Epoch(train) [201][3500/5912]  lr: 5.000000e-04  eta: 9 days, 1:27:39  time: 0.748686  data_time: 0.090598  memory: 29119  loss: 0.000490  loss_kpt: 0.000490  acc_pose: 0.842969
09/17 20:52:26 - mmengine - INFO - Epoch(train) [201][3550/5912]  lr: 5.000000e-04  eta: 9 days, 1:28:08  time: 0.784650  data_time: 0.105821  memory: 29119  loss: 0.000495  loss_kpt: 0.000495  acc_pose: 0.859949
09/17 20:53:03 - mmengine - INFO - Epoch(train) [201][3600/5912]  lr: 5.000000e-04  eta: 9 days, 1:18:49  time: 0.742651  data_time: 0.094319  memory: 29119  loss: 0.000487  loss_kpt: 0.000487  acc_pose: 0.807462
09/17 20:53:42 - mmengine - INFO - Epoch(train) [201][3650/5912]  lr: 5.000000e-04  eta: 9 days, 1:16:34  time: 0.772481  data_time: 0.077654  memory: 29119  loss: 0.000506  loss_kpt: 0.000506  acc_pose: 0.885059
09/17 20:54:21 - mmengine - INFO - Epoch(train) [201][3700/5912]  lr: 5.000000e-04  eta: 9 days, 1:17:01  time: 0.784191  data_time: 0.112954  memory: 29119  loss: 0.000486  loss_kpt: 0.000486  acc_pose: 0.878539
09/17 20:55:00 - mmengine - INFO - Epoch(train) [201][3750/5912]  lr: 5.000000e-04  eta: 9 days, 1:13:49  time: 0.767938  data_time: 0.092268  memory: 29119  loss: 0.000492  loss_kpt: 0.000492  acc_pose: 0.911181
09/17 20:55:38 - mmengine - INFO - Exp name: aa_WTPose_SwinV2_b_w8_coco_aic_256x256_1k_20230917_200502
09/17 20:55:38 - mmengine - INFO - Epoch(train) [201][3800/5912]  lr: 5.000000e-04  eta: 9 days, 1:08:52  time: 0.759687  data_time: 0.104288  memory: 29119  loss: 0.000467  loss_kpt: 0.000467  acc_pose: 0.801223
09/17 20:56:15 - mmengine - INFO - Epoch(train) [201][3850/5912]  lr: 5.000000e-04  eta: 9 days, 1:03:17  time: 0.756259  data_time: 0.098876  memory: 29119  loss: 0.000509  loss_kpt: 0.000509  acc_pose: 0.867561
09/17 20:56:53 - mmengine - INFO - Epoch(train) [201][3900/5912]  lr: 5.000000e-04  eta: 9 days, 0:54:40  time: 0.741608  data_time: 0.079899  memory: 29119  loss: 0.000493  loss_kpt: 0.000493  acc_pose: 0.908107
09/17 20:57:30 - mmengine - INFO - Epoch(train) [201][3950/5912]  lr: 5.000000e-04  eta: 9 days, 0:46:55  time: 0.744634  data_time: 0.089072  memory: 29119  loss: 0.000498  loss_kpt: 0.000498  acc_pose: 0.814452
09/17 20:58:08 - mmengine - INFO - Epoch(train) [201][4000/5912]  lr: 5.000000e-04  eta: 9 days, 0:43:15  time: 0.763346  data_time: 0.101117  memory: 29119  loss: 0.000497  loss_kpt: 0.000497  acc_pose: 0.804124
09/17 20:58:47 - mmengine - INFO - Epoch(train) [201][4050/5912]  lr: 5.000000e-04  eta: 9 days, 0:41:30  time: 0.772264  data_time: 0.120130  memory: 29119  loss: 0.000476  loss_kpt: 0.000476  acc_pose: 0.880035
09/17 20:59:25 - mmengine - INFO - Epoch(train) [201][4100/5912]  lr: 5.000000e-04  eta: 9 days, 0:40:02  time: 0.773561  data_time: 0.124641  memory: 29119  loss: 0.000494  loss_kpt: 0.000494  acc_pose: 0.830995
09/17 21:00:03 - mmengine - INFO - Epoch(train) [201][4150/5912]  lr: 5.000000e-04  eta: 9 days, 0:34:56  time: 0.755398  data_time: 0.094483  memory: 29119  loss: 0.000509  loss_kpt: 0.000509  acc_pose: 0.841970
09/17 21:00:42 - mmengine - INFO - Epoch(train) [201][4200/5912]  lr: 5.000000e-04  eta: 9 days, 0:32:17  time: 0.767193  data_time: 0.104062  memory: 29119  loss: 0.000478  loss_kpt: 0.000478  acc_pose: 0.901186
09/17 21:01:20 - mmengine - INFO - Epoch(train) [201][4250/5912]  lr: 5.000000e-04  eta: 9 days, 0:30:55  time: 0.773419  data_time: 0.092313  memory: 29119  loss: 0.000478  loss_kpt: 0.000478  acc_pose: 0.872511
09/17 21:01:58 - mmengine - INFO - Epoch(train) [201][4300/5912]  lr: 5.000000e-04  eta: 9 days, 0:26:43  time: 0.758791  data_time: 0.108516  memory: 29119  loss: 0.000503  loss_kpt: 0.000503  acc_pose: 0.884461
09/17 21:02:37 - mmengine - INFO - Epoch(train) [201][4350/5912]  lr: 5.000000e-04  eta: 9 days, 0:25:12  time: 0.772370  data_time: 0.124685  memory: 29119  loss: 0.000491  loss_kpt: 0.000491  acc_pose: 0.860080
09/17 21:03:15 - mmengine - INFO - Epoch(train) [201][4400/5912]  lr: 5.000000e-04  eta: 9 days, 0:21:27  time: 0.760431  data_time: 0.099110  memory: 29119  loss: 0.000519  loss_kpt: 0.000519  acc_pose: 0.879983
09/17 21:03:54 - mmengine - INFO - Epoch(train) [201][4450/5912]  lr: 5.000000e-04  eta: 9 days, 0:19:45  time: 0.771027  data_time: 0.097565  memory: 29119  loss: 0.000500  loss_kpt: 0.000500  acc_pose: 0.888997
09/17 21:04:35 - mmengine - INFO - Epoch(train) [201][4500/5912]  lr: 5.000000e-04  eta: 9 days, 0:26:56  time: 0.818700  data_time: 0.165441  memory: 29119  loss: 0.000497  loss_kpt: 0.000497  acc_pose: 0.660255
09/17 21:05:13 - mmengine - INFO - Epoch(train) [201][4550/5912]  lr: 5.000000e-04  eta: 9 days, 0:22:48  time: 0.758029  data_time: 0.103465  memory: 29119  loss: 0.000496  loss_kpt: 0.000496  acc_pose: 0.860803
09/17 21:05:49 - mmengine - INFO - Epoch(train) [201][4600/5912]  lr: 5.000000e-04  eta: 9 days, 0:14:57  time: 0.737224  data_time: 0.095383  memory: 29119  loss: 0.000494  loss_kpt: 0.000494  acc_pose: 0.904574
09/17 21:06:27 - mmengine - INFO - Epoch(train) [201][4650/5912]  lr: 5.000000e-04  eta: 9 days, 0:08:23  time: 0.743469  data_time: 0.092536  memory: 29119  loss: 0.000474  loss_kpt: 0.000474  acc_pose: 0.815041
09/17 21:07:03 - mmengine - INFO - Epoch(train) [201][4700/5912]  lr: 5.000000e-04  eta: 9 days, 0:00:00  time: 0.732456  data_time: 0.078521  memory: 29119  loss: 0.000478  loss_kpt: 0.000478  acc_pose: 0.856970
09/17 21:07:41 - mmengine - INFO - Epoch(train) [201][4750/5912]  lr: 5.000000e-04  eta: 8 days, 23:56:56  time: 0.761841  data_time: 0.090838  memory: 29119  loss: 0.000485  loss_kpt: 0.000485  acc_pose: 0.893783
09/17 21:08:19 - mmengine - INFO - Exp name: aa_WTPose_SwinV2_b_w8_coco_aic_256x256_1k_20230917_200502
09/17 21:08:19 - mmengine - INFO - Epoch(train) [201][4800/5912]  lr: 5.000000e-04  eta: 8 days, 23:52:57  time: 0.756261  data_time: 0.075313  memory: 29119  loss: 0.000513  loss_kpt: 0.000513  acc_pose: 0.784832
09/17 21:08:56 - mmengine - INFO - Epoch(train) [201][4850/5912]  lr: 5.000000e-04  eta: 8 days, 23:46:05  time: 0.739068  data_time: 0.074924  memory: 29119  loss: 0.000495  loss_kpt: 0.000495  acc_pose: 0.876290
09/17 21:09:33 - mmengine - INFO - Epoch(train) [201][4900/5912]  lr: 5.000000e-04  eta: 8 days, 23:38:54  time: 0.736509  data_time: 0.081294  memory: 29119  loss: 0.000508  loss_kpt: 0.000508  acc_pose: 0.862676
09/17 21:10:10 - mmengine - INFO - Epoch(train) [201][4950/5912]  lr: 5.000000e-04  eta: 8 days, 23:30:34  time: 0.728870  data_time: 0.084146  memory: 29119  loss: 0.000484  loss_kpt: 0.000484  acc_pose: 0.910569
09/17 21:10:47 - mmengine - INFO - Epoch(train) [201][5000/5912]  lr: 5.000000e-04  eta: 8 days, 23:24:57  time: 0.744285  data_time: 0.084379  memory: 29119  loss: 0.000487  loss_kpt: 0.000487  acc_pose: 0.860042
09/17 21:11:25 - mmengine - INFO - Epoch(train) [201][5050/5912]  lr: 5.000000e-04  eta: 8 days, 23:20:33  time: 0.750992  data_time: 0.097567  memory: 29119  loss: 0.000491  loss_kpt: 0.000491  acc_pose: 0.858282
09/17 21:12:03 - mmengine - INFO - Epoch(train) [201][5100/5912]  lr: 5.000000e-04  eta: 8 days, 23:19:55  time: 0.773514  data_time: 0.120454  memory: 29119  loss: 0.000499  loss_kpt: 0.000499  acc_pose: 0.895116
09/17 21:12:41 - mmengine - INFO - Epoch(train) [201][5150/5912]  lr: 5.000000e-04  eta: 8 days, 23:15:30  time: 0.750276  data_time: 0.083704  memory: 29119  loss: 0.000489  loss_kpt: 0.000489  acc_pose: 0.824969
09/17 21:13:18 - mmengine - INFO - Epoch(train) [201][5200/5912]  lr: 5.000000e-04  eta: 8 days, 23:11:09  time: 0.750160  data_time: 0.073544  memory: 29119  loss: 0.000500  loss_kpt: 0.000500  acc_pose: 0.919334
09/17 21:13:56 - mmengine - INFO - Epoch(train) [201][5250/5912]  lr: 5.000000e-04  eta: 8 days, 23:07:07  time: 0.751707  data_time: 0.083999  memory: 29119  loss: 0.000481  loss_kpt: 0.000481  acc_pose: 0.881811
09/17 21:14:33 - mmengine - INFO - Epoch(train) [201][5300/5912]  lr: 5.000000e-04  eta: 8 days, 23:02:40  time: 0.748686  data_time: 0.100895  memory: 29119  loss: 0.000481  loss_kpt: 0.000481  acc_pose: 0.918656
09/17 21:15:11 - mmengine - INFO - Epoch(train) [201][5350/5912]  lr: 5.000000e-04  eta: 8 days, 22:57:26  time: 0.743206  data_time: 0.093168  memory: 29119  loss: 0.000465  loss_kpt: 0.000465  acc_pose: 0.890682
09/17 21:15:49 - mmengine - INFO - Epoch(train) [201][5400/5912]  lr: 5.000000e-04  eta: 8 days, 22:55:45  time: 0.765539  data_time: 0.119763  memory: 29119  loss: 0.000478  loss_kpt: 0.000478  acc_pose: 0.842654
09/17 21:16:28 - mmengine - INFO - Epoch(train) [201][5450/5912]  lr: 5.000000e-04  eta: 8 days, 22:55:45  time: 0.776533  data_time: 0.110215  memory: 29119  loss: 0.000490  loss_kpt: 0.000490  acc_pose: 0.915925
09/17 21:17:07 - mmengine - INFO - Epoch(train) [201][5500/5912]  lr: 5.000000e-04  eta: 8 days, 22:55:18  time: 0.773548  data_time: 0.119702  memory: 29119  loss: 0.000479  loss_kpt: 0.000479  acc_pose: 0.947791
09/17 21:17:46 - mmengine - INFO - Epoch(train) [201][5550/5912]  lr: 5.000000e-04  eta: 8 days, 22:55:36  time: 0.778590  data_time: 0.127383  memory: 29119  loss: 0.000488  loss_kpt: 0.000488  acc_pose: 0.860661
09/17 21:18:24 - mmengine - INFO - Epoch(train) [201][5600/5912]  lr: 5.000000e-04  eta: 8 days, 22:54:39  time: 0.770336  data_time: 0.120420  memory: 29119  loss: 0.000482  loss_kpt: 0.000482  acc_pose: 0.859013
09/17 21:19:02 - mmengine - INFO - Epoch(train) [201][5650/5912]  lr: 5.000000e-04  eta: 8 days, 22:50:34  time: 0.749079  data_time: 0.098314  memory: 29119  loss: 0.000492  loss_kpt: 0.000492  acc_pose: 0.858947
09/17 21:19:41 - mmengine - INFO - Epoch(train) [201][5700/5912]  lr: 5.000000e-04  eta: 8 days, 22:51:00  time: 0.779447  data_time: 0.114686  memory: 29119  loss: 0.000485  loss_kpt: 0.000485  acc_pose: 0.874722
09/17 21:20:19 - mmengine - INFO - Epoch(train) [201][5750/5912]  lr: 5.000000e-04  eta: 8 days, 22:49:37  time: 0.767176  data_time: 0.112102  memory: 29119  loss: 0.000484  loss_kpt: 0.000484  acc_pose: 0.788855
09/17 21:20:59 - mmengine - INFO - Exp name: aa_WTPose_SwinV2_b_w8_coco_aic_256x256_1k_20230917_200502
09/17 21:20:59 - mmengine - INFO - Epoch(train) [201][5800/5912]  lr: 5.000000e-04  eta: 8 days, 22:51:33  time: 0.790045  data_time: 0.130847  memory: 29119  loss: 0.000490  loss_kpt: 0.000490  acc_pose: 0.841193
09/17 21:21:37 - mmengine - INFO - Epoch(train) [201][5850/5912]  lr: 5.000000e-04  eta: 8 days, 22:49:29  time: 0.762294  data_time: 0.106806  memory: 29119  loss: 0.000501  loss_kpt: 0.000501  acc_pose: 0.870262
09/17 21:22:16 - mmengine - INFO - Epoch(train) [201][5900/5912]  lr: 5.000000e-04  eta: 8 days, 22:51:16  time: 0.789364  data_time: 0.114085  memory: 29119  loss: 0.000515  loss_kpt: 0.000515  acc_pose: 0.850547
09/17 21:22:25 - mmengine - INFO - Exp name: aa_WTPose_SwinV2_b_w8_coco_aic_256x256_1k_20230917_200502
