/home/nr4325/miniconda3/envs/pose4/lib/python3.8/site-packages/mmengine/utils/dl_utils/setup_env.py:56: UserWarning: Setting MKL_NUM_THREADS environment variable for each process to be 1 in default, to avoid your system being overloaded, please further tune the variable for optimal performance in your application as needed.
  warnings.warn(
/home/nr4325/miniconda3/envs/pose4/lib/python3.8/site-packages/mmengine/utils/dl_utils/setup_env.py:56: UserWarning: Setting MKL_NUM_THREADS environment variable for each process to be 1 in default, to avoid your system being overloaded, please further tune the variable for optimal performance in your application as needed.
  warnings.warn(
/home/nr4325/miniconda3/envs/pose4/lib/python3.8/site-packages/mmengine/utils/dl_utils/setup_env.py:56: UserWarning: Setting MKL_NUM_THREADS environment variable for each process to be 1 in default, to avoid your system being overloaded, please further tune the variable for optimal performance in your application as needed.
  warnings.warn(
/home/nr4325/miniconda3/envs/pose4/lib/python3.8/site-packages/mmengine/utils/dl_utils/setup_env.py:56: UserWarning: Setting MKL_NUM_THREADS environment variable for each process to be 1 in default, to avoid your system being overloaded, please further tune the variable for optimal performance in your application as needed.
  warnings.warn(
Traceback (most recent call last):
Traceback (most recent call last):
  File "tools/train.py", line 161, in <module>
Traceback (most recent call last):
  File "tools/train.py", line 161, in <module>
Traceback (most recent call last):
  File "tools/train.py", line 161, in <module>
  File "tools/train.py", line 161, in <module>
    main()
      File "tools/train.py", line 157, in main
main()
  File "tools/train.py", line 157, in main
    main()    
main()  File "tools/train.py", line 157, in main

  File "tools/train.py", line 157, in main
    runner.train()
      File "/home/nr4325/miniconda3/envs/pose4/lib/python3.8/site-packages/mmengine/runner/runner.py", line 1745, in train
runner.train()
  File "/home/nr4325/miniconda3/envs/pose4/lib/python3.8/site-packages/mmengine/runner/runner.py", line 1745, in train
    runner.train()
      File "/home/nr4325/miniconda3/envs/pose4/lib/python3.8/site-packages/mmengine/runner/runner.py", line 1745, in train
runner.train()
  File "/home/nr4325/miniconda3/envs/pose4/lib/python3.8/site-packages/mmengine/runner/runner.py", line 1745, in train
    model = self.train_loop.run()  # type: ignore
  File "/home/nr4325/miniconda3/envs/pose4/lib/python3.8/site-packages/mmengine/runner/loops.py", line 96, in run
            model = self.train_loop.run()  # type: ignoremodel = self.train_loop.run()  # type: ignoremodel = self.train_loop.run()  # type: ignore


  File "/home/nr4325/miniconda3/envs/pose4/lib/python3.8/site-packages/mmengine/runner/loops.py", line 96, in run
  File "/home/nr4325/miniconda3/envs/pose4/lib/python3.8/site-packages/mmengine/runner/loops.py", line 96, in run
  File "/home/nr4325/miniconda3/envs/pose4/lib/python3.8/site-packages/mmengine/runner/loops.py", line 96, in run
    self.run_epoch()
  File "/home/nr4325/miniconda3/envs/pose4/lib/python3.8/site-packages/mmengine/runner/loops.py", line 112, in run_epoch
        self.run_iter(idx, data_batch)self.run_epoch()    

    self.run_epoch()  File "/home/nr4325/miniconda3/envs/pose4/lib/python3.8/site-packages/mmengine/runner/loops.py", line 128, in run_iter
  File "/home/nr4325/miniconda3/envs/pose4/lib/python3.8/site-packages/mmengine/runner/loops.py", line 112, in run_epoch
self.run_epoch()

  File "/home/nr4325/miniconda3/envs/pose4/lib/python3.8/site-packages/mmengine/runner/loops.py", line 112, in run_epoch
  File "/home/nr4325/miniconda3/envs/pose4/lib/python3.8/site-packages/mmengine/runner/loops.py", line 112, in run_epoch
    outputs = self.runner.model.train_step(
  File "/home/nr4325/miniconda3/envs/pose4/lib/python3.8/site-packages/mmengine/model/wrappers/distributed.py", line 121, in train_step
    self.run_iter(idx, data_batch)
  File "/home/nr4325/miniconda3/envs/pose4/lib/python3.8/site-packages/mmengine/runner/loops.py", line 128, in run_iter
        self.run_iter(idx, data_batch)self.run_iter(idx, data_batch)

  File "/home/nr4325/miniconda3/envs/pose4/lib/python3.8/site-packages/mmengine/runner/loops.py", line 128, in run_iter
  File "/home/nr4325/miniconda3/envs/pose4/lib/python3.8/site-packages/mmengine/runner/loops.py", line 128, in run_iter
    outputs = self.runner.model.train_step(
  File "/home/nr4325/miniconda3/envs/pose4/lib/python3.8/site-packages/mmengine/model/wrappers/distributed.py", line 121, in train_step
    outputs = self.runner.model.train_step(    
outputs = self.runner.model.train_step(  File "/home/nr4325/miniconda3/envs/pose4/lib/python3.8/site-packages/mmengine/model/wrappers/distributed.py", line 121, in train_step

  File "/home/nr4325/miniconda3/envs/pose4/lib/python3.8/site-packages/mmengine/model/wrappers/distributed.py", line 121, in train_step
    losses = self._run_forward(data, mode='loss')
          File "/home/nr4325/miniconda3/envs/pose4/lib/python3.8/site-packages/mmengine/model/wrappers/distributed.py", line 161, in _run_forward
losses = self._run_forward(data, mode='loss')    losses = self._run_forward(data, mode='loss')
losses = self._run_forward(data, mode='loss')
  File "/home/nr4325/miniconda3/envs/pose4/lib/python3.8/site-packages/mmengine/model/wrappers/distributed.py", line 161, in _run_forward

  File "/home/nr4325/miniconda3/envs/pose4/lib/python3.8/site-packages/mmengine/model/wrappers/distributed.py", line 161, in _run_forward
  File "/home/nr4325/miniconda3/envs/pose4/lib/python3.8/site-packages/mmengine/model/wrappers/distributed.py", line 161, in _run_forward
    results = self(**data, mode=mode)
  File "/home/nr4325/miniconda3/envs/pose4/lib/python3.8/site-packages/torch/nn/modules/module.py", line 1110, in _call_impl
        results = self(**data, mode=mode)results = self(**data, mode=mode)    

  File "/home/nr4325/miniconda3/envs/pose4/lib/python3.8/site-packages/torch/nn/modules/module.py", line 1110, in _call_impl
results = self(**data, mode=mode)  File "/home/nr4325/miniconda3/envs/pose4/lib/python3.8/site-packages/torch/nn/modules/module.py", line 1110, in _call_impl

  File "/home/nr4325/miniconda3/envs/pose4/lib/python3.8/site-packages/torch/nn/modules/module.py", line 1110, in _call_impl
            return forward_call(*input, **kwargs)return forward_call(*input, **kwargs)    return forward_call(*input, **kwargs)

return forward_call(*input, **kwargs)  File "/home/nr4325/miniconda3/envs/pose4/lib/python3.8/site-packages/torch/nn/parallel/distributed.py", line 963, in forward

  File "/home/nr4325/miniconda3/envs/pose4/lib/python3.8/site-packages/torch/nn/parallel/distributed.py", line 963, in forward

  File "/home/nr4325/miniconda3/envs/pose4/lib/python3.8/site-packages/torch/nn/parallel/distributed.py", line 963, in forward
  File "/home/nr4325/miniconda3/envs/pose4/lib/python3.8/site-packages/torch/nn/parallel/distributed.py", line 963, in forward
            output = self.module(*inputs[0], **kwargs[0])    output = self.module(*inputs[0], **kwargs[0])output = self.module(*inputs[0], **kwargs[0])
output = self.module(*inputs[0], **kwargs[0])

  File "/home/nr4325/miniconda3/envs/pose4/lib/python3.8/site-packages/torch/nn/modules/module.py", line 1110, in _call_impl

  File "/home/nr4325/miniconda3/envs/pose4/lib/python3.8/site-packages/torch/nn/modules/module.py", line 1110, in _call_impl
  File "/home/nr4325/miniconda3/envs/pose4/lib/python3.8/site-packages/torch/nn/modules/module.py", line 1110, in _call_impl
  File "/home/nr4325/miniconda3/envs/pose4/lib/python3.8/site-packages/torch/nn/modules/module.py", line 1110, in _call_impl
    return forward_call(*input, **kwargs)    
return forward_call(*input, **kwargs)      File "/home/nr4325/Desktop/Pose4/mmpose/mmpose/models/pose_estimators/base.py", line 136, in forward

return forward_call(*input, **kwargs)  File "/home/nr4325/Desktop/Pose4/mmpose/mmpose/models/pose_estimators/base.py", line 136, in forward

      File "/home/nr4325/Desktop/Pose4/mmpose/mmpose/models/pose_estimators/base.py", line 136, in forward
return forward_call(*input, **kwargs)
  File "/home/nr4325/Desktop/Pose4/mmpose/mmpose/models/pose_estimators/base.py", line 136, in forward
    return self.loss(inputs, data_samples)
  File "/home/nr4325/Desktop/Pose4/mmpose/mmpose/models/pose_estimators/topdown.py", line 76, in loss
    return self.loss(inputs, data_samples)
  File "/home/nr4325/Desktop/Pose4/mmpose/mmpose/models/pose_estimators/topdown.py", line 76, in loss
        return self.loss(inputs, data_samples)return self.loss(inputs, data_samples)

  File "/home/nr4325/Desktop/Pose4/mmpose/mmpose/models/pose_estimators/topdown.py", line 76, in loss
  File "/home/nr4325/Desktop/Pose4/mmpose/mmpose/models/pose_estimators/topdown.py", line 76, in loss
    feats = self.extract_feat(inputs)    
    feats = self.extract_feat(inputs)feats = self.extract_feat(inputs)      File "/home/nr4325/Desktop/Pose4/mmpose/mmpose/models/pose_estimators/base.py", line 188, in extract_feat


feats = self.extract_feat(inputs)  File "/home/nr4325/Desktop/Pose4/mmpose/mmpose/models/pose_estimators/base.py", line 188, in extract_feat
  File "/home/nr4325/Desktop/Pose4/mmpose/mmpose/models/pose_estimators/base.py", line 188, in extract_feat

  File "/home/nr4325/Desktop/Pose4/mmpose/mmpose/models/pose_estimators/base.py", line 188, in extract_feat
    x = self.backbone(inputs)
  File "/home/nr4325/miniconda3/envs/pose4/lib/python3.8/site-packages/torch/nn/modules/module.py", line 1110, in _call_impl
            x = self.backbone(inputs)x = self.backbone(inputs)x = self.backbone(inputs)


  File "/home/nr4325/miniconda3/envs/pose4/lib/python3.8/site-packages/torch/nn/modules/module.py", line 1110, in _call_impl
  File "/home/nr4325/miniconda3/envs/pose4/lib/python3.8/site-packages/torch/nn/modules/module.py", line 1110, in _call_impl
  File "/home/nr4325/miniconda3/envs/pose4/lib/python3.8/site-packages/torch/nn/modules/module.py", line 1110, in _call_impl
    return forward_call(*input, **kwargs)
  File "/home/nr4325/Desktop/Pose4/mmpose/mmpose/models/backbones/wt_swinv2.py", line 856, in forward
    return forward_call(*input, **kwargs)
          File "/home/nr4325/Desktop/Pose4/mmpose/mmpose/models/backbones/wt_swinv2.py", line 856, in forward
return forward_call(*input, **kwargs)return forward_call(*input, **kwargs)

  File "/home/nr4325/Desktop/Pose4/mmpose/mmpose/models/backbones/wt_swinv2.py", line 856, in forward
  File "/home/nr4325/Desktop/Pose4/mmpose/mmpose/models/backbones/wt_swinv2.py", line 856, in forward
    x = self.wtm(outs, resnet_out)
  File "/home/nr4325/miniconda3/envs/pose4/lib/python3.8/site-packages/torch/nn/modules/module.py", line 1110, in _call_impl
            x = self.wtm(outs, resnet_out)x = self.wtm(outs, resnet_out)x = self.wtm(outs, resnet_out)


  File "/home/nr4325/miniconda3/envs/pose4/lib/python3.8/site-packages/torch/nn/modules/module.py", line 1110, in _call_impl
  File "/home/nr4325/miniconda3/envs/pose4/lib/python3.8/site-packages/torch/nn/modules/module.py", line 1110, in _call_impl
  File "/home/nr4325/miniconda3/envs/pose4/lib/python3.8/site-packages/torch/nn/modules/module.py", line 1110, in _call_impl
    return forward_call(*input, **kwargs)
  File "/home/nr4325/Desktop/Pose4/mmpose/mmpose/models/utils/wtm_a.py", line 180, in forward
        return forward_call(*input, **kwargs)return forward_call(*input, **kwargs)
    
  File "/home/nr4325/Desktop/Pose4/mmpose/mmpose/models/utils/wtm_a.py", line 180, in forward
return forward_call(*input, **kwargs)  File "/home/nr4325/Desktop/Pose4/mmpose/mmpose/models/utils/wtm_a.py", line 180, in forward

  File "/home/nr4325/Desktop/Pose4/mmpose/mmpose/models/utils/wtm_a.py", line 180, in forward
    x4 = self.wtm4_0(x3)
  File "/home/nr4325/miniconda3/envs/pose4/lib/python3.8/site-packages/torch/nn/modules/module.py", line 1110, in _call_impl
    x4 = self.wtm4_0(x3)        
x4 = self.wtm4_0(x3)x4 = self.wtm4_0(x3)  File "/home/nr4325/miniconda3/envs/pose4/lib/python3.8/site-packages/torch/nn/modules/module.py", line 1110, in _call_impl


  File "/home/nr4325/miniconda3/envs/pose4/lib/python3.8/site-packages/torch/nn/modules/module.py", line 1110, in _call_impl
  File "/home/nr4325/miniconda3/envs/pose4/lib/python3.8/site-packages/torch/nn/modules/module.py", line 1110, in _call_impl
    return forward_call(*input, **kwargs)
  File "/home/nr4325/Desktop/Pose4/mmpose/mmpose/models/utils/wtm_a.py", line 96, in forward
    x = self.attn(x)
  File "/home/nr4325/miniconda3/envs/pose4/lib/python3.8/site-packages/torch/nn/modules/module.py", line 1110, in _call_impl
    return forward_call(*input, **kwargs)
      File "/home/nr4325/Desktop/Pose4/mmpose/mmpose/models/utils/wtm_a.py", line 96, in forward
    return forward_call(*input, **kwargs)return forward_call(*input, **kwargs)

  File "/home/nr4325/Desktop/Pose4/mmpose/mmpose/models/utils/wtm_a.py", line 96, in forward
  File "/home/nr4325/Desktop/Pose4/mmpose/mmpose/models/utils/wtm_a.py", line 96, in forward
    x = self.attn(x)
  File "/home/nr4325/miniconda3/envs/pose4/lib/python3.8/site-packages/torch/nn/modules/module.py", line 1110, in _call_impl
        x = self.attn(x)x = self.attn(x)

  File "/home/nr4325/miniconda3/envs/pose4/lib/python3.8/site-packages/torch/nn/modules/module.py", line 1110, in _call_impl
  File "/home/nr4325/miniconda3/envs/pose4/lib/python3.8/site-packages/torch/nn/modules/module.py", line 1110, in _call_impl
    return forward_call(*input, **kwargs)
  File "/home/nr4325/miniconda3/envs/pose4/lib/python3.8/site-packages/natten/natten2d.py", line 91, in forward
    return forward_call(*input, **kwargs)    
return forward_call(*input, **kwargs)  File "/home/nr4325/miniconda3/envs/pose4/lib/python3.8/site-packages/natten/natten2d.py", line 91, in forward

  File "/home/nr4325/miniconda3/envs/pose4/lib/python3.8/site-packages/natten/natten2d.py", line 91, in forward
    return forward_call(*input, **kwargs)
  File "/home/nr4325/miniconda3/envs/pose4/lib/python3.8/site-packages/natten/natten2d.py", line 91, in forward
    attn = natten2dqkrpb(q, k, self.rpb, self.kernel_size, self.dilation)    
attn = natten2dqkrpb(q, k, self.rpb, self.kernel_size, self.dilation)  File "/home/nr4325/miniconda3/envs/pose4/lib/python3.8/site-packages/natten/functional.py", line 186, in natten2dqkrpb

      File "/home/nr4325/miniconda3/envs/pose4/lib/python3.8/site-packages/natten/functional.py", line 186, in natten2dqkrpb
attn = natten2dqkrpb(q, k, self.rpb, self.kernel_size, self.dilation)
  File "/home/nr4325/miniconda3/envs/pose4/lib/python3.8/site-packages/natten/functional.py", line 186, in natten2dqkrpb
    attn = natten2dqkrpb(q, k, self.rpb, self.kernel_size, self.dilation)
  File "/home/nr4325/miniconda3/envs/pose4/lib/python3.8/site-packages/natten/functional.py", line 186, in natten2dqkrpb
    return NATTEN2DQKRPBFunction.apply(query, key, rpb, kernel_size, dilation)
  File "/home/nr4325/miniconda3/envs/pose4/lib/python3.8/site-packages/torch/cuda/amp/autocast_mode.py", line 118, in decorate_fwd
    return NATTEN2DQKRPBFunction.apply(query, key, rpb, kernel_size, dilation)    
return NATTEN2DQKRPBFunction.apply(query, key, rpb, kernel_size, dilation)    
  File "/home/nr4325/miniconda3/envs/pose4/lib/python3.8/site-packages/torch/cuda/amp/autocast_mode.py", line 118, in decorate_fwd
return NATTEN2DQKRPBFunction.apply(query, key, rpb, kernel_size, dilation)  File "/home/nr4325/miniconda3/envs/pose4/lib/python3.8/site-packages/torch/cuda/amp/autocast_mode.py", line 118, in decorate_fwd

  File "/home/nr4325/miniconda3/envs/pose4/lib/python3.8/site-packages/torch/cuda/amp/autocast_mode.py", line 118, in decorate_fwd
    return fwd(*args, **kwargs)
              File "/home/nr4325/miniconda3/envs/pose4/lib/python3.8/site-packages/natten/functional.py", line 119, in forward
return fwd(*args, **kwargs)return fwd(*args, **kwargs)return fwd(*args, **kwargs)


  File "/home/nr4325/miniconda3/envs/pose4/lib/python3.8/site-packages/natten/functional.py", line 119, in forward
  File "/home/nr4325/miniconda3/envs/pose4/lib/python3.8/site-packages/natten/functional.py", line 119, in forward
  File "/home/nr4325/miniconda3/envs/pose4/lib/python3.8/site-packages/natten/functional.py", line 119, in forward
    attn = _C.natten2dqkrpb_forward(query, key, rpb, kernel_size, dilation)
    attn = _C.natten2dqkrpb_forward(query, key, rpb, kernel_size, dilation)    
attn = _C.natten2dqkrpb_forward(query, key, rpb, kernel_size, dilation)    RuntimeError
attn = _C.natten2dqkrpb_forward(query, key, rpb, kernel_size, dilation): RuntimeError
CUDA out of memory. Tried to allocate 392.00 MiB (GPU 3; 39.42 GiB total capacity; 37.20 GiB already allocated; 205.00 MiB free; 37.29 GiB reserved in total by PyTorch) If reserved memory is >> allocated memory try setting max_split_size_mb to avoid fragmentation.  See documentation for Memory Management and PYTORCH_CUDA_ALLOC_CONF: RuntimeError
CUDA out of memory. Tried to allocate 392.00 MiB (GPU 0; 39.42 GiB total capacity; 37.20 GiB already allocated; 205.00 MiB free; 37.29 GiB reserved in total by PyTorch) If reserved memory is >> allocated memory try setting max_split_size_mb to avoid fragmentation.  See documentation for Memory Management and PYTORCH_CUDA_ALLOC_CONF: RuntimeError
CUDA out of memory. Tried to allocate 392.00 MiB (GPU 2; 39.42 GiB total capacity; 37.20 GiB already allocated; 205.00 MiB free; 37.29 GiB reserved in total by PyTorch) If reserved memory is >> allocated memory try setting max_split_size_mb to avoid fragmentation.  See documentation for Memory Management and PYTORCH_CUDA_ALLOC_CONF: 
CUDA out of memory. Tried to allocate 392.00 MiB (GPU 1; 39.42 GiB total capacity; 37.20 GiB already allocated; 205.00 MiB free; 37.29 GiB reserved in total by PyTorch) If reserved memory is >> allocated memory try setting max_split_size_mb to avoid fragmentation.  See documentation for Memory Management and PYTORCH_CUDA_ALLOC_CONF
/home/nr4325/miniconda3/envs/pose4/lib/python3.8/site-packages/torch/distributed/launch.py:178: FutureWarning: The module torch.distributed.launch is deprecated
and will be removed in future. Use torchrun.
Note that --use_env is set by default in torchrun.
If your script expects `--local_rank` argument to be set, please
change it to read from `os.environ['LOCAL_RANK']` instead. See 
https://pytorch.org/docs/stable/distributed.html#launch-utility for 
further instructions

  warnings.warn(
ERROR:torch.distributed.elastic.multiprocessing.api:failed (exitcode: 1) local_rank: 0 (pid: 502) of binary: /home/nr4325/miniconda3/envs/pose4/bin/python
Traceback (most recent call last):
  File "/home/nr4325/miniconda3/envs/pose4/lib/python3.8/runpy.py", line 194, in _run_module_as_main
    return _run_code(code, main_globals, None,
  File "/home/nr4325/miniconda3/envs/pose4/lib/python3.8/runpy.py", line 87, in _run_code
    exec(code, run_globals)
  File "/home/nr4325/miniconda3/envs/pose4/lib/python3.8/site-packages/torch/distributed/launch.py", line 193, in <module>
    main()
  File "/home/nr4325/miniconda3/envs/pose4/lib/python3.8/site-packages/torch/distributed/launch.py", line 189, in main
    launch(args)
  File "/home/nr4325/miniconda3/envs/pose4/lib/python3.8/site-packages/torch/distributed/launch.py", line 174, in launch
    run(args)
  File "/home/nr4325/miniconda3/envs/pose4/lib/python3.8/site-packages/torch/distributed/run.py", line 715, in run
    elastic_launch(
  File "/home/nr4325/miniconda3/envs/pose4/lib/python3.8/site-packages/torch/distributed/launcher/api.py", line 131, in __call__
    return launch_agent(self._config, self._entrypoint, list(args))
  File "/home/nr4325/miniconda3/envs/pose4/lib/python3.8/site-packages/torch/distributed/launcher/api.py", line 245, in launch_agent
    raise ChildFailedError(
torch.distributed.elastic.multiprocessing.errors.ChildFailedError: 
============================================================
tools/train.py FAILED
------------------------------------------------------------
Failures:
[1]:
  time      : 2023-09-13_08:33:45
  host      : skl-a-52.rc.rit.edu
  rank      : 1 (local_rank: 1)
  exitcode  : 1 (pid: 503)
  error_file: <N/A>
  traceback : To enable traceback see: https://pytorch.org/docs/stable/elastic/errors.html
[2]:
  time      : 2023-09-13_08:33:45
  host      : skl-a-52.rc.rit.edu
  rank      : 2 (local_rank: 2)
  exitcode  : 1 (pid: 504)
  error_file: <N/A>
  traceback : To enable traceback see: https://pytorch.org/docs/stable/elastic/errors.html
[3]:
  time      : 2023-09-13_08:33:45
  host      : skl-a-52.rc.rit.edu
  rank      : 3 (local_rank: 3)
  exitcode  : 1 (pid: 505)
  error_file: <N/A>
  traceback : To enable traceback see: https://pytorch.org/docs/stable/elastic/errors.html
------------------------------------------------------------
Root Cause (first observed failure):
[0]:
  time      : 2023-09-13_08:33:45
  host      : skl-a-52.rc.rit.edu
  rank      : 0 (local_rank: 0)
  exitcode  : 1 (pid: 502)
  error_file: <N/A>
  traceback : To enable traceback see: https://pytorch.org/docs/stable/elastic/errors.html
============================================================
