/home/nr4325/miniconda3/envs/pose4/lib/python3.8/site-packages/mmengine/utils/dl_utils/setup_env.py:56: UserWarning: Setting MKL_NUM_THREADS environment variable for each process to be 1 in default, to avoid your system being overloaded, please further tune the variable for optimal performance in your application as needed.
  warnings.warn(
/home/nr4325/miniconda3/envs/pose4/lib/python3.8/site-packages/mmengine/utils/dl_utils/setup_env.py:56: UserWarning: Setting MKL_NUM_THREADS environment variable for each process to be 1 in default, to avoid your system being overloaded, please further tune the variable for optimal performance in your application as needed.
  warnings.warn(
Downloading: "https://download.openmmlab.com/mmclassification/v0/swin-v2/swinv2-small-w8_3rdparty_in1k-256px_20220803-b01a4332.pth" to /home/nr4325/.cache/torch/hub/checkpoints/swinv2-small-w8_3rdparty_in1k-256px_20220803-b01a4332.pth
Traceback (most recent call last):
  File "tools/train.py", line 161, in <module>
    main()
  File "tools/train.py", line 157, in main
Traceback (most recent call last):
  File "tools/train.py", line 161, in <module>
    runner.train()
  File "/home/nr4325/miniconda3/envs/pose4/lib/python3.8/site-packages/mmengine/runner/runner.py", line 1745, in train
    main()
  File "tools/train.py", line 157, in main
    runner.train()
  File "/home/nr4325/miniconda3/envs/pose4/lib/python3.8/site-packages/mmengine/runner/runner.py", line 1745, in train
    model = self.train_loop.run()  # type: ignore
  File "/home/nr4325/miniconda3/envs/pose4/lib/python3.8/site-packages/mmengine/runner/loops.py", line 96, in run
    model = self.train_loop.run()  # type: ignore
  File "/home/nr4325/miniconda3/envs/pose4/lib/python3.8/site-packages/mmengine/runner/loops.py", line 96, in run
    self.run_epoch()
  File "/home/nr4325/miniconda3/envs/pose4/lib/python3.8/site-packages/mmengine/runner/loops.py", line 112, in run_epoch
    self.run_epoch()
  File "/home/nr4325/miniconda3/envs/pose4/lib/python3.8/site-packages/mmengine/runner/loops.py", line 112, in run_epoch
    self.run_iter(idx, data_batch)
  File "/home/nr4325/miniconda3/envs/pose4/lib/python3.8/site-packages/mmengine/runner/loops.py", line 128, in run_iter
    self.run_iter(idx, data_batch)
  File "/home/nr4325/miniconda3/envs/pose4/lib/python3.8/site-packages/mmengine/runner/loops.py", line 128, in run_iter
    outputs = self.runner.model.train_step(
  File "/home/nr4325/miniconda3/envs/pose4/lib/python3.8/site-packages/mmengine/model/wrappers/distributed.py", line 121, in train_step
    outputs = self.runner.model.train_step(
  File "/home/nr4325/miniconda3/envs/pose4/lib/python3.8/site-packages/mmengine/model/wrappers/distributed.py", line 121, in train_step
    losses = self._run_forward(data, mode='loss')
  File "/home/nr4325/miniconda3/envs/pose4/lib/python3.8/site-packages/mmengine/model/wrappers/distributed.py", line 161, in _run_forward
    results = self(**data, mode=mode)
  File "/home/nr4325/miniconda3/envs/pose4/lib/python3.8/site-packages/torch/nn/modules/module.py", line 1110, in _call_impl
    losses = self._run_forward(data, mode='loss')
  File "/home/nr4325/miniconda3/envs/pose4/lib/python3.8/site-packages/mmengine/model/wrappers/distributed.py", line 161, in _run_forward
    results = self(**data, mode=mode)
  File "/home/nr4325/miniconda3/envs/pose4/lib/python3.8/site-packages/torch/nn/modules/module.py", line 1110, in _call_impl
    return forward_call(*input, **kwargs)
  File "/home/nr4325/miniconda3/envs/pose4/lib/python3.8/site-packages/torch/nn/parallel/distributed.py", line 963, in forward
    return forward_call(*input, **kwargs)
  File "/home/nr4325/miniconda3/envs/pose4/lib/python3.8/site-packages/torch/nn/parallel/distributed.py", line 963, in forward
        output = self.module(*inputs[0], **kwargs[0])output = self.module(*inputs[0], **kwargs[0])

  File "/home/nr4325/miniconda3/envs/pose4/lib/python3.8/site-packages/torch/nn/modules/module.py", line 1110, in _call_impl
  File "/home/nr4325/miniconda3/envs/pose4/lib/python3.8/site-packages/torch/nn/modules/module.py", line 1110, in _call_impl
    return forward_call(*input, **kwargs)    
return forward_call(*input, **kwargs)  File "/home/nr4325/Desktop/Pose4/mmpose/mmpose/models/pose_estimators/base.py", line 136, in forward

  File "/home/nr4325/Desktop/Pose4/mmpose/mmpose/models/pose_estimators/base.py", line 136, in forward
    return self.loss(inputs, data_samples)
  File "/home/nr4325/Desktop/Pose4/mmpose/mmpose/models/pose_estimators/topdown.py", line 68, in loss
    return self.loss(inputs, data_samples)
  File "/home/nr4325/Desktop/Pose4/mmpose/mmpose/models/pose_estimators/topdown.py", line 68, in loss
    feats = self.extract_feat(inputs)
  File "/home/nr4325/Desktop/Pose4/mmpose/mmpose/models/pose_estimators/base.py", line 188, in extract_feat
    feats = self.extract_feat(inputs)
  File "/home/nr4325/Desktop/Pose4/mmpose/mmpose/models/pose_estimators/base.py", line 188, in extract_feat
    x = self.backbone(inputs)
  File "/home/nr4325/miniconda3/envs/pose4/lib/python3.8/site-packages/torch/nn/modules/module.py", line 1110, in _call_impl
    x = self.backbone(inputs)
  File "/home/nr4325/miniconda3/envs/pose4/lib/python3.8/site-packages/torch/nn/modules/module.py", line 1110, in _call_impl
    return forward_call(*input, **kwargs)
  File "/home/nr4325/Desktop/Pose4/mmpose/mmpose/models/backbones/swinv2.py", line 487, in forward
    return forward_call(*input, **kwargs)
  File "/home/nr4325/Desktop/Pose4/mmpose/mmpose/models/backbones/swinv2.py", line 487, in forward
    x, hw_shape = stage(x, hw_shape)
  File "/home/nr4325/miniconda3/envs/pose4/lib/python3.8/site-packages/torch/nn/modules/module.py", line 1110, in _call_impl
    x, hw_shape = stage(x, hw_shape)
  File "/home/nr4325/miniconda3/envs/pose4/lib/python3.8/site-packages/torch/nn/modules/module.py", line 1110, in _call_impl
    return forward_call(*input, **kwargs)
  File "/home/nr4325/Desktop/Pose4/mmpose/mmpose/models/backbones/swinv2.py", line 222, in forward
    return forward_call(*input, **kwargs)
  File "/home/nr4325/Desktop/Pose4/mmpose/mmpose/models/backbones/swinv2.py", line 222, in forward
    x = block(x, out_shape)
  File "/home/nr4325/miniconda3/envs/pose4/lib/python3.8/site-packages/torch/nn/modules/module.py", line 1110, in _call_impl
    x = block(x, out_shape)
  File "/home/nr4325/miniconda3/envs/pose4/lib/python3.8/site-packages/torch/nn/modules/module.py", line 1110, in _call_impl
    return forward_call(*input, **kwargs)
  File "/home/nr4325/Desktop/Pose4/mmpose/mmpose/models/backbones/swinv2.py", line 125, in forward
        x = _inner_forward(x)return forward_call(*input, **kwargs)

  File "/home/nr4325/Desktop/Pose4/mmpose/mmpose/models/backbones/swinv2.py", line 108, in _inner_forward
  File "/home/nr4325/Desktop/Pose4/mmpose/mmpose/models/backbones/swinv2.py", line 125, in forward
    x = self.attn(x, hw_shape)
  File "/home/nr4325/miniconda3/envs/pose4/lib/python3.8/site-packages/torch/nn/modules/module.py", line 1110, in _call_impl
    x = _inner_forward(x)
  File "/home/nr4325/Desktop/Pose4/mmpose/mmpose/models/backbones/swinv2.py", line 108, in _inner_forward
    x = self.attn(x, hw_shape)
  File "/home/nr4325/miniconda3/envs/pose4/lib/python3.8/site-packages/torch/nn/modules/module.py", line 1110, in _call_impl
    return forward_call(*input, **kwargs)
  File "/home/nr4325/Desktop/Pose4/mmpose/mmpose/models/utils/attention.py", line 436, in forward
    return forward_call(*input, **kwargs)
  File "/home/nr4325/Desktop/Pose4/mmpose/mmpose/models/utils/attention.py", line 436, in forward
    attn_windows = self.w_msa(query_windows, mask=attn_mask)
  File "/home/nr4325/miniconda3/envs/pose4/lib/python3.8/site-packages/torch/nn/modules/module.py", line 1110, in _call_impl
    attn_windows = self.w_msa(query_windows, mask=attn_mask)
  File "/home/nr4325/miniconda3/envs/pose4/lib/python3.8/site-packages/torch/nn/modules/module.py", line 1110, in _call_impl
    return forward_call(*input, **kwargs)
  File "/home/nr4325/Desktop/Pose4/mmpose/mmpose/models/utils/attention.py", line 304, in forward
    F.normalize(q, dim=-1) @ F.normalize(k, dim=-1).transpose(-2, -1))    
return forward_call(*input, **kwargs)
  File "/home/nr4325/Desktop/Pose4/mmpose/mmpose/models/utils/attention.py", line 304, in forward
RuntimeError: CUDA out of memory. Tried to allocate 60.00 MiB (GPU 1; 7.43 GiB total capacity; 6.49 GiB already allocated; 54.00 MiB free; 6.67 GiB reserved in total by PyTorch) If reserved memory is >> allocated memory try setting max_split_size_mb to avoid fragmentation.  See documentation for Memory Management and PYTORCH_CUDA_ALLOC_CONF
    F.normalize(q, dim=-1) @ F.normalize(k, dim=-1).transpose(-2, -1))
RuntimeError: CUDA out of memory. Tried to allocate 60.00 MiB (GPU 0; 7.43 GiB total capacity; 6.49 GiB already allocated; 54.00 MiB free; 6.67 GiB reserved in total by PyTorch) If reserved memory is >> allocated memory try setting max_split_size_mb to avoid fragmentation.  See documentation for Memory Management and PYTORCH_CUDA_ALLOC_CONF
/home/nr4325/miniconda3/envs/pose4/lib/python3.8/site-packages/torch/distributed/launch.py:178: FutureWarning: The module torch.distributed.launch is deprecated
and will be removed in future. Use torchrun.
Note that --use_env is set by default in torchrun.
If your script expects `--local_rank` argument to be set, please
change it to read from `os.environ['LOCAL_RANK']` instead. See 
https://pytorch.org/docs/stable/distributed.html#launch-utility for 
further instructions

  warnings.warn(
ERROR:torch.distributed.elastic.multiprocessing.api:failed (exitcode: 1) local_rank: 0 (pid: 27114) of binary: /home/nr4325/miniconda3/envs/pose4/bin/python
Traceback (most recent call last):
  File "/home/nr4325/miniconda3/envs/pose4/lib/python3.8/runpy.py", line 194, in _run_module_as_main
    return _run_code(code, main_globals, None,
  File "/home/nr4325/miniconda3/envs/pose4/lib/python3.8/runpy.py", line 87, in _run_code
    exec(code, run_globals)
  File "/home/nr4325/miniconda3/envs/pose4/lib/python3.8/site-packages/torch/distributed/launch.py", line 193, in <module>
    main()
  File "/home/nr4325/miniconda3/envs/pose4/lib/python3.8/site-packages/torch/distributed/launch.py", line 189, in main
    launch(args)
  File "/home/nr4325/miniconda3/envs/pose4/lib/python3.8/site-packages/torch/distributed/launch.py", line 174, in launch
    run(args)
  File "/home/nr4325/miniconda3/envs/pose4/lib/python3.8/site-packages/torch/distributed/run.py", line 715, in run
    elastic_launch(
  File "/home/nr4325/miniconda3/envs/pose4/lib/python3.8/site-packages/torch/distributed/launcher/api.py", line 131, in __call__
    return launch_agent(self._config, self._entrypoint, list(args))
  File "/home/nr4325/miniconda3/envs/pose4/lib/python3.8/site-packages/torch/distributed/launcher/api.py", line 245, in launch_agent
    raise ChildFailedError(
torch.distributed.elastic.multiprocessing.errors.ChildFailedError: 
============================================================
tools/train.py FAILED
------------------------------------------------------------
Failures:
[1]:
  time      : 2023-08-22_22:03:32
  host      : skl-a-47.rc.rit.edu
  rank      : 1 (local_rank: 1)
  exitcode  : 1 (pid: 27115)
  error_file: <N/A>
  traceback : To enable traceback see: https://pytorch.org/docs/stable/elastic/errors.html
------------------------------------------------------------
Root Cause (first observed failure):
[0]:
  time      : 2023-08-22_22:03:32
  host      : skl-a-47.rc.rit.edu
  rank      : 0 (local_rank: 0)
  exitcode  : 1 (pid: 27114)
  error_file: <N/A>
  traceback : To enable traceback see: https://pytorch.org/docs/stable/elastic/errors.html
============================================================
