/home/nr4325/miniconda3/envs/pose4/lib/python3.8/site-packages/mmengine/utils/dl_utils/setup_env.py:56: UserWarning: Setting MKL_NUM_THREADS environment variable for each process to be 1 in default, to avoid your system being overloaded, please further tune the variable for optimal performance in your application as needed.
  warnings.warn(
/home/nr4325/miniconda3/envs/pose4/lib/python3.8/site-packages/mmengine/utils/dl_utils/setup_env.py:56: UserWarning: Setting MKL_NUM_THREADS environment variable for each process to be 1 in default, to avoid your system being overloaded, please further tune the variable for optimal performance in your application as needed.
  warnings.warn(
Traceback (most recent call last):
  File "tools/train.py", line 161, in <module>
    main()
  File "tools/train.py", line 154, in main
    runner = Runner.from_cfg(cfg)
  File "/home/nr4325/miniconda3/envs/pose4/lib/python3.8/site-packages/mmengine/runner/runner.py", line 445, in from_cfg
Traceback (most recent call last):
  File "tools/train.py", line 161, in <module>
    main()
  File "tools/train.py", line 154, in main
    runner = Runner.from_cfg(cfg)
  File "/home/nr4325/miniconda3/envs/pose4/lib/python3.8/site-packages/mmengine/runner/runner.py", line 445, in from_cfg
    runner = cls(
  File "/home/nr4325/miniconda3/envs/pose4/lib/python3.8/site-packages/mmengine/runner/runner.py", line 380, in __init__
    runner = cls(
  File "/home/nr4325/miniconda3/envs/pose4/lib/python3.8/site-packages/mmengine/runner/runner.py", line 380, in __init__
    self.log_processor = self.build_log_processor(log_processor)
  File "/home/nr4325/miniconda3/envs/pose4/lib/python3.8/site-packages/mmengine/runner/runner.py", line 1625, in build_log_processor
    self.log_processor = self.build_log_processor(log_processor)
  File "/home/nr4325/miniconda3/envs/pose4/lib/python3.8/site-packages/mmengine/runner/runner.py", line 1625, in build_log_processor
    log_processor = LOG_PROCESSORS.build(log_processor_cfg)
  File "/home/nr4325/miniconda3/envs/pose4/lib/python3.8/site-packages/mmengine/registry/registry.py", line 570, in build
    log_processor = LOG_PROCESSORS.build(log_processor_cfg)
  File "/home/nr4325/miniconda3/envs/pose4/lib/python3.8/site-packages/mmengine/registry/registry.py", line 570, in build
    return self.build_func(cfg, *args, **kwargs, registry=self)
  File "/home/nr4325/miniconda3/envs/pose4/lib/python3.8/site-packages/mmengine/registry/build_functions.py", line 98, in build_from_cfg
    return self.build_func(cfg, *args, **kwargs, registry=self)
  File "/home/nr4325/miniconda3/envs/pose4/lib/python3.8/site-packages/mmengine/registry/build_functions.py", line 98, in build_from_cfg
    obj_cls = registry.get(obj_type)
  File "/home/nr4325/miniconda3/envs/pose4/lib/python3.8/site-packages/mmengine/registry/registry.py", line 451, in get
    obj_cls = registry.get(obj_type)
  File "/home/nr4325/miniconda3/envs/pose4/lib/python3.8/site-packages/mmengine/registry/registry.py", line 451, in get
    self.import_from_location()
  File "/home/nr4325/miniconda3/envs/pose4/lib/python3.8/site-packages/mmengine/registry/registry.py", line 376, in import_from_location
    self.import_from_location()
  File "/home/nr4325/miniconda3/envs/pose4/lib/python3.8/site-packages/mmengine/registry/registry.py", line 376, in import_from_location
    import_module(loc)
  File "/home/nr4325/miniconda3/envs/pose4/lib/python3.8/importlib/__init__.py", line 127, in import_module
    import_module(loc)
  File "/home/nr4325/miniconda3/envs/pose4/lib/python3.8/importlib/__init__.py", line 127, in import_module
    return _bootstrap._gcd_import(name[level:], package, level)
  File "<frozen importlib._bootstrap>", line 1014, in _gcd_import
    return _bootstrap._gcd_import(name[level:], package, level)
  File "<frozen importlib._bootstrap>", line 1014, in _gcd_import
  File "<frozen importlib._bootstrap>", line 991, in _find_and_load
  File "<frozen importlib._bootstrap>", line 991, in _find_and_load
  File "<frozen importlib._bootstrap>", line 975, in _find_and_load_unlocked
  File "<frozen importlib._bootstrap>", line 975, in _find_and_load_unlocked
  File "<frozen importlib._bootstrap>", line 671, in _load_unlocked
  File "<frozen importlib._bootstrap>", line 671, in _load_unlocked
  File "<frozen importlib._bootstrap_external>", line 843, in exec_module
  File "<frozen importlib._bootstrap_external>", line 843, in exec_module
  File "<frozen importlib._bootstrap>", line 219, in _call_with_frames_removed
  File "<frozen importlib._bootstrap>", line 219, in _call_with_frames_removed
  File "/home/nr4325/Desktop/Pose4/mmpose/mmpose/visualization/__init__.py", line 3, in <module>
  File "/home/nr4325/Desktop/Pose4/mmpose/mmpose/visualization/__init__.py", line 3, in <module>
        from .local_visualizer import PoseLocalVisualizerfrom .local_visualizer import PoseLocalVisualizer

  File "/home/nr4325/Desktop/Pose4/mmpose/mmpose/visualization/local_visualizer.py", line 12, in <module>
  File "/home/nr4325/Desktop/Pose4/mmpose/mmpose/visualization/local_visualizer.py", line 12, in <module>
    from mmpose.datasets.datasets.utils import parse_pose_metainfo
  File "/home/nr4325/Desktop/Pose4/mmpose/mmpose/datasets/__init__.py", line 6, in <module>
    from mmpose.datasets.datasets.utils import parse_pose_metainfo
  File "/home/nr4325/Desktop/Pose4/mmpose/mmpose/datasets/__init__.py", line 6, in <module>
    from .transforms import *  # noqa
  File "/home/nr4325/Desktop/Pose4/mmpose/mmpose/datasets/transforms/__init__.py", line 4, in <module>
    from .transforms import *  # noqa
  File "/home/nr4325/Desktop/Pose4/mmpose/mmpose/datasets/transforms/__init__.py", line 4, in <module>
    from .common_transforms import (Albumentation, GenerateTarget,
  File "/home/nr4325/Desktop/Pose4/mmpose/mmpose/datasets/transforms/common_transforms.py", line 16, in <module>
    from .common_transforms import (Albumentation, GenerateTarget,
  File "/home/nr4325/Desktop/Pose4/mmpose/mmpose/datasets/transforms/common_transforms.py", line 16, in <module>
    from mmpose.codecs import *  # noqa: F401, F403
  File "/home/nr4325/Desktop/Pose4/mmpose/mmpose/codecs/__init__.py", line 2, in <module>
    from mmpose.codecs import *  # noqa: F401, F403
  File "/home/nr4325/Desktop/Pose4/mmpose/mmpose/codecs/__init__.py", line 2, in <module>
    from .associative_embedding import AssociativeEmbedding
  File "/home/nr4325/Desktop/Pose4/mmpose/mmpose/codecs/associative_embedding.py", line 12, in <module>
    from .associative_embedding import AssociativeEmbedding
  File "/home/nr4325/Desktop/Pose4/mmpose/mmpose/codecs/associative_embedding.py", line 12, in <module>
    from mmpose.utils.tensor_utils import to_numpy
  File "/home/nr4325/Desktop/Pose4/mmpose/mmpose/utils/__init__.py", line 10, in <module>
    from mmpose.utils.tensor_utils import to_numpy
  File "/home/nr4325/Desktop/Pose4/mmpose/mmpose/utils/__init__.py", line 10, in <module>
    from .attention import (BEiTAttention, ChannelMultiheadAttention,
  File "/home/nr4325/Desktop/Pose4/mmpose/mmpose/utils/attention.py", line 16, in <module>
    from .attention import (BEiTAttention, ChannelMultiheadAttention,
  File "/home/nr4325/Desktop/Pose4/mmpose/mmpose/utils/attention.py", line 16, in <module>
    from mmpretrain.registry import MODELS
    ModuleNotFoundErrorfrom mmpretrain.registry import MODELS: 
No module named 'mmpretrain'
ModuleNotFoundError: No module named 'mmpretrain'
/home/nr4325/miniconda3/envs/pose4/lib/python3.8/site-packages/torch/distributed/launch.py:178: FutureWarning: The module torch.distributed.launch is deprecated
and will be removed in future. Use torchrun.
Note that --use_env is set by default in torchrun.
If your script expects `--local_rank` argument to be set, please
change it to read from `os.environ['LOCAL_RANK']` instead. See 
https://pytorch.org/docs/stable/distributed.html#launch-utility for 
further instructions

  warnings.warn(
ERROR:torch.distributed.elastic.multiprocessing.api:failed (exitcode: 1) local_rank: 0 (pid: 10070) of binary: /home/nr4325/miniconda3/envs/pose4/bin/python
Traceback (most recent call last):
  File "/home/nr4325/miniconda3/envs/pose4/lib/python3.8/runpy.py", line 194, in _run_module_as_main
    return _run_code(code, main_globals, None,
  File "/home/nr4325/miniconda3/envs/pose4/lib/python3.8/runpy.py", line 87, in _run_code
    exec(code, run_globals)
  File "/home/nr4325/miniconda3/envs/pose4/lib/python3.8/site-packages/torch/distributed/launch.py", line 193, in <module>
    main()
  File "/home/nr4325/miniconda3/envs/pose4/lib/python3.8/site-packages/torch/distributed/launch.py", line 189, in main
    launch(args)
  File "/home/nr4325/miniconda3/envs/pose4/lib/python3.8/site-packages/torch/distributed/launch.py", line 174, in launch
    run(args)
  File "/home/nr4325/miniconda3/envs/pose4/lib/python3.8/site-packages/torch/distributed/run.py", line 715, in run
    elastic_launch(
  File "/home/nr4325/miniconda3/envs/pose4/lib/python3.8/site-packages/torch/distributed/launcher/api.py", line 131, in __call__
    return launch_agent(self._config, self._entrypoint, list(args))
  File "/home/nr4325/miniconda3/envs/pose4/lib/python3.8/site-packages/torch/distributed/launcher/api.py", line 245, in launch_agent
    raise ChildFailedError(
torch.distributed.elastic.multiprocessing.errors.ChildFailedError: 
============================================================
tools/train.py FAILED
------------------------------------------------------------
Failures:
[1]:
  time      : 2023-08-22_21:06:23
  host      : skl-a-47.rc.rit.edu
  rank      : 1 (local_rank: 1)
  exitcode  : 1 (pid: 10071)
  error_file: <N/A>
  traceback : To enable traceback see: https://pytorch.org/docs/stable/elastic/errors.html
------------------------------------------------------------
Root Cause (first observed failure):
[0]:
  time      : 2023-08-22_21:06:23
  host      : skl-a-47.rc.rit.edu
  rank      : 0 (local_rank: 0)
  exitcode  : 1 (pid: 10070)
  error_file: <N/A>
  traceback : To enable traceback see: https://pytorch.org/docs/stable/elastic/errors.html
============================================================
