08/30 13:57:25 - mmengine - INFO - 
------------------------------------------------------------
System environment:
    sys.platform: linux
    Python: 3.8.17 (default, Jul  5 2023, 21:04:15) [GCC 11.2.0]
    CUDA available: True
    numpy_random_seed: 963809717
    GPU 0,1: Tesla P4
    CUDA_HOME: None
    GCC: n/a
    PyTorch: 1.11.0
    PyTorch compiling details: PyTorch built with:
  - GCC 7.3
  - C++ Version: 201402
  - Intel(R) oneAPI Math Kernel Library Version 2023.1-Product Build 20230303 for Intel(R) 64 architecture applications
  - Intel(R) MKL-DNN v2.5.2 (Git Hash a9302535553c73243c632ad3c4c80beec3d19a1e)
  - OpenMP 201511 (a.k.a. OpenMP 4.5)
  - LAPACK is enabled (usually provided by MKL)
  - NNPACK is enabled
  - CPU capability usage: AVX2
  - CUDA Runtime 11.3
  - NVCC architecture flags: -gencode;arch=compute_37,code=sm_37;-gencode;arch=compute_50,code=sm_50;-gencode;arch=compute_60,code=sm_60;-gencode;arch=compute_61,code=sm_61;-gencode;arch=compute_70,code=sm_70;-gencode;arch=compute_75,code=sm_75;-gencode;arch=compute_80,code=sm_80;-gencode;arch=compute_86,code=sm_86;-gencode;arch=compute_37,code=compute_37
  - CuDNN 8.2
  - Magma 2.5.2
  - Build settings: BLAS_INFO=mkl, BUILD_TYPE=Release, CUDA_VERSION=11.3, CUDNN_VERSION=8.2.0, CXX_COMPILER=/opt/rh/devtoolset-7/root/usr/bin/c++, CXX_FLAGS= -Wno-deprecated -fvisibility-inlines-hidden -DUSE_PTHREADPOOL -fopenmp -DNDEBUG -DUSE_KINETO -DUSE_FBGEMM -DUSE_QNNPACK -DUSE_PYTORCH_QNNPACK -DUSE_XNNPACK -DSYMBOLICATE_MOBILE_DEBUG_HANDLE -DEDGE_PROFILER_USE_KINETO -O2 -fPIC -Wno-narrowing -Wall -Wextra -Werror=return-type -Wno-missing-field-initializers -Wno-type-limits -Wno-array-bounds -Wno-unknown-pragmas -Wno-sign-compare -Wno-unused-parameter -Wno-unused-function -Wno-unused-result -Wno-unused-local-typedefs -Wno-strict-overflow -Wno-strict-aliasing -Wno-error=deprecated-declarations -Wno-stringop-overflow -Wno-psabi -Wno-error=pedantic -Wno-error=redundant-decls -Wno-error=old-style-cast -fdiagnostics-color=always -faligned-new -Wno-unused-but-set-variable -Wno-maybe-uninitialized -fno-math-errno -fno-trapping-math -Werror=format -Wno-stringop-overflow, LAPACK_INFO=mkl, PERF_WITH_AVX=1, PERF_WITH_AVX2=1, PERF_WITH_AVX512=1, TORCH_VERSION=1.11.0, USE_CUDA=ON, USE_CUDNN=ON, USE_EXCEPTION_PTR=1, USE_GFLAGS=OFF, USE_GLOG=OFF, USE_MKL=ON, USE_MKLDNN=OFF, USE_MPI=OFF, USE_NCCL=ON, USE_NNPACK=ON, USE_OPENMP=ON, USE_ROCM=OFF, 

    TorchVision: 0.12.0
    OpenCV: 4.8.0
    MMEngine: 0.8.3

Runtime environment:
    cudnn_benchmark: False
    mp_cfg: {'mp_start_method': 'fork', 'opencv_num_threads': 0}
    dist_cfg: {'backend': 'nccl'}
    seed: 963809717
    Distributed launcher: pytorch
    Distributed training: True
    GPU number: 2
------------------------------------------------------------

08/30 13:57:26 - mmengine - INFO - Config:
auto_scale_lr = dict(base_batch_size=256)
backend_args = dict(backend='local')
codec = dict(
    heatmap_size=(
        64,
        64,
    ),
    input_size=(
        256,
        256,
    ),
    sigma=2,
    type='MSRAHeatmap')
custom_hooks = [
    dict(type='SyncBuffersHook'),
]
data_mode = 'topdown'
data_root = 'data/coco/'
dataset_type = 'CocoDataset'
default_hooks = dict(
    checkpoint=dict(
        interval=10,
        rule='greater',
        save_best='coco/AP',
        type='CheckpointHook'),
    logger=dict(interval=50, type='LoggerHook'),
    param_scheduler=dict(type='ParamSchedulerHook'),
    sampler_seed=dict(type='DistSamplerSeedHook'),
    timer=dict(type='IterTimerHook'),
    visualization=dict(enable=False, type='PoseVisualizationHook'))
default_scope = 'mmpose'
env_cfg = dict(
    cudnn_benchmark=False,
    dist_cfg=dict(backend='nccl'),
    mp_cfg=dict(mp_start_method='fork', opencv_num_threads=0))
launcher = 'pytorch'
load_from = None
log_level = 'INFO'
log_processor = dict(
    by_epoch=True, num_digits=6, type='LogProcessor', window_size=50)
model = dict(
    backbone=dict(
        arch='tiny',
        drop_path_rate=0.5,
        init_cfg=dict(
            checkpoint=
            'https://download.openmmlab.com/mmclassification/v0/swin-v2/swinv2-tiny-w8_3rdparty_in1k-256px_20220803-e318968f.pth',
            type='Pretrained'),
        type='SwinV2'),
    data_preprocessor=dict(
        bgr_to_rgb=True,
        mean=[
            123.675,
            116.28,
            103.53,
        ],
        std=[
            58.395,
            57.12,
            57.375,
        ],
        type='PoseDataPreprocessor'),
    head=dict(
        decoder=dict(
            heatmap_size=(
                64,
                64,
            ),
            input_size=(
                256,
                256,
            ),
            sigma=2,
            type='MSRAHeatmap'),
        in_channels=768,
        loss=dict(type='KeypointMSELoss', use_target_weight=True),
        out_channels=17,
        type='HeatmapHead'),
    test_cfg=dict(flip_mode='heatmap', flip_test=True, shift_heatmap=True),
    type='TopdownPoseEstimator')
norm_cfg = dict(requires_grad=True, type='SyncBN')
optim_wrapper = dict(optimizer=dict(lr=0.0005, type='Adam'))
param_scheduler = [
    dict(
        begin=0, by_epoch=False, end=500, start_factor=0.001, type='LinearLR'),
    dict(
        begin=0,
        by_epoch=True,
        end=210,
        gamma=0.1,
        milestones=[
            170,
            200,
        ],
        type='MultiStepLR'),
]
resume = False
test_cfg = dict()
test_dataloader = dict(
    batch_size=64,
    dataset=dict(
        ann_file='annotations/person_keypoints_val2017.json',
        bbox_file=
        'data/coco/person_detection_results/COCO_val2017_detections_AP_H_56_person.json',
        data_mode='topdown',
        data_prefix=dict(img='val2017/'),
        data_root='data/coco/',
        pipeline=[
            dict(type='LoadImage'),
            dict(type='GetBBoxCenterScale'),
            dict(input_size=(
                256,
                256,
            ), type='TopdownAffine'),
            dict(type='PackPoseInputs'),
        ],
        test_mode=True,
        type='CocoDataset'),
    drop_last=False,
    num_workers=2,
    persistent_workers=True,
    sampler=dict(round_up=False, shuffle=False, type='DefaultSampler'))
test_evaluator = dict(
    ann_file='data/coco/annotations/person_keypoints_val2017.json',
    type='CocoMetric')
train_cfg = dict(by_epoch=True, max_epochs=210, val_interval=10)
train_dataloader = dict(
    batch_size=4,
    dataset=dict(
        ann_file='annotations/person_keypoints_train2017.json',
        data_mode='topdown',
        data_prefix=dict(img='train2017/'),
        data_root='data/coco/',
        pipeline=[
            dict(type='LoadImage'),
            dict(type='GetBBoxCenterScale'),
            dict(direction='horizontal', type='RandomFlip'),
            dict(type='RandomHalfBody'),
            dict(type='RandomBBoxTransform'),
            dict(input_size=(
                256,
                256,
            ), type='TopdownAffine'),
            dict(
                encoder=dict(
                    heatmap_size=(
                        64,
                        64,
                    ),
                    input_size=(
                        256,
                        256,
                    ),
                    sigma=2,
                    type='MSRAHeatmap'),
                type='GenerateTarget'),
            dict(type='PackPoseInputs'),
        ],
        type='CocoDataset'),
    num_workers=2,
    persistent_workers=True,
    sampler=dict(shuffle=True, type='DefaultSampler'))
train_pipeline = [
    dict(type='LoadImage'),
    dict(type='GetBBoxCenterScale'),
    dict(direction='horizontal', type='RandomFlip'),
    dict(type='RandomHalfBody'),
    dict(type='RandomBBoxTransform'),
    dict(input_size=(
        256,
        256,
    ), type='TopdownAffine'),
    dict(
        encoder=dict(
            heatmap_size=(
                64,
                64,
            ),
            input_size=(
                256,
                256,
            ),
            sigma=2,
            type='MSRAHeatmap'),
        type='GenerateTarget'),
    dict(type='PackPoseInputs'),
]
val_cfg = dict()
val_dataloader = dict(
    batch_size=64,
    dataset=dict(
        ann_file='annotations/person_keypoints_val2017.json',
        bbox_file=
        'data/coco/person_detection_results/COCO_val2017_detections_AP_H_56_person.json',
        data_mode='topdown',
        data_prefix=dict(img='val2017/'),
        data_root='data/coco/',
        pipeline=[
            dict(type='LoadImage'),
            dict(type='GetBBoxCenterScale'),
            dict(input_size=(
                256,
                256,
            ), type='TopdownAffine'),
            dict(type='PackPoseInputs'),
        ],
        test_mode=True,
        type='CocoDataset'),
    drop_last=False,
    num_workers=2,
    persistent_workers=True,
    sampler=dict(round_up=False, shuffle=False, type='DefaultSampler'))
val_evaluator = dict(
    ann_file='data/coco/annotations/person_keypoints_val2017.json',
    type='CocoMetric')
val_pipeline = [
    dict(type='LoadImage'),
    dict(type='GetBBoxCenterScale'),
    dict(input_size=(
        256,
        256,
    ), type='TopdownAffine'),
    dict(type='PackPoseInputs'),
]
vis_backends = [
    dict(type='LocalVisBackend'),
]
visualizer = dict(
    name='visualizer',
    type='PoseLocalVisualizer',
    vis_backends=[
        dict(type='LocalVisBackend'),
    ])
work_dir = './work_dirs/t_WTPose_SwinV2_t_w8_coco_256x256_1k'

08/30 13:57:26 - mmengine - INFO - Hooks will be executed in the following order:
before_run:
(VERY_HIGH   ) RuntimeInfoHook                    
(BELOW_NORMAL) LoggerHook                         
 -------------------- 
before_train:
(VERY_HIGH   ) RuntimeInfoHook                    
(NORMAL      ) IterTimerHook                      
(VERY_LOW    ) CheckpointHook                     
 -------------------- 
before_train_epoch:
(VERY_HIGH   ) RuntimeInfoHook                    
(NORMAL      ) IterTimerHook                      
(NORMAL      ) DistSamplerSeedHook                
 -------------------- 
before_train_iter:
(VERY_HIGH   ) RuntimeInfoHook                    
(NORMAL      ) IterTimerHook                      
 -------------------- 
after_train_iter:
(VERY_HIGH   ) RuntimeInfoHook                    
(NORMAL      ) IterTimerHook                      
(BELOW_NORMAL) LoggerHook                         
(LOW         ) ParamSchedulerHook                 
(VERY_LOW    ) CheckpointHook                     
 -------------------- 
after_train_epoch:
(NORMAL      ) IterTimerHook                      
(NORMAL      ) SyncBuffersHook                    
(LOW         ) ParamSchedulerHook                 
(VERY_LOW    ) CheckpointHook                     
 -------------------- 
before_val:
(VERY_HIGH   ) RuntimeInfoHook                    
 -------------------- 
before_val_epoch:
(NORMAL      ) IterTimerHook                      
(NORMAL      ) SyncBuffersHook                    
 -------------------- 
before_val_iter:
(NORMAL      ) IterTimerHook                      
 -------------------- 
after_val_iter:
(NORMAL      ) IterTimerHook                      
(NORMAL      ) PoseVisualizationHook              
(BELOW_NORMAL) LoggerHook                         
 -------------------- 
after_val_epoch:
(VERY_HIGH   ) RuntimeInfoHook                    
(NORMAL      ) IterTimerHook                      
(BELOW_NORMAL) LoggerHook                         
(LOW         ) ParamSchedulerHook                 
(VERY_LOW    ) CheckpointHook                     
 -------------------- 
after_val:
(VERY_HIGH   ) RuntimeInfoHook                    
 -------------------- 
after_train:
(VERY_HIGH   ) RuntimeInfoHook                    
(VERY_LOW    ) CheckpointHook                     
 -------------------- 
before_test:
(VERY_HIGH   ) RuntimeInfoHook                    
 -------------------- 
before_test_epoch:
(NORMAL      ) IterTimerHook                      
 -------------------- 
before_test_iter:
(NORMAL      ) IterTimerHook                      
 -------------------- 
after_test_iter:
(NORMAL      ) IterTimerHook                      
(NORMAL      ) PoseVisualizationHook              
(BELOW_NORMAL) LoggerHook                         
 -------------------- 
after_test_epoch:
(VERY_HIGH   ) RuntimeInfoHook                    
(NORMAL      ) IterTimerHook                      
(BELOW_NORMAL) LoggerHook                         
 -------------------- 
after_test:
(VERY_HIGH   ) RuntimeInfoHook                    
 -------------------- 
after_run:
(BELOW_NORMAL) LoggerHook                         
 -------------------- 
loading annotations into memory...
loading annotations into memory...
Done (t=7.22s)
creating index...
Done (t=7.22s)
creating index...
index created!
index created!
loading annotations into memory...
Done (t=0.18s)
creating index...
index created!
loading annotations into memory...
Done (t=0.17s)
creating index...
index created!
loading annotations into memory...
Done (t=0.17s)
creating index...
index created!
loading annotations into memory...
Done (t=0.18s)
creating index...
index created!
08/30 13:58:26 - mmengine - INFO - load model from: https://download.openmmlab.com/mmclassification/v0/swin-v2/swinv2-tiny-w8_3rdparty_in1k-256px_20220803-e318968f.pth
08/30 13:58:26 - mmengine - INFO - Loads checkpoint by http backend from path: https://download.openmmlab.com/mmclassification/v0/swin-v2/swinv2-tiny-w8_3rdparty_in1k-256px_20220803-e318968f.pth
08/30 13:58:26 - mmengine - INFO - Delete `relative_position_index` and `relative_coords_table` since we always re-init these params according to the `window_size`, which might cause unwanted but unworried warnings when loading checkpoint.
08/30 13:58:26 - mmengine - WARNING - The model and loaded state dict do not match exactly

unexpected key in source state_dict: backbone.patch_embed.projection.weight, backbone.patch_embed.projection.bias, backbone.patch_embed.norm.weight, backbone.patch_embed.norm.bias, backbone.stages.0.blocks.0.attn.w_msa.logit_scale, backbone.stages.0.blocks.0.attn.w_msa.q_bias, backbone.stages.0.blocks.0.attn.w_msa.v_bias, backbone.stages.0.blocks.0.attn.w_msa.cpb_mlp.0.weight, backbone.stages.0.blocks.0.attn.w_msa.cpb_mlp.0.bias, backbone.stages.0.blocks.0.attn.w_msa.cpb_mlp.2.weight, backbone.stages.0.blocks.0.attn.w_msa.qkv.weight, backbone.stages.0.blocks.0.attn.w_msa.proj.weight, backbone.stages.0.blocks.0.attn.w_msa.proj.bias, backbone.stages.0.blocks.0.norm1.weight, backbone.stages.0.blocks.0.norm1.bias, backbone.stages.0.blocks.0.ffn.layers.0.0.weight, backbone.stages.0.blocks.0.ffn.layers.0.0.bias, backbone.stages.0.blocks.0.ffn.layers.1.weight, backbone.stages.0.blocks.0.ffn.layers.1.bias, backbone.stages.0.blocks.0.norm2.weight, backbone.stages.0.blocks.0.norm2.bias, backbone.stages.0.blocks.1.attn.w_msa.logit_scale, backbone.stages.0.blocks.1.attn.w_msa.q_bias, backbone.stages.0.blocks.1.attn.w_msa.v_bias, backbone.stages.0.blocks.1.attn.w_msa.cpb_mlp.0.weight, backbone.stages.0.blocks.1.attn.w_msa.cpb_mlp.0.bias, backbone.stages.0.blocks.1.attn.w_msa.cpb_mlp.2.weight, backbone.stages.0.blocks.1.attn.w_msa.qkv.weight, backbone.stages.0.blocks.1.attn.w_msa.proj.weight, backbone.stages.0.blocks.1.attn.w_msa.proj.bias, backbone.stages.0.blocks.1.norm1.weight, backbone.stages.0.blocks.1.norm1.bias, backbone.stages.0.blocks.1.ffn.layers.0.0.weight, backbone.stages.0.blocks.1.ffn.layers.0.0.bias, backbone.stages.0.blocks.1.ffn.layers.1.weight, backbone.stages.0.blocks.1.ffn.layers.1.bias, backbone.stages.0.blocks.1.norm2.weight, backbone.stages.0.blocks.1.norm2.bias, backbone.stages.1.downsample.reduction.weight, backbone.stages.1.downsample.norm.weight, backbone.stages.1.downsample.norm.bias, backbone.stages.1.blocks.0.attn.w_msa.logit_scale, backbone.stages.1.blocks.0.attn.w_msa.q_bias, backbone.stages.1.blocks.0.attn.w_msa.v_bias, backbone.stages.1.blocks.0.attn.w_msa.cpb_mlp.0.weight, backbone.stages.1.blocks.0.attn.w_msa.cpb_mlp.0.bias, backbone.stages.1.blocks.0.attn.w_msa.cpb_mlp.2.weight, backbone.stages.1.blocks.0.attn.w_msa.qkv.weight, backbone.stages.1.blocks.0.attn.w_msa.proj.weight, backbone.stages.1.blocks.0.attn.w_msa.proj.bias, backbone.stages.1.blocks.0.norm1.weight, backbone.stages.1.blocks.0.norm1.bias, backbone.stages.1.blocks.0.ffn.layers.0.0.weight, backbone.stages.1.blocks.0.ffn.layers.0.0.bias, backbone.stages.1.blocks.0.ffn.layers.1.weight, backbone.stages.1.blocks.0.ffn.layers.1.bias, backbone.stages.1.blocks.0.norm2.weight, backbone.stages.1.blocks.0.norm2.bias, backbone.stages.1.blocks.1.attn.w_msa.logit_scale, backbone.stages.1.blocks.1.attn.w_msa.q_bias, backbone.stages.1.blocks.1.attn.w_msa.v_bias, backbone.stages.1.blocks.1.attn.w_msa.cpb_mlp.0.weight, backbone.stages.1.blocks.1.attn.w_msa.cpb_mlp.0.bias, backbone.stages.1.blocks.1.attn.w_msa.cpb_mlp.2.weight, backbone.stages.1.blocks.1.attn.w_msa.qkv.weight, backbone.stages.1.blocks.1.attn.w_msa.proj.weight, backbone.stages.1.blocks.1.attn.w_msa.proj.bias, backbone.stages.1.blocks.1.norm1.weight, backbone.stages.1.blocks.1.norm1.bias, backbone.stages.1.blocks.1.ffn.layers.0.0.weight, backbone.stages.1.blocks.1.ffn.layers.0.0.bias, backbone.stages.1.blocks.1.ffn.layers.1.weight, backbone.stages.1.blocks.1.ffn.layers.1.bias, backbone.stages.1.blocks.1.norm2.weight, backbone.stages.1.blocks.1.norm2.bias, backbone.stages.2.downsample.reduction.weight, backbone.stages.2.downsample.norm.weight, backbone.stages.2.downsample.norm.bias, backbone.stages.2.blocks.0.attn.w_msa.logit_scale, backbone.stages.2.blocks.0.attn.w_msa.q_bias, backbone.stages.2.blocks.0.attn.w_msa.v_bias, backbone.stages.2.blocks.0.attn.w_msa.cpb_mlp.0.weight, backbone.stages.2.blocks.0.attn.w_msa.cpb_mlp.0.bias, backbone.stages.2.blocks.0.attn.w_msa.cpb_mlp.2.weight, backbone.stages.2.blocks.0.attn.w_msa.qkv.weight, backbone.stages.2.blocks.0.attn.w_msa.proj.weight, backbone.stages.2.blocks.0.attn.w_msa.proj.bias, backbone.stages.2.blocks.0.norm1.weight, backbone.stages.2.blocks.0.norm1.bias, backbone.stages.2.blocks.0.ffn.layers.0.0.weight, backbone.stages.2.blocks.0.ffn.layers.0.0.bias, backbone.stages.2.blocks.0.ffn.layers.1.weight, backbone.stages.2.blocks.0.ffn.layers.1.bias, backbone.stages.2.blocks.0.norm2.weight, backbone.stages.2.blocks.0.norm2.bias, backbone.stages.2.blocks.1.attn.w_msa.logit_scale, backbone.stages.2.blocks.1.attn.w_msa.q_bias, backbone.stages.2.blocks.1.attn.w_msa.v_bias, backbone.stages.2.blocks.1.attn.w_msa.cpb_mlp.0.weight, backbone.stages.2.blocks.1.attn.w_msa.cpb_mlp.0.bias, backbone.stages.2.blocks.1.attn.w_msa.cpb_mlp.2.weight, backbone.stages.2.blocks.1.attn.w_msa.qkv.weight, backbone.stages.2.blocks.1.attn.w_msa.proj.weight, backbone.stages.2.blocks.1.attn.w_msa.proj.bias, backbone.stages.2.blocks.1.norm1.weight, backbone.stages.2.blocks.1.norm1.bias, backbone.stages.2.blocks.1.ffn.layers.0.0.weight, backbone.stages.2.blocks.1.ffn.layers.0.0.bias, backbone.stages.2.blocks.1.ffn.layers.1.weight, backbone.stages.2.blocks.1.ffn.layers.1.bias, backbone.stages.2.blocks.1.norm2.weight, backbone.stages.2.blocks.1.norm2.bias, backbone.stages.2.blocks.2.attn.w_msa.logit_scale, backbone.stages.2.blocks.2.attn.w_msa.q_bias, backbone.stages.2.blocks.2.attn.w_msa.v_bias, backbone.stages.2.blocks.2.attn.w_msa.cpb_mlp.0.weight, backbone.stages.2.blocks.2.attn.w_msa.cpb_mlp.0.bias, backbone.stages.2.blocks.2.attn.w_msa.cpb_mlp.2.weight, backbone.stages.2.blocks.2.attn.w_msa.qkv.weight, backbone.stages.2.blocks.2.attn.w_msa.proj.weight, backbone.stages.2.blocks.2.attn.w_msa.proj.bias, backbone.stages.2.blocks.2.norm1.weight, backbone.stages.2.blocks.2.norm1.bias, backbone.stages.2.blocks.2.ffn.layers.0.0.weight, backbone.stages.2.blocks.2.ffn.layers.0.0.bias, backbone.stages.2.blocks.2.ffn.layers.1.weight, backbone.stages.2.blocks.2.ffn.layers.1.bias, backbone.stages.2.blocks.2.norm2.weight, backbone.stages.2.blocks.2.norm2.bias, backbone.stages.2.blocks.3.attn.w_msa.logit_scale, backbone.stages.2.blocks.3.attn.w_msa.q_bias, backbone.stages.2.blocks.3.attn.w_msa.v_bias, backbone.stages.2.blocks.3.attn.w_msa.cpb_mlp.0.weight, backbone.stages.2.blocks.3.attn.w_msa.cpb_mlp.0.bias, backbone.stages.2.blocks.3.attn.w_msa.cpb_mlp.2.weight, backbone.stages.2.blocks.3.attn.w_msa.qkv.weight, backbone.stages.2.blocks.3.attn.w_msa.proj.weight, backbone.stages.2.blocks.3.attn.w_msa.proj.bias, backbone.stages.2.blocks.3.norm1.weight, backbone.stages.2.blocks.3.norm1.bias, backbone.stages.2.blocks.3.ffn.layers.0.0.weight, backbone.stages.2.blocks.3.ffn.layers.0.0.bias, backbone.stages.2.blocks.3.ffn.layers.1.weight, backbone.stages.2.blocks.3.ffn.layers.1.bias, backbone.stages.2.blocks.3.norm2.weight, backbone.stages.2.blocks.3.norm2.bias, backbone.stages.2.blocks.4.attn.w_msa.logit_scale, backbone.stages.2.blocks.4.attn.w_msa.q_bias, backbone.stages.2.blocks.4.attn.w_msa.v_bias, backbone.stages.2.blocks.4.attn.w_msa.cpb_mlp.0.weight, backbone.stages.2.blocks.4.attn.w_msa.cpb_mlp.0.bias, backbone.stages.2.blocks.4.attn.w_msa.cpb_mlp.2.weight, backbone.stages.2.blocks.4.attn.w_msa.qkv.weight, backbone.stages.2.blocks.4.attn.w_msa.proj.weight, backbone.stages.2.blocks.4.attn.w_msa.proj.bias, backbone.stages.2.blocks.4.norm1.weight, backbone.stages.2.blocks.4.norm1.bias, backbone.stages.2.blocks.4.ffn.layers.0.0.weight, backbone.stages.2.blocks.4.ffn.layers.0.0.bias, backbone.stages.2.blocks.4.ffn.layers.1.weight, backbone.stages.2.blocks.4.ffn.layers.1.bias, backbone.stages.2.blocks.4.norm2.weight, backbone.stages.2.blocks.4.norm2.bias, backbone.stages.2.blocks.5.attn.w_msa.logit_scale, backbone.stages.2.blocks.5.attn.w_msa.q_bias, backbone.stages.2.blocks.5.attn.w_msa.v_bias, backbone.stages.2.blocks.5.attn.w_msa.cpb_mlp.0.weight, backbone.stages.2.blocks.5.attn.w_msa.cpb_mlp.0.bias, backbone.stages.2.blocks.5.attn.w_msa.cpb_mlp.2.weight, backbone.stages.2.blocks.5.attn.w_msa.qkv.weight, backbone.stages.2.blocks.5.attn.w_msa.proj.weight, backbone.stages.2.blocks.5.attn.w_msa.proj.bias, backbone.stages.2.blocks.5.norm1.weight, backbone.stages.2.blocks.5.norm1.bias, backbone.stages.2.blocks.5.ffn.layers.0.0.weight, backbone.stages.2.blocks.5.ffn.layers.0.0.bias, backbone.stages.2.blocks.5.ffn.layers.1.weight, backbone.stages.2.blocks.5.ffn.layers.1.bias, backbone.stages.2.blocks.5.norm2.weight, backbone.stages.2.blocks.5.norm2.bias, backbone.stages.3.downsample.reduction.weight, backbone.stages.3.downsample.norm.weight, backbone.stages.3.downsample.norm.bias, backbone.stages.3.blocks.0.attn.w_msa.logit_scale, backbone.stages.3.blocks.0.attn.w_msa.q_bias, backbone.stages.3.blocks.0.attn.w_msa.v_bias, backbone.stages.3.blocks.0.attn.w_msa.cpb_mlp.0.weight, backbone.stages.3.blocks.0.attn.w_msa.cpb_mlp.0.bias, backbone.stages.3.blocks.0.attn.w_msa.cpb_mlp.2.weight, backbone.stages.3.blocks.0.attn.w_msa.qkv.weight, backbone.stages.3.blocks.0.attn.w_msa.proj.weight, backbone.stages.3.blocks.0.attn.w_msa.proj.bias, backbone.stages.3.blocks.0.norm1.weight, backbone.stages.3.blocks.0.norm1.bias, backbone.stages.3.blocks.0.ffn.layers.0.0.weight, backbone.stages.3.blocks.0.ffn.layers.0.0.bias, backbone.stages.3.blocks.0.ffn.layers.1.weight, backbone.stages.3.blocks.0.ffn.layers.1.bias, backbone.stages.3.blocks.0.norm2.weight, backbone.stages.3.blocks.0.norm2.bias, backbone.stages.3.blocks.1.attn.w_msa.logit_scale, backbone.stages.3.blocks.1.attn.w_msa.q_bias, backbone.stages.3.blocks.1.attn.w_msa.v_bias, backbone.stages.3.blocks.1.attn.w_msa.cpb_mlp.0.weight, backbone.stages.3.blocks.1.attn.w_msa.cpb_mlp.0.bias, backbone.stages.3.blocks.1.attn.w_msa.cpb_mlp.2.weight, backbone.stages.3.blocks.1.attn.w_msa.qkv.weight, backbone.stages.3.blocks.1.attn.w_msa.proj.weight, backbone.stages.3.blocks.1.attn.w_msa.proj.bias, backbone.stages.3.blocks.1.norm1.weight, backbone.stages.3.blocks.1.norm1.bias, backbone.stages.3.blocks.1.ffn.layers.0.0.weight, backbone.stages.3.blocks.1.ffn.layers.0.0.bias, backbone.stages.3.blocks.1.ffn.layers.1.weight, backbone.stages.3.blocks.1.ffn.layers.1.bias, backbone.stages.3.blocks.1.norm2.weight, backbone.stages.3.blocks.1.norm2.bias, backbone.norm3.weight, backbone.norm3.bias, head.fc.weight, head.fc.bias

missing keys in source state_dict: patch_embed.projection.weight, patch_embed.projection.bias, patch_embed.norm.weight, patch_embed.norm.bias, stages.0.blocks.0.attn.w_msa.logit_scale, stages.0.blocks.0.attn.w_msa.q_bias, stages.0.blocks.0.attn.w_msa.v_bias, stages.0.blocks.0.attn.w_msa.relative_coords_table, stages.0.blocks.0.attn.w_msa.relative_position_index, stages.0.blocks.0.attn.w_msa.cpb_mlp.0.weight, stages.0.blocks.0.attn.w_msa.cpb_mlp.0.bias, stages.0.blocks.0.attn.w_msa.cpb_mlp.2.weight, stages.0.blocks.0.attn.w_msa.qkv.weight, stages.0.blocks.0.attn.w_msa.proj.weight, stages.0.blocks.0.attn.w_msa.proj.bias, stages.0.blocks.0.norm1.weight, stages.0.blocks.0.norm1.bias, stages.0.blocks.0.ffn.layers.0.0.weight, stages.0.blocks.0.ffn.layers.0.0.bias, stages.0.blocks.0.ffn.layers.1.weight, stages.0.blocks.0.ffn.layers.1.bias, stages.0.blocks.0.norm2.weight, stages.0.blocks.0.norm2.bias, stages.0.blocks.1.attn.w_msa.logit_scale, stages.0.blocks.1.attn.w_msa.q_bias, stages.0.blocks.1.attn.w_msa.v_bias, stages.0.blocks.1.attn.w_msa.relative_coords_table, stages.0.blocks.1.attn.w_msa.relative_position_index, stages.0.blocks.1.attn.w_msa.cpb_mlp.0.weight, stages.0.blocks.1.attn.w_msa.cpb_mlp.0.bias, stages.0.blocks.1.attn.w_msa.cpb_mlp.2.weight, stages.0.blocks.1.attn.w_msa.qkv.weight, stages.0.blocks.1.attn.w_msa.proj.weight, stages.0.blocks.1.attn.w_msa.proj.bias, stages.0.blocks.1.norm1.weight, stages.0.blocks.1.norm1.bias, stages.0.blocks.1.ffn.layers.0.0.weight, stages.0.blocks.1.ffn.layers.0.0.bias, stages.0.blocks.1.ffn.layers.1.weight, stages.0.blocks.1.ffn.layers.1.bias, stages.0.blocks.1.norm2.weight, stages.0.blocks.1.norm2.bias, stages.1.downsample.reduction.weight, stages.1.downsample.norm.weight, stages.1.downsample.norm.bias, stages.1.blocks.0.attn.w_msa.logit_scale, stages.1.blocks.0.attn.w_msa.q_bias, stages.1.blocks.0.attn.w_msa.v_bias, stages.1.blocks.0.attn.w_msa.relative_coords_table, stages.1.blocks.0.attn.w_msa.relative_position_index, stages.1.blocks.0.attn.w_msa.cpb_mlp.0.weight, stages.1.blocks.0.attn.w_msa.cpb_mlp.0.bias, stages.1.blocks.0.attn.w_msa.cpb_mlp.2.weight, stages.1.blocks.0.attn.w_msa.qkv.weight, stages.1.blocks.0.attn.w_msa.proj.weight, stages.1.blocks.0.attn.w_msa.proj.bias, stages.1.blocks.0.norm1.weight, stages.1.blocks.0.norm1.bias, stages.1.blocks.0.ffn.layers.0.0.weight, stages.1.blocks.0.ffn.layers.0.0.bias, stages.1.blocks.0.ffn.layers.1.weight, stages.1.blocks.0.ffn.layers.1.bias, stages.1.blocks.0.norm2.weight, stages.1.blocks.0.norm2.bias, stages.1.blocks.1.attn.w_msa.logit_scale, stages.1.blocks.1.attn.w_msa.q_bias, stages.1.blocks.1.attn.w_msa.v_bias, stages.1.blocks.1.attn.w_msa.relative_coords_table, stages.1.blocks.1.attn.w_msa.relative_position_index, stages.1.blocks.1.attn.w_msa.cpb_mlp.0.weight, stages.1.blocks.1.attn.w_msa.cpb_mlp.0.bias, stages.1.blocks.1.attn.w_msa.cpb_mlp.2.weight, stages.1.blocks.1.attn.w_msa.qkv.weight, stages.1.blocks.1.attn.w_msa.proj.weight, stages.1.blocks.1.attn.w_msa.proj.bias, stages.1.blocks.1.norm1.weight, stages.1.blocks.1.norm1.bias, stages.1.blocks.1.ffn.layers.0.0.weight, stages.1.blocks.1.ffn.layers.0.0.bias, stages.1.blocks.1.ffn.layers.1.weight, stages.1.blocks.1.ffn.layers.1.bias, stages.1.blocks.1.norm2.weight, stages.1.blocks.1.norm2.bias, stages.2.downsample.reduction.weight, stages.2.downsample.norm.weight, stages.2.downsample.norm.bias, stages.2.blocks.0.attn.w_msa.logit_scale, stages.2.blocks.0.attn.w_msa.q_bias, stages.2.blocks.0.attn.w_msa.v_bias, stages.2.blocks.0.attn.w_msa.relative_coords_table, stages.2.blocks.0.attn.w_msa.relative_position_index, stages.2.blocks.0.attn.w_msa.cpb_mlp.0.weight, stages.2.blocks.0.attn.w_msa.cpb_mlp.0.bias, stages.2.blocks.0.attn.w_msa.cpb_mlp.2.weight, stages.2.blocks.0.attn.w_msa.qkv.weight, stages.2.blocks.0.attn.w_msa.proj.weight, stages.2.blocks.0.attn.w_msa.proj.bias, stages.2.blocks.0.norm1.weight, stages.2.blocks.0.norm1.bias, stages.2.blocks.0.ffn.layers.0.0.weight, stages.2.blocks.0.ffn.layers.0.0.bias, stages.2.blocks.0.ffn.layers.1.weight, stages.2.blocks.0.ffn.layers.1.bias, stages.2.blocks.0.norm2.weight, stages.2.blocks.0.norm2.bias, stages.2.blocks.1.attn.w_msa.logit_scale, stages.2.blocks.1.attn.w_msa.q_bias, stages.2.blocks.1.attn.w_msa.v_bias, stages.2.blocks.1.attn.w_msa.relative_coords_table, stages.2.blocks.1.attn.w_msa.relative_position_index, stages.2.blocks.1.attn.w_msa.cpb_mlp.0.weight, stages.2.blocks.1.attn.w_msa.cpb_mlp.0.bias, stages.2.blocks.1.attn.w_msa.cpb_mlp.2.weight, stages.2.blocks.1.attn.w_msa.qkv.weight, stages.2.blocks.1.attn.w_msa.proj.weight, stages.2.blocks.1.attn.w_msa.proj.bias, stages.2.blocks.1.norm1.weight, stages.2.blocks.1.norm1.bias, stages.2.blocks.1.ffn.layers.0.0.weight, stages.2.blocks.1.ffn.layers.0.0.bias, stages.2.blocks.1.ffn.layers.1.weight, stages.2.blocks.1.ffn.layers.1.bias, stages.2.blocks.1.norm2.weight, stages.2.blocks.1.norm2.bias, stages.2.blocks.2.attn.w_msa.logit_scale, stages.2.blocks.2.attn.w_msa.q_bias, stages.2.blocks.2.attn.w_msa.v_bias, stages.2.blocks.2.attn.w_msa.relative_coords_table, stages.2.blocks.2.attn.w_msa.relative_position_index, stages.2.blocks.2.attn.w_msa.cpb_mlp.0.weight, stages.2.blocks.2.attn.w_msa.cpb_mlp.0.bias, stages.2.blocks.2.attn.w_msa.cpb_mlp.2.weight, stages.2.blocks.2.attn.w_msa.qkv.weight, stages.2.blocks.2.attn.w_msa.proj.weight, stages.2.blocks.2.attn.w_msa.proj.bias, stages.2.blocks.2.norm1.weight, stages.2.blocks.2.norm1.bias, stages.2.blocks.2.ffn.layers.0.0.weight, stages.2.blocks.2.ffn.layers.0.0.bias, stages.2.blocks.2.ffn.layers.1.weight, stages.2.blocks.2.ffn.layers.1.bias, stages.2.blocks.2.norm2.weight, stages.2.blocks.2.norm2.bias, stages.2.blocks.3.attn.w_msa.logit_scale, stages.2.blocks.3.attn.w_msa.q_bias, stages.2.blocks.3.attn.w_msa.v_bias, stages.2.blocks.3.attn.w_msa.relative_coords_table, stages.2.blocks.3.attn.w_msa.relative_position_index, stages.2.blocks.3.attn.w_msa.cpb_mlp.0.weight, stages.2.blocks.3.attn.w_msa.cpb_mlp.0.bias, stages.2.blocks.3.attn.w_msa.cpb_mlp.2.weight, stages.2.blocks.3.attn.w_msa.qkv.weight, stages.2.blocks.3.attn.w_msa.proj.weight, stages.2.blocks.3.attn.w_msa.proj.bias, stages.2.blocks.3.norm1.weight, stages.2.blocks.3.norm1.bias, stages.2.blocks.3.ffn.layers.0.0.weight, stages.2.blocks.3.ffn.layers.0.0.bias, stages.2.blocks.3.ffn.layers.1.weight, stages.2.blocks.3.ffn.layers.1.bias, stages.2.blocks.3.norm2.weight, stages.2.blocks.3.norm2.bias, stages.2.blocks.4.attn.w_msa.logit_scale, stages.2.blocks.4.attn.w_msa.q_bias, stages.2.blocks.4.attn.w_msa.v_bias, stages.2.blocks.4.attn.w_msa.relative_coords_table, stages.2.blocks.4.attn.w_msa.relative_position_index, stages.2.blocks.4.attn.w_msa.cpb_mlp.0.weight, stages.2.blocks.4.attn.w_msa.cpb_mlp.0.bias, stages.2.blocks.4.attn.w_msa.cpb_mlp.2.weight, stages.2.blocks.4.attn.w_msa.qkv.weight, stages.2.blocks.4.attn.w_msa.proj.weight, stages.2.blocks.4.attn.w_msa.proj.bias, stages.2.blocks.4.norm1.weight, stages.2.blocks.4.norm1.bias, stages.2.blocks.4.ffn.layers.0.0.weight, stages.2.blocks.4.ffn.layers.0.0.bias, stages.2.blocks.4.ffn.layers.1.weight, stages.2.blocks.4.ffn.layers.1.bias, stages.2.blocks.4.norm2.weight, stages.2.blocks.4.norm2.bias, stages.2.blocks.5.attn.w_msa.logit_scale, stages.2.blocks.5.attn.w_msa.q_bias, stages.2.blocks.5.attn.w_msa.v_bias, stages.2.blocks.5.attn.w_msa.relative_coords_table, stages.2.blocks.5.attn.w_msa.relative_position_index, stages.2.blocks.5.attn.w_msa.cpb_mlp.0.weight, stages.2.blocks.5.attn.w_msa.cpb_mlp.0.bias, stages.2.blocks.5.attn.w_msa.cpb_mlp.2.weight, stages.2.blocks.5.attn.w_msa.qkv.weight, stages.2.blocks.5.attn.w_msa.proj.weight, stages.2.blocks.5.attn.w_msa.proj.bias, stages.2.blocks.5.norm1.weight, stages.2.blocks.5.norm1.bias, stages.2.blocks.5.ffn.layers.0.0.weight, stages.2.blocks.5.ffn.layers.0.0.bias, stages.2.blocks.5.ffn.layers.1.weight, stages.2.blocks.5.ffn.layers.1.bias, stages.2.blocks.5.norm2.weight, stages.2.blocks.5.norm2.bias, stages.3.downsample.reduction.weight, stages.3.downsample.norm.weight, stages.3.downsample.norm.bias, stages.3.blocks.0.attn.w_msa.logit_scale, stages.3.blocks.0.attn.w_msa.q_bias, stages.3.blocks.0.attn.w_msa.v_bias, stages.3.blocks.0.attn.w_msa.relative_coords_table, stages.3.blocks.0.attn.w_msa.relative_position_index, stages.3.blocks.0.attn.w_msa.cpb_mlp.0.weight, stages.3.blocks.0.attn.w_msa.cpb_mlp.0.bias, stages.3.blocks.0.attn.w_msa.cpb_mlp.2.weight, stages.3.blocks.0.attn.w_msa.qkv.weight, stages.3.blocks.0.attn.w_msa.proj.weight, stages.3.blocks.0.attn.w_msa.proj.bias, stages.3.blocks.0.norm1.weight, stages.3.blocks.0.norm1.bias, stages.3.blocks.0.ffn.layers.0.0.weight, stages.3.blocks.0.ffn.layers.0.0.bias, stages.3.blocks.0.ffn.layers.1.weight, stages.3.blocks.0.ffn.layers.1.bias, stages.3.blocks.0.norm2.weight, stages.3.blocks.0.norm2.bias, stages.3.blocks.1.attn.w_msa.logit_scale, stages.3.blocks.1.attn.w_msa.q_bias, stages.3.blocks.1.attn.w_msa.v_bias, stages.3.blocks.1.attn.w_msa.relative_coords_table, stages.3.blocks.1.attn.w_msa.relative_position_index, stages.3.blocks.1.attn.w_msa.cpb_mlp.0.weight, stages.3.blocks.1.attn.w_msa.cpb_mlp.0.bias, stages.3.blocks.1.attn.w_msa.cpb_mlp.2.weight, stages.3.blocks.1.attn.w_msa.qkv.weight, stages.3.blocks.1.attn.w_msa.proj.weight, stages.3.blocks.1.attn.w_msa.proj.bias, stages.3.blocks.1.norm1.weight, stages.3.blocks.1.norm1.bias, stages.3.blocks.1.ffn.layers.0.0.weight, stages.3.blocks.1.ffn.layers.0.0.bias, stages.3.blocks.1.ffn.layers.1.weight, stages.3.blocks.1.ffn.layers.1.bias, stages.3.blocks.1.norm2.weight, stages.3.blocks.1.norm2.bias, norm3.weight, norm3.bias

08/30 13:58:26 - mmengine - WARNING - "FileClient" will be deprecated in future. Please use io functions in https://mmengine.readthedocs.io/en/latest/api/fileio.html#file-io
08/30 13:58:26 - mmengine - WARNING - "HardDiskBackend" is the alias of "LocalBackend" and the former will be deprecated in future.
08/30 13:58:26 - mmengine - INFO - Checkpoints will be saved to /home/nr4325/Desktop/Pose4/mmpose/work_dirs/t_WTPose_SwinV2_t_w8_coco_256x256_1k.
08/30 13:58:39 - mmengine - INFO - Epoch(train)   [1][   50/18727]  lr: 4.954910e-05  eta: 11 days, 23:34:14  time: 0.263248  data_time: 0.053919  memory: 1434  loss: 0.001758  loss_kpt: 0.001758  acc_pose: 0.000000
08/30 13:58:50 - mmengine - INFO - Epoch(train)   [1][  100/18727]  lr: 9.959920e-05  eta: 10 days, 18:27:27  time: 0.209953  data_time: 0.013768  memory: 1434  loss: 0.001753  loss_kpt: 0.001753  acc_pose: 0.000000
08/30 13:59:01 - mmengine - INFO - Epoch(train)   [1][  150/18727]  lr: 1.496493e-04  eta: 10 days, 9:56:37  time: 0.213227  data_time: 0.016119  memory: 1434  loss: 0.001821  loss_kpt: 0.001821  acc_pose: 0.044118
08/30 13:59:11 - mmengine - INFO - Epoch(train)   [1][  200/18727]  lr: 1.996994e-04  eta: 10 days, 3:27:53  time: 0.205097  data_time: 0.014448  memory: 1434  loss: 0.001732  loss_kpt: 0.001732  acc_pose: 0.137255
08/30 13:59:21 - mmengine - INFO - Epoch(train)   [1][  250/18727]  lr: 2.497495e-04  eta: 10 days, 0:02:03  time: 0.207192  data_time: 0.016200  memory: 1434  loss: 0.001666  loss_kpt: 0.001666  acc_pose: 0.000000
08/30 13:59:32 - mmengine - INFO - Epoch(train)   [1][  300/18727]  lr: 2.997996e-04  eta: 9 days, 22:19:26  time: 0.210366  data_time: 0.016813  memory: 1434  loss: 0.001631  loss_kpt: 0.001631  acc_pose: 0.023810
08/30 13:59:42 - mmengine - INFO - Epoch(train)   [1][  350/18727]  lr: 3.498497e-04  eta: 9 days, 21:33:43  time: 0.213318  data_time: 0.017339  memory: 1434  loss: 0.001657  loss_kpt: 0.001657  acc_pose: 0.000000
08/30 13:59:53 - mmengine - INFO - Epoch(train)   [1][  400/18727]  lr: 3.998998e-04  eta: 9 days, 20:00:46  time: 0.206162  data_time: 0.015065  memory: 1434  loss: 0.001653  loss_kpt: 0.001653  acc_pose: 0.105556
08/30 14:00:03 - mmengine - INFO - Epoch(train)   [1][  450/18727]  lr: 4.499499e-04  eta: 9 days, 18:50:23  time: 0.206429  data_time: 0.015598  memory: 1434  loss: 0.001782  loss_kpt: 0.001782  acc_pose: 0.000000
08/30 14:00:13 - mmengine - INFO - Epoch(train)   [1][  500/18727]  lr: 5.000000e-04  eta: 9 days, 18:01:46  time: 0.207607  data_time: 0.012947  memory: 1434  loss: 0.001668  loss_kpt: 0.001668  acc_pose: 0.093750
08/30 14:00:24 - mmengine - INFO - Epoch(train)   [1][  550/18727]  lr: 5.000000e-04  eta: 9 days, 17:28:32  time: 0.208712  data_time: 0.013286  memory: 1434  loss: 0.001699  loss_kpt: 0.001699  acc_pose: 0.029412
08/30 14:00:34 - mmengine - INFO - Epoch(train)   [1][  600/18727]  lr: 5.000000e-04  eta: 9 days, 16:52:03  time: 0.207107  data_time: 0.013172  memory: 1434  loss: 0.001703  loss_kpt: 0.001703  acc_pose: 0.062500
08/30 14:00:44 - mmengine - INFO - Epoch(train)   [1][  650/18727]  lr: 5.000000e-04  eta: 9 days, 16:10:37  time: 0.205020  data_time: 0.013537  memory: 1434  loss: 0.001677  loss_kpt: 0.001677  acc_pose: 0.053922
08/30 14:00:55 - mmengine - INFO - Epoch(train)   [1][  700/18727]  lr: 5.000000e-04  eta: 9 days, 15:51:56  time: 0.208616  data_time: 0.011310  memory: 1434  loss: 0.001668  loss_kpt: 0.001668  acc_pose: 0.019608
08/30 14:01:05 - mmengine - INFO - Epoch(train)   [1][  750/18727]  lr: 5.000000e-04  eta: 9 days, 15:40:03  time: 0.209611  data_time: 0.012703  memory: 1434  loss: 0.001683  loss_kpt: 0.001683  acc_pose: 0.033333
08/30 14:01:16 - mmengine - INFO - Epoch(train)   [1][  800/18727]  lr: 5.000000e-04  eta: 9 days, 15:14:35  time: 0.205936  data_time: 0.013748  memory: 1434  loss: 0.001679  loss_kpt: 0.001679  acc_pose: 0.088235
08/30 14:01:26 - mmengine - INFO - Epoch(train)   [1][  850/18727]  lr: 5.000000e-04  eta: 9 days, 14:54:39  time: 0.206598  data_time: 0.013489  memory: 1434  loss: 0.001762  loss_kpt: 0.001762  acc_pose: 0.062500
08/30 14:01:37 - mmengine - INFO - Epoch(train)   [1][  900/18727]  lr: 5.000000e-04  eta: 9 days, 14:58:09  time: 0.212438  data_time: 0.016373  memory: 1434  loss: 0.001655  loss_kpt: 0.001655  acc_pose: 0.225490
08/30 14:01:47 - mmengine - INFO - Epoch(train)   [1][  950/18727]  lr: 5.000000e-04  eta: 9 days, 14:39:56  time: 0.206249  data_time: 0.011577  memory: 1434  loss: 0.001563  loss_kpt: 0.001563  acc_pose: 0.107843
08/30 14:01:57 - mmengine - INFO - Exp name: t_WTPose_SwinV2_t_w8_coco_256x256_1k_20230830_135722
08/30 14:01:57 - mmengine - INFO - Epoch(train)   [1][ 1000/18727]  lr: 5.000000e-04  eta: 9 days, 14:26:11  time: 0.207061  data_time: 0.013385  memory: 1434  loss: 0.001651  loss_kpt: 0.001651  acc_pose: 0.000000
08/30 14:02:08 - mmengine - INFO - Epoch(train)   [1][ 1050/18727]  lr: 5.000000e-04  eta: 9 days, 14:12:09  time: 0.206554  data_time: 0.013123  memory: 1434  loss: 0.001678  loss_kpt: 0.001678  acc_pose: 0.102941
