02/01 13:12:56 - mmengine - INFO - 
------------------------------------------------------------
System environment:
    sys.platform: linux
    Python: 3.8.17 (default, Jul  5 2023, 21:04:15) [GCC 11.2.0]
    CUDA available: True
    numpy_random_seed: 2012755814
    GPU 0,1: NVIDIA A100-PCIE-40GB
    CUDA_HOME: None
    GCC: n/a
    PyTorch: 1.11.0
    PyTorch compiling details: PyTorch built with:
  - GCC 7.3
  - C++ Version: 201402
  - Intel(R) oneAPI Math Kernel Library Version 2023.1-Product Build 20230303 for Intel(R) 64 architecture applications
  - Intel(R) MKL-DNN v2.5.2 (Git Hash a9302535553c73243c632ad3c4c80beec3d19a1e)
  - OpenMP 201511 (a.k.a. OpenMP 4.5)
  - LAPACK is enabled (usually provided by MKL)
  - NNPACK is enabled
  - CPU capability usage: AVX2
  - CUDA Runtime 11.3
  - NVCC architecture flags: -gencode;arch=compute_37,code=sm_37;-gencode;arch=compute_50,code=sm_50;-gencode;arch=compute_60,code=sm_60;-gencode;arch=compute_61,code=sm_61;-gencode;arch=compute_70,code=sm_70;-gencode;arch=compute_75,code=sm_75;-gencode;arch=compute_80,code=sm_80;-gencode;arch=compute_86,code=sm_86;-gencode;arch=compute_37,code=compute_37
  - CuDNN 8.2
  - Magma 2.5.2
  - Build settings: BLAS_INFO=mkl, BUILD_TYPE=Release, CUDA_VERSION=11.3, CUDNN_VERSION=8.2.0, CXX_COMPILER=/opt/rh/devtoolset-7/root/usr/bin/c++, CXX_FLAGS= -Wno-deprecated -fvisibility-inlines-hidden -DUSE_PTHREADPOOL -fopenmp -DNDEBUG -DUSE_KINETO -DUSE_FBGEMM -DUSE_QNNPACK -DUSE_PYTORCH_QNNPACK -DUSE_XNNPACK -DSYMBOLICATE_MOBILE_DEBUG_HANDLE -DEDGE_PROFILER_USE_KINETO -O2 -fPIC -Wno-narrowing -Wall -Wextra -Werror=return-type -Wno-missing-field-initializers -Wno-type-limits -Wno-array-bounds -Wno-unknown-pragmas -Wno-sign-compare -Wno-unused-parameter -Wno-unused-function -Wno-unused-result -Wno-unused-local-typedefs -Wno-strict-overflow -Wno-strict-aliasing -Wno-error=deprecated-declarations -Wno-stringop-overflow -Wno-psabi -Wno-error=pedantic -Wno-error=redundant-decls -Wno-error=old-style-cast -fdiagnostics-color=always -faligned-new -Wno-unused-but-set-variable -Wno-maybe-uninitialized -fno-math-errno -fno-trapping-math -Werror=format -Wno-stringop-overflow, LAPACK_INFO=mkl, PERF_WITH_AVX=1, PERF_WITH_AVX2=1, PERF_WITH_AVX512=1, TORCH_VERSION=1.11.0, USE_CUDA=ON, USE_CUDNN=ON, USE_EXCEPTION_PTR=1, USE_GFLAGS=OFF, USE_GLOG=OFF, USE_MKL=ON, USE_MKLDNN=OFF, USE_MPI=OFF, USE_NCCL=ON, USE_NNPACK=ON, USE_OPENMP=ON, USE_ROCM=OFF, 

    TorchVision: 0.12.0
    OpenCV: 4.8.0
    MMEngine: 0.8.3

Runtime environment:
    cudnn_benchmark: False
    mp_cfg: {'mp_start_method': 'fork', 'opencv_num_threads': 0}
    dist_cfg: {'backend': 'nccl'}
    seed: 2012755814
    Distributed launcher: pytorch
    Distributed training: True
    GPU number: 2
------------------------------------------------------------

02/01 13:12:57 - mmengine - INFO - Config:
auto_scale_lr = dict(base_batch_size=256)
backend_args = dict(backend='local')
codec = dict(
    heatmap_size=(
        48,
        64,
    ),
    input_size=(
        192,
        256,
    ),
    sigma=2,
    type='MSRAHeatmap')
custom_hooks = [
    dict(type='SyncBuffersHook'),
]
data_mode = 'topdown'
data_root = 'data/coco/'
dataset_type = 'CocoDataset'
default_hooks = dict(
    checkpoint=dict(
        interval=10,
        rule='greater',
        save_best='coco/AP',
        type='CheckpointHook'),
    logger=dict(interval=50, type='LoggerHook'),
    param_scheduler=dict(type='ParamSchedulerHook'),
    sampler_seed=dict(type='DistSamplerSeedHook'),
    timer=dict(type='IterTimerHook'),
    visualization=dict(enable=False, type='PoseVisualizationHook'))
default_scope = 'mmpose'
env_cfg = dict(
    cudnn_benchmark=False,
    dist_cfg=dict(backend='nccl'),
    mp_cfg=dict(mp_start_method='fork', opencv_num_threads=0))
launcher = 'pytorch'
load_from = None
log_level = 'INFO'
log_processor = dict(
    by_epoch=True, num_digits=6, type='LogProcessor', window_size=50)
model = dict(
    backbone=dict(
        attn_drop_rate=0.0,
        convert_weights=False,
        depths=[
            2,
            2,
            18,
            2,
        ],
        drop_path_rate=0.3,
        drop_rate=0.0,
        embed_dims=128,
        init_cfg=dict(
            checkpoint=
            '/home/nr4325/Desktop/Pose4/mmpose/ImageNet_pretrained_model/resnet101_swin_b.pth',
            type='Pretrained'),
        mlp_ratio=4,
        num_heads=[
            4,
            8,
            16,
            32,
        ],
        out_indices=(
            0,
            1,
            2,
            3,
        ),
        patch_norm=True,
        qk_scale=None,
        qkv_bias=True,
        type='wtposeSwinV1WTM3L',
        window_size=7,
        with_cp=False,
        wtm3_dilations=[
            (
                2,
                2,
                2,
            ),
            (
                1,
                1,
                1,
            ),
            (
                4,
                4,
                4,
            ),
            (
                1,
                1,
                1,
            ),
            (
                6,
                6,
                6,
            ),
            (
                1,
                1,
                1,
            ),
            (
                8,
                8,
                8,
            ),
            (
                1,
                1,
                1,
            ),
        ],
        wtm3_dim=128,
        wtm3_in_dim=1920,
        wtm3_low_level_dim=256,
        wtm3_num_heads=[
            1,
            1,
            1,
            1,
        ],
        wtm3_out_dim=128,
        wtm3_reduction=32,
        wtm3_size=(
            64,
            48,
        ),
        wtm3_stride=(
            2,
            3,
            3,
        ),
        wtm3_window_size=[
            2,
            3,
            3,
        ]),
    data_preprocessor=dict(
        bgr_to_rgb=True,
        mean=[
            123.675,
            116.28,
            103.53,
        ],
        std=[
            58.395,
            57.12,
            57.375,
        ],
        type='PoseDataPreprocessor'),
    head=dict(
        conv_out_channels=False,
        decoder=dict(
            heatmap_size=(
                48,
                64,
            ),
            input_size=(
                192,
                256,
            ),
            sigma=2,
            type='MSRAHeatmap'),
        deconv_out_channels=False,
        in_channels=128,
        loss=dict(type='KeypointMSELoss', use_target_weight=True),
        out_channels=17,
        type='HeatmapHeadWTPose'),
    test_cfg=dict(flip_mode='heatmap', flip_test=True, shift_heatmap=True),
    type='TopdownPoseEstimator')
norm_cfg = dict(requires_grad=True, type='SyncBN')
optim_wrapper = dict(optimizer=dict(lr=0.0005, type='Adam'))
param_scheduler = [
    dict(
        begin=0, by_epoch=False, end=500, start_factor=0.001, type='LinearLR'),
    dict(
        begin=0,
        by_epoch=True,
        end=210,
        gamma=0.1,
        milestones=[
            170,
            200,
        ],
        type='MultiStepLR'),
]
resume = False
test_cfg = dict()
test_dataloader = dict(
    batch_size=32,
    dataset=dict(
        ann_file='annotations/person_keypoints_val2017.json',
        bbox_file=
        'data/coco/person_detection_results/COCO_val2017_detections_AP_H_56_person.json',
        data_mode='topdown',
        data_prefix=dict(img='val2017/'),
        data_root='data/coco/',
        pipeline=[
            dict(type='LoadImage'),
            dict(type='GetBBoxCenterScale'),
            dict(input_size=(
                192,
                256,
            ), type='TopdownAffine'),
            dict(type='PackPoseInputs'),
        ],
        test_mode=True,
        type='CocoDataset'),
    drop_last=False,
    num_workers=2,
    persistent_workers=True,
    sampler=dict(round_up=False, shuffle=False, type='DefaultSampler'))
test_evaluator = dict(
    ann_file='data/coco/annotations/person_keypoints_val2017.json',
    type='CocoMetric')
train_cfg = dict(by_epoch=True, max_epochs=210, val_interval=1)
train_dataloader = dict(
    batch_size=64,
    dataset=dict(
        ann_file='annotations/person_keypoints_train2017.json',
        data_mode='topdown',
        data_prefix=dict(img='train2017/'),
        data_root='data/coco/',
        pipeline=[
            dict(type='LoadImage'),
            dict(type='GetBBoxCenterScale'),
            dict(direction='horizontal', type='RandomFlip'),
            dict(type='RandomHalfBody'),
            dict(type='RandomBBoxTransform'),
            dict(input_size=(
                192,
                256,
            ), type='TopdownAffine'),
            dict(
                encoder=dict(
                    heatmap_size=(
                        48,
                        64,
                    ),
                    input_size=(
                        192,
                        256,
                    ),
                    sigma=2,
                    type='MSRAHeatmap'),
                type='GenerateTarget'),
            dict(type='PackPoseInputs'),
        ],
        type='CocoDataset'),
    num_workers=2,
    persistent_workers=True,
    sampler=dict(shuffle=True, type='DefaultSampler'))
train_pipeline = [
    dict(type='LoadImage'),
    dict(type='GetBBoxCenterScale'),
    dict(direction='horizontal', type='RandomFlip'),
    dict(type='RandomHalfBody'),
    dict(type='RandomBBoxTransform'),
    dict(input_size=(
        192,
        256,
    ), type='TopdownAffine'),
    dict(
        encoder=dict(
            heatmap_size=(
                48,
                64,
            ),
            input_size=(
                192,
                256,
            ),
            sigma=2,
            type='MSRAHeatmap'),
        type='GenerateTarget'),
    dict(type='PackPoseInputs'),
]
val_cfg = dict()
val_dataloader = dict(
    batch_size=32,
    dataset=dict(
        ann_file='annotations/person_keypoints_val2017.json',
        bbox_file=
        'data/coco/person_detection_results/COCO_val2017_detections_AP_H_56_person.json',
        data_mode='topdown',
        data_prefix=dict(img='val2017/'),
        data_root='data/coco/',
        pipeline=[
            dict(type='LoadImage'),
            dict(type='GetBBoxCenterScale'),
            dict(input_size=(
                192,
                256,
            ), type='TopdownAffine'),
            dict(type='PackPoseInputs'),
        ],
        test_mode=True,
        type='CocoDataset'),
    drop_last=False,
    num_workers=2,
    persistent_workers=True,
    sampler=dict(round_up=False, shuffle=False, type='DefaultSampler'))
val_evaluator = dict(
    ann_file='data/coco/annotations/person_keypoints_val2017.json',
    type='CocoMetric')
val_pipeline = [
    dict(type='LoadImage'),
    dict(type='GetBBoxCenterScale'),
    dict(input_size=(
        192,
        256,
    ), type='TopdownAffine'),
    dict(type='PackPoseInputs'),
]
vis_backends = [
    dict(type='LocalVisBackend'),
]
visualizer = dict(
    name='visualizer',
    type='PoseLocalVisualizer',
    vis_backends=[
        dict(type='LocalVisBackend'),
    ])
work_dir = './work_dirs/aa_wtpose_swin-b-p4-w7_8xb32-210e_coco-256x192_wtm3l'

02/01 13:13:05 - mmengine - INFO - Hooks will be executed in the following order:
before_run:
(VERY_HIGH   ) RuntimeInfoHook                    
(BELOW_NORMAL) LoggerHook                         
 -------------------- 
before_train:
(VERY_HIGH   ) RuntimeInfoHook                    
(NORMAL      ) IterTimerHook                      
(VERY_LOW    ) CheckpointHook                     
 -------------------- 
before_train_epoch:
(VERY_HIGH   ) RuntimeInfoHook                    
(NORMAL      ) IterTimerHook                      
(NORMAL      ) DistSamplerSeedHook                
 -------------------- 
before_train_iter:
(VERY_HIGH   ) RuntimeInfoHook                    
(NORMAL      ) IterTimerHook                      
 -------------------- 
after_train_iter:
(VERY_HIGH   ) RuntimeInfoHook                    
(NORMAL      ) IterTimerHook                      
(BELOW_NORMAL) LoggerHook                         
(LOW         ) ParamSchedulerHook                 
(VERY_LOW    ) CheckpointHook                     
 -------------------- 
after_train_epoch:
(NORMAL      ) IterTimerHook                      
(NORMAL      ) SyncBuffersHook                    
(LOW         ) ParamSchedulerHook                 
(VERY_LOW    ) CheckpointHook                     
 -------------------- 
before_val:
(VERY_HIGH   ) RuntimeInfoHook                    
 -------------------- 
before_val_epoch:
(NORMAL      ) IterTimerHook                      
(NORMAL      ) SyncBuffersHook                    
 -------------------- 
before_val_iter:
(NORMAL      ) IterTimerHook                      
 -------------------- 
after_val_iter:
(NORMAL      ) IterTimerHook                      
(NORMAL      ) PoseVisualizationHook              
(BELOW_NORMAL) LoggerHook                         
 -------------------- 
after_val_epoch:
(VERY_HIGH   ) RuntimeInfoHook                    
(NORMAL      ) IterTimerHook                      
(BELOW_NORMAL) LoggerHook                         
(LOW         ) ParamSchedulerHook                 
(VERY_LOW    ) CheckpointHook                     
 -------------------- 
after_val:
(VERY_HIGH   ) RuntimeInfoHook                    
 -------------------- 
after_train:
(VERY_HIGH   ) RuntimeInfoHook                    
(VERY_LOW    ) CheckpointHook                     
 -------------------- 
before_test:
(VERY_HIGH   ) RuntimeInfoHook                    
 -------------------- 
before_test_epoch:
(NORMAL      ) IterTimerHook                      
 -------------------- 
before_test_iter:
(NORMAL      ) IterTimerHook                      
 -------------------- 
after_test_iter:
(NORMAL      ) IterTimerHook                      
(NORMAL      ) PoseVisualizationHook              
(BELOW_NORMAL) LoggerHook                         
 -------------------- 
after_test_epoch:
(VERY_HIGH   ) RuntimeInfoHook                    
(NORMAL      ) IterTimerHook                      
(BELOW_NORMAL) LoggerHook                         
 -------------------- 
after_test:
(VERY_HIGH   ) RuntimeInfoHook                    
 -------------------- 
after_run:
(BELOW_NORMAL) LoggerHook                         
 -------------------- 
loading annotations into memory...
loading annotations into memory...
Done (t=6.47s)
creating index...
Done (t=6.96s)
creating index...
index created!
index created!
loading annotations into memory...
Done (t=0.16s)
creating index...
index created!
loading annotations into memory...
Done (t=0.16s)
creating index...
index created!
loading annotations into memory...
Done (t=0.17s)
creating index...
index created!
02/01 13:14:01 - mmengine - INFO - Loads checkpoint by local backend from path: /home/nr4325/Desktop/Pose4/mmpose/ImageNet_pretrained_model/resnet101_swin_b.pth
loading annotations into memory...
Done (t=0.16s)
02/01 13:14:02 - mmpose - WARNING - The model and loaded state dict do not match exactly

unexpected key in source state_dict: patch_embed.projection.weight, patch_embed.projection.bias, patch_embed.norm.weight, patch_embed.norm.bias, norm.weight, norm.bias, stages.0.blocks.1.attn.attn_mask, stages.1.blocks.1.attn.attn_mask, stages.2.blocks.1.attn.attn_mask, stages.2.blocks.3.attn.attn_mask, stages.2.blocks.5.attn.attn_mask, stages.2.blocks.7.attn.attn_mask, stages.2.blocks.9.attn.attn_mask, stages.2.blocks.11.attn.attn_mask, stages.2.blocks.13.attn.attn_mask, stages.2.blocks.15.attn.attn_mask, stages.2.blocks.17.attn.attn_mask

missing keys in source state_dict: norm0.weight, norm0.bias, norm1.weight, norm1.bias, norm2.weight, norm2.bias, norm3.weight, norm3.bias, resnet.stem.0.conv.weight, resnet.stem.0.bn.weight, resnet.stem.0.bn.bias, resnet.stem.0.bn.running_mean, resnet.stem.0.bn.running_var, resnet.stem.1.conv.weight, resnet.stem.1.bn.weight, resnet.stem.1.bn.bias, resnet.stem.1.bn.running_mean, resnet.stem.1.bn.running_var, wtm3d.wtb1_0.norm1.weight, wtm3d.wtb1_0.norm1.bias, wtm3d.wtb1_0.attn.qkv.weight, wtm3d.wtb1_0.attn.qkv.bias, wtm3d.wtb1_0.attn.proj.weight, wtm3d.wtb1_0.attn.proj.bias, wtm3d.wtb1_0.norm2.weight, wtm3d.wtb1_0.norm2.bias, wtm3d.wtb1_0.mlp.fc1.weight, wtm3d.wtb1_0.mlp.fc1.bias, wtm3d.wtb1_0.mlp.fc2.weight, wtm3d.wtb1_0.mlp.fc2.bias, wtm3d.wtb1_1.norm1.weight, wtm3d.wtb1_1.norm1.bias, wtm3d.wtb1_1.attn.qkv.weight, wtm3d.wtb1_1.attn.qkv.bias, wtm3d.wtb1_1.attn.proj.weight, wtm3d.wtb1_1.attn.proj.bias, wtm3d.wtb1_1.norm2.weight, wtm3d.wtb1_1.norm2.bias, wtm3d.wtb1_1.mlp.fc1.weight, wtm3d.wtb1_1.mlp.fc1.bias, wtm3d.wtb1_1.mlp.fc2.weight, wtm3d.wtb1_1.mlp.fc2.bias, wtm3d.wtb2_0.norm1.weight, wtm3d.wtb2_0.norm1.bias, wtm3d.wtb2_0.attn.qkv.weight, wtm3d.wtb2_0.attn.qkv.bias, wtm3d.wtb2_0.attn.proj.weight, wtm3d.wtb2_0.attn.proj.bias, wtm3d.wtb2_0.norm2.weight, wtm3d.wtb2_0.norm2.bias, wtm3d.wtb2_0.mlp.fc1.weight, wtm3d.wtb2_0.mlp.fc1.bias, wtm3d.wtb2_0.mlp.fc2.weight, wtm3d.wtb2_0.mlp.fc2.bias, wtm3d.wtb2_1.norm1.weight, wtm3d.wtb2_1.norm1.bias, wtm3d.wtb2_1.attn.qkv.weight, wtm3d.wtb2_1.attn.qkv.bias, wtm3d.wtb2_1.attn.proj.weight, wtm3d.wtb2_1.attn.proj.bias, wtm3d.wtb2_1.norm2.weight, wtm3d.wtb2_1.norm2.bias, wtm3d.wtb2_1.mlp.fc1.weight, wtm3d.wtb2_1.mlp.fc1.bias, wtm3d.wtb2_1.mlp.fc2.weight, wtm3d.wtb2_1.mlp.fc2.bias, wtm3d.wtb3_0.norm1.weight, wtm3d.wtb3_0.norm1.bias, wtm3d.wtb3_0.attn.qkv.weight, wtm3d.wtb3_0.attn.qkv.bias, wtm3d.wtb3_0.attn.proj.weight, wtm3d.wtb3_0.attn.proj.bias, wtm3d.wtb3_0.norm2.weight, wtm3d.wtb3_0.norm2.bias, wtm3d.wtb3_0.mlp.fc1.weight, wtm3d.wtb3_0.mlp.fc1.bias, wtm3d.wtb3_0.mlp.fc2.weight, wtm3d.wtb3_0.mlp.fc2.bias, wtm3d.wtb3_1.norm1.weight, wtm3d.wtb3_1.norm1.bias, wtm3d.wtb3_1.attn.qkv.weight, wtm3d.wtb3_1.attn.qkv.bias, wtm3d.wtb3_1.attn.proj.weight, wtm3d.wtb3_1.attn.proj.bias, wtm3d.wtb3_1.norm2.weight, wtm3d.wtb3_1.norm2.bias, wtm3d.wtb3_1.mlp.fc1.weight, wtm3d.wtb3_1.mlp.fc1.bias, wtm3d.wtb3_1.mlp.fc2.weight, wtm3d.wtb3_1.mlp.fc2.bias, wtm3d.wtb4_0.norm1.weight, wtm3d.wtb4_0.norm1.bias, wtm3d.wtb4_0.attn.qkv.weight, wtm3d.wtb4_0.attn.qkv.bias, wtm3d.wtb4_0.attn.proj.weight, wtm3d.wtb4_0.attn.proj.bias, wtm3d.wtb4_0.norm2.weight, wtm3d.wtb4_0.norm2.bias, wtm3d.wtb4_0.mlp.fc1.weight, wtm3d.wtb4_0.mlp.fc1.bias, wtm3d.wtb4_0.mlp.fc2.weight, wtm3d.wtb4_0.mlp.fc2.bias, wtm3d.wtb4_1.norm1.weight, wtm3d.wtb4_1.norm1.bias, wtm3d.wtb4_1.attn.qkv.weight, wtm3d.wtb4_1.attn.qkv.bias, wtm3d.wtb4_1.attn.proj.weight, wtm3d.wtb4_1.attn.proj.bias, wtm3d.wtb4_1.norm2.weight, wtm3d.wtb4_1.norm2.bias, wtm3d.wtb4_1.mlp.fc1.weight, wtm3d.wtb4_1.mlp.fc1.bias, wtm3d.wtb4_1.mlp.fc2.weight, wtm3d.wtb4_1.mlp.fc2.bias, wtm3d.conv2.weight, wtm3d.bn2.weight, wtm3d.bn2.bias, wtm3d.bn2.running_mean, wtm3d.bn2.running_var, wtm3d.low.weight, wtm3d.bn_low.weight, wtm3d.bn_low.bias, wtm3d.bn_low.running_mean, wtm3d.bn_low.running_var, wtm3d.last_conv.0.weight, wtm3d.last_conv.1.weight, wtm3d.last_conv.1.bias, wtm3d.last_conv.1.running_mean, wtm3d.last_conv.1.running_var, wtm3d.last_conv.3.weight, wtm3d.last_conv.4.weight, wtm3d.last_conv.4.bias, wtm3d.last_conv.4.running_mean, wtm3d.last_conv.4.running_var, conv3.weight, bn3.weight, bn3.bias, bn3.running_mean, bn3.running_var

creating index...
index created!
02/01 13:14:02 - mmengine - WARNING - "FileClient" will be deprecated in future. Please use io functions in https://mmengine.readthedocs.io/en/latest/api/fileio.html#file-io
02/01 13:14:02 - mmengine - WARNING - "HardDiskBackend" is the alias of "LocalBackend" and the former will be deprecated in future.
02/01 13:14:02 - mmengine - INFO - Checkpoints will be saved to /home/nr4325/Desktop/Pose4/mmpose/work_dirs/aa_wtpose_swin-b-p4-w7_8xb32-210e_coco-256x192_wtm3l.
02/01 13:14:59 - mmengine - INFO - Epoch(train)   [1][  50/1171]  lr: 4.954910e-05  eta: 3 days, 5:53:54  time: 1.140627  data_time: 0.286659  memory: 33157  loss: 0.002256  loss_kpt: 0.002256  acc_pose: 0.058611
02/01 13:15:53 - mmengine - INFO - Epoch(train)   [1][ 100/1171]  lr: 9.959920e-05  eta: 3 days, 4:07:13  time: 1.089014  data_time: 0.259001  memory: 33157  loss: 0.002148  loss_kpt: 0.002148  acc_pose: 0.086026
02/01 13:16:46 - mmengine - INFO - Epoch(train)   [1][ 150/1171]  lr: 1.496493e-04  eta: 3 days, 2:42:54  time: 1.053741  data_time: 0.243159  memory: 33157  loss: 0.002112  loss_kpt: 0.002112  acc_pose: 0.153156
02/01 13:17:40 - mmengine - INFO - Epoch(train)   [1][ 200/1171]  lr: 1.996994e-04  eta: 3 days, 2:20:49  time: 1.073774  data_time: 0.261753  memory: 33157  loss: 0.002058  loss_kpt: 0.002058  acc_pose: 0.160256
02/01 13:18:33 - mmengine - INFO - Epoch(train)   [1][ 250/1171]  lr: 2.497495e-04  eta: 3 days, 2:05:29  time: 1.071678  data_time: 0.242269  memory: 33157  loss: 0.001956  loss_kpt: 0.001956  acc_pose: 0.235465
02/01 13:19:31 - mmengine - INFO - Epoch(train)   [1][ 300/1171]  lr: 2.997996e-04  eta: 3 days, 2:49:18  time: 1.151312  data_time: 0.315056  memory: 33157  loss: 0.001941  loss_kpt: 0.001941  acc_pose: 0.216619
02/01 13:20:25 - mmengine - INFO - Epoch(train)   [1][ 350/1171]  lr: 3.498497e-04  eta: 3 days, 2:38:48  time: 1.080289  data_time: 0.239909  memory: 33157  loss: 0.001893  loss_kpt: 0.001893  acc_pose: 0.287287
02/01 13:21:18 - mmengine - INFO - Epoch(train)   [1][ 400/1171]  lr: 3.998998e-04  eta: 3 days, 2:26:15  time: 1.071607  data_time: 0.241381  memory: 33157  loss: 0.001849  loss_kpt: 0.001849  acc_pose: 0.282289
02/01 13:22:11 - mmengine - INFO - Epoch(train)   [1][ 450/1171]  lr: 4.499499e-04  eta: 3 days, 2:08:59  time: 1.055516  data_time: 0.242158  memory: 33157  loss: 0.001846  loss_kpt: 0.001846  acc_pose: 0.263432
02/01 13:23:05 - mmengine - INFO - Epoch(train)   [1][ 500/1171]  lr: 5.000000e-04  eta: 3 days, 2:04:01  time: 1.077575  data_time: 0.265245  memory: 33157  loss: 0.001802  loss_kpt: 0.001802  acc_pose: 0.348975
02/01 13:23:59 - mmengine - INFO - Epoch(train)   [1][ 550/1171]  lr: 5.000000e-04  eta: 3 days, 1:57:26  time: 1.071273  data_time: 0.238434  memory: 33157  loss: 0.001759  loss_kpt: 0.001759  acc_pose: 0.341744
02/01 13:24:51 - mmengine - INFO - Epoch(train)   [1][ 600/1171]  lr: 5.000000e-04  eta: 3 days, 1:46:11  time: 1.054729  data_time: 0.237336  memory: 33157  loss: 0.001751  loss_kpt: 0.001751  acc_pose: 0.322709
02/01 13:25:46 - mmengine - INFO - Epoch(train)   [1][ 650/1171]  lr: 5.000000e-04  eta: 3 days, 1:47:53  time: 1.090889  data_time: 0.258104  memory: 33157  loss: 0.001725  loss_kpt: 0.001725  acc_pose: 0.407343
02/01 13:26:39 - mmengine - INFO - Epoch(train)   [1][ 700/1171]  lr: 5.000000e-04  eta: 3 days, 1:39:01  time: 1.055928  data_time: 0.240329  memory: 33157  loss: 0.001686  loss_kpt: 0.001686  acc_pose: 0.369987
02/01 13:27:35 - mmengine - INFO - Epoch(train)   [1][ 750/1171]  lr: 5.000000e-04  eta: 3 days, 1:51:05  time: 1.128905  data_time: 0.307031  memory: 33157  loss: 0.001680  loss_kpt: 0.001680  acc_pose: 0.312256
02/01 13:28:29 - mmengine - INFO - Epoch(train)   [1][ 800/1171]  lr: 5.000000e-04  eta: 3 days, 1:48:04  time: 1.076173  data_time: 0.238480  memory: 33157  loss: 0.001676  loss_kpt: 0.001676  acc_pose: 0.410189
02/01 13:29:21 - mmengine - INFO - Epoch(train)   [1][ 850/1171]  lr: 5.000000e-04  eta: 3 days, 1:39:15  time: 1.050996  data_time: 0.238684  memory: 33157  loss: 0.001649  loss_kpt: 0.001649  acc_pose: 0.415739
02/01 13:30:15 - mmengine - INFO - Epoch(train)   [1][ 900/1171]  lr: 5.000000e-04  eta: 3 days, 1:36:05  time: 1.072010  data_time: 0.256361  memory: 33157  loss: 0.001626  loss_kpt: 0.001626  acc_pose: 0.406947
02/01 13:31:09 - mmengine - INFO - Epoch(train)   [1][ 950/1171]  lr: 5.000000e-04  eta: 3 days, 1:34:20  time: 1.077497  data_time: 0.238098  memory: 33157  loss: 0.001601  loss_kpt: 0.001601  acc_pose: 0.380597
02/01 13:32:02 - mmengine - INFO - Exp name: aa_wtpose_swin-b-p4-w7_8xb32-210e_coco-256x192_wtm3l_20240201_131240
02/01 13:32:02 - mmengine - INFO - Epoch(train)   [1][1000/1171]  lr: 5.000000e-04  eta: 3 days, 1:27:57  time: 1.054360  data_time: 0.235182  memory: 33157  loss: 0.001587  loss_kpt: 0.001587  acc_pose: 0.374959
02/01 13:32:56 - mmengine - INFO - Epoch(train)   [1][1050/1171]  lr: 5.000000e-04  eta: 3 days, 1:26:42  time: 1.078141  data_time: 0.260797  memory: 33157  loss: 0.001626  loss_kpt: 0.001626  acc_pose: 0.438704
02/01 13:33:49 - mmengine - INFO - Epoch(train)   [1][1100/1171]  lr: 5.000000e-04  eta: 3 days, 1:24:55  time: 1.075052  data_time: 0.236131  memory: 33157  loss: 0.001577  loss_kpt: 0.001577  acc_pose: 0.392709
02/01 13:34:45 - mmengine - INFO - Epoch(train)   [1][1150/1171]  lr: 5.000000e-04  eta: 3 days, 1:30:18  time: 1.115022  data_time: 0.292887  memory: 33157  loss: 0.001584  loss_kpt: 0.001584  acc_pose: 0.415943
02/01 13:35:06 - mmengine - INFO - Exp name: aa_wtpose_swin-b-p4-w7_8xb32-210e_coco-256x192_wtm3l_20240201_131240
02/01 13:35:26 - mmengine - INFO - Epoch(val)   [1][  50/1627]    eta: 0:10:20  time: 0.393354  data_time: 0.097231  memory: 33157  
02/01 13:35:44 - mmengine - INFO - Epoch(val)   [1][ 100/1627]    eta: 0:09:37  time: 0.363297  data_time: 0.071572  memory: 3127  
02/01 13:36:02 - mmengine - INFO - Epoch(val)   [1][ 150/1627]    eta: 0:09:07  time: 0.355431  data_time: 0.065089  memory: 3127  
02/01 13:36:19 - mmengine - INFO - Epoch(val)   [1][ 200/1627]    eta: 0:08:40  time: 0.346955  data_time: 0.058048  memory: 3127  
02/01 13:36:36 - mmengine - INFO - Epoch(val)   [1][ 250/1627]    eta: 0:08:15  time: 0.341447  data_time: 0.054705  memory: 3127  
02/01 13:36:53 - mmengine - INFO - Epoch(val)   [1][ 300/1627]    eta: 0:07:53  time: 0.341220  data_time: 0.053083  memory: 3127  
02/01 13:37:11 - mmengine - INFO - Epoch(val)   [1][ 350/1627]    eta: 0:07:33  time: 0.344220  data_time: 0.055498  memory: 3127  
02/01 13:37:28 - mmengine - INFO - Epoch(val)   [1][ 400/1627]    eta: 0:07:13  time: 0.340326  data_time: 0.050294  memory: 3127  
02/01 13:37:45 - mmengine - INFO - Epoch(val)   [1][ 450/1627]    eta: 0:06:55  time: 0.354096  data_time: 0.063432  memory: 3127  
02/01 13:38:02 - mmengine - INFO - Epoch(val)   [1][ 500/1627]    eta: 0:06:35  time: 0.329632  data_time: 0.039399  memory: 3127  
02/01 13:38:19 - mmengine - INFO - Epoch(val)   [1][ 550/1627]    eta: 0:06:16  time: 0.334687  data_time: 0.046525  memory: 3127  
02/01 13:38:36 - mmengine - INFO - Epoch(val)   [1][ 600/1627]    eta: 0:05:58  time: 0.348944  data_time: 0.060804  memory: 3127  
02/01 13:38:52 - mmengine - INFO - Epoch(val)   [1][ 650/1627]    eta: 0:05:39  time: 0.326652  data_time: 0.037984  memory: 3127  
02/01 13:39:09 - mmengine - INFO - Epoch(val)   [1][ 700/1627]    eta: 0:05:21  time: 0.338068  data_time: 0.047145  memory: 3127  
02/01 13:39:27 - mmengine - INFO - Epoch(val)   [1][ 750/1627]    eta: 0:05:04  time: 0.355605  data_time: 0.065673  memory: 3127  
02/01 13:39:45 - mmengine - INFO - Epoch(val)   [1][ 800/1627]    eta: 0:04:48  time: 0.363818  data_time: 0.073343  memory: 3127  
02/01 13:40:03 - mmengine - INFO - Epoch(val)   [1][ 850/1627]    eta: 0:04:31  time: 0.358193  data_time: 0.065583  memory: 3127  
02/01 13:40:19 - mmengine - INFO - Epoch(val)   [1][ 900/1627]    eta: 0:04:12  time: 0.325133  data_time: 0.035849  memory: 3127  
02/01 13:40:37 - mmengine - INFO - Epoch(val)   [1][ 950/1627]    eta: 0:03:55  time: 0.341784  data_time: 0.051171  memory: 3127  
02/01 13:40:54 - mmengine - INFO - Epoch(val)   [1][1000/1627]    eta: 0:03:37  time: 0.349374  data_time: 0.059659  memory: 3127  
02/01 13:41:11 - mmengine - INFO - Epoch(val)   [1][1050/1627]    eta: 0:03:20  time: 0.336296  data_time: 0.045924  memory: 3127  
02/01 13:41:28 - mmengine - INFO - Epoch(val)   [1][1100/1627]    eta: 0:03:02  time: 0.350668  data_time: 0.061090  memory: 3127  
02/01 13:41:44 - mmengine - INFO - Epoch(val)   [1][1150/1627]    eta: 0:02:44  time: 0.306264  data_time: 0.016185  memory: 3127  
02/01 13:42:01 - mmengine - INFO - Epoch(val)   [1][1200/1627]    eta: 0:02:27  time: 0.339945  data_time: 0.044932  memory: 3127  
02/01 13:42:18 - mmengine - INFO - Epoch(val)   [1][1250/1627]    eta: 0:02:10  time: 0.353028  data_time: 0.063064  memory: 3127  
02/01 13:42:35 - mmengine - INFO - Epoch(val)   [1][1300/1627]    eta: 0:01:52  time: 0.338653  data_time: 0.048827  memory: 3127  
02/01 13:42:53 - mmengine - INFO - Epoch(val)   [1][1350/1627]    eta: 0:01:35  time: 0.353090  data_time: 0.059867  memory: 3127  
02/01 13:43:11 - mmengine - INFO - Epoch(val)   [1][1400/1627]    eta: 0:01:18  time: 0.356572  data_time: 0.062644  memory: 3127  
02/01 13:43:28 - mmengine - INFO - Epoch(val)   [1][1450/1627]    eta: 0:01:01  time: 0.340430  data_time: 0.050627  memory: 3127  
02/01 13:43:51 - mmengine - INFO - Epoch(val)   [1][1500/1627]    eta: 0:00:44  time: 0.458365  data_time: 0.163482  memory: 3127  
02/01 13:44:14 - mmengine - INFO - Epoch(val)   [1][1550/1627]    eta: 0:00:27  time: 0.463263  data_time: 0.172619  memory: 3127  
02/01 13:44:38 - mmengine - INFO - Epoch(val)   [1][1600/1627]    eta: 0:00:09  time: 0.481343  data_time: 0.189235  memory: 3127  
02/01 13:45:24 - mmengine - INFO - Evaluating CocoMetric...
Loading and preparing results...
DONE (t=4.02s)
creating index...
index created!
Running per image evaluation...
Evaluate annotation type *keypoints*
DONE (t=8.99s).
Accumulating evaluation results...
DONE (t=0.27s).
 Average Precision  (AP) @[ IoU=0.50:0.95 | area=   all | maxDets= 20 ] =  0.221
 Average Precision  (AP) @[ IoU=0.50      | area=   all | maxDets= 20 ] =  0.579
 Average Precision  (AP) @[ IoU=0.75      | area=   all | maxDets= 20 ] =  0.119
 Average Precision  (AP) @[ IoU=0.50:0.95 | area=medium | maxDets= 20 ] =  0.222
 Average Precision  (AP) @[ IoU=0.50:0.95 | area= large | maxDets= 20 ] =  0.236
 Average Recall     (AR) @[ IoU=0.50:0.95 | area=   all | maxDets= 20 ] =  0.314
 Average Recall     (AR) @[ IoU=0.50      | area=   all | maxDets= 20 ] =  0.680
 Average Recall     (AR) @[ IoU=0.75      | area=   all | maxDets= 20 ] =  0.242
 Average Recall     (AR) @[ IoU=0.50:0.95 | area=medium | maxDets= 20 ] =  0.301
 Average Recall     (AR) @[ IoU=0.50:0.95 | area= large | maxDets= 20 ] =  0.332
02/01 13:45:38 - mmengine - INFO - Epoch(val) [1][1627/1627]    coco/AP: 0.220789  coco/AP .5: 0.578750  coco/AP .75: 0.119123  coco/AP (M): 0.222052  coco/AP (L): 0.236168  coco/AR: 0.313822  coco/AR .5: 0.680258  coco/AR .75: 0.241971  coco/AR (M): 0.301284  coco/AR (L): 0.331587  data_time: 0.067161  time: 0.357792
02/01 13:45:39 - mmengine - INFO - The best checkpoint with 0.2208 coco/AP at 1 epoch is saved to best_coco_AP_epoch_1.pth.
02/01 13:46:34 - mmengine - INFO - Epoch(train)   [2][  50/1171]  lr: 5.000000e-04  eta: 3 days, 1:24:51  time: 1.084657  data_time: 0.259554  memory: 33157  loss: 0.001567  loss_kpt: 0.001567  acc_pose: 0.418893
02/01 13:47:26 - mmengine - INFO - Epoch(train)   [2][ 100/1171]  lr: 5.000000e-04  eta: 3 days, 1:19:25  time: 1.051846  data_time: 0.237828  memory: 33157  loss: 0.001546  loss_kpt: 0.001546  acc_pose: 0.417993
02/01 13:48:21 - mmengine - INFO - Epoch(train)   [2][ 150/1171]  lr: 5.000000e-04  eta: 3 days, 1:21:40  time: 1.099357  data_time: 0.260814  memory: 33157  loss: 0.001518  loss_kpt: 0.001518  acc_pose: 0.500339
02/01 13:49:14 - mmengine - INFO - Epoch(train)   [2][ 200/1171]  lr: 5.000000e-04  eta: 3 days, 1:16:40  time: 1.052242  data_time: 0.232473  memory: 33157  loss: 0.001535  loss_kpt: 0.001535  acc_pose: 0.460638
