01/23 16:54:03 - mmengine - INFO - 
------------------------------------------------------------
System environment:
    sys.platform: linux
    Python: 3.8.17 (default, Jul  5 2023, 21:04:15) [GCC 11.2.0]
    CUDA available: True
    numpy_random_seed: 145949499
    GPU 0,1: NVIDIA A100-PCIE-40GB
    CUDA_HOME: None
    GCC: n/a
    PyTorch: 1.11.0
    PyTorch compiling details: PyTorch built with:
  - GCC 7.3
  - C++ Version: 201402
  - Intel(R) oneAPI Math Kernel Library Version 2023.1-Product Build 20230303 for Intel(R) 64 architecture applications
  - Intel(R) MKL-DNN v2.5.2 (Git Hash a9302535553c73243c632ad3c4c80beec3d19a1e)
  - OpenMP 201511 (a.k.a. OpenMP 4.5)
  - LAPACK is enabled (usually provided by MKL)
  - NNPACK is enabled
  - CPU capability usage: AVX2
  - CUDA Runtime 11.3
  - NVCC architecture flags: -gencode;arch=compute_37,code=sm_37;-gencode;arch=compute_50,code=sm_50;-gencode;arch=compute_60,code=sm_60;-gencode;arch=compute_61,code=sm_61;-gencode;arch=compute_70,code=sm_70;-gencode;arch=compute_75,code=sm_75;-gencode;arch=compute_80,code=sm_80;-gencode;arch=compute_86,code=sm_86;-gencode;arch=compute_37,code=compute_37
  - CuDNN 8.2
  - Magma 2.5.2
  - Build settings: BLAS_INFO=mkl, BUILD_TYPE=Release, CUDA_VERSION=11.3, CUDNN_VERSION=8.2.0, CXX_COMPILER=/opt/rh/devtoolset-7/root/usr/bin/c++, CXX_FLAGS= -Wno-deprecated -fvisibility-inlines-hidden -DUSE_PTHREADPOOL -fopenmp -DNDEBUG -DUSE_KINETO -DUSE_FBGEMM -DUSE_QNNPACK -DUSE_PYTORCH_QNNPACK -DUSE_XNNPACK -DSYMBOLICATE_MOBILE_DEBUG_HANDLE -DEDGE_PROFILER_USE_KINETO -O2 -fPIC -Wno-narrowing -Wall -Wextra -Werror=return-type -Wno-missing-field-initializers -Wno-type-limits -Wno-array-bounds -Wno-unknown-pragmas -Wno-sign-compare -Wno-unused-parameter -Wno-unused-function -Wno-unused-result -Wno-unused-local-typedefs -Wno-strict-overflow -Wno-strict-aliasing -Wno-error=deprecated-declarations -Wno-stringop-overflow -Wno-psabi -Wno-error=pedantic -Wno-error=redundant-decls -Wno-error=old-style-cast -fdiagnostics-color=always -faligned-new -Wno-unused-but-set-variable -Wno-maybe-uninitialized -fno-math-errno -fno-trapping-math -Werror=format -Wno-stringop-overflow, LAPACK_INFO=mkl, PERF_WITH_AVX=1, PERF_WITH_AVX2=1, PERF_WITH_AVX512=1, TORCH_VERSION=1.11.0, USE_CUDA=ON, USE_CUDNN=ON, USE_EXCEPTION_PTR=1, USE_GFLAGS=OFF, USE_GLOG=OFF, USE_MKL=ON, USE_MKLDNN=OFF, USE_MPI=OFF, USE_NCCL=ON, USE_NNPACK=ON, USE_OPENMP=ON, USE_ROCM=OFF, 

    TorchVision: 0.12.0
    OpenCV: 4.8.0
    MMEngine: 0.8.3

Runtime environment:
    cudnn_benchmark: False
    mp_cfg: {'mp_start_method': 'fork', 'opencv_num_threads': 0}
    dist_cfg: {'backend': 'nccl'}
    seed: 145949499
    Distributed launcher: pytorch
    Distributed training: True
    GPU number: 2
------------------------------------------------------------

01/23 16:54:04 - mmengine - INFO - Config:
auto_scale_lr = dict(base_batch_size=512)
backend_args = dict(backend='local')
codec = dict(
    heatmap_size=(
        48,
        64,
    ),
    input_size=(
        256,
        192,
    ),
    sigma=2,
    type='UDPHeatmap')
custom_hooks = [
    dict(type='SyncBuffersHook'),
]
custom_imports = dict(
    allow_failed_imports=False,
    imports=[
        'mmpose.engine.optim_wrappers.layer_decay_optim_wrapper',
    ])
data_mode = 'topdown'
data_root = 'data/coco/'
dataset_type = 'CocoDataset'
default_hooks = dict(
    checkpoint=dict(
        interval=10,
        max_keep_ckpts=1,
        rule='greater',
        save_best='coco/AP',
        type='CheckpointHook'),
    logger=dict(interval=50, type='LoggerHook'),
    param_scheduler=dict(type='ParamSchedulerHook'),
    sampler_seed=dict(type='DistSamplerSeedHook'),
    timer=dict(type='IterTimerHook'),
    visualization=dict(enable=False, type='PoseVisualizationHook'))
default_scope = 'mmpose'
env_cfg = dict(
    cudnn_benchmark=False,
    dist_cfg=dict(backend='nccl'),
    mp_cfg=dict(mp_start_method='fork', opencv_num_threads=0))
launcher = 'pytorch'
load_from = None
log_level = 'INFO'
log_processor = dict(
    by_epoch=True, num_digits=6, type='LogProcessor', window_size=50)
model = dict(
    backbone=dict(
        arch='base',
        con_in_channels=768,
        con_out_channels=128,
        con_ratio=3,
        drop_path_rate=0.3,
        img_size=(
            256,
            192,
        ),
        init_cfg=dict(
            checkpoint=
            'https://download.openmmlab.com/mmpose/v1/pretrained_models/mae_pretrain_vit_base_20230913.pth',
            type='Pretrained'),
        out_indices=(
            2,
            5,
            8,
            11,
        ),
        out_type='featmap',
        patch_cfg=dict(padding=2),
        patch_size=(
            16,
            16,
        ),
        qkv_bias=True,
        type='WT_ML_ViTV2',
        with_cls_token=False,
        wtm_dilations=[
            2,
            1,
            4,
            1,
            6,
            1,
            8,
            1,
        ],
        wtm_dim=128,
        wtm_in_dim=512,
        wtm_kernel_size=7,
        wtm_num_heads=[
            8,
            8,
            8,
            8,
        ],
        wtm_out_dim=128,
        wtm_size=(
            64,
            48,
        )),
    data_preprocessor=dict(
        bgr_to_rgb=True,
        mean=[
            123.675,
            116.28,
            103.53,
        ],
        std=[
            58.395,
            57.12,
            57.375,
        ],
        type='PoseDataPreprocessor'),
    head=dict(
        conv_out_channels=False,
        decoder=dict(
            heatmap_size=(
                48,
                64,
            ),
            input_size=(
                256,
                192,
            ),
            sigma=2,
            type='UDPHeatmap'),
        deconv_out_channels=False,
        in_channels=128,
        loss=dict(type='KeypointMSELoss', use_target_weight=True),
        out_channels=17,
        type='HeatmapHeadWTPose'),
    test_cfg=dict(flip_mode='heatmap', flip_test=True, shift_heatmap=True),
    type='TopdownPoseEstimator')
norm_cfg = dict(requires_grad=True, type='SyncBN')
optim_wrapper = dict(
    clip_grad=dict(max_norm=1.0, norm_type=2),
    constructor='LayerDecayOptimWrapperConstructor',
    optimizer=dict(
        betas=(
            0.9,
            0.999,
        ), lr=0.0005, type='AdamW', weight_decay=0.1),
    paramwise_cfg=dict(
        custom_keys=dict(
            bias=dict(decay_multi=0.0),
            norm=dict(decay_mult=0.0),
            pos_embed=dict(decay_mult=0.0),
            relative_position_bias_table=dict(decay_mult=0.0)),
        layer_decay_rate=0.75,
        num_layers=12))
param_scheduler = [
    dict(
        begin=0, by_epoch=False, end=500, start_factor=0.001, type='LinearLR'),
    dict(
        begin=0,
        by_epoch=True,
        end=210,
        gamma=0.1,
        milestones=[
            170,
            200,
        ],
        type='MultiStepLR'),
]
resume = False
test_cfg = dict()
test_dataloader = dict(
    batch_size=32,
    dataset=dict(
        ann_file='annotations/person_keypoints_val2017.json',
        bbox_file=
        'data/coco/person_detection_results/COCO_val2017_detections_AP_H_56_person.json',
        data_mode='topdown',
        data_prefix=dict(img='val2017/'),
        data_root='data/coco/',
        pipeline=[
            dict(type='LoadImage'),
            dict(type='GetBBoxCenterScale'),
            dict(input_size=(
                256,
                192,
            ), type='TopdownAffine', use_udp=True),
            dict(type='PackPoseInputs'),
        ],
        test_mode=True,
        type='CocoDataset'),
    drop_last=False,
    num_workers=4,
    persistent_workers=True,
    sampler=dict(round_up=False, shuffle=False, type='DefaultSampler'))
test_evaluator = dict(
    ann_file='data/coco/annotations/person_keypoints_val2017.json',
    type='CocoMetric')
train_cfg = dict(by_epoch=True, max_epochs=210, val_interval=10)
train_dataloader = dict(
    batch_size=64,
    dataset=dict(
        ann_file='annotations/person_keypoints_train2017.json',
        data_mode='topdown',
        data_prefix=dict(img='train2017/'),
        data_root='data/coco/',
        pipeline=[
            dict(type='LoadImage'),
            dict(type='GetBBoxCenterScale'),
            dict(direction='horizontal', type='RandomFlip'),
            dict(type='RandomHalfBody'),
            dict(type='RandomBBoxTransform'),
            dict(input_size=(
                256,
                192,
            ), type='TopdownAffine', use_udp=True),
            dict(
                encoder=dict(
                    heatmap_size=(
                        48,
                        64,
                    ),
                    input_size=(
                        256,
                        192,
                    ),
                    sigma=2,
                    type='UDPHeatmap'),
                type='GenerateTarget'),
            dict(type='PackPoseInputs'),
        ],
        type='CocoDataset'),
    num_workers=4,
    persistent_workers=True,
    sampler=dict(shuffle=True, type='DefaultSampler'))
train_pipeline = [
    dict(type='LoadImage'),
    dict(type='GetBBoxCenterScale'),
    dict(direction='horizontal', type='RandomFlip'),
    dict(type='RandomHalfBody'),
    dict(type='RandomBBoxTransform'),
    dict(input_size=(
        256,
        192,
    ), type='TopdownAffine', use_udp=True),
    dict(
        encoder=dict(
            heatmap_size=(
                48,
                64,
            ),
            input_size=(
                256,
                192,
            ),
            sigma=2,
            type='UDPHeatmap'),
        type='GenerateTarget'),
    dict(type='PackPoseInputs'),
]
val_cfg = dict()
val_dataloader = dict(
    batch_size=32,
    dataset=dict(
        ann_file='annotations/person_keypoints_val2017.json',
        bbox_file=
        'data/coco/person_detection_results/COCO_val2017_detections_AP_H_56_person.json',
        data_mode='topdown',
        data_prefix=dict(img='val2017/'),
        data_root='data/coco/',
        pipeline=[
            dict(type='LoadImage'),
            dict(type='GetBBoxCenterScale'),
            dict(input_size=(
                256,
                192,
            ), type='TopdownAffine', use_udp=True),
            dict(type='PackPoseInputs'),
        ],
        test_mode=True,
        type='CocoDataset'),
    drop_last=False,
    num_workers=4,
    persistent_workers=True,
    sampler=dict(round_up=False, shuffle=False, type='DefaultSampler'))
val_evaluator = dict(
    ann_file='data/coco/annotations/person_keypoints_val2017.json',
    type='CocoMetric')
val_pipeline = [
    dict(type='LoadImage'),
    dict(type='GetBBoxCenterScale'),
    dict(input_size=(
        256,
        192,
    ), type='TopdownAffine', use_udp=True),
    dict(type='PackPoseInputs'),
]
vis_backends = [
    dict(type='LocalVisBackend'),
]
visualizer = dict(
    name='visualizer',
    type='PoseLocalVisualizer',
    vis_backends=[
        dict(type='LocalVisBackend'),
    ])
work_dir = './work_dirs/_WT_ML2_ViT_base_coco_256x192'

01/23 16:54:06 - mmengine - INFO - Hooks will be executed in the following order:
before_run:
(VERY_HIGH   ) RuntimeInfoHook                    
(BELOW_NORMAL) LoggerHook                         
 -------------------- 
before_train:
(VERY_HIGH   ) RuntimeInfoHook                    
(NORMAL      ) IterTimerHook                      
(VERY_LOW    ) CheckpointHook                     
 -------------------- 
before_train_epoch:
(VERY_HIGH   ) RuntimeInfoHook                    
(NORMAL      ) IterTimerHook                      
(NORMAL      ) DistSamplerSeedHook                
 -------------------- 
before_train_iter:
(VERY_HIGH   ) RuntimeInfoHook                    
(NORMAL      ) IterTimerHook                      
 -------------------- 
after_train_iter:
(VERY_HIGH   ) RuntimeInfoHook                    
(NORMAL      ) IterTimerHook                      
(BELOW_NORMAL) LoggerHook                         
(LOW         ) ParamSchedulerHook                 
(VERY_LOW    ) CheckpointHook                     
 -------------------- 
after_train_epoch:
(NORMAL      ) IterTimerHook                      
(NORMAL      ) SyncBuffersHook                    
(LOW         ) ParamSchedulerHook                 
(VERY_LOW    ) CheckpointHook                     
 -------------------- 
before_val:
(VERY_HIGH   ) RuntimeInfoHook                    
 -------------------- 
before_val_epoch:
(NORMAL      ) IterTimerHook                      
(NORMAL      ) SyncBuffersHook                    
 -------------------- 
before_val_iter:
(NORMAL      ) IterTimerHook                      
 -------------------- 
after_val_iter:
(NORMAL      ) IterTimerHook                      
(NORMAL      ) PoseVisualizationHook              
(BELOW_NORMAL) LoggerHook                         
 -------------------- 
after_val_epoch:
(VERY_HIGH   ) RuntimeInfoHook                    
(NORMAL      ) IterTimerHook                      
(BELOW_NORMAL) LoggerHook                         
(LOW         ) ParamSchedulerHook                 
(VERY_LOW    ) CheckpointHook                     
 -------------------- 
after_val:
(VERY_HIGH   ) RuntimeInfoHook                    
 -------------------- 
after_train:
(VERY_HIGH   ) RuntimeInfoHook                    
(VERY_LOW    ) CheckpointHook                     
 -------------------- 
before_test:
(VERY_HIGH   ) RuntimeInfoHook                    
 -------------------- 
before_test_epoch:
(NORMAL      ) IterTimerHook                      
 -------------------- 
before_test_iter:
(NORMAL      ) IterTimerHook                      
 -------------------- 
after_test_iter:
(NORMAL      ) IterTimerHook                      
(NORMAL      ) PoseVisualizationHook              
(BELOW_NORMAL) LoggerHook                         
 -------------------- 
after_test_epoch:
(VERY_HIGH   ) RuntimeInfoHook                    
(NORMAL      ) IterTimerHook                      
(BELOW_NORMAL) LoggerHook                         
 -------------------- 
after_test:
(VERY_HIGH   ) RuntimeInfoHook                    
 -------------------- 
after_run:
(BELOW_NORMAL) LoggerHook                         
 -------------------- 
loading annotations into memory...
loading annotations into memory...
Done (t=7.36s)
creating index...
Done (t=7.66s)
creating index...
index created!
index created!
{'num_layers': 12, 'layer_decay_rate': 0.75, 'custom_keys': {'bias': {'decay_multi': 0.0}, 'pos_embed': {'decay_mult': 0.0}, 'relative_position_bias_table': {'decay_mult': 0.0}, 'norm': {'decay_mult': 0.0}}}
loading annotations into memory...
Done (t=0.25s)
creating index...
index created!
{'num_layers': 12, 'layer_decay_rate': 0.75, 'custom_keys': {'bias': {'decay_multi': 0.0}, 'pos_embed': {'decay_mult': 0.0}, 'relative_position_bias_table': {'decay_mult': 0.0}, 'norm': {'decay_mult': 0.0}}}
loading annotations into memory...
Done (t=0.18s)
creating index...
index created!
loading annotations into memory...
Done (t=0.20s)
creating index...
index created!
loading annotations into memory...
01/23 16:55:03 - mmengine - INFO - load model from: https://download.openmmlab.com/mmpose/v1/pretrained_models/mae_pretrain_vit_base_20230913.pth
01/23 16:55:03 - mmengine - INFO - Loads checkpoint by http backend from path: https://download.openmmlab.com/mmpose/v1/pretrained_models/mae_pretrain_vit_base_20230913.pth
Done (t=0.19s)
creating index...
index created!
01/23 16:55:04 - mmengine - INFO - Resize the pos_embed shape from torch.Size([1, 196, 768]) to torch.Size([1, 192, 768]).
01/23 16:55:04 - mmengine - WARNING - The model and loaded state dict do not match exactly

unexpected key in source state_dict: cls_token

missing keys in source state_dict: connect.conn_1.0.weight, connect.conn_1.0.bias, connect.conn_1.1.weight, connect.conn_1.1.bias, connect.conn_1.1.running_mean, connect.conn_1.1.running_var, connect.conn_1.3.weight, connect.conn_1.3.bias, connect.conn_1.4.weight, connect.conn_1.4.bias, connect.conn_1.4.running_mean, connect.conn_1.4.running_var, connect.conn_1.6.weight, connect.conn_1.6.bias, connect.conn_1.7.weight, connect.conn_1.7.bias, connect.conn_1.7.running_mean, connect.conn_1.7.running_var, connect.conn_1.9.weight, connect.conn_1.9.bias, connect.conn_1.10.weight, connect.conn_1.10.bias, connect.conn_1.10.running_mean, connect.conn_1.10.running_var, connect.conn_2.0.weight, connect.conn_2.0.bias, connect.conn_2.1.weight, connect.conn_2.1.bias, connect.conn_2.1.running_mean, connect.conn_2.1.running_var, connect.conn_2.3.weight, connect.conn_2.3.bias, connect.conn_2.4.weight, connect.conn_2.4.bias, connect.conn_2.4.running_mean, connect.conn_2.4.running_var, connect.conn_3.0.weight, connect.conn_3.0.bias, connect.conn_3.1.weight, connect.conn_3.1.bias, connect.conn_3.1.running_mean, connect.conn_3.1.running_var, connect.conn_4.0.weight, connect.conn_4.0.bias, connect.conn_4.1.weight, connect.conn_4.1.bias, connect.conn_4.1.running_mean, connect.conn_4.1.running_var, connect.conn_4.3.weight, connect.conn_4.3.bias, connect.conn_4.4.weight, connect.conn_4.4.bias, connect.conn_4.4.running_mean, connect.conn_4.4.running_var, wtm_ml.wtm3_0.gamma1, wtm_ml.wtm3_0.gamma2, wtm_ml.wtm3_0.norm1.weight, wtm_ml.wtm3_0.norm1.bias, wtm_ml.wtm3_0.attn.rpb, wtm_ml.wtm3_0.attn.qkv.weight, wtm_ml.wtm3_0.attn.qkv.bias, wtm_ml.wtm3_0.attn.proj.weight, wtm_ml.wtm3_0.attn.proj.bias, wtm_ml.wtm3_0.norm2.weight, wtm_ml.wtm3_0.norm2.bias, wtm_ml.wtm3_0.mlp.fc1.weight, wtm_ml.wtm3_0.mlp.fc1.bias, wtm_ml.wtm3_0.mlp.fc2.weight, wtm_ml.wtm3_0.mlp.fc2.bias, wtm_ml.wtm3_1.gamma1, wtm_ml.wtm3_1.gamma2, wtm_ml.wtm3_1.norm1.weight, wtm_ml.wtm3_1.norm1.bias, wtm_ml.wtm3_1.attn.rpb, wtm_ml.wtm3_1.attn.qkv.weight, wtm_ml.wtm3_1.attn.qkv.bias, wtm_ml.wtm3_1.attn.proj.weight, wtm_ml.wtm3_1.attn.proj.bias, wtm_ml.wtm3_1.norm2.weight, wtm_ml.wtm3_1.norm2.bias, wtm_ml.wtm3_1.mlp.fc1.weight, wtm_ml.wtm3_1.mlp.fc1.bias, wtm_ml.wtm3_1.mlp.fc2.weight, wtm_ml.wtm3_1.mlp.fc2.bias, wtm_ml.wtm2_0.gamma1, wtm_ml.wtm2_0.gamma2, wtm_ml.wtm2_0.norm1.weight, wtm_ml.wtm2_0.norm1.bias, wtm_ml.wtm2_0.attn.rpb, wtm_ml.wtm2_0.attn.qkv.weight, wtm_ml.wtm2_0.attn.qkv.bias, wtm_ml.wtm2_0.attn.proj.weight, wtm_ml.wtm2_0.attn.proj.bias, wtm_ml.wtm2_0.norm2.weight, wtm_ml.wtm2_0.norm2.bias, wtm_ml.wtm2_0.mlp.fc1.weight, wtm_ml.wtm2_0.mlp.fc1.bias, wtm_ml.wtm2_0.mlp.fc2.weight, wtm_ml.wtm2_0.mlp.fc2.bias, wtm_ml.wtm2_1.gamma1, wtm_ml.wtm2_1.gamma2, wtm_ml.wtm2_1.norm1.weight, wtm_ml.wtm2_1.norm1.bias, wtm_ml.wtm2_1.attn.rpb, wtm_ml.wtm2_1.attn.qkv.weight, wtm_ml.wtm2_1.attn.qkv.bias, wtm_ml.wtm2_1.attn.proj.weight, wtm_ml.wtm2_1.attn.proj.bias, wtm_ml.wtm2_1.norm2.weight, wtm_ml.wtm2_1.norm2.bias, wtm_ml.wtm2_1.mlp.fc1.weight, wtm_ml.wtm2_1.mlp.fc1.bias, wtm_ml.wtm2_1.mlp.fc2.weight, wtm_ml.wtm2_1.mlp.fc2.bias, wtm_ml.wtm1_0.gamma1, wtm_ml.wtm1_0.gamma2, wtm_ml.wtm1_0.norm1.weight, wtm_ml.wtm1_0.norm1.bias, wtm_ml.wtm1_0.attn.rpb, wtm_ml.wtm1_0.attn.qkv.weight, wtm_ml.wtm1_0.attn.qkv.bias, wtm_ml.wtm1_0.attn.proj.weight, wtm_ml.wtm1_0.attn.proj.bias, wtm_ml.wtm1_0.norm2.weight, wtm_ml.wtm1_0.norm2.bias, wtm_ml.wtm1_0.mlp.fc1.weight, wtm_ml.wtm1_0.mlp.fc1.bias, wtm_ml.wtm1_0.mlp.fc2.weight, wtm_ml.wtm1_0.mlp.fc2.bias, wtm_ml.wtm1_1.gamma1, wtm_ml.wtm1_1.gamma2, wtm_ml.wtm1_1.norm1.weight, wtm_ml.wtm1_1.norm1.bias, wtm_ml.wtm1_1.attn.rpb, wtm_ml.wtm1_1.attn.qkv.weight, wtm_ml.wtm1_1.attn.qkv.bias, wtm_ml.wtm1_1.attn.proj.weight, wtm_ml.wtm1_1.attn.proj.bias, wtm_ml.wtm1_1.norm2.weight, wtm_ml.wtm1_1.norm2.bias, wtm_ml.wtm1_1.mlp.fc1.weight, wtm_ml.wtm1_1.mlp.fc1.bias, wtm_ml.wtm1_1.mlp.fc2.weight, wtm_ml.wtm1_1.mlp.fc2.bias, wtm_ml.wtm0_0.gamma1, wtm_ml.wtm0_0.gamma2, wtm_ml.wtm0_0.norm1.weight, wtm_ml.wtm0_0.norm1.bias, wtm_ml.wtm0_0.attn.rpb, wtm_ml.wtm0_0.attn.qkv.weight, wtm_ml.wtm0_0.attn.qkv.bias, wtm_ml.wtm0_0.attn.proj.weight, wtm_ml.wtm0_0.attn.proj.bias, wtm_ml.wtm0_0.norm2.weight, wtm_ml.wtm0_0.norm2.bias, wtm_ml.wtm0_0.mlp.fc1.weight, wtm_ml.wtm0_0.mlp.fc1.bias, wtm_ml.wtm0_0.mlp.fc2.weight, wtm_ml.wtm0_0.mlp.fc2.bias, wtm_ml.wtm0_1.gamma1, wtm_ml.wtm0_1.gamma2, wtm_ml.wtm0_1.norm1.weight, wtm_ml.wtm0_1.norm1.bias, wtm_ml.wtm0_1.attn.rpb, wtm_ml.wtm0_1.attn.qkv.weight, wtm_ml.wtm0_1.attn.qkv.bias, wtm_ml.wtm0_1.attn.proj.weight, wtm_ml.wtm0_1.attn.proj.bias, wtm_ml.wtm0_1.norm2.weight, wtm_ml.wtm0_1.norm2.bias, wtm_ml.wtm0_1.mlp.fc1.weight, wtm_ml.wtm0_1.mlp.fc1.bias, wtm_ml.wtm0_1.mlp.fc2.weight, wtm_ml.wtm0_1.mlp.fc2.bias, wtm_ml.last_conv.0.weight, wtm_ml.last_conv.0.bias, wtm_ml.last_conv.1.weight, wtm_ml.last_conv.1.bias, wtm_ml.last_conv.1.running_mean, wtm_ml.last_conv.1.running_var, wtm_ml.last_conv.3.weight, wtm_ml.last_conv.3.bias, wtm_ml.last_conv.4.weight, wtm_ml.last_conv.4.bias, wtm_ml.last_conv.4.running_mean, wtm_ml.last_conv.4.running_var, wtm_ml.conv_2_1x1.0.weight, wtm_ml.conv_2_1x1.0.bias, wtm_ml.conv_2_1x1.1.weight, wtm_ml.conv_2_1x1.1.bias, wtm_ml.conv_2_1x1.1.running_mean, wtm_ml.conv_2_1x1.1.running_var, wtm_ml.conv_1_1x1.0.weight, wtm_ml.conv_1_1x1.0.bias, wtm_ml.conv_1_1x1.1.weight, wtm_ml.conv_1_1x1.1.bias, wtm_ml.conv_1_1x1.1.running_mean, wtm_ml.conv_1_1x1.1.running_var, wtm_ml.conv0_1x1.0.weight, wtm_ml.conv0_1x1.0.bias, wtm_ml.conv0_1x1.1.weight, wtm_ml.conv0_1x1.1.bias, wtm_ml.conv0_1x1.1.running_mean, wtm_ml.conv0_1x1.1.running_var

01/23 16:55:04 - mmengine - WARNING - "FileClient" will be deprecated in future. Please use io functions in https://mmengine.readthedocs.io/en/latest/api/fileio.html#file-io
01/23 16:55:04 - mmengine - WARNING - "HardDiskBackend" is the alias of "LocalBackend" and the former will be deprecated in future.
01/23 16:55:04 - mmengine - INFO - Checkpoints will be saved to /home/nr4325/Desktop/Pose4/mmpose/work_dirs/_WT_ML2_ViT_base_coco_256x192.
01/23 16:56:08 - mmengine - INFO - Epoch(train)   [1][  50/1171]  base_lr: 4.954910e-05 lr: 1.177151e-06  eta: 3 days, 15:47:56  time: 1.285595  data_time: 0.719727  memory: 17774  grad_norm: 0.005542  loss: 0.002317  loss_kpt: 0.002317  acc_pose: 0.041256
01/23 16:57:01 - mmengine - INFO - Epoch(train)   [1][ 100/1171]  base_lr: 9.959920e-05 lr: 2.366204e-06  eta: 3 days, 7:46:03  time: 1.050871  data_time: 0.400555  memory: 17774  grad_norm: 0.002234  loss: 0.002233  loss_kpt: 0.002233  acc_pose: 0.101272
01/23 16:58:09 - mmengine - INFO - Epoch(train)   [1][ 150/1171]  base_lr: 1.496493e-04 lr: 3.555258e-06  eta: 3 days, 12:23:32  time: 1.372178  data_time: 0.463744  memory: 17774  grad_norm: 0.003019  loss: 0.002154  loss_kpt: 0.002154  acc_pose: 0.095379
01/23 16:59:00 - mmengine - INFO - Epoch(train)   [1][ 200/1171]  base_lr: 1.996994e-04 lr: 4.744311e-06  eta: 3 days, 8:32:37  time: 1.011676  data_time: 0.262086  memory: 17774  grad_norm: 0.003798  loss: 0.002113  loss_kpt: 0.002113  acc_pose: 0.178040
01/23 17:00:02 - mmengine - INFO - Epoch(train)   [1][ 250/1171]  base_lr: 2.497495e-04 lr: 5.933365e-06  eta: 3 days, 9:30:35  time: 1.252071  data_time: 0.466500  memory: 17774  grad_norm: 0.004094  loss: 0.002045  loss_kpt: 0.002045  acc_pose: 0.204463
01/23 17:00:56 - mmengine - INFO - Epoch(train)   [1][ 300/1171]  base_lr: 2.997996e-04 lr: 7.122418e-06  eta: 3 days, 8:05:44  time: 1.071569  data_time: 0.469196  memory: 17774  grad_norm: 0.004609  loss: 0.001970  loss_kpt: 0.001970  acc_pose: 0.270323
01/23 17:01:53 - mmengine - INFO - Epoch(train)   [1][ 350/1171]  base_lr: 3.498497e-04 lr: 8.311472e-06  eta: 3 days, 7:46:30  time: 1.142760  data_time: 0.635817  memory: 17774  grad_norm: 0.004420  loss: 0.001918  loss_kpt: 0.001918  acc_pose: 0.259207
01/23 17:02:45 - mmengine - INFO - Epoch(train)   [1][ 400/1171]  base_lr: 3.998998e-04 lr: 9.500525e-06  eta: 3 days, 6:39:15  time: 1.039981  data_time: 0.561663  memory: 17774  grad_norm: 0.004506  loss: 0.001901  loss_kpt: 0.001901  acc_pose: 0.268506
01/23 17:03:42 - mmengine - INFO - Epoch(train)   [1][ 450/1171]  base_lr: 4.499499e-04 lr: 1.068958e-05  eta: 3 days, 6:32:15  time: 1.140035  data_time: 0.655378  memory: 17774  grad_norm: 0.004544  loss: 0.001828  loss_kpt: 0.001828  acc_pose: 0.380259
01/23 17:04:34 - mmengine - INFO - Epoch(train)   [1][ 500/1171]  base_lr: 5.000000e-04 lr: 1.187863e-05  eta: 3 days, 5:45:08  time: 1.039029  data_time: 0.547411  memory: 17774  grad_norm: 0.004882  loss: 0.001790  loss_kpt: 0.001790  acc_pose: 0.314593
01/23 17:05:32 - mmengine - INFO - Epoch(train)   [1][ 550/1171]  base_lr: 5.000000e-04 lr: 1.187863e-05  eta: 3 days, 5:50:25  time: 1.157336  data_time: 0.651307  memory: 17774  grad_norm: 0.004881  loss: 0.001724  loss_kpt: 0.001724  acc_pose: 0.311318
01/23 17:06:32 - mmengine - INFO - Epoch(train)   [1][ 600/1171]  base_lr: 5.000000e-04 lr: 1.187863e-05  eta: 3 days, 6:10:46  time: 1.204623  data_time: 0.668335  memory: 17774  grad_norm: 0.004718  loss: 0.001714  loss_kpt: 0.001714  acc_pose: 0.370726
01/23 17:07:24 - mmengine - INFO - Epoch(train)   [1][ 650/1171]  base_lr: 5.000000e-04 lr: 1.187863e-05  eta: 3 days, 5:33:55  time: 1.033149  data_time: 0.450085  memory: 17774  grad_norm: 0.003985  loss: 0.001681  loss_kpt: 0.001681  acc_pose: 0.383054
01/23 17:08:20 - mmengine - INFO - Epoch(train)   [1][ 700/1171]  base_lr: 5.000000e-04 lr: 1.187863e-05  eta: 3 days, 5:25:51  time: 1.114167  data_time: 0.187023  memory: 17774  grad_norm: 0.004321  loss: 0.001655  loss_kpt: 0.001655  acc_pose: 0.408377
01/23 17:09:12 - mmengine - INFO - Epoch(train)   [1][ 750/1171]  base_lr: 5.000000e-04 lr: 1.187863e-05  eta: 3 days, 4:58:21  time: 1.039272  data_time: 0.209150  memory: 17774  grad_norm: 0.004058  loss: 0.001625  loss_kpt: 0.001625  acc_pose: 0.406617
01/23 17:10:13 - mmengine - INFO - Epoch(train)   [1][ 800/1171]  base_lr: 5.000000e-04 lr: 1.187863e-05  eta: 3 days, 5:23:35  time: 1.232795  data_time: 0.511103  memory: 17774  grad_norm: 0.003889  loss: 0.001584  loss_kpt: 0.001584  acc_pose: 0.445290
01/23 17:11:10 - mmengine - INFO - Epoch(train)   [1][ 850/1171]  base_lr: 5.000000e-04 lr: 1.187863e-05  eta: 3 days, 5:22:16  time: 1.135165  data_time: 0.625165  memory: 17774  grad_norm: 0.003619  loss: 0.001584  loss_kpt: 0.001584  acc_pose: 0.390927
01/23 17:12:01 - mmengine - INFO - Epoch(train)   [1][ 900/1171]  base_lr: 5.000000e-04 lr: 1.187863e-05  eta: 3 days, 4:56:28  time: 1.027085  data_time: 0.389605  memory: 17774  grad_norm: 0.004152  loss: 0.001559  loss_kpt: 0.001559  acc_pose: 0.501768
01/23 17:12:54 - mmengine - INFO - Epoch(train)   [1][ 950/1171]  base_lr: 5.000000e-04 lr: 1.187863e-05  eta: 3 days, 4:38:24  time: 1.050789  data_time: 0.300321  memory: 17774  grad_norm: 0.003976  loss: 0.001544  loss_kpt: 0.001544  acc_pose: 0.428807
01/23 17:13:49 - mmengine - INFO - Exp name: _WT_ML2_ViT_base_coco_256x192_20250123_165358
01/23 17:13:49 - mmengine - INFO - Epoch(train)   [1][1000/1171]  base_lr: 5.000000e-04 lr: 1.187863e-05  eta: 3 days, 4:32:42  time: 1.103002  data_time: 0.370890  memory: 17774  grad_norm: 0.003502  loss: 0.001519  loss_kpt: 0.001519  acc_pose: 0.414537
01/23 17:14:55 - mmengine - INFO - Epoch(train)   [1][1050/1171]  base_lr: 5.000000e-04 lr: 1.187863e-05  eta: 3 days, 5:08:59  time: 1.316741  data_time: 0.794918  memory: 17774  grad_norm: 0.003453  loss: 0.001498  loss_kpt: 0.001498  acc_pose: 0.506739
01/23 17:15:46 - mmengine - INFO - Epoch(train)   [1][1100/1171]  base_lr: 5.000000e-04 lr: 1.187863e-05  eta: 3 days, 4:46:55  time: 1.020395  data_time: 0.487581  memory: 17774  grad_norm: 0.003665  loss: 0.001479  loss_kpt: 0.001479  acc_pose: 0.472010
01/23 17:16:43 - mmengine - INFO - Epoch(train)   [1][1150/1171]  base_lr: 5.000000e-04 lr: 1.187863e-05  eta: 3 days, 4:48:22  time: 1.142541  data_time: 0.415953  memory: 17774  grad_norm: 0.003767  loss: 0.001461  loss_kpt: 0.001461  acc_pose: 0.565273
01/23 17:17:00 - mmengine - INFO - Exp name: _WT_ML2_ViT_base_coco_256x192_20250123_165358
01/23 17:17:55 - mmengine - INFO - Epoch(train)   [2][  50/1171]  base_lr: 5.000000e-04 lr: 1.187863e-05  eta: 3 days, 4:18:22  time: 1.083864  data_time: 0.603214  memory: 17774  grad_norm: 0.003303  loss: 0.001461  loss_kpt: 0.001461  acc_pose: 0.483963
01/23 17:18:44 - mmengine - INFO - Epoch(train)   [2][ 100/1171]  base_lr: 5.000000e-04 lr: 1.187863e-05  eta: 3 days, 3:57:08  time: 0.996073  data_time: 0.509028  memory: 17774  grad_norm: 0.003428  loss: 0.001438  loss_kpt: 0.001438  acc_pose: 0.494443
01/23 17:19:37 - mmengine - INFO - Epoch(train)   [2][ 150/1171]  base_lr: 5.000000e-04 lr: 1.187863e-05  eta: 3 days, 3:45:28  time: 1.048127  data_time: 0.564982  memory: 17774  grad_norm: 0.003349  loss: 0.001427  loss_kpt: 0.001427  acc_pose: 0.494986
01/23 17:20:27 - mmengine - INFO - Epoch(train)   [2][ 200/1171]  base_lr: 5.000000e-04 lr: 1.187863e-05  eta: 3 days, 3:28:09  time: 1.004804  data_time: 0.555160  memory: 17774  grad_norm: 0.003066  loss: 0.001426  loss_kpt: 0.001426  acc_pose: 0.416643
