/home/nr4325/miniconda3/envs/pose4/lib/python3.8/site-packages/mmengine/utils/dl_utils/setup_env.py:56: UserWarning: Setting MKL_NUM_THREADS environment variable for each process to be 1 in default, to avoid your system being overloaded, please further tune the variable for optimal performance in your application as needed.
  warnings.warn(
/home/nr4325/miniconda3/envs/pose4/lib/python3.8/site-packages/mmengine/utils/dl_utils/setup_env.py:56: UserWarning: Setting MKL_NUM_THREADS environment variable for each process to be 1 in default, to avoid your system being overloaded, please further tune the variable for optimal performance in your application as needed.
  warnings.warn(
/home/nr4325/miniconda3/envs/pose4/lib/python3.8/site-packages/mmengine/utils/dl_utils/setup_env.py:56: UserWarning: Setting MKL_NUM_THREADS environment variable for each process to be 1 in default, to avoid your system being overloaded, please further tune the variable for optimal performance in your application as needed.
  warnings.warn(
/home/nr4325/miniconda3/envs/pose4/lib/python3.8/site-packages/mmengine/utils/dl_utils/setup_env.py:56: UserWarning: Setting MKL_NUM_THREADS environment variable for each process to be 1 in default, to avoid your system being overloaded, please further tune the variable for optimal performance in your application as needed.
  warnings.warn(
Traceback (most recent call last):
Traceback (most recent call last):
  File "tools/train.py", line 180, in <module>
Traceback (most recent call last):
  File "tools/train.py", line 180, in <module>
  File "tools/train.py", line 180, in <module>
            main()main()main()


  File "tools/train.py", line 164, in main
  File "tools/train.py", line 164, in main
  File "tools/train.py", line 164, in main
    for name, param in model.named_parameters():
        for name, param in model.named_parameters():NameErrorfor name, param in model.named_parameters():
: 
name 'model' is not definedNameError
: NameErrorname 'model' is not defined: 
name 'model' is not defined
Traceback (most recent call last):
  File "tools/train.py", line 180, in <module>
    main()
  File "tools/train.py", line 164, in main
    for name, param in model.named_parameters():
NameError: name 'model' is not defined
/home/nr4325/miniconda3/envs/pose4/lib/python3.8/site-packages/torch/distributed/launch.py:178: FutureWarning: The module torch.distributed.launch is deprecated
and will be removed in future. Use torchrun.
Note that --use_env is set by default in torchrun.
If your script expects `--local_rank` argument to be set, please
change it to read from `os.environ['LOCAL_RANK']` instead. See 
https://pytorch.org/docs/stable/distributed.html#launch-utility for 
further instructions

  warnings.warn(
WARNING:torch.distributed.elastic.multiprocessing.api:Sending process 1133924 closing signal SIGTERM
WARNING:torch.distributed.elastic.multiprocessing.api:Sending process 1133926 closing signal SIGTERM
WARNING:torch.distributed.elastic.multiprocessing.api:Sending process 1133927 closing signal SIGTERM
ERROR:torch.distributed.elastic.multiprocessing.api:failed (exitcode: 1) local_rank: 1 (pid: 1133925) of binary: /home/nr4325/miniconda3/envs/pose4/bin/python
Traceback (most recent call last):
  File "/home/nr4325/miniconda3/envs/pose4/lib/python3.8/runpy.py", line 194, in _run_module_as_main
    return _run_code(code, main_globals, None,
  File "/home/nr4325/miniconda3/envs/pose4/lib/python3.8/runpy.py", line 87, in _run_code
    exec(code, run_globals)
  File "/home/nr4325/miniconda3/envs/pose4/lib/python3.8/site-packages/torch/distributed/launch.py", line 193, in <module>
    main()
  File "/home/nr4325/miniconda3/envs/pose4/lib/python3.8/site-packages/torch/distributed/launch.py", line 189, in main
    launch(args)
  File "/home/nr4325/miniconda3/envs/pose4/lib/python3.8/site-packages/torch/distributed/launch.py", line 174, in launch
    run(args)
  File "/home/nr4325/miniconda3/envs/pose4/lib/python3.8/site-packages/torch/distributed/run.py", line 715, in run
    elastic_launch(
  File "/home/nr4325/miniconda3/envs/pose4/lib/python3.8/site-packages/torch/distributed/launcher/api.py", line 131, in __call__
    return launch_agent(self._config, self._entrypoint, list(args))
  File "/home/nr4325/miniconda3/envs/pose4/lib/python3.8/site-packages/torch/distributed/launcher/api.py", line 245, in launch_agent
    raise ChildFailedError(
torch.distributed.elastic.multiprocessing.errors.ChildFailedError: 
============================================================
tools/train.py FAILED
------------------------------------------------------------
Failures:
  <NO_OTHER_FAILURES>
------------------------------------------------------------
Root Cause (first observed failure):
[0]:
  time      : 2025-02-04_21:02:04
  host      : skl-a-57.rc.rit.edu
  rank      : 1 (local_rank: 1)
  exitcode  : 1 (pid: 1133925)
  error_file: <N/A>
  traceback : To enable traceback see: https://pytorch.org/docs/stable/elastic/errors.html
============================================================
